2026-06-26 01:59:58 +0000 [MT] Starting export with options: {"testFlightInternalTestingOnly":false,"stripSwiftSymbols":true,"raiseProfileSupportOptionalToRequired":false,"destination":"export","thinning":"<none>","method":"development","reformatterBundleIdentifier":"org.reactjs.native.example.Vidrip","uploadSymbols":true,"iCloudContainerEnvironment":"Development","manageAppVersionAndBuildNumber":false,"embedOnDemandResourcesAssetPacksInBundle":true,"generateAppStoreInformation":false,"teamID":"6F98QXGZHU","buildNumber":"65"}
2026-06-26 01:59:58 +0000 [MT] Running step: IDEDistributionReformatterSelectionStep with <IDEDistributionContext: 0x7fa988f09820; archive(resolved)="<IDEArchive: 0x600001837800>", distributionTask(resolved)="2", distributionDestination(resolved)="1", distributionMethod(resolved)="<IDEDistributionMethodDevelopmentSigned: 0x6000031bd700>", team(resolved)="(null)">
	Chain (3, self inclusive):
	<IDEDistributionContext: 0x7fa988f09820; archive = "<IDEArchive: 0x600001837800>", distributionMethod="<IDEDistributionMethodDevelopmentSigned: 0x6000031bd700>", team="(null)">
	<IDEDistributionContext: 0x7fa99a754750; archive = "<IDEArchive: 0x600001837800>", distributionMethod="<IDEDistributionMethodDevelopmentSigned: 0x6000031bd700>", team="(null)">
	<IDEDistributionContext: 0x7fa99a31c7f0; archive = "<IDEArchive: 0x600001837800>", distributionMethod="(null)", team="(null)">
</IDEDistributionContext: 0x7fa988f09820>
2026-06-26 01:59:58 +0000 [MT] Skipping reformatter selection. Selection is not required. There was no failure determining reformatter requirements.
2026-06-26 01:59:58 +0000 [MT] Running step: IDEDistributionReformatArchiveStep with <IDEDistributionContext: 0x7fa988f145d0; archive(resolved)="<IDEArchive: 0x600001837800>", distributionTask(resolved)="2", distributionDestination(resolved)="1", distributionMethod(resolved)="<IDEDistributionMethodDevelopmentSigned: 0x6000031bd700>", team(resolved)="(null)">
	Chain (4, self inclusive):
	<IDEDistributionContext: 0x7fa988f145d0; archive = "<IDEArchive: 0x600001837800>", distributionMethod="<IDEDistributionMethodDevelopmentSigned: 0x6000031bd700>", team="(null)">
	<IDEDistributionContext: 0x7fa988f09820; archive = "<IDEArchive: 0x600001837800>", distributionMethod="<IDEDistributionMethodDevelopmentSigned: 0x6000031bd700>", team="(null)">
	<IDEDistributionContext: 0x7fa99a754750; archive = "<IDEArchive: 0x600001837800>", distributionMethod="<IDEDistributionMethodDevelopmentSigned: 0x6000031bd700>", team="(null)">
	<IDEDistributionContext: 0x7fa99a31c7f0; archive = "<IDEArchive: 0x600001837800>", distributionMethod="(null)", team="(null)">
</IDEDistributionContext: 0x7fa988f145d0>
2026-06-26 01:59:58 +0000 [MT] Running step: IDEDistributionAnalyzeArchiveStep with <IDEDistributionContext: 0x7fa988f14f20; archive(resolved)="<IDEArchive: 0x600001837800>", distributionTask(resolved)="2", distributionDestination(resolved)="1", distributionMethod(resolved)="<IDEDistributionMethodDevelopmentSigned: 0x6000031bd700>", team(resolved)="(null)">
	Chain (5, self inclusive):
	<IDEDistributionContext: 0x7fa988f14f20; archive = "<IDEArchive: 0x600001837800>", distributionMethod="<IDEDistributionMethodDevelopmentSigned: 0x6000031bd700>", team="(null)">
	<IDEDistributionContext: 0x7fa988f145d0; archive = "<IDEArchive: 0x600001837800>", distributionMethod="<IDEDistributionMethodDevelopmentSigned: 0x6000031bd700>", team="(null)">
	<IDEDistributionContext: 0x7fa988f09820; archive = "<IDEArchive: 0x600001837800>", distributionMethod="<IDEDistributionMethodDevelopmentSigned: 0x6000031bd700>", team="(null)">
	<IDEDistributionContext: 0x7fa99a754750; archive = "<IDEArchive: 0x600001837800>", distributionMethod="<IDEDistributionMethodDevelopmentSigned: 0x6000031bd700>", team="(null)">
	<IDEDistributionContext: 0x7fa99a31c7f0; archive = "<IDEArchive: 0x600001837800>", distributionMethod="(null)", team="(null)">
</IDEDistributionContext: 0x7fa988f14f20>
2026-06-26 01:59:58 +0000 [MT] [OPTIONAL] Didn't find embedded provisioning profile for <DVTFilePath:0x6000018cde30:'/Volumes/workspace/tmp/9666b1e4-3bee-46a9-9b79-b363e1da5fe5.xcarchive/Products/Applications/Vidrip.app/PlugIns/ShareExtension.appex'>: Error Domain=NSCocoaErrorDomain Code=4 "No file at <DVTFilePath:0x6000018b6840:'/Volumes/workspace/tmp/9666b1e4-3bee-46a9-9b79-b363e1da5fe5.xcarchive/Products/Applications/Vidrip.app/PlugIns/ShareExtension.appex/embedded.mobileprovision'>" UserInfo={NSLocalizedDescription=No file at <DVTFilePath:0x6000018b6840:'/Volumes/workspace/tmp/9666b1e4-3bee-46a9-9b79-b363e1da5fe5.xcarchive/Products/Applications/Vidrip.app/PlugIns/ShareExtension.appex/embedded.mobileprovision'>}
2026-06-26 01:59:58 +0000 [MT] [OPTIONAL] Didn't find embedded provisioning profile for <DVTFilePath:0x600001725680:'/Volumes/workspace/tmp/9666b1e4-3bee-46a9-9b79-b363e1da5fe5.xcarchive/Products/Applications/Vidrip.app'>: Error Domain=NSCocoaErrorDomain Code=4 "No file at <DVTFilePath:0x600001860a80:'/Volumes/workspace/tmp/9666b1e4-3bee-46a9-9b79-b363e1da5fe5.xcarchive/Products/Applications/Vidrip.app/embedded.mobileprovision'>" UserInfo={NSLocalizedDescription=No file at <DVTFilePath:0x600001860a80:'/Volumes/workspace/tmp/9666b1e4-3bee-46a9-9b79-b363e1da5fe5.xcarchive/Products/Applications/Vidrip.app/embedded.mobileprovision'>}
2026-06-26 01:59:58 +0000 [MT] [OPTIONAL] Didn't find platform <DVTPlatform:0x600001db5480:'com.apple.platform.iphoneos':<DVTFilePath:0x600001888310:'/Applications/Xcode.app/Contents/Developer/Platforms/iPhoneOS.platform'>> or cert (null) for <DVTFilePath:0x600001725680:'/Volumes/workspace/tmp/9666b1e4-3bee-46a9-9b79-b363e1da5fe5.xcarchive/Products/Applications/Vidrip.app'>: (null)
2026-06-26 01:59:58 +0000 [MT] [OPTIONAL] Didn't find platform <DVTPlatform:0x600001db5480:'com.apple.platform.iphoneos':<DVTFilePath:0x600001888310:'/Applications/Xcode.app/Contents/Developer/Platforms/iPhoneOS.platform'>> or cert (null) for <DVTFilePath:0x60000182f410:'/Volumes/workspace/tmp/9666b1e4-3bee-46a9-9b79-b363e1da5fe5.xcarchive/Products/Applications/Vidrip.app/Frameworks/hermes.framework'>: (null)
2026-06-26 01:59:58 +0000 [MT] [OPTIONAL] Didn't find platform <DVTPlatform:0x600001db5480:'com.apple.platform.iphoneos':<DVTFilePath:0x600001888310:'/Applications/Xcode.app/Contents/Developer/Platforms/iPhoneOS.platform'>> or cert (null) for <DVTFilePath:0x6000018cde30:'/Volumes/workspace/tmp/9666b1e4-3bee-46a9-9b79-b363e1da5fe5.xcarchive/Products/Applications/Vidrip.app/PlugIns/ShareExtension.appex'>: (null)
2026-06-26 01:59:58 +0000 [MT] Running step: IDEDistributionTeamStep with <IDEDistributionContext: 0x7fa99a62a1f0; archive(resolved)="<IDEArchive: 0x600001837800>", distributionTask(resolved)="2", distributionDestination(resolved)="1", distributionMethod(resolved)="<IDEDistributionMethodDevelopmentSigned: 0x6000031bd700>", team(resolved)="<IDEProvisioningBasicTeam: 0x6000035a92e0; teamID='6F98QXGZHU', teamName='(null)'>">
	Chain (6, self inclusive):
	<IDEDistributionContext: 0x7fa99a62a1f0; archive = "<IDEArchive: 0x600001837800>", distributionMethod="<IDEDistributionMethodDevelopmentSigned: 0x6000031bd700>", team="<IDEProvisioningBasicTeam: 0x6000035a92e0; teamID='6F98QXGZHU', teamName='(null)'>">
	<IDEDistributionContext: 0x7fa988f14f20; archive = "<IDEArchive: 0x600001837800>", distributionMethod="<IDEDistributionMethodDevelopmentSigned: 0x6000031bd700>", team="(null)">
	<IDEDistributionContext: 0x7fa988f145d0; archive = "<IDEArchive: 0x600001837800>", distributionMethod="<IDEDistributionMethodDevelopmentSigned: 0x6000031bd700>", team="(null)">
	<IDEDistributionContext: 0x7fa988f09820; archive = "<IDEArchive: 0x600001837800>", distributionMethod="<IDEDistributionMethodDevelopmentSigned: 0x6000031bd700>", team="(null)">
	<IDEDistributionContext: 0x7fa99a754750; archive = "<IDEArchive: 0x600001837800>", distributionMethod="<IDEDistributionMethodDevelopmentSigned: 0x6000031bd700>", team="(null)">
	<IDEDistributionContext: 0x7fa99a31c7f0; archive = "<IDEArchive: 0x600001837800>", distributionMethod="(null)", team="(null)">
</IDEDistributionContext: 0x7fa99a62a1f0>
2026-06-26 01:59:58 +0000 [MT] Running step: IDEDistributionOptionsStep with <IDEDistributionContext: 0x7fa99a3509c0; archive(resolved)="<IDEArchive: 0x600001837800>", distributionTask(resolved)="2", distributionDestination(resolved)="1", distributionMethod(resolved)="<IDEDistributionMethodDevelopmentSigned: 0x6000031bd700>", team(resolved)="<IDEProvisioningBasicTeam: 0x6000035a92e0; teamID='6F98QXGZHU', teamName='(null)'>">
	Chain (7, self inclusive):
	<IDEDistributionContext: 0x7fa99a3509c0; archive = "<IDEArchive: 0x600001837800>", distributionMethod="<IDEDistributionMethodDevelopmentSigned: 0x6000031bd700>", team="<IDEProvisioningBasicTeam: 0x6000035a92e0; teamID='6F98QXGZHU', teamName='(null)'>">
	<IDEDistributionContext: 0x7fa99a62a1f0; archive = "<IDEArchive: 0x600001837800>", distributionMethod="<IDEDistributionMethodDevelopmentSigned: 0x6000031bd700>", team="<IDEProvisioningBasicTeam: 0x6000035a92e0; teamID='6F98QXGZHU', teamName='(null)'>">
	<IDEDistributionContext: 0x7fa988f14f20; archive = "<IDEArchive: 0x600001837800>", distributionMethod="<IDEDistributionMethodDevelopmentSigned: 0x6000031bd700>", team="(null)">
	<IDEDistributionContext: 0x7fa988f145d0; archive = "<IDEArchive: 0x600001837800>", distributionMethod="<IDEDistributionMethodDevelopmentSigned: 0x6000031bd700>", team="(null)">
	<IDEDistributionContext: 0x7fa988f09820; archive = "<IDEArchive: 0x600001837800>", distributionMethod="<IDEDistributionMethodDevelopmentSigned: 0x6000031bd700>", team="(null)">
	<IDEDistributionContext: 0x7fa99a754750; archive = "<IDEArchive: 0x600001837800>", distributionMethod="<IDEDistributionMethodDevelopmentSigned: 0x6000031bd700>", team="(null)">
	<IDEDistributionContext: 0x7fa99a31c7f0; archive = "<IDEArchive: 0x600001837800>", distributionMethod="(null)", team="(null)">
</IDEDistributionContext: 0x7fa99a3509c0>
2026-06-26 01:59:58 +0000 [MT] Running step: IDEDistributionManifestStep with <IDEDistributionContext: 0x7fa99a350bd0; archive(resolved)="<IDEArchive: 0x600001837800>", distributionTask(resolved)="2", distributionDestination(resolved)="1", distributionMethod(resolved)="<IDEDistributionMethodDevelopmentSigned: 0x6000031bd700>", team(resolved)="<IDEProvisioningBasicTeam: 0x6000035a92e0; teamID='6F98QXGZHU', teamName='(null)'>">
	Chain (8, self inclusive):
	<IDEDistributionContext: 0x7fa99a350bd0; archive = "<IDEArchive: 0x600001837800>", distributionMethod="<IDEDistributionMethodDevelopmentSigned: 0x6000031bd700>", team="<IDEProvisioningBasicTeam: 0x6000035a92e0; teamID='6F98QXGZHU', teamName='(null)'>">
	<IDEDistributionContext: 0x7fa99a3509c0; archive = "<IDEArchive: 0x600001837800>", distributionMethod="<IDEDistributionMethodDevelopmentSigned: 0x6000031bd700>", team="<IDEProvisioningBasicTeam: 0x6000035a92e0; teamID='6F98QXGZHU', teamName='(null)'>">
	<IDEDistributionContext: 0x7fa99a62a1f0; archive = "<IDEArchive: 0x600001837800>", distributionMethod="<IDEDistributionMethodDevelopmentSigned: 0x6000031bd700>", team="<IDEProvisioningBasicTeam: 0x6000035a92e0; teamID='6F98QXGZHU', teamName='(null)'>">
	<IDEDistributionContext: 0x7fa988f14f20; archive = "<IDEArchive: 0x600001837800>", distributionMethod="<IDEDistributionMethodDevelopmentSigned: 0x6000031bd700>", team="(null)">
	<IDEDistributionContext: 0x7fa988f145d0; archive = "<IDEArchive: 0x600001837800>", distributionMethod="<IDEDistributionMethodDevelopmentSigned: 0x6000031bd700>", team="(null)">
	<IDEDistributionContext: 0x7fa988f09820; archive = "<IDEArchive: 0x600001837800>", distributionMethod="<IDEDistributionMethodDevelopmentSigned: 0x6000031bd700>", team="(null)">
	<IDEDistributionContext: 0x7fa99a754750; archive = "<IDEArchive: 0x600001837800>", distributionMethod="<IDEDistributionMethodDevelopmentSigned: 0x6000031bd700>", team="(null)">
	<IDEDistributionContext: 0x7fa99a31c7f0; archive = "<IDEArchive: 0x600001837800>", distributionMethod="(null)", team="(null)">
</IDEDistributionContext: 0x7fa99a350bd0>
2026-06-26 01:59:58 +0000 [MT] Running step: IDEDistributionSigningMethodStep with <IDEDistributionContext: 0x7fa99a351140; archive(resolved)="<IDEArchive: 0x600001837800>", distributionTask(resolved)="2", distributionDestination(resolved)="1", distributionMethod(resolved)="<IDEDistributionMethodDevelopmentSigned: 0x6000031bd700>", team(resolved)="<IDEProvisioningBasicTeam: 0x6000035a92e0; teamID='6F98QXGZHU', teamName='(null)'>">
	Chain (9, self inclusive):
	<IDEDistributionContext: 0x7fa99a351140; archive = "<IDEArchive: 0x600001837800>", distributionMethod="<IDEDistributionMethodDevelopmentSigned: 0x6000031bd700>", team="<IDEProvisioningBasicTeam: 0x6000035a92e0; teamID='6F98QXGZHU', teamName='(null)'>">
	<IDEDistributionContext: 0x7fa99a350bd0; archive = "<IDEArchive: 0x600001837800>", distributionMethod="<IDEDistributionMethodDevelopmentSigned: 0x6000031bd700>", team="<IDEProvisioningBasicTeam: 0x6000035a92e0; teamID='6F98QXGZHU', teamName='(null)'>">
	<IDEDistributionContext: 0x7fa99a3509c0; archive = "<IDEArchive: 0x600001837800>", distributionMethod="<IDEDistributionMethodDevelopmentSigned: 0x6000031bd700>", team="<IDEProvisioningBasicTeam: 0x6000035a92e0; teamID='6F98QXGZHU', teamName='(null)'>">
	<IDEDistributionContext: 0x7fa99a62a1f0; archive = "<IDEArchive: 0x600001837800>", distributionMethod="<IDEDistributionMethodDevelopmentSigned: 0x6000031bd700>", team="<IDEProvisioningBasicTeam: 0x6000035a92e0; teamID='6F98QXGZHU', teamName='(null)'>">
	<IDEDistributionContext: 0x7fa988f14f20; archive = "<IDEArchive: 0x600001837800>", distributionMethod="<IDEDistributionMethodDevelopmentSigned: 0x6000031bd700>", team="(null)">
	<IDEDistributionContext: 0x7fa988f145d0; archive = "<IDEArchive: 0x600001837800>", distributionMethod="<IDEDistributionMethodDevelopmentSigned: 0x6000031bd700>", team="(null)">
	<IDEDistributionContext: 0x7fa988f09820; archive = "<IDEArchive: 0x600001837800>", distributionMethod="<IDEDistributionMethodDevelopmentSigned: 0x6000031bd700>", team="(null)">
	<IDEDistributionContext: 0x7fa99a754750; archive = "<IDEArchive: 0x600001837800>", distributionMethod="<IDEDistributionMethodDevelopmentSigned: 0x6000031bd700>", team="(null)">
	<IDEDistributionContext: 0x7fa99a31c7f0; archive = "<IDEArchive: 0x600001837800>", distributionMethod="(null)", team="(null)">
</IDEDistributionContext: 0x7fa99a351140>
2026-06-26 01:59:58 +0000 [MT] Running step: IDEDistributionSigningAssetsStep with <IDEDistributionContext: 0x7fa99a4244d0; archive(resolved)="<IDEArchive: 0x600001837800>", distributionTask(resolved)="2", distributionDestination(resolved)="1", distributionMethod(resolved)="<IDEDistributionMethodDevelopmentSigned: 0x6000031bd700>", team(resolved)="<IDEProvisioningBasicTeam: 0x6000035a92e0; teamID='6F98QXGZHU', teamName='(null)'>">
	Chain (10, self inclusive):
	<IDEDistributionContext: 0x7fa99a4244d0; archive = "<IDEArchive: 0x600001837800>", distributionMethod="<IDEDistributionMethodDevelopmentSigned: 0x6000031bd700>", team="<IDEProvisioningBasicTeam: 0x6000035a92e0; teamID='6F98QXGZHU', teamName='(null)'>">
	<IDEDistributionContext: 0x7fa99a351140; archive = "<IDEArchive: 0x600001837800>", distributionMethod="<IDEDistributionMethodDevelopmentSigned: 0x6000031bd700>", team="<IDEProvisioningBasicTeam: 0x6000035a92e0; teamID='6F98QXGZHU', teamName='(null)'>">
	<IDEDistributionContext: 0x7fa99a350bd0; archive = "<IDEArchive: 0x600001837800>", distributionMethod="<IDEDistributionMethodDevelopmentSigned: 0x6000031bd700>", team="<IDEProvisioningBasicTeam: 0x6000035a92e0; teamID='6F98QXGZHU', teamName='(null)'>">
	<IDEDistributionContext: 0x7fa99a3509c0; archive = "<IDEArchive: 0x600001837800>", distributionMethod="<IDEDistributionMethodDevelopmentSigned: 0x6000031bd700>", team="<IDEProvisioningBasicTeam: 0x6000035a92e0; teamID='6F98QXGZHU', teamName='(null)'>">
	<IDEDistributionContext: 0x7fa99a62a1f0; archive = "<IDEArchive: 0x600001837800>", distributionMethod="<IDEDistributionMethodDevelopmentSigned: 0x6000031bd700>", team="<IDEProvisioningBasicTeam: 0x6000035a92e0; teamID='6F98QXGZHU', teamName='(null)'>">
	<IDEDistributionContext: 0x7fa988f14f20; archive = "<IDEArchive: 0x600001837800>", distributionMethod="<IDEDistributionMethodDevelopmentSigned: 0x6000031bd700>", team="(null)">
	<IDEDistributionContext: 0x7fa988f145d0; archive = "<IDEArchive: 0x600001837800>", distributionMethod="<IDEDistributionMethodDevelopmentSigned: 0x6000031bd700>", team="(null)">
	<IDEDistributionContext: 0x7fa988f09820; archive = "<IDEArchive: 0x600001837800>", distributionMethod="<IDEDistributionMethodDevelopmentSigned: 0x6000031bd700>", team="(null)">
	<IDEDistributionContext: 0x7fa99a754750; archive = "<IDEArchive: 0x600001837800>", distributionMethod="<IDEDistributionMethodDevelopmentSigned: 0x6000031bd700>", team="(null)">
	<IDEDistributionContext: 0x7fa99a31c7f0; archive = "<IDEArchive: 0x600001837800>", distributionMethod="(null)", team="(null)">
</IDEDistributionContext: 0x7fa99a4244d0>