2026-06-26 01:59:58 +0000 [MT] Accepted distribution method <IDEDistributionMethodiOSAppStoreDistribution: 0x6000031bd580>
2026-06-26 01:59:58 +0000 [MT] Rejected distribution method <IDEDistributionMethodTVOSAppStoreDistribution: 0x6000031bd5e0> because it doesn't support distributing archive
2026-06-26 01:59:58 +0000 [MT] Rejected distribution method <IDEDistributionMethodAppStoreDistributionVisionOS: 0x6000031bd630> because it doesn't support distributing archive
2026-06-26 01:59:58 +0000 [MT] Rejected distribution method <IDEDistributionMethodMacAppStoreDistribution: 0x6000031bd6f0> because it doesn't support distributing archive
2026-06-26 01:59:58 +0000 [MT] Rejected distribution method <IDEDistributionMethodAdHocVisionOS: 0x6000031bd560> because it doesn't support distributing archive
2026-06-26 01:59:58 +0000 [MT] Rejected distribution method <IDEDistributionMethodWatchOSAdHoc: 0x6000031bd620> because it doesn't support distributing archive
2026-06-26 01:59:58 +0000 [MT] Rejected distribution method <IDEDistributionMethodMacAdHoc: 0x6000031bd650> because it doesn't support distributing archive
2026-06-26 01:59:58 +0000 [MT] Accepted distribution method <IDEDistributionMethodiOSAdHoc: 0x6000031bd6d0>
2026-06-26 01:59:58 +0000 [MT] Rejected distribution method <IDEDistributionMethodTVOSAdHoc: 0x6000031bd6e0> because it doesn't support distributing archive
2026-06-26 01:59:58 +0000 [MT] Rejected distribution method <IDEDistributionMethodTVOSEnterprise: 0x6000031bd570> because it doesn't support distributing archive
2026-06-26 01:59:58 +0000 [MT] Rejected distribution method <IDEDistributionMethodWatchOSEnterprise: 0x6000031bd5c0> because it doesn't support distributing archive
2026-06-26 01:59:58 +0000 [MT] Rejected distribution method <IDEDistributionMethodEnterpriseVisionOS: 0x6000031bd5d0> because it doesn't support distributing archive
2026-06-26 01:59:58 +0000 [MT] Accepted distribution method <IDEDistributionMethodiOSEnterprise: 0x6000031bd6b0>
2026-06-26 01:59:58 +0000 [MT] Rejected distribution method <IDEDistributionMethodDevelopmentSignedVisionOS: 0x6000031bd5a0> because it doesn't support distributing archive
2026-06-26 01:59:58 +0000 [MT] Rejected distribution method <IDEDistributionMethodWatchOSDevelopmentSigned: 0x6000031bd5f0> because it doesn't support distributing archive
2026-06-26 01:59:58 +0000 [MT] Rejected distribution method <IDEDistributionMethodTVOSDevelopmentSigned: 0x6000031bd640> because it doesn't support distributing archive
2026-06-26 01:59:58 +0000 [MT] Accepted distribution method <IDEDistributionMethodDevelopmentSigned: 0x6000031bd700>
2026-06-26 01:59:58 +0000 [MT] Rejected distribution method <IDEDistributionMethodDeveloperIDNotarizedApp: 0x6000031bd590> because it doesn't support distributing archive
2026-06-26 01:59:58 +0000 [MT] Rejected distribution method <IDEDistributionMethodDeveloperID: 0x6000031bd660> because it doesn't support distributing archive
2026-06-26 01:59:58 +0000 [MT] Rejected distribution method <IDEDistributionMethodSaveBuiltProducts: 0x6000031bd600> because it doesn't support distributing archive
2026-06-26 01:59:58 +0000 [MT] Rejected distribution method <IDEDistributionMethodDevelopmentSignedMac: 0x6000031bd680> because it doesn't support distributing archive
2026-06-26 01:59:58 +0000 [MT] Rejected distribution method <IDEDistributionMethodMacApplication: 0x6000031bd6a0> because it doesn't support distributing archive
2026-06-26 01:59:58 +0000 [MT] Rejected distribution method <IDEDistributionMethodAppStoreValidationVisionOS: 0x6000031bd5b0> because it doesn't support distributing archive
2026-06-26 01:59:58 +0000 [MT] Rejected distribution method <IDEDistributionMethodTVOSAppStoreValidation: 0x6000031bd670> because it doesn't support distributing archive
2026-06-26 01:59:58 +0000 [MT] Rejected distribution method <IDEDistributionMethodMacAppStoreValidation: 0x6000031bd690> because it doesn't support distributing archive
2026-06-26 01:59:58 +0000 [MT] Rejected distribution method <IDEDistributionMethodiOSAppStoreValidation: 0x6000031bd6c0> because it doesn't support distributing archive
2026-06-26 01:59:58 +0000 [MT] Rejected distribution method <IDEDistributionMethodExportArchive: 0x6000031bd610> because it doesn't support distributing archive
2026-06-26 01:59:58 +0000 [MT] Rejected distribution method <IDEDistributionMethodiOSAppStoreDistribution: 0x6000031bd580> because it doesn't support distributing archive
2026-06-26 01:59:58 +0000 [MT] Rejected distribution method <IDEDistributionMethodTVOSAppStoreDistribution: 0x6000031bd5e0> because it doesn't support distributing archive
2026-06-26 01:59:58 +0000 [MT] Rejected distribution method <IDEDistributionMethodAppStoreDistributionVisionOS: 0x6000031bd630> because it doesn't support distributing archive
2026-06-26 01:59:58 +0000 [MT] Rejected distribution method <IDEDistributionMethodMacAppStoreDistribution: 0x6000031bd6f0> because it doesn't support distributing archive
2026-06-26 01:59:58 +0000 [MT] Rejected distribution method <IDEDistributionMethodAdHocVisionOS: 0x6000031bd560> because it doesn't support distributing archive
2026-06-26 01:59:58 +0000 [MT] Rejected distribution method <IDEDistributionMethodWatchOSAdHoc: 0x6000031bd620> because it doesn't support distributing archive
2026-06-26 01:59:58 +0000 [MT] Rejected distribution method <IDEDistributionMethodMacAdHoc: 0x6000031bd650> because it doesn't support distributing archive
2026-06-26 01:59:58 +0000 [MT] Rejected distribution method <IDEDistributionMethodiOSAdHoc: 0x6000031bd6d0> because it doesn't support distributing archive
2026-06-26 01:59:58 +0000 [MT] Rejected distribution method <IDEDistributionMethodTVOSAdHoc: 0x6000031bd6e0> because it doesn't support distributing archive
2026-06-26 01:59:58 +0000 [MT] Rejected distribution method <IDEDistributionMethodTVOSEnterprise: 0x6000031bd570> because it doesn't support distributing archive
2026-06-26 01:59:58 +0000 [MT] Rejected distribution method <IDEDistributionMethodWatchOSEnterprise: 0x6000031bd5c0> because it doesn't support distributing archive
2026-06-26 01:59:58 +0000 [MT] Rejected distribution method <IDEDistributionMethodEnterpriseVisionOS: 0x6000031bd5d0> because it doesn't support distributing archive
2026-06-26 01:59:58 +0000 [MT] Rejected distribution method <IDEDistributionMethodiOSEnterprise: 0x6000031bd6b0> because it doesn't support distributing archive
2026-06-26 01:59:58 +0000 [MT] Rejected distribution method <IDEDistributionMethodDevelopmentSignedVisionOS: 0x6000031bd5a0> because it doesn't support distributing archive
2026-06-26 01:59:58 +0000 [MT] Rejected distribution method <IDEDistributionMethodWatchOSDevelopmentSigned: 0x6000031bd5f0> because it doesn't support distributing archive
2026-06-26 01:59:58 +0000 [MT] Rejected distribution method <IDEDistributionMethodTVOSDevelopmentSigned: 0x6000031bd640> because it doesn't support distributing archive
2026-06-26 01:59:58 +0000 [MT] Rejected distribution method <IDEDistributionMethodDevelopmentSigned: 0x6000031bd700> because it doesn't support distributing archive
2026-06-26 01:59:58 +0000 [MT] Rejected distribution method <IDEDistributionMethodDeveloperIDNotarizedApp: 0x6000031bd590> because it doesn't support distributing archive
2026-06-26 01:59:58 +0000 [MT] Rejected distribution method <IDEDistributionMethodDeveloperID: 0x6000031bd660> because it doesn't support distributing archive
2026-06-26 01:59:58 +0000 [MT] Rejected distribution method <IDEDistributionMethodSaveBuiltProducts: 0x6000031bd600> because it doesn't support distributing archive
2026-06-26 01:59:58 +0000 [MT] Rejected distribution method <IDEDistributionMethodDevelopmentSignedMac: 0x6000031bd680> because it doesn't support distributing archive
2026-06-26 01:59:58 +0000 [MT] Rejected distribution method <IDEDistributionMethodMacApplication: 0x6000031bd6a0> because it doesn't support distributing archive
2026-06-26 01:59:58 +0000 [MT] Rejected distribution method <IDEDistributionMethodAppStoreValidationVisionOS: 0x6000031bd5b0> because it doesn't support distributing archive
2026-06-26 01:59:58 +0000 [MT] Rejected distribution method <IDEDistributionMethodTVOSAppStoreValidation: 0x6000031bd670> because it doesn't support distributing archive
2026-06-26 01:59:58 +0000 [MT] Rejected distribution method <IDEDistributionMethodMacAppStoreValidation: 0x6000031bd690> because it doesn't support distributing archive
2026-06-26 01:59:58 +0000 [MT] Accepted distribution method <IDEDistributionMethodiOSAppStoreValidation: 0x6000031bd6c0>
2026-06-26 01:59:58 +0000 [MT] Rejected distribution method <IDEDistributionMethodExportArchive: 0x6000031bd610> because it doesn't support distributing archive
2026-06-26 01:59:58 +0000 [MT] Available distribution methods: {(
    <IDEDistributionMethodiOSAppStoreDistribution: 0x6000031bd580>,
    <IDEDistributionMethodiOSAdHoc: 0x6000031bd6d0>,
    <IDEDistributionMethodiOSEnterprise: 0x6000031bd6b0>,
    <IDEDistributionMethodDevelopmentSigned: 0x6000031bd700>,
    <IDEDistributionMethodiOSAppStoreValidation: 0x6000031bd6c0>
)}
2026-06-26 01:59:58 +0000 [MT] Accepted distribution method <IDEDistributionMethodiOSAppStoreDistribution: 0x6000031bd580>
2026-06-26 01:59:58 +0000 [MT] Rejected distribution method <IDEDistributionMethodTVOSAppStoreDistribution: 0x6000031bd5e0> because it doesn't support distributing archive
2026-06-26 01:59:58 +0000 [MT] Rejected distribution method <IDEDistributionMethodAppStoreDistributionVisionOS: 0x6000031bd630> because it doesn't support distributing archive
2026-06-26 01:59:58 +0000 [MT] Rejected distribution method <IDEDistributionMethodMacAppStoreDistribution: 0x6000031bd6f0> because it doesn't support distributing archive
2026-06-26 01:59:58 +0000 [MT] Rejected distribution method <IDEDistributionMethodAdHocVisionOS: 0x6000031bd560> because it doesn't support distributing archive
2026-06-26 01:59:58 +0000 [MT] Rejected distribution method <IDEDistributionMethodWatchOSAdHoc: 0x6000031bd620> because it doesn't support distributing archive
2026-06-26 01:59:58 +0000 [MT] Rejected distribution method <IDEDistributionMethodMacAdHoc: 0x6000031bd650> because it doesn't support distributing archive
2026-06-26 01:59:58 +0000 [MT] Accepted distribution method <IDEDistributionMethodiOSAdHoc: 0x6000031bd6d0>
2026-06-26 01:59:58 +0000 [MT] Rejected distribution method <IDEDistributionMethodTVOSAdHoc: 0x6000031bd6e0> because it doesn't support distributing archive
2026-06-26 01:59:58 +0000 [MT] Rejected distribution method <IDEDistributionMethodTVOSEnterprise: 0x6000031bd570> because it doesn't support distributing archive
2026-06-26 01:59:58 +0000 [MT] Rejected distribution method <IDEDistributionMethodWatchOSEnterprise: 0x6000031bd5c0> because it doesn't support distributing archive
2026-06-26 01:59:58 +0000 [MT] Rejected distribution method <IDEDistributionMethodEnterpriseVisionOS: 0x6000031bd5d0> because it doesn't support distributing archive
2026-06-26 01:59:58 +0000 [MT] Accepted distribution method <IDEDistributionMethodiOSEnterprise: 0x6000031bd6b0>
2026-06-26 01:59:58 +0000 [MT] Rejected distribution method <IDEDistributionMethodDevelopmentSignedVisionOS: 0x6000031bd5a0> because it doesn't support distributing archive
2026-06-26 01:59:58 +0000 [MT] Rejected distribution method <IDEDistributionMethodWatchOSDevelopmentSigned: 0x6000031bd5f0> because it doesn't support distributing archive
2026-06-26 01:59:58 +0000 [MT] Rejected distribution method <IDEDistributionMethodTVOSDevelopmentSigned: 0x6000031bd640> because it doesn't support distributing archive
2026-06-26 01:59:58 +0000 [MT] Accepted distribution method <IDEDistributionMethodDevelopmentSigned: 0x6000031bd700>
2026-06-26 01:59:58 +0000 [MT] Rejected distribution method <IDEDistributionMethodDeveloperIDNotarizedApp: 0x6000031bd590> because it doesn't support distributing archive
2026-06-26 01:59:58 +0000 [MT] Rejected distribution method <IDEDistributionMethodDeveloperID: 0x6000031bd660> because it doesn't support distributing archive
2026-06-26 01:59:58 +0000 [MT] Rejected distribution method <IDEDistributionMethodSaveBuiltProducts: 0x6000031bd600> because it doesn't support distributing archive
2026-06-26 01:59:58 +0000 [MT] Rejected distribution method <IDEDistributionMethodDevelopmentSignedMac: 0x6000031bd680> because it doesn't support distributing archive
2026-06-26 01:59:58 +0000 [MT] Rejected distribution method <IDEDistributionMethodMacApplication: 0x6000031bd6a0> because it doesn't support distributing archive
2026-06-26 01:59:58 +0000 [MT] Rejected distribution method <IDEDistributionMethodAppStoreValidationVisionOS: 0x6000031bd5b0> because it doesn't support distributing archive
2026-06-26 01:59:58 +0000 [MT] Rejected distribution method <IDEDistributionMethodTVOSAppStoreValidation: 0x6000031bd670> because it doesn't support distributing archive
2026-06-26 01:59:58 +0000 [MT] Rejected distribution method <IDEDistributionMethodMacAppStoreValidation: 0x6000031bd690> because it doesn't support distributing archive
2026-06-26 01:59:58 +0000 [MT] Rejected distribution method <IDEDistributionMethodiOSAppStoreValidation: 0x6000031bd6c0> because it doesn't support distributing archive
2026-06-26 01:59:58 +0000 [MT] Rejected distribution method <IDEDistributionMethodExportArchive: 0x6000031bd610> because it doesn't support distributing archive
2026-06-26 01:59:58 +0000 [MT] Rejected distribution method <IDEDistributionMethodiOSAppStoreDistribution: 0x6000031bd580> because it doesn't support distributing archive
2026-06-26 01:59:58 +0000 [MT] Rejected distribution method <IDEDistributionMethodTVOSAppStoreDistribution: 0x6000031bd5e0> because it doesn't support distributing archive
2026-06-26 01:59:58 +0000 [MT] Rejected distribution method <IDEDistributionMethodAppStoreDistributionVisionOS: 0x6000031bd630> because it doesn't support distributing archive
2026-06-26 01:59:58 +0000 [MT] Rejected distribution method <IDEDistributionMethodMacAppStoreDistribution: 0x6000031bd6f0> because it doesn't support distributing archive
2026-06-26 01:59:58 +0000 [MT] Rejected distribution method <IDEDistributionMethodAdHocVisionOS: 0x6000031bd560> because it doesn't support distributing archive
2026-06-26 01:59:58 +0000 [MT] Rejected distribution method <IDEDistributionMethodWatchOSAdHoc: 0x6000031bd620> because it doesn't support distributing archive
2026-06-26 01:59:58 +0000 [MT] Rejected distribution method <IDEDistributionMethodMacAdHoc: 0x6000031bd650> because it doesn't support distributing archive
2026-06-26 01:59:58 +0000 [MT] Rejected distribution method <IDEDistributionMethodiOSAdHoc: 0x6000031bd6d0> because it doesn't support distributing archive
2026-06-26 01:59:58 +0000 [MT] Rejected distribution method <IDEDistributionMethodTVOSAdHoc: 0x6000031bd6e0> because it doesn't support distributing archive
2026-06-26 01:59:58 +0000 [MT] Rejected distribution method <IDEDistributionMethodTVOSEnterprise: 0x6000031bd570> because it doesn't support distributing archive
2026-06-26 01:59:58 +0000 [MT] Rejected distribution method <IDEDistributionMethodWatchOSEnterprise: 0x6000031bd5c0> because it doesn't support distributing archive
2026-06-26 01:59:58 +0000 [MT] Rejected distribution method <IDEDistributionMethodEnterpriseVisionOS: 0x6000031bd5d0> because it doesn't support distributing archive
2026-06-26 01:59:58 +0000 [MT] Rejected distribution method <IDEDistributionMethodiOSEnterprise: 0x6000031bd6b0> because it doesn't support distributing archive
2026-06-26 01:59:58 +0000 [MT] Rejected distribution method <IDEDistributionMethodDevelopmentSignedVisionOS: 0x6000031bd5a0> because it doesn't support distributing archive
2026-06-26 01:59:58 +0000 [MT] Rejected distribution method <IDEDistributionMethodWatchOSDevelopmentSigned: 0x6000031bd5f0> because it doesn't support distributing archive
2026-06-26 01:59:58 +0000 [MT] Rejected distribution method <IDEDistributionMethodTVOSDevelopmentSigned: 0x6000031bd640> because it doesn't support distributing archive
2026-06-26 01:59:58 +0000 [MT] Rejected distribution method <IDEDistributionMethodDevelopmentSigned: 0x6000031bd700> because it doesn't support distributing archive
2026-06-26 01:59:58 +0000 [MT] Rejected distribution method <IDEDistributionMethodDeveloperIDNotarizedApp: 0x6000031bd590> because it doesn't support distributing archive
2026-06-26 01:59:58 +0000 [MT] Rejected distribution method <IDEDistributionMethodDeveloperID: 0x6000031bd660> because it doesn't support distributing archive
2026-06-26 01:59:58 +0000 [MT] Rejected distribution method <IDEDistributionMethodSaveBuiltProducts: 0x6000031bd600> because it doesn't support distributing archive
2026-06-26 01:59:58 +0000 [MT] Rejected distribution method <IDEDistributionMethodDevelopmentSignedMac: 0x6000031bd680> because it doesn't support distributing archive
2026-06-26 01:59:58 +0000 [MT] Rejected distribution method <IDEDistributionMethodMacApplication: 0x6000031bd6a0> because it doesn't support distributing archive
2026-06-26 01:59:58 +0000 [MT] Rejected distribution method <IDEDistributionMethodAppStoreValidationVisionOS: 0x6000031bd5b0> because it doesn't support distributing archive
2026-06-26 01:59:58 +0000 [MT] Rejected distribution method <IDEDistributionMethodTVOSAppStoreValidation: 0x6000031bd670> because it doesn't support distributing archive
2026-06-26 01:59:58 +0000 [MT] Rejected distribution method <IDEDistributionMethodMacAppStoreValidation: 0x6000031bd690> because it doesn't support distributing archive
2026-06-26 01:59:58 +0000 [MT] Accepted distribution method <IDEDistributionMethodiOSAppStoreValidation: 0x6000031bd6c0>
2026-06-26 01:59:58 +0000 [MT] Rejected distribution method <IDEDistributionMethodExportArchive: 0x6000031bd610> because it doesn't support distributing archive
2026-06-26 01:59:58 +0000 [MT] Available distribution methods: {(
    <IDEDistributionMethodiOSAppStoreDistribution: 0x6000031bd580>,
    <IDEDistributionMethodiOSAdHoc: 0x6000031bd6d0>,
    <IDEDistributionMethodiOSEnterprise: 0x6000031bd6b0>,
    <IDEDistributionMethodDevelopmentSigned: 0x6000031bd700>,
    <IDEDistributionMethodiOSAppStoreValidation: 0x6000031bd6c0>
)}
2026-06-26 01:59:58 +0000 [MT] Skipping reformat archive step. No reformatter selected for archive <DVTFilePath:0x600001c84180:'/Volumes/workspace/tmp/9666b1e4-3bee-46a9-9b79-b363e1da5fe5.xcarchive'>
2026-06-26 01:59:58 +0000 [MT] IDEDistributionItem init <DVTFilePath:0x6000018cde30:'/Volumes/workspace/tmp/9666b1e4-3bee-46a9-9b79-b363e1da5fe5.xcarchive/Products/Applications/Vidrip.app/PlugIns/ShareExtension.appex'>
2026-06-26 01:59:58 +0000 [MT] IDEDistributionItem init <DVTFilePath:0x60000182f410:'/Volumes/workspace/tmp/9666b1e4-3bee-46a9-9b79-b363e1da5fe5.xcarchive/Products/Applications/Vidrip.app/Frameworks/hermes.framework'>
2026-06-26 01:59:58 +0000 [MT] IDEDistributionItem init <DVTFilePath:0x600001725680:'/Volumes/workspace/tmp/9666b1e4-3bee-46a9-9b79-b363e1da5fe5.xcarchive/Products/Applications/Vidrip.app'>
2026-06-26 01:59:58 +0000 [MT] Set distributionItems on context: (
    "<IDEDistributionItem: 0x60000171e880; bundleID='com.isphillips.vidrip', path='<DVTFilePath:0x600001725680:'/Volumes/workspace/tmp/9666b1e4-3bee-46a9-9b79-b363e1da5fe5.xcarchive/Products/Applications/Vidrip.app'>', codeSigningInfo='<_DVTCodeSigningInformation_Path: 0x60000171e820; isSigned='1', isAdHocSigned='1', signingCertificate='(null)', entitlements='{\n    \"aps-environment\" = development;\n}', teamID='(null)', identifier='com.isphillips.vidrip', executablePath='<DVTFilePath:0x6000017270c0:'/Volumes/workspace/tmp/9666b1e4-3bee-46a9-9b79-b363e1da5fe5.xcarchive/Products/Applications/Vidrip.app/Vidrip'>', hardenedRuntime='0'>'>"
)
2026-06-26 01:59:58 +0000 [MT] Archs to thin for item /Volumes/workspace/tmp/9666b1e4-3bee-46a9-9b79-b363e1da5fe5.xcarchive/Products/Applications/Vidrip.app are []
2026-06-26 01:59:58 +0000 [MT] Archs to thin for item /Volumes/workspace/tmp/9666b1e4-3bee-46a9-9b79-b363e1da5fe5.xcarchive/Products/Applications/Vidrip.app/Frameworks/hermes.framework are []
2026-06-26 01:59:58 +0000 [MT] Archs to thin for item /Volumes/workspace/tmp/9666b1e4-3bee-46a9-9b79-b363e1da5fe5.xcarchive/Products/Applications/Vidrip.app/PlugIns/ShareExtension.appex are []
2026-06-26 01:59:58 +0000 [MT] Distributable's provisioning style is Automatic
2026-06-26 01:59:58 +0000 [MT] Starting evaluation for distribution items:
(
    "<IDEDistributionItem: 0x60000171e880; bundleID='com.isphillips.vidrip', path='<DVTFilePath:0x600001725680:'/Volumes/workspace/tmp/9666b1e4-3bee-46a9-9b79-b363e1da5fe5.xcarchive/Products/Applications/Vidrip.app'>', codeSigningInfo='<_DVTCodeSigningInformation_Path: 0x60000171e820; isSigned='1', isAdHocSigned='1', signingCertificate='(null)', entitlements='{\n    \"aps-environment\" = development;\n}', teamID='(null)', identifier='com.isphillips.vidrip', executablePath='<DVTFilePath:0x6000017270c0:'/Volumes/workspace/tmp/9666b1e4-3bee-46a9-9b79-b363e1da5fe5.xcarchive/Products/Applications/Vidrip.app/Vidrip'>', hardenedRuntime='0'>'>"
)
2026-06-26 01:59:58 +0000 [MT] Evaluating <IDEDistributionItemProvisionable: 0x600001f90300; distributionItem='<IDEDistributionItem: 0x600001708120; bundleID='com.isphillips.vidrip.ShareExtension', path='<DVTFilePath:0x6000018cde30:'/Volumes/workspace/tmp/9666b1e4-3bee-46a9-9b79-b363e1da5fe5.xcarchive/Products/Applications/Vidrip.app/PlugIns/ShareExtension.appex'>', codeSigningInfo='<_DVTCodeSigningInformation_Path: 0x600001714d20; isSigned='1', isAdHocSigned='1', signingCertificate='(null)', entitlements='(null)', teamID='(null)', identifier='com.isphillips.vidrip.ShareExtension', executablePath='<DVTFilePath:0x6000017db420:'/Volumes/workspace/tmp/9666b1e4-3bee-46a9-9b79-b363e1da5fe5.xcarchive/Products/Applications/Vidrip.app/PlugIns/ShareExtension.appex/ShareExtension'>', hardenedRuntime='0'>'>', team='<IDEProvisioningBasicTeam: 0x6000035a92e0; teamID='6F98QXGZHU', teamName='(null)'>', method='<IDEDistributionMethodDevelopmentSigned: 0x6000031bd700>', provisioningStyle='0', entitlementsProcessors='(
    "<IDEiCloudEntitlementsProcessor: 0x600003f44720>",
    "<IDEAppAttestEnvironmentEntitlementsProcessor: 0x600003f45860>",
    "<IDEClassKitEntitlementsProcessor: 0x600003f453e0>",
    "<IDEAppIdentifierPrefixedEntitlementsProcessor: 0x600003f45680>"
)'> with overrides <IDEProvisionableOverrides 0x6000004b9550: configuration: Default, profileSupport: <IDEProvisioningProfileSupport: 0x60000318a090>, provisioningStyle: (null), certificateSigningStyle: (null), provisioningPurpose: development, team: (null), platform: <DVTPlatform:0x600001db5480:'com.apple.platform.iphoneos':<DVTFilePath:0x600001888310:'/Applications/Xcode.app/Contents/Developer/Platforms/iPhoneOS.platform'>>, sdk: (null), sdkVariant: (null), profileSpecifier: (null), certificateIdentifier: (null), bundleIdentifier: (null), entitlements: (null), entitlementsFile: (null), baseEntitlements: (null), entitlementsExpansion: (null), entitlementsDestination: (null), allowSigningWithoutTeamSelection: (null), signingRequiresTeam: (null), appIDFeatures: (null)>
2026-06-26 01:59:58 +0000 [MT] Applying entitlements delta for <IDEDistributionItem: 0x600001708120; bundleID='com.isphillips.vidrip.ShareExtension', path='<DVTFilePath:0x6000018cde30:'/Volumes/workspace/tmp/9666b1e4-3bee-46a9-9b79-b363e1da5fe5.xcarchive/Products/Applications/Vidrip.app/PlugIns/ShareExtension.appex'>', codeSigningInfo='<_DVTCodeSigningInformation_Path: 0x600001714d20; isSigned='1', isAdHocSigned='1', signingCertificate='(null)', entitlements='(null)', teamID='(null)', identifier='com.isphillips.vidrip.ShareExtension', executablePath='<DVTFilePath:0x6000017db420:'/Volumes/workspace/tmp/9666b1e4-3bee-46a9-9b79-b363e1da5fe5.xcarchive/Products/Applications/Vidrip.app/PlugIns/ShareExtension.appex/ShareExtension'>', hardenedRuntime='0'>'> from <IDEiCloudEntitlementsProcessor: 0x600003f44720>: {
}
2026-06-26 01:59:58 +0000 [MT] Applying entitlements delta for <IDEDistributionItem: 0x600001708120; bundleID='com.isphillips.vidrip.ShareExtension', path='<DVTFilePath:0x6000018cde30:'/Volumes/workspace/tmp/9666b1e4-3bee-46a9-9b79-b363e1da5fe5.xcarchive/Products/Applications/Vidrip.app/PlugIns/ShareExtension.appex'>', codeSigningInfo='<_DVTCodeSigningInformation_Path: 0x600001714d20; isSigned='1', isAdHocSigned='1', signingCertificate='(null)', entitlements='(null)', teamID='(null)', identifier='com.isphillips.vidrip.ShareExtension', executablePath='<DVTFilePath:0x6000017db420:'/Volumes/workspace/tmp/9666b1e4-3bee-46a9-9b79-b363e1da5fe5.xcarchive/Products/Applications/Vidrip.app/PlugIns/ShareExtension.appex/ShareExtension'>', hardenedRuntime='0'>'> from <IDEAppAttestEnvironmentEntitlementsProcessor: 0x600003f45860>: {
}
2026-06-26 01:59:58 +0000 [MT] Applying entitlements delta for <IDEDistributionItem: 0x600001708120; bundleID='com.isphillips.vidrip.ShareExtension', path='<DVTFilePath:0x6000018cde30:'/Volumes/workspace/tmp/9666b1e4-3bee-46a9-9b79-b363e1da5fe5.xcarchive/Products/Applications/Vidrip.app/PlugIns/ShareExtension.appex'>', codeSigningInfo='<_DVTCodeSigningInformation_Path: 0x600001714d20; isSigned='1', isAdHocSigned='1', signingCertificate='(null)', entitlements='(null)', teamID='(null)', identifier='com.isphillips.vidrip.ShareExtension', executablePath='<DVTFilePath:0x6000017db420:'/Volumes/workspace/tmp/9666b1e4-3bee-46a9-9b79-b363e1da5fe5.xcarchive/Products/Applications/Vidrip.app/PlugIns/ShareExtension.appex/ShareExtension'>', hardenedRuntime='0'>'> from <IDEClassKitEntitlementsProcessor: 0x600003f453e0>: {
}
2026-06-26 01:59:58 +0000 [MT] Applying entitlements delta for <IDEDistributionItem: 0x600001708120; bundleID='com.isphillips.vidrip.ShareExtension', path='<DVTFilePath:0x6000018cde30:'/Volumes/workspace/tmp/9666b1e4-3bee-46a9-9b79-b363e1da5fe5.xcarchive/Products/Applications/Vidrip.app/PlugIns/ShareExtension.appex'>', codeSigningInfo='<_DVTCodeSigningInformation_Path: 0x600001714d20; isSigned='1', isAdHocSigned='1', signingCertificate='(null)', entitlements='(null)', teamID='(null)', identifier='com.isphillips.vidrip.ShareExtension', executablePath='<DVTFilePath:0x6000017db420:'/Volumes/workspace/tmp/9666b1e4-3bee-46a9-9b79-b363e1da5fe5.xcarchive/Products/Applications/Vidrip.app/PlugIns/ShareExtension.appex/ShareExtension'>', hardenedRuntime='0'>'> from <IDEAppIdentifierPrefixedEntitlementsProcessor: 0x600003f45680>: {
}
2026-06-26 01:59:58 +0000 [MT] Evaluating <IDEDistributionItemProvisionable: 0x600001f90400; distributionItem='<IDEDistributionItem: 0x60000171e880; bundleID='com.isphillips.vidrip', path='<DVTFilePath:0x600001725680:'/Volumes/workspace/tmp/9666b1e4-3bee-46a9-9b79-b363e1da5fe5.xcarchive/Products/Applications/Vidrip.app'>', codeSigningInfo='<_DVTCodeSigningInformation_Path: 0x60000171e820; isSigned='1', isAdHocSigned='1', signingCertificate='(null)', entitlements='{
    "aps-environment" = development;
}', teamID='(null)', identifier='com.isphillips.vidrip', executablePath='<DVTFilePath:0x6000017270c0:'/Volumes/workspace/tmp/9666b1e4-3bee-46a9-9b79-b363e1da5fe5.xcarchive/Products/Applications/Vidrip.app/Vidrip'>', hardenedRuntime='0'>'>', team='<IDEProvisioningBasicTeam: 0x6000035a92e0; teamID='6F98QXGZHU', teamName='(null)'>', method='<IDEDistributionMethodDevelopmentSigned: 0x6000031bd700>', provisioningStyle='0', entitlementsProcessors='(
    "<IDEiCloudEntitlementsProcessor: 0x600003f45440>",
    "<IDEAppAttestEnvironmentEntitlementsProcessor: 0x600003f456e0>",
    "<IDEClassKitEntitlementsProcessor: 0x600003f44660>",
    "<IDEAppIdentifierPrefixedEntitlementsProcessor: 0x600003f45ad0>"
)'> with overrides <IDEProvisionableOverrides 0x6000004a5ef0: configuration: Default, profileSupport: <IDEProvisioningProfileSupport: 0x6000031dd530>, provisioningStyle: (null), certificateSigningStyle: (null), provisioningPurpose: development, team: (null), platform: <DVTPlatform:0x600001db5480:'com.apple.platform.iphoneos':<DVTFilePath:0x600001888310:'/Applications/Xcode.app/Contents/Developer/Platforms/iPhoneOS.platform'>>, sdk: (null), sdkVariant: (null), profileSpecifier: (null), certificateIdentifier: (null), bundleIdentifier: (null), entitlements: (null), entitlementsFile: (null), baseEntitlements: (null), entitlementsExpansion: (null), entitlementsDestination: (null), allowSigningWithoutTeamSelection: (null), signingRequiresTeam: (null), appIDFeatures: (null)>
2026-06-26 01:59:58 +0000 [MT] Applying entitlements delta for <IDEDistributionItem: 0x60000171e880; bundleID='com.isphillips.vidrip', path='<DVTFilePath:0x600001725680:'/Volumes/workspace/tmp/9666b1e4-3bee-46a9-9b79-b363e1da5fe5.xcarchive/Products/Applications/Vidrip.app'>', codeSigningInfo='<_DVTCodeSigningInformation_Path: 0x60000171e820; isSigned='1', isAdHocSigned='1', signingCertificate='(null)', entitlements='{
    "aps-environment" = development;
}', teamID='(null)', identifier='com.isphillips.vidrip', executablePath='<DVTFilePath:0x6000017270c0:'/Volumes/workspace/tmp/9666b1e4-3bee-46a9-9b79-b363e1da5fe5.xcarchive/Products/Applications/Vidrip.app/Vidrip'>', hardenedRuntime='0'>'> from <IDEiCloudEntitlementsProcessor: 0x600003f45440>: {
}
2026-06-26 01:59:58 +0000 [MT] Applying entitlements delta for <IDEDistributionItem: 0x60000171e880; bundleID='com.isphillips.vidrip', path='<DVTFilePath:0x600001725680:'/Volumes/workspace/tmp/9666b1e4-3bee-46a9-9b79-b363e1da5fe5.xcarchive/Products/Applications/Vidrip.app'>', codeSigningInfo='<_DVTCodeSigningInformation_Path: 0x60000171e820; isSigned='1', isAdHocSigned='1', signingCertificate='(null)', entitlements='{
    "aps-environment" = development;
}', teamID='(null)', identifier='com.isphillips.vidrip', executablePath='<DVTFilePath:0x6000017270c0:'/Volumes/workspace/tmp/9666b1e4-3bee-46a9-9b79-b363e1da5fe5.xcarchive/Products/Applications/Vidrip.app/Vidrip'>', hardenedRuntime='0'>'> from <IDEAppAttestEnvironmentEntitlementsProcessor: 0x600003f456e0>: {
}
2026-06-26 01:59:58 +0000 [MT] Applying entitlements delta for <IDEDistributionItem: 0x60000171e880; bundleID='com.isphillips.vidrip', path='<DVTFilePath:0x600001725680:'/Volumes/workspace/tmp/9666b1e4-3bee-46a9-9b79-b363e1da5fe5.xcarchive/Products/Applications/Vidrip.app'>', codeSigningInfo='<_DVTCodeSigningInformation_Path: 0x60000171e820; isSigned='1', isAdHocSigned='1', signingCertificate='(null)', entitlements='{
    "aps-environment" = development;
}', teamID='(null)', identifier='com.isphillips.vidrip', executablePath='<DVTFilePath:0x6000017270c0:'/Volumes/workspace/tmp/9666b1e4-3bee-46a9-9b79-b363e1da5fe5.xcarchive/Products/Applications/Vidrip.app/Vidrip'>', hardenedRuntime='0'>'> from <IDEClassKitEntitlementsProcessor: 0x600003f44660>: {
}
2026-06-26 01:59:58 +0000 [MT] Applying entitlements delta for <IDEDistributionItem: 0x60000171e880; bundleID='com.isphillips.vidrip', path='<DVTFilePath:0x600001725680:'/Volumes/workspace/tmp/9666b1e4-3bee-46a9-9b79-b363e1da5fe5.xcarchive/Products/Applications/Vidrip.app'>', codeSigningInfo='<_DVTCodeSigningInformation_Path: 0x60000171e820; isSigned='1', isAdHocSigned='1', signingCertificate='(null)', entitlements='{
    "aps-environment" = development;
}', teamID='(null)', identifier='com.isphillips.vidrip', executablePath='<DVTFilePath:0x6000017270c0:'/Volumes/workspace/tmp/9666b1e4-3bee-46a9-9b79-b363e1da5fe5.xcarchive/Products/Applications/Vidrip.app/Vidrip'>', hardenedRuntime='0'>'> from <IDEAppIdentifierPrefixedEntitlementsProcessor: 0x600003f45ad0>: {
}
2026-06-26 01:59:58 +0000 [MT] Evaluating <IDEDistributionItemProvisionable: 0x600001f90380; distributionItem='<IDEDistributionItem: 0x600001761aa0; bundleID='dev.hermesengine.iphoneos', path='<DVTFilePath:0x60000182f410:'/Volumes/workspace/tmp/9666b1e4-3bee-46a9-9b79-b363e1da5fe5.xcarchive/Products/Applications/Vidrip.app/Frameworks/hermes.framework'>', codeSigningInfo='<_DVTCodeSigningInformation_Path: 0x600001761a40; isSigned='1', isAdHocSigned='1', signingCertificate='(null)', entitlements='(null)', teamID='(null)', identifier='dev.hermesengine.iphoneos', executablePath='<DVTFilePath:0x600001727a80:'/Volumes/workspace/tmp/9666b1e4-3bee-46a9-9b79-b363e1da5fe5.xcarchive/Products/Applications/Vidrip.app/Frameworks/hermes.framework/hermes'>', hardenedRuntime='0'>'>', team='<IDEProvisioningBasicTeam: 0x6000035a92e0; teamID='6F98QXGZHU', teamName='(null)'>', method='<IDEDistributionMethodDevelopmentSigned: 0x6000031bd700>', provisioningStyle='0', entitlementsProcessors='(
    "<IDEiCloudEntitlementsProcessor: 0x600003f447b0>",
    "<IDEAppAttestEnvironmentEntitlementsProcessor: 0x600003f442a0>",
    "<IDEClassKitEntitlementsProcessor: 0x600003f45b30>",
    "<IDEAppIdentifierPrefixedEntitlementsProcessor: 0x600003f45770>"
)'> with overrides <IDEProvisionableOverrides 0x6000004f8000: configuration: Default, profileSupport: <IDEProvisioningProfileSupport: 0x60000319ecf0>, provisioningStyle: (null), certificateSigningStyle: (null), provisioningPurpose: development, team: (null), platform: <DVTPlatform:0x600001db5480:'com.apple.platform.iphoneos':<DVTFilePath:0x600001888310:'/Applications/Xcode.app/Contents/Developer/Platforms/iPhoneOS.platform'>>, sdk: (null), sdkVariant: (null), profileSpecifier: (null), certificateIdentifier: (null), bundleIdentifier: (null), entitlements: (null), entitlementsFile: (null), baseEntitlements: (null), entitlementsExpansion: (null), entitlementsDestination: (null), allowSigningWithoutTeamSelection: (null), signingRequiresTeam: (null), appIDFeatures: (null)>
2026-06-26 01:59:58 +0000 [MT] Applying entitlements delta for <IDEDistributionItem: 0x600001761aa0; bundleID='dev.hermesengine.iphoneos', path='<DVTFilePath:0x60000182f410:'/Volumes/workspace/tmp/9666b1e4-3bee-46a9-9b79-b363e1da5fe5.xcarchive/Products/Applications/Vidrip.app/Frameworks/hermes.framework'>', codeSigningInfo='<_DVTCodeSigningInformation_Path: 0x600001761a40; isSigned='1', isAdHocSigned='1', signingCertificate='(null)', entitlements='(null)', teamID='(null)', identifier='dev.hermesengine.iphoneos', executablePath='<DVTFilePath:0x600001727a80:'/Volumes/workspace/tmp/9666b1e4-3bee-46a9-9b79-b363e1da5fe5.xcarchive/Products/Applications/Vidrip.app/Frameworks/hermes.framework/hermes'>', hardenedRuntime='0'>'> from <IDEiCloudEntitlementsProcessor: 0x600003f447b0>: {
}
2026-06-26 01:59:58 +0000 [MT] Applying entitlements delta for <IDEDistributionItem: 0x600001761aa0; bundleID='dev.hermesengine.iphoneos', path='<DVTFilePath:0x60000182f410:'/Volumes/workspace/tmp/9666b1e4-3bee-46a9-9b79-b363e1da5fe5.xcarchive/Products/Applications/Vidrip.app/Frameworks/hermes.framework'>', codeSigningInfo='<_DVTCodeSigningInformation_Path: 0x600001761a40; isSigned='1', isAdHocSigned='1', signingCertificate='(null)', entitlements='(null)', teamID='(null)', identifier='dev.hermesengine.iphoneos', executablePath='<DVTFilePath:0x600001727a80:'/Volumes/workspace/tmp/9666b1e4-3bee-46a9-9b79-b363e1da5fe5.xcarchive/Products/Applications/Vidrip.app/Frameworks/hermes.framework/hermes'>', hardenedRuntime='0'>'> from <IDEAppAttestEnvironmentEntitlementsProcessor: 0x600003f442a0>: {
}
2026-06-26 01:59:58 +0000 [MT] Applying entitlements delta for <IDEDistributionItem: 0x600001761aa0; bundleID='dev.hermesengine.iphoneos', path='<DVTFilePath:0x60000182f410:'/Volumes/workspace/tmp/9666b1e4-3bee-46a9-9b79-b363e1da5fe5.xcarchive/Products/Applications/Vidrip.app/Frameworks/hermes.framework'>', codeSigningInfo='<_DVTCodeSigningInformation_Path: 0x600001761a40; isSigned='1', isAdHocSigned='1', signingCertificate='(null)', entitlements='(null)', teamID='(null)', identifier='dev.hermesengine.iphoneos', executablePath='<DVTFilePath:0x600001727a80:'/Volumes/workspace/tmp/9666b1e4-3bee-46a9-9b79-b363e1da5fe5.xcarchive/Products/Applications/Vidrip.app/Frameworks/hermes.framework/hermes'>', hardenedRuntime='0'>'> from <IDEClassKitEntitlementsProcessor: 0x600003f45b30>: {
}
2026-06-26 01:59:58 +0000 [MT] Applying entitlements delta for <IDEDistributionItem: 0x600001761aa0; bundleID='dev.hermesengine.iphoneos', path='<DVTFilePath:0x60000182f410:'/Volumes/workspace/tmp/9666b1e4-3bee-46a9-9b79-b363e1da5fe5.xcarchive/Products/Applications/Vidrip.app/Frameworks/hermes.framework'>', codeSigningInfo='<_DVTCodeSigningInformation_Path: 0x600001761a40; isSigned='1', isAdHocSigned='1', signingCertificate='(null)', entitlements='(null)', teamID='(null)', identifier='dev.hermesengine.iphoneos', executablePath='<DVTFilePath:0x600001727a80:'/Volumes/workspace/tmp/9666b1e4-3bee-46a9-9b79-b363e1da5fe5.xcarchive/Products/Applications/Vidrip.app/Frameworks/hermes.framework/hermes'>', hardenedRuntime='0'>'> from <IDEAppIdentifierPrefixedEntitlementsProcessor: 0x600003f45770>: {
}
2026-06-26 01:59:59 +0000 [MT] Evaluation for hermes.framework is <IDEProvisionableStatusEvaluation 0x6000018b6c30: inputs: <IDEProvisionableStatusEvalutorInputs 0x6000013347d0: provisionableSnapshot: <IDEProvisionableSnapshot 0x600003f45710: name: hermes.framework, configurations: {
    Default = "<_IDEProvisionableConfigurationSnapshot 0x600000289cc0: name: Default, provisioningStyle: 0, certificateSigningStyle: 2, team: <IDEProvisioningBasicTeam: 0x6000035a92e0; teamID='6F98QXGZHU', teamName='(null)'>, profileSupport: <IDEProvisioningProfileSupport: 0x60000318a300>, platform: <DVTPlatform:0x600001db5480:'com.apple.platform.iphoneos':<DVTFilePath:0x600001888310:'/Applications/Xcode.app/Contents/Developer/Platforms/iPhoneOS.platform'>>, sdk: (null), sdkVariant: (null), bundleIdentifier: dev.hermesengine.iphoneos, profileSpecifier: (null), certificateIdentifier: iPhone Developer, entitlementsFilePath: (null), baseEntitlements: <IDEProvisionableEntitlements: 0x600003276020; signedEntitlements='{\n}', simulatedEntitlements='(null)'>, entitlementsExpansion: <IDEDistributionProvisioningEntitlementsExpansion: 0x6000031893c0>, entitlementsDestination: 1, allowSigningWithoutTeamSelection: 0, signingRequiresTeam: 0, appIDFeatures: <DVTPortalAppIDFeatures 0x600003598760: Features: {\n}, Containers: {\n}>, provisioningPurpose: development, supportsIOSMac: 0, areFeaturesUpToDate: 0>";
}, overrides: <IDEProvisionableOverrides 0x6000004f8000: configuration: Default, profileSupport: <IDEProvisioningProfileSupport: 0x60000319ecf0>, provisioningStyle: (null), certificateSigningStyle: (null), provisioningPurpose: development, team: (null), platform: <DVTPlatform:0x600001db5480:'com.apple.platform.iphoneos':<DVTFilePath:0x600001888310:'/Applications/Xcode.app/Contents/Developer/Platforms/iPhoneOS.platform'>>, sdk: (null), sdkVariant: (null), profileSpecifier: (null), certificateIdentifier: (null), bundleIdentifier: (null), entitlements: (null), entitlementsFile: (null), baseEntitlements: (null), entitlementsExpansion: (null), entitlementsDestination: (null), allowSigningWithoutTeamSelection: (null), signingRequiresTeam: (null), appIDFeatures: (null)>>>, configuration: Default, codesignParameterSnapshot: <IDECodesignParameterSnapshot: 0x600003f489c0>:
Identity: DB52E314919B61EEE5C0D1F5CC016526B7363E83
Certificate <DVTSigningCertificate: 0x6000006e0000; name='Apple Development: Created via API (7F693G6VM8)', hash='DB52E314919B61EEE5C0D1F5CC016526B7363E83', serialNumber='6B30E49292D2202AAD0C2883CEDB124B', certificateKinds='(
    "1.2.840.113635.100.6.1.12",
    "1.2.840.113635.100.6.1.2"
), issueDate='2026-06-05 23:45:21 +0000''>>, errors: (null)>
2026-06-26 02:00:00 +0000 [MT] Evaluation for ShareExtension.appex is <IDEProvisionableStatusEvaluation 0x6000018b6990: inputs: <IDEProvisionableStatusEvalutorInputs 0x600001336300: provisionableSnapshot: <IDEProvisionableSnapshot 0x600003ea5f20: name: ShareExtension.appex, configurations: {
    Default = "<_IDEProvisionableConfigurationSnapshot 0x6000002aa620: name: Default, provisioningStyle: 0, certificateSigningStyle: 2, team: <IDEProvisioningBasicTeam: 0x6000035a92e0; teamID='6F98QXGZHU', teamName='(null)'>, profileSupport: <IDEProvisioningProfileSupport: 0x6000031dd4f0>, platform: <DVTPlatform:0x600001db5480:'com.apple.platform.iphoneos':<DVTFilePath:0x600001888310:'/Applications/Xcode.app/Contents/Developer/Platforms/iPhoneOS.platform'>>, sdk: (null), sdkVariant: (null), bundleIdentifier: com.isphillips.vidrip.ShareExtension, profileSpecifier: (null), certificateIdentifier: iPhone Developer, entitlementsFilePath: (null), baseEntitlements: <IDEProvisionableEntitlements: 0x60000325a800; signedEntitlements='{\n}', simulatedEntitlements='(null)'>, entitlementsExpansion: <IDEDistributionProvisioningEntitlementsExpansion: 0x6000031dd4e0>, entitlementsDestination: 1, allowSigningWithoutTeamSelection: 0, signingRequiresTeam: 0, appIDFeatures: <DVTPortalAppIDFeatures 0x60000324b920: Features: {\n}, Containers: {\n}>, provisioningPurpose: development, supportsIOSMac: 0, areFeaturesUpToDate: 0>";
}, overrides: <IDEProvisionableOverrides 0x6000004b9550: configuration: Default, profileSupport: <IDEProvisioningProfileSupport: 0x60000318a090>, provisioningStyle: (null), certificateSigningStyle: (null), provisioningPurpose: development, team: (null), platform: <DVTPlatform:0x600001db5480:'com.apple.platform.iphoneos':<DVTFilePath:0x600001888310:'/Applications/Xcode.app/Contents/Developer/Platforms/iPhoneOS.platform'>>, sdk: (null), sdkVariant: (null), profileSpecifier: (null), certificateIdentifier: (null), bundleIdentifier: (null), entitlements: (null), entitlementsFile: (null), baseEntitlements: (null), entitlementsExpansion: (null), entitlementsDestination: (null), allowSigningWithoutTeamSelection: (null), signingRequiresTeam: (null), appIDFeatures: (null)>>>, configuration: Default, codesignParameterSnapshot: (null), errors: (
    "Error Domain=DVTPortalAppIDErrorDomain Code=4 \"Automatic signing cannot register bundle identifier \"com.isphillips.vidrip.ShareExtension\".\" UserInfo={NSLocalizedDescription=Automatic signing cannot register bundle identifier \"com.isphillips.vidrip.ShareExtension\"., NSLocalizedRecoverySuggestion=Automatic signing cannot register bundle identifiers with Apple. Register your bundle identifier on https://developer.apple.com/account and then try again.}",
    "Error Domain=IDEProfileLocatorErrorDomain Code=1 \"No profiles for 'com.isphillips.vidrip.ShareExtension' were found\" UserInfo={NSLocalizedDescription=No profiles for 'com.isphillips.vidrip.ShareExtension' were found, NSLocalizedRecoverySuggestion=Xcode couldn't find any iOS App Development provisioning profiles matching 'com.isphillips.vidrip.ShareExtension'.}"
)>
2026-06-26 02:00:01 +0000 [MT] Evaluation for Vidrip.app is <IDEProvisionableStatusEvaluation 0x600001802680: inputs: <IDEProvisionableStatusEvalutorInputs 0x60000139b890: provisionableSnapshot: <IDEProvisionableSnapshot 0x600003ec5680: name: Vidrip.app, configurations: {
    Default = "<_IDEProvisionableConfigurationSnapshot 0x60000028f660: name: Default, provisioningStyle: 0, certificateSigningStyle: 2, team: <IDEProvisioningBasicTeam: 0x6000035a92e0; teamID='6F98QXGZHU', teamName='(null)'>, profileSupport: <IDEProvisioningProfileSupport: 0x60000319ecc0>, platform: <DVTPlatform:0x600001db5480:'com.apple.platform.iphoneos':<DVTFilePath:0x600001888310:'/Applications/Xcode.app/Contents/Developer/Platforms/iPhoneOS.platform'>>, sdk: (null), sdkVariant: (null), bundleIdentifier: com.isphillips.vidrip, profileSpecifier: (null), certificateIdentifier: iPhone Developer, entitlementsFilePath: (null), baseEntitlements: <IDEProvisionableEntitlements: 0x6000032574a0; signedEntitlements='{\n    \"aps-environment\" = development;\n}', simulatedEntitlements='(null)'>, entitlementsExpansion: <IDEDistributionProvisioningEntitlementsExpansion: 0x60000319e890>, entitlementsDestination: 1, allowSigningWithoutTeamSelection: 0, signingRequiresTeam: 0, appIDFeatures: <DVTPortalAppIDFeatures 0x6000035e8000: Features: {\n    \"<DVTPortalProfileFeature: 0x600001875e30; id='PUSH_NOTIFICATIONS', userDescription='Push Notifications', platforms='.watchos, .xros, .macosx, .appletvos, .iphoneos'>\" = 1;\n}, Containers: {\n}>, provisioningPurpose: development, supportsIOSMac: 0, areFeaturesUpToDate: 0>";
}, overrides: <IDEProvisionableOverrides 0x6000004a5ef0: configuration: Default, profileSupport: <IDEProvisioningProfileSupport: 0x6000031dd530>, provisioningStyle: (null), certificateSigningStyle: (null), provisioningPurpose: development, team: (null), platform: <DVTPlatform:0x600001db5480:'com.apple.platform.iphoneos':<DVTFilePath:0x600001888310:'/Applications/Xcode.app/Contents/Developer/Platforms/iPhoneOS.platform'>>, sdk: (null), sdkVariant: (null), profileSpecifier: (null), certificateIdentifier: (null), bundleIdentifier: (null), entitlements: (null), entitlementsFile: (null), baseEntitlements: (null), entitlementsExpansion: (null), entitlementsDestination: (null), allowSigningWithoutTeamSelection: (null), signingRequiresTeam: (null), appIDFeatures: (null)>>>, configuration: Default, codesignParameterSnapshot: <IDECodesignParameterSnapshot: 0x600003f18ab0>:
Profile:  <DVTEmbeddedProvisioningProfile 0x6000006a36c0: name: iOS Team Provisioning Profile: com.isphillips.vidrip, UUID: 5a63583a-57aa-4916-8d97-1ce9a3162a90, teamName: Immanuel Phillips, teamIdentifierPrefixes: (
    6F98QXGZHU
), entitlements: {
    "application-identifier" = "6F98QXGZHU.com.isphillips.vidrip";
    "aps-environment" = development;
    "com.apple.developer.team-identifier" = 6F98QXGZHU;
    "get-task-allow" = 1;
    "keychain-access-groups" =     (
        "6F98QXGZHU.*",
        "com.apple.token"
    );
}, appIdentifierName: Vidrip, applicationIdentifierPrefixes: (
    6F98QXGZHU
), dateCreated: 2026-06-26 02:00:01 +0000, dateExpired: 2027-06-26 02:00:01 +0000, certificateKinds: {(
    "1.2.840.113635.100.6.1.12",
    "1.2.840.113635.100.6.1.2"
)}, certificateSHA1Hashes: {(
    DB52E314919B61EEE5C0D1F5CC016526B7363E83
)}, supportedUDIDs: {(
    dfe495081f3d4831692c656a47fde0926d07d734,
    "00008110-00112cd80cf0401e"
)}, isUniversal: 0, isXcodeManaged: 1, platforms: {(
    <DVTPlatform:0x600001db5900:'com.apple.platform.xros':<DVTFilePath:0x600001788c60:'/Applications/Xcode.app/Contents/Developer/Platforms/XROS.platform'>>,
    <DVTPlatform:0x600001db5880:'com.apple.platform.watchos':<DVTFilePath:0x6000018883f0:'/Applications/Xcode.app/Contents/Developer/Platforms/WatchOS.platform'>>,
    <DVTPlatform:0x600001db5480:'com.apple.platform.iphoneos':<DVTFilePath:0x600001888310:'/Applications/Xcode.app/Contents/Developer/Platforms/iPhoneOS.platform'>>
)}, filePath: <DVTFilePath:0x6000001eddd0:'/Users/local/Library/Developer/Xcode/UserData/Provisioning Profiles/5a63583a-57aa-4916-8d97-1ce9a3162a90.mobileprovision'>>
Identity: DB52E314919B61EEE5C0D1F5CC016526B7363E83
Certificate <DVTSigningCertificate: 0x6000006adec0; name='Apple Development: Created via API (7F693G6VM8)', hash='DB52E314919B61EEE5C0D1F5CC016526B7363E83', serialNumber='6B30E49292D2202AAD0C2883CEDB124B', certificateKinds='(
    "1.2.840.113635.100.6.1.12",
    "1.2.840.113635.100.6.1.2"
), issueDate='2026-06-05 23:45:21 +0000''>>, errors: (null)>
2026-06-26 02:00:01 +0000 [MT] Step failed: <IDEDistributionSigningAssetsStep: 0x6000032548a0>: Error Domain=IDEDistributionSigningAssetStepErrorDomain Code=0 "Locating signing assets failed." UserInfo={NSLocalizedDescription=Locating signing assets failed., IDEDistributionUnderlyingErrors=(
    "Error Domain=DVTPortalAppIDErrorDomain Code=4 \"Automatic signing cannot register bundle identifier \"com.isphillips.vidrip.ShareExtension\".\" UserInfo={IDEDistributionIssueSeverity=3, NSLocalizedDescription=Automatic signing cannot register bundle identifier \"com.isphillips.vidrip.ShareExtension\"., NSLocalizedRecoverySuggestion=Automatic signing cannot register bundle identifiers with Apple. Register your bundle identifier on https://developer.apple.com/account and then try again.}",
    "Error Domain=IDEProfileLocatorErrorDomain Code=1 \"No profiles for 'com.isphillips.vidrip.ShareExtension' were found\" UserInfo={IDEDistributionIssueSeverity=3, NSLocalizedDescription=No profiles for 'com.isphillips.vidrip.ShareExtension' were found, NSLocalizedRecoverySuggestion=Xcode couldn't find any iOS App Development provisioning profiles matching 'com.isphillips.vidrip.ShareExtension'.}"
)}