2026-06-26 01:59:58 +0000 [MT] Starting export with options: {"method":"ad-hoc","embedOnDemandResourcesAssetPacksInBundle":true,"teamID":"6F98QXGZHU","stripSwiftSymbols":true,"manageAppVersionAndBuildNumber":false,"raiseProfileSupportOptionalToRequired":false,"uploadSymbols":true,"reformatterBundleIdentifier":"org.reactjs.native.example.Vidrip","thinning":"<none>","testFlightInternalTestingOnly":false,"generateAppStoreInformation":false,"iCloudContainerEnvironment":"Development","buildNumber":"65","destination":"export"}
2026-06-26 01:59:58 +0000 [MT] Running step: IDEDistributionReformatterSelectionStep with <IDEDistributionContext: 0x7f8438f3a3f0; archive(resolved)="<IDEArchive: 0x600001b33560>", distributionTask(resolved)="2", distributionDestination(resolved)="1", distributionMethod(resolved)="<IDEDistributionMethodiOSAdHoc: 0x6000032162f0>", team(resolved)="(null)">
	Chain (3, self inclusive):
	<IDEDistributionContext: 0x7f8438f3a3f0; archive = "<IDEArchive: 0x600001b33560>", distributionMethod="<IDEDistributionMethodiOSAdHoc: 0x6000032162f0>", team="(null)">
	<IDEDistributionContext: 0x7f8498f2e480; archive = "<IDEArchive: 0x600001b33560>", distributionMethod="<IDEDistributionMethodiOSAdHoc: 0x6000032162f0>", team="(null)">
	<IDEDistributionContext: 0x7f849a62a210; archive = "<IDEArchive: 0x600001b33560>", distributionMethod="(null)", team="(null)">
</IDEDistributionContext: 0x7f8438f3a3f0>
2026-06-26 01:59:58 +0000 [MT] Skipping reformatter selection. Selection is not required. There was no failure determining reformatter requirements.
2026-06-26 01:59:58 +0000 [MT] Running step: IDEDistributionReformatArchiveStep with <IDEDistributionContext: 0x7f8438f3aef0; archive(resolved)="<IDEArchive: 0x600001b33560>", distributionTask(resolved)="2", distributionDestination(resolved)="1", distributionMethod(resolved)="<IDEDistributionMethodiOSAdHoc: 0x6000032162f0>", team(resolved)="(null)">
	Chain (4, self inclusive):
	<IDEDistributionContext: 0x7f8438f3aef0; archive = "<IDEArchive: 0x600001b33560>", distributionMethod="<IDEDistributionMethodiOSAdHoc: 0x6000032162f0>", team="(null)">
	<IDEDistributionContext: 0x7f8438f3a3f0; archive = "<IDEArchive: 0x600001b33560>", distributionMethod="<IDEDistributionMethodiOSAdHoc: 0x6000032162f0>", team="(null)">
	<IDEDistributionContext: 0x7f8498f2e480; archive = "<IDEArchive: 0x600001b33560>", distributionMethod="<IDEDistributionMethodiOSAdHoc: 0x6000032162f0>", team="(null)">
	<IDEDistributionContext: 0x7f849a62a210; archive = "<IDEArchive: 0x600001b33560>", distributionMethod="(null)", team="(null)">
</IDEDistributionContext: 0x7f8438f3aef0>
2026-06-26 01:59:58 +0000 [MT] Running step: IDEDistributionAnalyzeArchiveStep with <IDEDistributionContext: 0x7f8438f3bcf0; archive(resolved)="<IDEArchive: 0x600001b33560>", distributionTask(resolved)="2", distributionDestination(resolved)="1", distributionMethod(resolved)="<IDEDistributionMethodiOSAdHoc: 0x6000032162f0>", team(resolved)="(null)">
	Chain (5, self inclusive):
	<IDEDistributionContext: 0x7f8438f3bcf0; archive = "<IDEArchive: 0x600001b33560>", distributionMethod="<IDEDistributionMethodiOSAdHoc: 0x6000032162f0>", team="(null)">
	<IDEDistributionContext: 0x7f8438f3aef0; archive = "<IDEArchive: 0x600001b33560>", distributionMethod="<IDEDistributionMethodiOSAdHoc: 0x6000032162f0>", team="(null)">
	<IDEDistributionContext: 0x7f8438f3a3f0; archive = "<IDEArchive: 0x600001b33560>", distributionMethod="<IDEDistributionMethodiOSAdHoc: 0x6000032162f0>", team="(null)">
	<IDEDistributionContext: 0x7f8498f2e480; archive = "<IDEArchive: 0x600001b33560>", distributionMethod="<IDEDistributionMethodiOSAdHoc: 0x6000032162f0>", team="(null)">
	<IDEDistributionContext: 0x7f849a62a210; archive = "<IDEArchive: 0x600001b33560>", distributionMethod="(null)", team="(null)">
</IDEDistributionContext: 0x7f8438f3bcf0>
2026-06-26 01:59:58 +0000 [MT] [OPTIONAL] Didn't find embedded provisioning profile for <DVTFilePath:0x600001b21960:'/Volumes/workspace/tmp/a1b71353-abcc-40a4-97d9-7a877f751ce0.xcarchive/Products/Applications/Vidrip.app/PlugIns/ShareExtension.appex'>: Error Domain=NSCocoaErrorDomain Code=4 "No file at <DVTFilePath:0x600001bbeb50:'/Volumes/workspace/tmp/a1b71353-abcc-40a4-97d9-7a877f751ce0.xcarchive/Products/Applications/Vidrip.app/PlugIns/ShareExtension.appex/embedded.mobileprovision'>" UserInfo={NSLocalizedDescription=No file at <DVTFilePath:0x600001bbeb50:'/Volumes/workspace/tmp/a1b71353-abcc-40a4-97d9-7a877f751ce0.xcarchive/Products/Applications/Vidrip.app/PlugIns/ShareExtension.appex/embedded.mobileprovision'>}
2026-06-26 01:59:58 +0000 [MT] [OPTIONAL] Didn't find embedded provisioning profile for <DVTFilePath:0x600001443660:'/Volumes/workspace/tmp/a1b71353-abcc-40a4-97d9-7a877f751ce0.xcarchive/Products/Applications/Vidrip.app'>: Error Domain=NSCocoaErrorDomain Code=4 "No file at <DVTFilePath:0x600001b89f10:'/Volumes/workspace/tmp/a1b71353-abcc-40a4-97d9-7a877f751ce0.xcarchive/Products/Applications/Vidrip.app/embedded.mobileprovision'>" UserInfo={NSLocalizedDescription=No file at <DVTFilePath:0x600001b89f10:'/Volumes/workspace/tmp/a1b71353-abcc-40a4-97d9-7a877f751ce0.xcarchive/Products/Applications/Vidrip.app/embedded.mobileprovision'>}
2026-06-26 01:59:58 +0000 [MT] [OPTIONAL] Didn't find platform <DVTPlatform:0x600001e00100:'com.apple.platform.iphoneos':<DVTFilePath:0x600001b040e0:'/Applications/Xcode.app/Contents/Developer/Platforms/iPhoneOS.platform'>> or cert (null) for <DVTFilePath:0x600001443660:'/Volumes/workspace/tmp/a1b71353-abcc-40a4-97d9-7a877f751ce0.xcarchive/Products/Applications/Vidrip.app'>: (null)
2026-06-26 01:59:58 +0000 [MT] [OPTIONAL] Didn't find platform <DVTPlatform:0x600001e00100:'com.apple.platform.iphoneos':<DVTFilePath:0x600001b040e0:'/Applications/Xcode.app/Contents/Developer/Platforms/iPhoneOS.platform'>> or cert (null) for <DVTFilePath:0x600001b80310:'/Volumes/workspace/tmp/a1b71353-abcc-40a4-97d9-7a877f751ce0.xcarchive/Products/Applications/Vidrip.app/Frameworks/hermes.framework'>: (null)
2026-06-26 01:59:58 +0000 [MT] [OPTIONAL] Didn't find platform <DVTPlatform:0x600001e00100:'com.apple.platform.iphoneos':<DVTFilePath:0x600001b040e0:'/Applications/Xcode.app/Contents/Developer/Platforms/iPhoneOS.platform'>> or cert (null) for <DVTFilePath:0x600001b21960:'/Volumes/workspace/tmp/a1b71353-abcc-40a4-97d9-7a877f751ce0.xcarchive/Products/Applications/Vidrip.app/PlugIns/ShareExtension.appex'>: (null)
2026-06-26 01:59:58 +0000 [MT] Running step: IDEDistributionTeamStep with <IDEDistributionContext: 0x7f8438f3bf00; archive(resolved)="<IDEArchive: 0x600001b33560>", distributionTask(resolved)="2", distributionDestination(resolved)="1", distributionMethod(resolved)="<IDEDistributionMethodiOSAdHoc: 0x6000032162f0>", team(resolved)="<IDEProvisioningBasicTeam: 0x600003163ce0; teamID='6F98QXGZHU', teamName='(null)'>">
	Chain (6, self inclusive):
	<IDEDistributionContext: 0x7f8438f3bf00; archive = "<IDEArchive: 0x600001b33560>", distributionMethod="<IDEDistributionMethodiOSAdHoc: 0x6000032162f0>", team="<IDEProvisioningBasicTeam: 0x600003163ce0; teamID='6F98QXGZHU', teamName='(null)'>">
	<IDEDistributionContext: 0x7f8438f3bcf0; archive = "<IDEArchive: 0x600001b33560>", distributionMethod="<IDEDistributionMethodiOSAdHoc: 0x6000032162f0>", team="(null)">
	<IDEDistributionContext: 0x7f8438f3aef0; archive = "<IDEArchive: 0x600001b33560>", distributionMethod="<IDEDistributionMethodiOSAdHoc: 0x6000032162f0>", team="(null)">
	<IDEDistributionContext: 0x7f8438f3a3f0; archive = "<IDEArchive: 0x600001b33560>", distributionMethod="<IDEDistributionMethodiOSAdHoc: 0x6000032162f0>", team="(null)">
	<IDEDistributionContext: 0x7f8498f2e480; archive = "<IDEArchive: 0x600001b33560>", distributionMethod="<IDEDistributionMethodiOSAdHoc: 0x6000032162f0>", team="(null)">
	<IDEDistributionContext: 0x7f849a62a210; archive = "<IDEArchive: 0x600001b33560>", distributionMethod="(null)", team="(null)">
</IDEDistributionContext: 0x7f8438f3bf00>
2026-06-26 01:59:58 +0000 [MT] Running step: IDEDistributionOptionsStep with <IDEDistributionContext: 0x7f849a223bf0; archive(resolved)="<IDEArchive: 0x600001b33560>", distributionTask(resolved)="2", distributionDestination(resolved)="1", distributionMethod(resolved)="<IDEDistributionMethodiOSAdHoc: 0x6000032162f0>", team(resolved)="<IDEProvisioningBasicTeam: 0x600003163ce0; teamID='6F98QXGZHU', teamName='(null)'>">
	Chain (7, self inclusive):
	<IDEDistributionContext: 0x7f849a223bf0; archive = "<IDEArchive: 0x600001b33560>", distributionMethod="<IDEDistributionMethodiOSAdHoc: 0x6000032162f0>", team="<IDEProvisioningBasicTeam: 0x600003163ce0; teamID='6F98QXGZHU', teamName='(null)'>">
	<IDEDistributionContext: 0x7f8438f3bf00; archive = "<IDEArchive: 0x600001b33560>", distributionMethod="<IDEDistributionMethodiOSAdHoc: 0x6000032162f0>", team="<IDEProvisioningBasicTeam: 0x600003163ce0; teamID='6F98QXGZHU', teamName='(null)'>">
	<IDEDistributionContext: 0x7f8438f3bcf0; archive = "<IDEArchive: 0x600001b33560>", distributionMethod="<IDEDistributionMethodiOSAdHoc: 0x6000032162f0>", team="(null)">
	<IDEDistributionContext: 0x7f8438f3aef0; archive = "<IDEArchive: 0x600001b33560>", distributionMethod="<IDEDistributionMethodiOSAdHoc: 0x6000032162f0>", team="(null)">
	<IDEDistributionContext: 0x7f8438f3a3f0; archive = "<IDEArchive: 0x600001b33560>", distributionMethod="<IDEDistributionMethodiOSAdHoc: 0x6000032162f0>", team="(null)">
	<IDEDistributionContext: 0x7f8498f2e480; archive = "<IDEArchive: 0x600001b33560>", distributionMethod="<IDEDistributionMethodiOSAdHoc: 0x6000032162f0>", team="(null)">
	<IDEDistributionContext: 0x7f849a62a210; archive = "<IDEArchive: 0x600001b33560>", distributionMethod="(null)", team="(null)">
</IDEDistributionContext: 0x7f849a223bf0>
2026-06-26 01:59:58 +0000 [MT] Running step: IDEDistributionManifestStep with <IDEDistributionContext: 0x7f849a7351c0; archive(resolved)="<IDEArchive: 0x600001b33560>", distributionTask(resolved)="2", distributionDestination(resolved)="1", distributionMethod(resolved)="<IDEDistributionMethodiOSAdHoc: 0x6000032162f0>", team(resolved)="<IDEProvisioningBasicTeam: 0x600003163ce0; teamID='6F98QXGZHU', teamName='(null)'>">
	Chain (8, self inclusive):
	<IDEDistributionContext: 0x7f849a7351c0; archive = "<IDEArchive: 0x600001b33560>", distributionMethod="<IDEDistributionMethodiOSAdHoc: 0x6000032162f0>", team="<IDEProvisioningBasicTeam: 0x600003163ce0; teamID='6F98QXGZHU', teamName='(null)'>">
	<IDEDistributionContext: 0x7f849a223bf0; archive = "<IDEArchive: 0x600001b33560>", distributionMethod="<IDEDistributionMethodiOSAdHoc: 0x6000032162f0>", team="<IDEProvisioningBasicTeam: 0x600003163ce0; teamID='6F98QXGZHU', teamName='(null)'>">
	<IDEDistributionContext: 0x7f8438f3bf00; archive = "<IDEArchive: 0x600001b33560>", distributionMethod="<IDEDistributionMethodiOSAdHoc: 0x6000032162f0>", team="<IDEProvisioningBasicTeam: 0x600003163ce0; teamID='6F98QXGZHU', teamName='(null)'>">
	<IDEDistributionContext: 0x7f8438f3bcf0; archive = "<IDEArchive: 0x600001b33560>", distributionMethod="<IDEDistributionMethodiOSAdHoc: 0x6000032162f0>", team="(null)">
	<IDEDistributionContext: 0x7f8438f3aef0; archive = "<IDEArchive: 0x600001b33560>", distributionMethod="<IDEDistributionMethodiOSAdHoc: 0x6000032162f0>", team="(null)">
	<IDEDistributionContext: 0x7f8438f3a3f0; archive = "<IDEArchive: 0x600001b33560>", distributionMethod="<IDEDistributionMethodiOSAdHoc: 0x6000032162f0>", team="(null)">
	<IDEDistributionContext: 0x7f8498f2e480; archive = "<IDEArchive: 0x600001b33560>", distributionMethod="<IDEDistributionMethodiOSAdHoc: 0x6000032162f0>", team="(null)">
	<IDEDistributionContext: 0x7f849a62a210; archive = "<IDEArchive: 0x600001b33560>", distributionMethod="(null)", team="(null)">
</IDEDistributionContext: 0x7f849a7351c0>
2026-06-26 01:59:58 +0000 [MT] Running step: IDEDistributionSigningMethodStep with <IDEDistributionContext: 0x7f849a40da80; archive(resolved)="<IDEArchive: 0x600001b33560>", distributionTask(resolved)="2", distributionDestination(resolved)="1", distributionMethod(resolved)="<IDEDistributionMethodiOSAdHoc: 0x6000032162f0>", team(resolved)="<IDEProvisioningBasicTeam: 0x600003163ce0; teamID='6F98QXGZHU', teamName='(null)'>">
	Chain (9, self inclusive):
	<IDEDistributionContext: 0x7f849a40da80; archive = "<IDEArchive: 0x600001b33560>", distributionMethod="<IDEDistributionMethodiOSAdHoc: 0x6000032162f0>", team="<IDEProvisioningBasicTeam: 0x600003163ce0; teamID='6F98QXGZHU', teamName='(null)'>">
	<IDEDistributionContext: 0x7f849a7351c0; archive = "<IDEArchive: 0x600001b33560>", distributionMethod="<IDEDistributionMethodiOSAdHoc: 0x6000032162f0>", team="<IDEProvisioningBasicTeam: 0x600003163ce0; teamID='6F98QXGZHU', teamName='(null)'>">
	<IDEDistributionContext: 0x7f849a223bf0; archive = "<IDEArchive: 0x600001b33560>", distributionMethod="<IDEDistributionMethodiOSAdHoc: 0x6000032162f0>", team="<IDEProvisioningBasicTeam: 0x600003163ce0; teamID='6F98QXGZHU', teamName='(null)'>">
	<IDEDistributionContext: 0x7f8438f3bf00; archive = "<IDEArchive: 0x600001b33560>", distributionMethod="<IDEDistributionMethodiOSAdHoc: 0x6000032162f0>", team="<IDEProvisioningBasicTeam: 0x600003163ce0; teamID='6F98QXGZHU', teamName='(null)'>">
	<IDEDistributionContext: 0x7f8438f3bcf0; archive = "<IDEArchive: 0x600001b33560>", distributionMethod="<IDEDistributionMethodiOSAdHoc: 0x6000032162f0>", team="(null)">
	<IDEDistributionContext: 0x7f8438f3aef0; archive = "<IDEArchive: 0x600001b33560>", distributionMethod="<IDEDistributionMethodiOSAdHoc: 0x6000032162f0>", team="(null)">
	<IDEDistributionContext: 0x7f8438f3a3f0; archive = "<IDEArchive: 0x600001b33560>", distributionMethod="<IDEDistributionMethodiOSAdHoc: 0x6000032162f0>", team="(null)">
	<IDEDistributionContext: 0x7f8498f2e480; archive = "<IDEArchive: 0x600001b33560>", distributionMethod="<IDEDistributionMethodiOSAdHoc: 0x6000032162f0>", team="(null)">
	<IDEDistributionContext: 0x7f849a62a210; archive = "<IDEArchive: 0x600001b33560>", distributionMethod="(null)", team="(null)">
</IDEDistributionContext: 0x7f849a40da80>
2026-06-26 01:59:58 +0000 [MT] Running step: IDEDistributionSigningAssetsStep with <IDEDistributionContext: 0x7f849a31e7f0; archive(resolved)="<IDEArchive: 0x600001b33560>", distributionTask(resolved)="2", distributionDestination(resolved)="1", distributionMethod(resolved)="<IDEDistributionMethodiOSAdHoc: 0x6000032162f0>", team(resolved)="<IDEProvisioningBasicTeam: 0x600003163ce0; teamID='6F98QXGZHU', teamName='(null)'>">
	Chain (10, self inclusive):
	<IDEDistributionContext: 0x7f849a31e7f0; archive = "<IDEArchive: 0x600001b33560>", distributionMethod="<IDEDistributionMethodiOSAdHoc: 0x6000032162f0>", team="<IDEProvisioningBasicTeam: 0x600003163ce0; teamID='6F98QXGZHU', teamName='(null)'>">
	<IDEDistributionContext: 0x7f849a40da80; archive = "<IDEArchive: 0x600001b33560>", distributionMethod="<IDEDistributionMethodiOSAdHoc: 0x6000032162f0>", team="<IDEProvisioningBasicTeam: 0x600003163ce0; teamID='6F98QXGZHU', teamName='(null)'>">
	<IDEDistributionContext: 0x7f849a7351c0; archive = "<IDEArchive: 0x600001b33560>", distributionMethod="<IDEDistributionMethodiOSAdHoc: 0x6000032162f0>", team="<IDEProvisioningBasicTeam: 0x600003163ce0; teamID='6F98QXGZHU', teamName='(null)'>">
	<IDEDistributionContext: 0x7f849a223bf0; archive = "<IDEArchive: 0x600001b33560>", distributionMethod="<IDEDistributionMethodiOSAdHoc: 0x6000032162f0>", team="<IDEProvisioningBasicTeam: 0x600003163ce0; teamID='6F98QXGZHU', teamName='(null)'>">
	<IDEDistributionContext: 0x7f8438f3bf00; archive = "<IDEArchive: 0x600001b33560>", distributionMethod="<IDEDistributionMethodiOSAdHoc: 0x6000032162f0>", team="<IDEProvisioningBasicTeam: 0x600003163ce0; teamID='6F98QXGZHU', teamName='(null)'>">
	<IDEDistributionContext: 0x7f8438f3bcf0; archive = "<IDEArchive: 0x600001b33560>", distributionMethod="<IDEDistributionMethodiOSAdHoc: 0x6000032162f0>", team="(null)">
	<IDEDistributionContext: 0x7f8438f3aef0; archive = "<IDEArchive: 0x600001b33560>", distributionMethod="<IDEDistributionMethodiOSAdHoc: 0x6000032162f0>", team="(null)">
	<IDEDistributionContext: 0x7f8438f3a3f0; archive = "<IDEArchive: 0x600001b33560>", distributionMethod="<IDEDistributionMethodiOSAdHoc: 0x6000032162f0>", team="(null)">
	<IDEDistributionContext: 0x7f8498f2e480; archive = "<IDEArchive: 0x600001b33560>", distributionMethod="<IDEDistributionMethodiOSAdHoc: 0x6000032162f0>", team="(null)">
	<IDEDistributionContext: 0x7f849a62a210; archive = "<IDEArchive: 0x600001b33560>", distributionMethod="(null)", team="(null)">
</IDEDistributionContext: 0x7f849a31e7f0>