2026-06-26 02:00:05 +0000 [MT] Accepted distribution method <IDEDistributionMethodiOSAppStoreDistribution: 0x6000022f14e0>
2026-06-26 02:00:05 +0000 [MT] Rejected distribution method <IDEDistributionMethodTVOSAppStoreDistribution: 0x6000022f1470> because it doesn't support distributing archive
2026-06-26 02:00:05 +0000 [MT] Rejected distribution method <IDEDistributionMethodAppStoreDistributionVisionOS: 0x6000022f1420> because it doesn't support distributing archive
2026-06-26 02:00:05 +0000 [MT] Rejected distribution method <IDEDistributionMethodMacAppStoreDistribution: 0x6000022f1360> because it doesn't support distributing archive
2026-06-26 02:00:05 +0000 [MT] Rejected distribution method <IDEDistributionMethodAdHocVisionOS: 0x6000022f14d0> because it doesn't support distributing archive
2026-06-26 02:00:05 +0000 [MT] Rejected distribution method <IDEDistributionMethodWatchOSAdHoc: 0x6000022f1430> because it doesn't support distributing archive
2026-06-26 02:00:05 +0000 [MT] Rejected distribution method <IDEDistributionMethodMacAdHoc: 0x6000022f13f0> because it doesn't support distributing archive
2026-06-26 02:00:05 +0000 [MT] Rejected distribution method <IDEDistributionMethodTVOSAdHoc: 0x6000022f13e0> because it doesn't support distributing archive
2026-06-26 02:00:05 +0000 [MT] Accepted distribution method <IDEDistributionMethodiOSAdHoc: 0x6000022f1380>
2026-06-26 02:00:05 +0000 [MT] Rejected distribution method <IDEDistributionMethodTVOSEnterprise: 0x6000022f14c0> because it doesn't support distributing archive
2026-06-26 02:00:05 +0000 [MT] Rejected distribution method <IDEDistributionMethodWatchOSEnterprise: 0x6000022f1490> because it doesn't support distributing archive
2026-06-26 02:00:05 +0000 [MT] Rejected distribution method <IDEDistributionMethodEnterpriseVisionOS: 0x6000022f1480> because it doesn't support distributing archive
2026-06-26 02:00:05 +0000 [MT] Accepted distribution method <IDEDistributionMethodiOSEnterprise: 0x6000022f1400>
2026-06-26 02:00:05 +0000 [MT] Accepted distribution method <IDEDistributionMethodDevelopmentSigned: 0x6000022f1500>
2026-06-26 02:00:05 +0000 [MT] Rejected distribution method <IDEDistributionMethodDevelopmentSignedVisionOS: 0x6000022f14b0> because it doesn't support distributing archive
2026-06-26 02:00:05 +0000 [MT] Rejected distribution method <IDEDistributionMethodWatchOSDevelopmentSigned: 0x6000022f1460> because it doesn't support distributing archive
2026-06-26 02:00:05 +0000 [MT] Rejected distribution method <IDEDistributionMethodTVOSDevelopmentSigned: 0x6000022f1410> because it doesn't support distributing archive
2026-06-26 02:00:05 +0000 [MT] Rejected distribution method <IDEDistributionMethodDeveloperIDNotarizedApp: 0x6000022f14f0> because it doesn't support distributing archive
2026-06-26 02:00:05 +0000 [MT] Rejected distribution method <IDEDistributionMethodDeveloperID: 0x6000022f1370> because it doesn't support distributing archive
2026-06-26 02:00:05 +0000 [MT] Rejected distribution method <IDEDistributionMethodSaveBuiltProducts: 0x6000022f1450> because it doesn't support distributing archive
2026-06-26 02:00:05 +0000 [MT] Rejected distribution method <IDEDistributionMethodDevelopmentSignedMac: 0x6000022f13d0> because it doesn't support distributing archive
2026-06-26 02:00:05 +0000 [MT] Rejected distribution method <IDEDistributionMethodMacApplication: 0x6000022f13b0> because it doesn't support distributing archive
2026-06-26 02:00:05 +0000 [MT] Rejected distribution method <IDEDistributionMethodAppStoreValidationVisionOS: 0x6000022f14a0> because it doesn't support distributing archive
2026-06-26 02:00:05 +0000 [MT] Rejected distribution method <IDEDistributionMethodTVOSAppStoreValidation: 0x6000022f13c0> because it doesn't support distributing archive
2026-06-26 02:00:05 +0000 [MT] Rejected distribution method <IDEDistributionMethodMacAppStoreValidation: 0x6000022f13a0> because it doesn't support distributing archive
2026-06-26 02:00:05 +0000 [MT] Rejected distribution method <IDEDistributionMethodiOSAppStoreValidation: 0x6000022f1390> because it doesn't support distributing archive
2026-06-26 02:00:05 +0000 [MT] Rejected distribution method <IDEDistributionMethodExportArchive: 0x6000022f1440> because it doesn't support distributing archive
2026-06-26 02:00:05 +0000 [MT] Rejected distribution method <IDEDistributionMethodiOSAppStoreDistribution: 0x6000022f14e0> because it doesn't support distributing archive
2026-06-26 02:00:05 +0000 [MT] Rejected distribution method <IDEDistributionMethodTVOSAppStoreDistribution: 0x6000022f1470> because it doesn't support distributing archive
2026-06-26 02:00:05 +0000 [MT] Rejected distribution method <IDEDistributionMethodAppStoreDistributionVisionOS: 0x6000022f1420> because it doesn't support distributing archive
2026-06-26 02:00:05 +0000 [MT] Rejected distribution method <IDEDistributionMethodMacAppStoreDistribution: 0x6000022f1360> because it doesn't support distributing archive
2026-06-26 02:00:05 +0000 [MT] Rejected distribution method <IDEDistributionMethodAdHocVisionOS: 0x6000022f14d0> because it doesn't support distributing archive
2026-06-26 02:00:05 +0000 [MT] Rejected distribution method <IDEDistributionMethodWatchOSAdHoc: 0x6000022f1430> because it doesn't support distributing archive
2026-06-26 02:00:05 +0000 [MT] Rejected distribution method <IDEDistributionMethodMacAdHoc: 0x6000022f13f0> because it doesn't support distributing archive
2026-06-26 02:00:05 +0000 [MT] Rejected distribution method <IDEDistributionMethodTVOSAdHoc: 0x6000022f13e0> because it doesn't support distributing archive
2026-06-26 02:00:05 +0000 [MT] Rejected distribution method <IDEDistributionMethodiOSAdHoc: 0x6000022f1380> because it doesn't support distributing archive
2026-06-26 02:00:05 +0000 [MT] Rejected distribution method <IDEDistributionMethodTVOSEnterprise: 0x6000022f14c0> because it doesn't support distributing archive
2026-06-26 02:00:05 +0000 [MT] Rejected distribution method <IDEDistributionMethodWatchOSEnterprise: 0x6000022f1490> because it doesn't support distributing archive
2026-06-26 02:00:05 +0000 [MT] Rejected distribution method <IDEDistributionMethodEnterpriseVisionOS: 0x6000022f1480> because it doesn't support distributing archive
2026-06-26 02:00:05 +0000 [MT] Rejected distribution method <IDEDistributionMethodiOSEnterprise: 0x6000022f1400> because it doesn't support distributing archive
2026-06-26 02:00:05 +0000 [MT] Rejected distribution method <IDEDistributionMethodDevelopmentSigned: 0x6000022f1500> because it doesn't support distributing archive
2026-06-26 02:00:05 +0000 [MT] Rejected distribution method <IDEDistributionMethodDevelopmentSignedVisionOS: 0x6000022f14b0> because it doesn't support distributing archive
2026-06-26 02:00:05 +0000 [MT] Rejected distribution method <IDEDistributionMethodWatchOSDevelopmentSigned: 0x6000022f1460> because it doesn't support distributing archive
2026-06-26 02:00:05 +0000 [MT] Rejected distribution method <IDEDistributionMethodTVOSDevelopmentSigned: 0x6000022f1410> because it doesn't support distributing archive
2026-06-26 02:00:05 +0000 [MT] Rejected distribution method <IDEDistributionMethodDeveloperIDNotarizedApp: 0x6000022f14f0> because it doesn't support distributing archive
2026-06-26 02:00:05 +0000 [MT] Rejected distribution method <IDEDistributionMethodDeveloperID: 0x6000022f1370> because it doesn't support distributing archive
2026-06-26 02:00:05 +0000 [MT] Rejected distribution method <IDEDistributionMethodSaveBuiltProducts: 0x6000022f1450> because it doesn't support distributing archive
2026-06-26 02:00:05 +0000 [MT] Rejected distribution method <IDEDistributionMethodDevelopmentSignedMac: 0x6000022f13d0> because it doesn't support distributing archive
2026-06-26 02:00:05 +0000 [MT] Rejected distribution method <IDEDistributionMethodMacApplication: 0x6000022f13b0> because it doesn't support distributing archive
2026-06-26 02:00:05 +0000 [MT] Rejected distribution method <IDEDistributionMethodAppStoreValidationVisionOS: 0x6000022f14a0> because it doesn't support distributing archive
2026-06-26 02:00:05 +0000 [MT] Rejected distribution method <IDEDistributionMethodTVOSAppStoreValidation: 0x6000022f13c0> because it doesn't support distributing archive
2026-06-26 02:00:05 +0000 [MT] Rejected distribution method <IDEDistributionMethodMacAppStoreValidation: 0x6000022f13a0> because it doesn't support distributing archive
2026-06-26 02:00:05 +0000 [MT] Accepted distribution method <IDEDistributionMethodiOSAppStoreValidation: 0x6000022f1390>
2026-06-26 02:00:05 +0000 [MT] Rejected distribution method <IDEDistributionMethodExportArchive: 0x6000022f1440> because it doesn't support distributing archive
2026-06-26 02:00:05 +0000 [MT] Available distribution methods: {(
    <IDEDistributionMethodiOSAppStoreDistribution: 0x6000022f14e0>,
    <IDEDistributionMethodiOSAdHoc: 0x6000022f1380>,
    <IDEDistributionMethodiOSEnterprise: 0x6000022f1400>,
    <IDEDistributionMethodDevelopmentSigned: 0x6000022f1500>,
    <IDEDistributionMethodiOSAppStoreValidation: 0x6000022f1390>
)}
2026-06-26 02:00:05 +0000 [MT] Accepted distribution method <IDEDistributionMethodiOSAppStoreDistribution: 0x6000022f14e0>
2026-06-26 02:00:05 +0000 [MT] Rejected distribution method <IDEDistributionMethodTVOSAppStoreDistribution: 0x6000022f1470> because it doesn't support distributing archive
2026-06-26 02:00:05 +0000 [MT] Rejected distribution method <IDEDistributionMethodAppStoreDistributionVisionOS: 0x6000022f1420> because it doesn't support distributing archive
2026-06-26 02:00:05 +0000 [MT] Rejected distribution method <IDEDistributionMethodMacAppStoreDistribution: 0x6000022f1360> because it doesn't support distributing archive
2026-06-26 02:00:05 +0000 [MT] Rejected distribution method <IDEDistributionMethodAdHocVisionOS: 0x6000022f14d0> because it doesn't support distributing archive
2026-06-26 02:00:05 +0000 [MT] Rejected distribution method <IDEDistributionMethodWatchOSAdHoc: 0x6000022f1430> because it doesn't support distributing archive
2026-06-26 02:00:05 +0000 [MT] Rejected distribution method <IDEDistributionMethodMacAdHoc: 0x6000022f13f0> because it doesn't support distributing archive
2026-06-26 02:00:05 +0000 [MT] Rejected distribution method <IDEDistributionMethodTVOSAdHoc: 0x6000022f13e0> because it doesn't support distributing archive
2026-06-26 02:00:05 +0000 [MT] Accepted distribution method <IDEDistributionMethodiOSAdHoc: 0x6000022f1380>
2026-06-26 02:00:05 +0000 [MT] Rejected distribution method <IDEDistributionMethodTVOSEnterprise: 0x6000022f14c0> because it doesn't support distributing archive
2026-06-26 02:00:05 +0000 [MT] Rejected distribution method <IDEDistributionMethodWatchOSEnterprise: 0x6000022f1490> because it doesn't support distributing archive
2026-06-26 02:00:05 +0000 [MT] Rejected distribution method <IDEDistributionMethodEnterpriseVisionOS: 0x6000022f1480> because it doesn't support distributing archive
2026-06-26 02:00:05 +0000 [MT] Accepted distribution method <IDEDistributionMethodiOSEnterprise: 0x6000022f1400>
2026-06-26 02:00:05 +0000 [MT] Accepted distribution method <IDEDistributionMethodDevelopmentSigned: 0x6000022f1500>
2026-06-26 02:00:05 +0000 [MT] Rejected distribution method <IDEDistributionMethodDevelopmentSignedVisionOS: 0x6000022f14b0> because it doesn't support distributing archive
2026-06-26 02:00:05 +0000 [MT] Rejected distribution method <IDEDistributionMethodWatchOSDevelopmentSigned: 0x6000022f1460> because it doesn't support distributing archive
2026-06-26 02:00:05 +0000 [MT] Rejected distribution method <IDEDistributionMethodTVOSDevelopmentSigned: 0x6000022f1410> because it doesn't support distributing archive
2026-06-26 02:00:05 +0000 [MT] Rejected distribution method <IDEDistributionMethodDeveloperIDNotarizedApp: 0x6000022f14f0> because it doesn't support distributing archive
2026-06-26 02:00:05 +0000 [MT] Rejected distribution method <IDEDistributionMethodDeveloperID: 0x6000022f1370> because it doesn't support distributing archive
2026-06-26 02:00:05 +0000 [MT] Rejected distribution method <IDEDistributionMethodSaveBuiltProducts: 0x6000022f1450> because it doesn't support distributing archive
2026-06-26 02:00:05 +0000 [MT] Rejected distribution method <IDEDistributionMethodDevelopmentSignedMac: 0x6000022f13d0> because it doesn't support distributing archive
2026-06-26 02:00:05 +0000 [MT] Rejected distribution method <IDEDistributionMethodMacApplication: 0x6000022f13b0> because it doesn't support distributing archive
2026-06-26 02:00:05 +0000 [MT] Rejected distribution method <IDEDistributionMethodAppStoreValidationVisionOS: 0x6000022f14a0> because it doesn't support distributing archive
2026-06-26 02:00:05 +0000 [MT] Rejected distribution method <IDEDistributionMethodTVOSAppStoreValidation: 0x6000022f13c0> because it doesn't support distributing archive
2026-06-26 02:00:05 +0000 [MT] Rejected distribution method <IDEDistributionMethodMacAppStoreValidation: 0x6000022f13a0> because it doesn't support distributing archive
2026-06-26 02:00:05 +0000 [MT] Rejected distribution method <IDEDistributionMethodiOSAppStoreValidation: 0x6000022f1390> because it doesn't support distributing archive
2026-06-26 02:00:05 +0000 [MT] Rejected distribution method <IDEDistributionMethodExportArchive: 0x6000022f1440> because it doesn't support distributing archive
2026-06-26 02:00:05 +0000 [MT] Rejected distribution method <IDEDistributionMethodiOSAppStoreDistribution: 0x6000022f14e0> because it doesn't support distributing archive
2026-06-26 02:00:05 +0000 [MT] Rejected distribution method <IDEDistributionMethodTVOSAppStoreDistribution: 0x6000022f1470> because it doesn't support distributing archive
2026-06-26 02:00:05 +0000 [MT] Rejected distribution method <IDEDistributionMethodAppStoreDistributionVisionOS: 0x6000022f1420> because it doesn't support distributing archive
2026-06-26 02:00:05 +0000 [MT] Rejected distribution method <IDEDistributionMethodMacAppStoreDistribution: 0x6000022f1360> because it doesn't support distributing archive
2026-06-26 02:00:05 +0000 [MT] Rejected distribution method <IDEDistributionMethodAdHocVisionOS: 0x6000022f14d0> because it doesn't support distributing archive
2026-06-26 02:00:05 +0000 [MT] Rejected distribution method <IDEDistributionMethodWatchOSAdHoc: 0x6000022f1430> because it doesn't support distributing archive
2026-06-26 02:00:05 +0000 [MT] Rejected distribution method <IDEDistributionMethodMacAdHoc: 0x6000022f13f0> because it doesn't support distributing archive
2026-06-26 02:00:05 +0000 [MT] Rejected distribution method <IDEDistributionMethodTVOSAdHoc: 0x6000022f13e0> because it doesn't support distributing archive
2026-06-26 02:00:05 +0000 [MT] Rejected distribution method <IDEDistributionMethodiOSAdHoc: 0x6000022f1380> because it doesn't support distributing archive
2026-06-26 02:00:05 +0000 [MT] Rejected distribution method <IDEDistributionMethodTVOSEnterprise: 0x6000022f14c0> because it doesn't support distributing archive
2026-06-26 02:00:05 +0000 [MT] Rejected distribution method <IDEDistributionMethodWatchOSEnterprise: 0x6000022f1490> because it doesn't support distributing archive
2026-06-26 02:00:05 +0000 [MT] Rejected distribution method <IDEDistributionMethodEnterpriseVisionOS: 0x6000022f1480> because it doesn't support distributing archive
2026-06-26 02:00:05 +0000 [MT] Rejected distribution method <IDEDistributionMethodiOSEnterprise: 0x6000022f1400> because it doesn't support distributing archive
2026-06-26 02:00:05 +0000 [MT] Rejected distribution method <IDEDistributionMethodDevelopmentSigned: 0x6000022f1500> because it doesn't support distributing archive
2026-06-26 02:00:05 +0000 [MT] Rejected distribution method <IDEDistributionMethodDevelopmentSignedVisionOS: 0x6000022f14b0> because it doesn't support distributing archive
2026-06-26 02:00:05 +0000 [MT] Rejected distribution method <IDEDistributionMethodWatchOSDevelopmentSigned: 0x6000022f1460> because it doesn't support distributing archive
2026-06-26 02:00:05 +0000 [MT] Rejected distribution method <IDEDistributionMethodTVOSDevelopmentSigned: 0x6000022f1410> because it doesn't support distributing archive
2026-06-26 02:00:05 +0000 [MT] Rejected distribution method <IDEDistributionMethodDeveloperIDNotarizedApp: 0x6000022f14f0> because it doesn't support distributing archive
2026-06-26 02:00:05 +0000 [MT] Rejected distribution method <IDEDistributionMethodDeveloperID: 0x6000022f1370> because it doesn't support distributing archive
2026-06-26 02:00:05 +0000 [MT] Rejected distribution method <IDEDistributionMethodSaveBuiltProducts: 0x6000022f1450> because it doesn't support distributing archive
2026-06-26 02:00:05 +0000 [MT] Rejected distribution method <IDEDistributionMethodDevelopmentSignedMac: 0x6000022f13d0> because it doesn't support distributing archive
2026-06-26 02:00:05 +0000 [MT] Rejected distribution method <IDEDistributionMethodMacApplication: 0x6000022f13b0> because it doesn't support distributing archive
2026-06-26 02:00:05 +0000 [MT] Rejected distribution method <IDEDistributionMethodAppStoreValidationVisionOS: 0x6000022f14a0> because it doesn't support distributing archive
2026-06-26 02:00:05 +0000 [MT] Rejected distribution method <IDEDistributionMethodTVOSAppStoreValidation: 0x6000022f13c0> because it doesn't support distributing archive
2026-06-26 02:00:05 +0000 [MT] Rejected distribution method <IDEDistributionMethodMacAppStoreValidation: 0x6000022f13a0> because it doesn't support distributing archive
2026-06-26 02:00:05 +0000 [MT] Accepted distribution method <IDEDistributionMethodiOSAppStoreValidation: 0x6000022f1390>
2026-06-26 02:00:05 +0000 [MT] Rejected distribution method <IDEDistributionMethodExportArchive: 0x6000022f1440> because it doesn't support distributing archive
2026-06-26 02:00:05 +0000 [MT] Available distribution methods: {(
    <IDEDistributionMethodiOSAppStoreDistribution: 0x6000022f14e0>,
    <IDEDistributionMethodiOSAdHoc: 0x6000022f1380>,
    <IDEDistributionMethodiOSEnterprise: 0x6000022f1400>,
    <IDEDistributionMethodDevelopmentSigned: 0x6000022f1500>,
    <IDEDistributionMethodiOSAppStoreValidation: 0x6000022f1390>
)}
2026-06-26 02:00:05 +0000 [MT] Skipping reformat archive step. No reformatter selected for archive <DVTFilePath:0x600000ee3400:'/Volumes/workspace/tmp/9666b1e4-3bee-46a9-9b79-b363e1da5fe5.xcarchive'>
2026-06-26 02:00:05 +0000 [MT] IDEDistributionItem init <DVTFilePath:0x600000bd9570:'/Volumes/workspace/tmp/9666b1e4-3bee-46a9-9b79-b363e1da5fe5.xcarchive/Products/Applications/Vidrip.app/Frameworks/hermes.framework'>
2026-06-26 02:00:05 +0000 [MT] IDEDistributionItem init <DVTFilePath:0x600000bddd50:'/Volumes/workspace/tmp/9666b1e4-3bee-46a9-9b79-b363e1da5fe5.xcarchive/Products/Applications/Vidrip.app/PlugIns/ShareExtension.appex'>
2026-06-26 02:00:05 +0000 [MT] IDEDistributionItem init <DVTFilePath:0x6000004f8000:'/Volumes/workspace/tmp/9666b1e4-3bee-46a9-9b79-b363e1da5fe5.xcarchive/Products/Applications/Vidrip.app'>
2026-06-26 02:00:05 +0000 [MT] Set distributionItems on context: (
    "<IDEDistributionItem: 0x6000004b8120; bundleID='com.isphillips.vidrip', path='<DVTFilePath:0x6000004f8000:'/Volumes/workspace/tmp/9666b1e4-3bee-46a9-9b79-b363e1da5fe5.xcarchive/Products/Applications/Vidrip.app'>', codeSigningInfo='<_DVTCodeSigningInformation_Path: 0x6000004b2280; isSigned='1', isAdHocSigned='1', signingCertificate='(null)', entitlements='{\n    \"aps-environment\" = development;\n}', teamID='(null)', identifier='com.isphillips.vidrip', executablePath='<DVTFilePath:0x6000004dd8c0:'/Volumes/workspace/tmp/9666b1e4-3bee-46a9-9b79-b363e1da5fe5.xcarchive/Products/Applications/Vidrip.app/Vidrip'>', hardenedRuntime='0'>'>"
)
2026-06-26 02:00:05 +0000 [MT] Archs to thin for item /Volumes/workspace/tmp/9666b1e4-3bee-46a9-9b79-b363e1da5fe5.xcarchive/Products/Applications/Vidrip.app are []
2026-06-26 02:00:05 +0000 [MT] Archs to thin for item /Volumes/workspace/tmp/9666b1e4-3bee-46a9-9b79-b363e1da5fe5.xcarchive/Products/Applications/Vidrip.app/Frameworks/hermes.framework are []
2026-06-26 02:00:05 +0000 [MT] Archs to thin for item /Volumes/workspace/tmp/9666b1e4-3bee-46a9-9b79-b363e1da5fe5.xcarchive/Products/Applications/Vidrip.app/PlugIns/ShareExtension.appex are []
2026-06-26 02:00:05 +0000 [MT] Distributable's provisioning style is Automatic
2026-06-26 02:00:05 +0000 [MT] Starting evaluation for distribution items:
(
    "<IDEDistributionItem: 0x6000004b8120; bundleID='com.isphillips.vidrip', path='<DVTFilePath:0x6000004f8000:'/Volumes/workspace/tmp/9666b1e4-3bee-46a9-9b79-b363e1da5fe5.xcarchive/Products/Applications/Vidrip.app'>', codeSigningInfo='<_DVTCodeSigningInformation_Path: 0x6000004b2280; isSigned='1', isAdHocSigned='1', signingCertificate='(null)', entitlements='{\n    \"aps-environment\" = development;\n}', teamID='(null)', identifier='com.isphillips.vidrip', executablePath='<DVTFilePath:0x6000004dd8c0:'/Volumes/workspace/tmp/9666b1e4-3bee-46a9-9b79-b363e1da5fe5.xcarchive/Products/Applications/Vidrip.app/Vidrip'>', hardenedRuntime='0'>'>"
)
2026-06-26 02:00:05 +0000 [MT] Evaluating <IDEDistributionItemProvisionable: 0x600000c64580; distributionItem='<IDEDistributionItem: 0x6000004b2700; bundleID='com.isphillips.vidrip.ShareExtension', path='<DVTFilePath:0x600000bddd50:'/Volumes/workspace/tmp/9666b1e4-3bee-46a9-9b79-b363e1da5fe5.xcarchive/Products/Applications/Vidrip.app/PlugIns/ShareExtension.appex'>', codeSigningInfo='<_DVTCodeSigningInformation_Path: 0x6000004b2760; isSigned='1', isAdHocSigned='1', signingCertificate='(null)', entitlements='(null)', teamID='(null)', identifier='com.isphillips.vidrip.ShareExtension', executablePath='<DVTFilePath:0x6000004d33c0:'/Volumes/workspace/tmp/9666b1e4-3bee-46a9-9b79-b363e1da5fe5.xcarchive/Products/Applications/Vidrip.app/PlugIns/ShareExtension.appex/ShareExtension'>', hardenedRuntime='0'>'>', team='<IDEProvisioningBasicTeam: 0x600002664b40; teamID='6F98QXGZHU', teamName='(null)'>', method='<IDEDistributionMethodDevelopmentSigned: 0x6000022f1500>', provisioningStyle='0', entitlementsProcessors='(
    "<IDEiCloudEntitlementsProcessor: 0x600002d62880>",
    "<IDEAppAttestEnvironmentEntitlementsProcessor: 0x600002d635d0>",
    "<IDEClassKitEntitlementsProcessor: 0x600002d637b0>",
    "<IDEAppIdentifierPrefixedEntitlementsProcessor: 0x600002d63960>"
)'> with overrides <IDEProvisionableOverrides 0x600001738160: configuration: Default, profileSupport: <IDEProvisioningProfileSupport: 0x600002214580>, provisioningStyle: (null), certificateSigningStyle: (null), provisioningPurpose: development, team: (null), platform: <DVTPlatform:0x600000e6a080:'com.apple.platform.iphoneos':<DVTFilePath:0x600000b757a0:'/Applications/Xcode.app/Contents/Developer/Platforms/iPhoneOS.platform'>>, sdk: (null), sdkVariant: (null), profileSpecifier: (null), certificateIdentifier: (null), bundleIdentifier: (null), entitlements: (null), entitlementsFile: (null), baseEntitlements: (null), entitlementsExpansion: (null), entitlementsDestination: (null), allowSigningWithoutTeamSelection: (null), signingRequiresTeam: (null), appIDFeatures: (null)>
2026-06-26 02:00:05 +0000 [MT] Applying entitlements delta for <IDEDistributionItem: 0x6000004b2700; bundleID='com.isphillips.vidrip.ShareExtension', path='<DVTFilePath:0x600000bddd50:'/Volumes/workspace/tmp/9666b1e4-3bee-46a9-9b79-b363e1da5fe5.xcarchive/Products/Applications/Vidrip.app/PlugIns/ShareExtension.appex'>', codeSigningInfo='<_DVTCodeSigningInformation_Path: 0x6000004b2760; isSigned='1', isAdHocSigned='1', signingCertificate='(null)', entitlements='(null)', teamID='(null)', identifier='com.isphillips.vidrip.ShareExtension', executablePath='<DVTFilePath:0x6000004d33c0:'/Volumes/workspace/tmp/9666b1e4-3bee-46a9-9b79-b363e1da5fe5.xcarchive/Products/Applications/Vidrip.app/PlugIns/ShareExtension.appex/ShareExtension'>', hardenedRuntime='0'>'> from <IDEiCloudEntitlementsProcessor: 0x600002d62880>: {
}
2026-06-26 02:00:05 +0000 [MT] Applying entitlements delta for <IDEDistributionItem: 0x6000004b2700; bundleID='com.isphillips.vidrip.ShareExtension', path='<DVTFilePath:0x600000bddd50:'/Volumes/workspace/tmp/9666b1e4-3bee-46a9-9b79-b363e1da5fe5.xcarchive/Products/Applications/Vidrip.app/PlugIns/ShareExtension.appex'>', codeSigningInfo='<_DVTCodeSigningInformation_Path: 0x6000004b2760; isSigned='1', isAdHocSigned='1', signingCertificate='(null)', entitlements='(null)', teamID='(null)', identifier='com.isphillips.vidrip.ShareExtension', executablePath='<DVTFilePath:0x6000004d33c0:'/Volumes/workspace/tmp/9666b1e4-3bee-46a9-9b79-b363e1da5fe5.xcarchive/Products/Applications/Vidrip.app/PlugIns/ShareExtension.appex/ShareExtension'>', hardenedRuntime='0'>'> from <IDEAppAttestEnvironmentEntitlementsProcessor: 0x600002d635d0>: {
}
2026-06-26 02:00:05 +0000 [MT] Applying entitlements delta for <IDEDistributionItem: 0x6000004b2700; bundleID='com.isphillips.vidrip.ShareExtension', path='<DVTFilePath:0x600000bddd50:'/Volumes/workspace/tmp/9666b1e4-3bee-46a9-9b79-b363e1da5fe5.xcarchive/Products/Applications/Vidrip.app/PlugIns/ShareExtension.appex'>', codeSigningInfo='<_DVTCodeSigningInformation_Path: 0x6000004b2760; isSigned='1', isAdHocSigned='1', signingCertificate='(null)', entitlements='(null)', teamID='(null)', identifier='com.isphillips.vidrip.ShareExtension', executablePath='<DVTFilePath:0x6000004d33c0:'/Volumes/workspace/tmp/9666b1e4-3bee-46a9-9b79-b363e1da5fe5.xcarchive/Products/Applications/Vidrip.app/PlugIns/ShareExtension.appex/ShareExtension'>', hardenedRuntime='0'>'> from <IDEClassKitEntitlementsProcessor: 0x600002d637b0>: {
}
2026-06-26 02:00:05 +0000 [MT] Applying entitlements delta for <IDEDistributionItem: 0x6000004b2700; bundleID='com.isphillips.vidrip.ShareExtension', path='<DVTFilePath:0x600000bddd50:'/Volumes/workspace/tmp/9666b1e4-3bee-46a9-9b79-b363e1da5fe5.xcarchive/Products/Applications/Vidrip.app/PlugIns/ShareExtension.appex'>', codeSigningInfo='<_DVTCodeSigningInformation_Path: 0x6000004b2760; isSigned='1', isAdHocSigned='1', signingCertificate='(null)', entitlements='(null)', teamID='(null)', identifier='com.isphillips.vidrip.ShareExtension', executablePath='<DVTFilePath:0x6000004d33c0:'/Volumes/workspace/tmp/9666b1e4-3bee-46a9-9b79-b363e1da5fe5.xcarchive/Products/Applications/Vidrip.app/PlugIns/ShareExtension.appex/ShareExtension'>', hardenedRuntime='0'>'> from <IDEAppIdentifierPrefixedEntitlementsProcessor: 0x600002d63960>: {
}
2026-06-26 02:00:05 +0000 [MT] Evaluating <IDEDistributionItemProvisionable: 0x600000c64600; distributionItem='<IDEDistributionItem: 0x6000004b8120; bundleID='com.isphillips.vidrip', path='<DVTFilePath:0x6000004f8000:'/Volumes/workspace/tmp/9666b1e4-3bee-46a9-9b79-b363e1da5fe5.xcarchive/Products/Applications/Vidrip.app'>', codeSigningInfo='<_DVTCodeSigningInformation_Path: 0x6000004b2280; isSigned='1', isAdHocSigned='1', signingCertificate='(null)', entitlements='{
    "aps-environment" = development;
}', teamID='(null)', identifier='com.isphillips.vidrip', executablePath='<DVTFilePath:0x6000004dd8c0:'/Volumes/workspace/tmp/9666b1e4-3bee-46a9-9b79-b363e1da5fe5.xcarchive/Products/Applications/Vidrip.app/Vidrip'>', hardenedRuntime='0'>'>', team='<IDEProvisioningBasicTeam: 0x600002664b40; teamID='6F98QXGZHU', teamName='(null)'>', method='<IDEDistributionMethodDevelopmentSigned: 0x6000022f1500>', provisioningStyle='0', entitlementsProcessors='(
    "<IDEiCloudEntitlementsProcessor: 0x600002d63810>",
    "<IDEAppAttestEnvironmentEntitlementsProcessor: 0x600002d63990>",
    "<IDEClassKitEntitlementsProcessor: 0x600002d62760>",
    "<IDEAppIdentifierPrefixedEntitlementsProcessor: 0x600002d63c00>"
)'> with overrides <IDEProvisionableOverrides 0x60000172d550: configuration: Default, profileSupport: <IDEProvisioningProfileSupport: 0x600002215970>, provisioningStyle: (null), certificateSigningStyle: (null), provisioningPurpose: development, team: (null), platform: <DVTPlatform:0x600000e6a080:'com.apple.platform.iphoneos':<DVTFilePath:0x600000b757a0:'/Applications/Xcode.app/Contents/Developer/Platforms/iPhoneOS.platform'>>, sdk: (null), sdkVariant: (null), profileSpecifier: (null), certificateIdentifier: (null), bundleIdentifier: (null), entitlements: (null), entitlementsFile: (null), baseEntitlements: (null), entitlementsExpansion: (null), entitlementsDestination: (null), allowSigningWithoutTeamSelection: (null), signingRequiresTeam: (null), appIDFeatures: (null)>
2026-06-26 02:00:05 +0000 [MT] Applying entitlements delta for <IDEDistributionItem: 0x6000004b8120; bundleID='com.isphillips.vidrip', path='<DVTFilePath:0x6000004f8000:'/Volumes/workspace/tmp/9666b1e4-3bee-46a9-9b79-b363e1da5fe5.xcarchive/Products/Applications/Vidrip.app'>', codeSigningInfo='<_DVTCodeSigningInformation_Path: 0x6000004b2280; isSigned='1', isAdHocSigned='1', signingCertificate='(null)', entitlements='{
    "aps-environment" = development;
}', teamID='(null)', identifier='com.isphillips.vidrip', executablePath='<DVTFilePath:0x6000004dd8c0:'/Volumes/workspace/tmp/9666b1e4-3bee-46a9-9b79-b363e1da5fe5.xcarchive/Products/Applications/Vidrip.app/Vidrip'>', hardenedRuntime='0'>'> from <IDEiCloudEntitlementsProcessor: 0x600002d63810>: {
}
2026-06-26 02:00:05 +0000 [MT] Applying entitlements delta for <IDEDistributionItem: 0x6000004b8120; bundleID='com.isphillips.vidrip', path='<DVTFilePath:0x6000004f8000:'/Volumes/workspace/tmp/9666b1e4-3bee-46a9-9b79-b363e1da5fe5.xcarchive/Products/Applications/Vidrip.app'>', codeSigningInfo='<_DVTCodeSigningInformation_Path: 0x6000004b2280; isSigned='1', isAdHocSigned='1', signingCertificate='(null)', entitlements='{
    "aps-environment" = development;
}', teamID='(null)', identifier='com.isphillips.vidrip', executablePath='<DVTFilePath:0x6000004dd8c0:'/Volumes/workspace/tmp/9666b1e4-3bee-46a9-9b79-b363e1da5fe5.xcarchive/Products/Applications/Vidrip.app/Vidrip'>', hardenedRuntime='0'>'> from <IDEAppAttestEnvironmentEntitlementsProcessor: 0x600002d63990>: {
}
2026-06-26 02:00:05 +0000 [MT] Applying entitlements delta for <IDEDistributionItem: 0x6000004b8120; bundleID='com.isphillips.vidrip', path='<DVTFilePath:0x6000004f8000:'/Volumes/workspace/tmp/9666b1e4-3bee-46a9-9b79-b363e1da5fe5.xcarchive/Products/Applications/Vidrip.app'>', codeSigningInfo='<_DVTCodeSigningInformation_Path: 0x6000004b2280; isSigned='1', isAdHocSigned='1', signingCertificate='(null)', entitlements='{
    "aps-environment" = development;
}', teamID='(null)', identifier='com.isphillips.vidrip', executablePath='<DVTFilePath:0x6000004dd8c0:'/Volumes/workspace/tmp/9666b1e4-3bee-46a9-9b79-b363e1da5fe5.xcarchive/Products/Applications/Vidrip.app/Vidrip'>', hardenedRuntime='0'>'> from <IDEClassKitEntitlementsProcessor: 0x600002d62760>: {
}
2026-06-26 02:00:05 +0000 [MT] Applying entitlements delta for <IDEDistributionItem: 0x6000004b8120; bundleID='com.isphillips.vidrip', path='<DVTFilePath:0x6000004f8000:'/Volumes/workspace/tmp/9666b1e4-3bee-46a9-9b79-b363e1da5fe5.xcarchive/Products/Applications/Vidrip.app'>', codeSigningInfo='<_DVTCodeSigningInformation_Path: 0x6000004b2280; isSigned='1', isAdHocSigned='1', signingCertificate='(null)', entitlements='{
    "aps-environment" = development;
}', teamID='(null)', identifier='com.isphillips.vidrip', executablePath='<DVTFilePath:0x6000004dd8c0:'/Volumes/workspace/tmp/9666b1e4-3bee-46a9-9b79-b363e1da5fe5.xcarchive/Products/Applications/Vidrip.app/Vidrip'>', hardenedRuntime='0'>'> from <IDEAppIdentifierPrefixedEntitlementsProcessor: 0x600002d63c00>: {
}
2026-06-26 02:00:05 +0000 [MT] Evaluating <IDEDistributionItemProvisionable: 0x600000c64500; distributionItem='<IDEDistributionItem: 0x6000004b2ac0; bundleID='dev.hermesengine.iphoneos', path='<DVTFilePath:0x600000bd9570:'/Volumes/workspace/tmp/9666b1e4-3bee-46a9-9b79-b363e1da5fe5.xcarchive/Products/Applications/Vidrip.app/Frameworks/hermes.framework'>', codeSigningInfo='<_DVTCodeSigningInformation_Path: 0x6000004b2b80; isSigned='1', isAdHocSigned='1', signingCertificate='(null)', entitlements='(null)', teamID='(null)', identifier='dev.hermesengine.iphoneos', executablePath='<DVTFilePath:0x6000004e61c0:'/Volumes/workspace/tmp/9666b1e4-3bee-46a9-9b79-b363e1da5fe5.xcarchive/Products/Applications/Vidrip.app/Frameworks/hermes.framework/hermes'>', hardenedRuntime='0'>'>', team='<IDEProvisioningBasicTeam: 0x600002664b40; teamID='6F98QXGZHU', teamName='(null)'>', method='<IDEDistributionMethodDevelopmentSigned: 0x6000022f1500>', provisioningStyle='0', entitlementsProcessors='(
    "<IDEiCloudEntitlementsProcessor: 0x600002d628e0>",
    "<IDEAppAttestEnvironmentEntitlementsProcessor: 0x600002d62610>",
    "<IDEClassKitEntitlementsProcessor: 0x600002d63c60>",
    "<IDEAppIdentifierPrefixedEntitlementsProcessor: 0x600002d63a20>"
)'> with overrides <IDEProvisionableOverrides 0x6000017169f0: configuration: Default, profileSupport: <IDEProvisioningProfileSupport: 0x60000224b590>, provisioningStyle: (null), certificateSigningStyle: (null), provisioningPurpose: development, team: (null), platform: <DVTPlatform:0x600000e6a080:'com.apple.platform.iphoneos':<DVTFilePath:0x600000b757a0:'/Applications/Xcode.app/Contents/Developer/Platforms/iPhoneOS.platform'>>, sdk: (null), sdkVariant: (null), profileSpecifier: (null), certificateIdentifier: (null), bundleIdentifier: (null), entitlements: (null), entitlementsFile: (null), baseEntitlements: (null), entitlementsExpansion: (null), entitlementsDestination: (null), allowSigningWithoutTeamSelection: (null), signingRequiresTeam: (null), appIDFeatures: (null)>
2026-06-26 02:00:05 +0000 [MT] Applying entitlements delta for <IDEDistributionItem: 0x6000004b2ac0; bundleID='dev.hermesengine.iphoneos', path='<DVTFilePath:0x600000bd9570:'/Volumes/workspace/tmp/9666b1e4-3bee-46a9-9b79-b363e1da5fe5.xcarchive/Products/Applications/Vidrip.app/Frameworks/hermes.framework'>', codeSigningInfo='<_DVTCodeSigningInformation_Path: 0x6000004b2b80; isSigned='1', isAdHocSigned='1', signingCertificate='(null)', entitlements='(null)', teamID='(null)', identifier='dev.hermesengine.iphoneos', executablePath='<DVTFilePath:0x6000004e61c0:'/Volumes/workspace/tmp/9666b1e4-3bee-46a9-9b79-b363e1da5fe5.xcarchive/Products/Applications/Vidrip.app/Frameworks/hermes.framework/hermes'>', hardenedRuntime='0'>'> from <IDEiCloudEntitlementsProcessor: 0x600002d628e0>: {
}
2026-06-26 02:00:05 +0000 [MT] Applying entitlements delta for <IDEDistributionItem: 0x6000004b2ac0; bundleID='dev.hermesengine.iphoneos', path='<DVTFilePath:0x600000bd9570:'/Volumes/workspace/tmp/9666b1e4-3bee-46a9-9b79-b363e1da5fe5.xcarchive/Products/Applications/Vidrip.app/Frameworks/hermes.framework'>', codeSigningInfo='<_DVTCodeSigningInformation_Path: 0x6000004b2b80; isSigned='1', isAdHocSigned='1', signingCertificate='(null)', entitlements='(null)', teamID='(null)', identifier='dev.hermesengine.iphoneos', executablePath='<DVTFilePath:0x6000004e61c0:'/Volumes/workspace/tmp/9666b1e4-3bee-46a9-9b79-b363e1da5fe5.xcarchive/Products/Applications/Vidrip.app/Frameworks/hermes.framework/hermes'>', hardenedRuntime='0'>'> from <IDEAppAttestEnvironmentEntitlementsProcessor: 0x600002d62610>: {
}
2026-06-26 02:00:05 +0000 [MT] Applying entitlements delta for <IDEDistributionItem: 0x6000004b2ac0; bundleID='dev.hermesengine.iphoneos', path='<DVTFilePath:0x600000bd9570:'/Volumes/workspace/tmp/9666b1e4-3bee-46a9-9b79-b363e1da5fe5.xcarchive/Products/Applications/Vidrip.app/Frameworks/hermes.framework'>', codeSigningInfo='<_DVTCodeSigningInformation_Path: 0x6000004b2b80; isSigned='1', isAdHocSigned='1', signingCertificate='(null)', entitlements='(null)', teamID='(null)', identifier='dev.hermesengine.iphoneos', executablePath='<DVTFilePath:0x6000004e61c0:'/Volumes/workspace/tmp/9666b1e4-3bee-46a9-9b79-b363e1da5fe5.xcarchive/Products/Applications/Vidrip.app/Frameworks/hermes.framework/hermes'>', hardenedRuntime='0'>'> from <IDEClassKitEntitlementsProcessor: 0x600002d63c60>: {
}
2026-06-26 02:00:05 +0000 [MT] Applying entitlements delta for <IDEDistributionItem: 0x6000004b2ac0; bundleID='dev.hermesengine.iphoneos', path='<DVTFilePath:0x600000bd9570:'/Volumes/workspace/tmp/9666b1e4-3bee-46a9-9b79-b363e1da5fe5.xcarchive/Products/Applications/Vidrip.app/Frameworks/hermes.framework'>', codeSigningInfo='<_DVTCodeSigningInformation_Path: 0x6000004b2b80; isSigned='1', isAdHocSigned='1', signingCertificate='(null)', entitlements='(null)', teamID='(null)', identifier='dev.hermesengine.iphoneos', executablePath='<DVTFilePath:0x6000004e61c0:'/Volumes/workspace/tmp/9666b1e4-3bee-46a9-9b79-b363e1da5fe5.xcarchive/Products/Applications/Vidrip.app/Frameworks/hermes.framework/hermes'>', hardenedRuntime='0'>'> from <IDEAppIdentifierPrefixedEntitlementsProcessor: 0x600002d63a20>: {
}
2026-06-26 02:00:06 +0000 [MT] Evaluation for hermes.framework is <IDEProvisionableStatusEvaluation 0x600000871110: inputs: <IDEProvisionableStatusEvalutorInputs 0x6000000c28f0: provisionableSnapshot: <IDEProvisionableSnapshot 0x600002cc09c0: name: hermes.framework, configurations: {
    Default = "<_IDEProvisionableConfigurationSnapshot 0x600001170e60: name: Default, provisioningStyle: 0, certificateSigningStyle: 2, team: <IDEProvisioningBasicTeam: 0x600002664b40; teamID='6F98QXGZHU', teamName='(null)'>, profileSupport: <IDEProvisioningProfileSupport: 0x60000224b440>, platform: <DVTPlatform:0x600000e6a080:'com.apple.platform.iphoneos':<DVTFilePath:0x600000b757a0:'/Applications/Xcode.app/Contents/Developer/Platforms/iPhoneOS.platform'>>, sdk: (null), sdkVariant: (null), bundleIdentifier: dev.hermesengine.iphoneos, profileSpecifier: (null), certificateIdentifier: iPhone Developer, entitlementsFilePath: (null), baseEntitlements: <IDEProvisionableEntitlements: 0x600002634400; signedEntitlements='{\n}', simulatedEntitlements='(null)'>, entitlementsExpansion: <IDEDistributionProvisioningEntitlementsExpansion: 0x60000224b1e0>, entitlementsDestination: 1, allowSigningWithoutTeamSelection: 0, signingRequiresTeam: 0, appIDFeatures: <DVTPortalAppIDFeatures 0x60000263c580: Features: {\n}, Containers: {\n}>, provisioningPurpose: development, supportsIOSMac: 0, areFeaturesUpToDate: 0>";
}, overrides: <IDEProvisionableOverrides 0x6000017169f0: configuration: Default, profileSupport: <IDEProvisioningProfileSupport: 0x60000224b590>, provisioningStyle: (null), certificateSigningStyle: (null), provisioningPurpose: development, team: (null), platform: <DVTPlatform:0x600000e6a080:'com.apple.platform.iphoneos':<DVTFilePath:0x600000b757a0:'/Applications/Xcode.app/Contents/Developer/Platforms/iPhoneOS.platform'>>, sdk: (null), sdkVariant: (null), profileSpecifier: (null), certificateIdentifier: (null), bundleIdentifier: (null), entitlements: (null), entitlementsFile: (null), baseEntitlements: (null), entitlementsExpansion: (null), entitlementsDestination: (null), allowSigningWithoutTeamSelection: (null), signingRequiresTeam: (null), appIDFeatures: (null)>>>, configuration: Default, codesignParameterSnapshot: <IDECodesignParameterSnapshot: 0x600002cc2730>:
Identity: DB52E314919B61EEE5C0D1F5CC016526B7363E83
Certificate <DVTSigningCertificate: 0x6000015280c0; name='Apple Development: Created via API (7F693G6VM8)', hash='DB52E314919B61EEE5C0D1F5CC016526B7363E83', serialNumber='6B30E49292D2202AAD0C2883CEDB124B', certificateKinds='(
    "1.2.840.113635.100.6.1.12",
    "1.2.840.113635.100.6.1.2"
), issueDate='2026-06-05 23:45:21 +0000''>>, errors: (null)>
2026-06-26 02:00:07 +0000 [MT] Evaluation for Vidrip.app is <IDEProvisionableStatusEvaluation 0x600000baa4c0: inputs: <IDEProvisionableStatusEvalutorInputs 0x600000041a90: provisionableSnapshot: <IDEProvisionableSnapshot 0x600002f3ab50: name: Vidrip.app, configurations: {
    Default = "<_IDEProvisionableConfigurationSnapshot 0x600001170dc0: name: Default, provisioningStyle: 0, certificateSigningStyle: 2, team: <IDEProvisioningBasicTeam: 0x600002664b40; teamID='6F98QXGZHU', teamName='(null)'>, profileSupport: <IDEProvisioningProfileSupport: 0x60000224b540>, platform: <DVTPlatform:0x600000e6a080:'com.apple.platform.iphoneos':<DVTFilePath:0x600000b757a0:'/Applications/Xcode.app/Contents/Developer/Platforms/iPhoneOS.platform'>>, sdk: (null), sdkVariant: (null), bundleIdentifier: com.isphillips.vidrip, profileSpecifier: (null), certificateIdentifier: iPhone Developer, entitlementsFilePath: (null), baseEntitlements: <IDEProvisionableEntitlements: 0x600002092b00; signedEntitlements='{\n    \"aps-environment\" = development;\n}', simulatedEntitlements='(null)'>, entitlementsExpansion: <IDEDistributionProvisioningEntitlementsExpansion: 0x60000224b290>, entitlementsDestination: 1, allowSigningWithoutTeamSelection: 0, signingRequiresTeam: 0, appIDFeatures: <DVTPortalAppIDFeatures 0x600002634000: Features: {\n    \"<DVTPortalProfileFeature: 0x600000b98460; id='PUSH_NOTIFICATIONS', userDescription='Push Notifications', platforms='.appletvos, .watchos, .macosx, .xros, .iphoneos'>\" = 1;\n}, Containers: {\n}>, provisioningPurpose: development, supportsIOSMac: 0, areFeaturesUpToDate: 0>";
}, overrides: <IDEProvisionableOverrides 0x60000172d550: configuration: Default, profileSupport: <IDEProvisioningProfileSupport: 0x600002215970>, provisioningStyle: (null), certificateSigningStyle: (null), provisioningPurpose: development, team: (null), platform: <DVTPlatform:0x600000e6a080:'com.apple.platform.iphoneos':<DVTFilePath:0x600000b757a0:'/Applications/Xcode.app/Contents/Developer/Platforms/iPhoneOS.platform'>>, sdk: (null), sdkVariant: (null), profileSpecifier: (null), certificateIdentifier: (null), bundleIdentifier: (null), entitlements: (null), entitlementsFile: (null), baseEntitlements: (null), entitlementsExpansion: (null), entitlementsDestination: (null), allowSigningWithoutTeamSelection: (null), signingRequiresTeam: (null), appIDFeatures: (null)>>>, configuration: Default, codesignParameterSnapshot: <IDECodesignParameterSnapshot: 0x600002cc5e90>:
Profile:  <DVTEmbeddedProvisioningProfile 0x600001558300: name: iOS Team Provisioning Profile: com.isphillips.vidrip, UUID: 5a63583a-57aa-4916-8d97-1ce9a3162a90, teamName: Immanuel Phillips, teamIdentifierPrefixes: (
    6F98QXGZHU
), entitlements: {
    "application-identifier" = "6F98QXGZHU.com.isphillips.vidrip";
    "aps-environment" = development;
    "com.apple.developer.team-identifier" = 6F98QXGZHU;
    "get-task-allow" = 1;
    "keychain-access-groups" =     (
        "6F98QXGZHU.*",
        "com.apple.token"
    );
}, appIdentifierName: Vidrip, applicationIdentifierPrefixes: (
    6F98QXGZHU
), dateCreated: 2026-06-26 02:00:01 +0000, dateExpired: 2027-06-26 02:00:01 +0000, certificateKinds: {(
    "1.2.840.113635.100.6.1.12",
    "1.2.840.113635.100.6.1.2"
)}, certificateSHA1Hashes: {(
    DB52E314919B61EEE5C0D1F5CC016526B7363E83
)}, supportedUDIDs: {(
    dfe495081f3d4831692c656a47fde0926d07d734,
    "00008110-00112cd80cf0401e"
)}, isUniversal: 0, isXcodeManaged: 1, platforms: {(
    <DVTPlatform:0x600000e6a180:'com.apple.platform.xros':<DVTFilePath:0x600000452220:'/Applications/Xcode.app/Contents/Developer/Platforms/XROS.platform'>>,
    <DVTPlatform:0x600000e6a100:'com.apple.platform.watchos':<DVTFilePath:0x600000b75880:'/Applications/Xcode.app/Contents/Developer/Platforms/WatchOS.platform'>>,
    <DVTPlatform:0x600000e6a080:'com.apple.platform.iphoneos':<DVTFilePath:0x600000b757a0:'/Applications/Xcode.app/Contents/Developer/Platforms/iPhoneOS.platform'>>
)}, filePath: <DVTFilePath:0x600001268900:'/Users/local/Library/Developer/Xcode/UserData/Provisioning Profiles/5a63583a-57aa-4916-8d97-1ce9a3162a90.mobileprovision'>>
Identity: DB52E314919B61EEE5C0D1F5CC016526B7363E83
Certificate <DVTSigningCertificate: 0x600001554300; name='Apple Development: Created via API (7F693G6VM8)', hash='DB52E314919B61EEE5C0D1F5CC016526B7363E83', serialNumber='6B30E49292D2202AAD0C2883CEDB124B', certificateKinds='(
    "1.2.840.113635.100.6.1.12",
    "1.2.840.113635.100.6.1.2"
), issueDate='2026-06-05 23:45:21 +0000''>>, errors: (null)>
2026-06-26 02:00:08 +0000 [MT] Evaluation for ShareExtension.appex is <IDEProvisionableStatusEvaluation 0x600000bac150: inputs: <IDEProvisionableStatusEvalutorInputs 0x600000025310: provisionableSnapshot: <IDEProvisionableSnapshot 0x600002cac750: name: ShareExtension.appex, configurations: {
    Default = "<_IDEProvisionableConfigurationSnapshot 0x60000115f160: name: Default, provisioningStyle: 0, certificateSigningStyle: 2, team: <IDEProvisioningBasicTeam: 0x600002664b40; teamID='6F98QXGZHU', teamName='(null)'>, profileSupport: <IDEProvisioningProfileSupport: 0x600002214530>, platform: <DVTPlatform:0x600000e6a080:'com.apple.platform.iphoneos':<DVTFilePath:0x600000b757a0:'/Applications/Xcode.app/Contents/Developer/Platforms/iPhoneOS.platform'>>, sdk: (null), sdkVariant: (null), bundleIdentifier: com.isphillips.vidrip.ShareExtension, profileSpecifier: (null), certificateIdentifier: iPhone Developer, entitlementsFilePath: (null), baseEntitlements: <IDEProvisionableEntitlements: 0x600002667840; signedEntitlements='{\n}', simulatedEntitlements='(null)'>, entitlementsExpansion: <IDEDistributionProvisioningEntitlementsExpansion: 0x6000022146b0>, entitlementsDestination: 1, allowSigningWithoutTeamSelection: 0, signingRequiresTeam: 0, appIDFeatures: <DVTPortalAppIDFeatures 0x600002641360: Features: {\n}, Containers: {\n}>, provisioningPurpose: development, supportsIOSMac: 0, areFeaturesUpToDate: 0>";
}, overrides: <IDEProvisionableOverrides 0x600001738160: configuration: Default, profileSupport: <IDEProvisioningProfileSupport: 0x600002214580>, provisioningStyle: (null), certificateSigningStyle: (null), provisioningPurpose: development, team: (null), platform: <DVTPlatform:0x600000e6a080:'com.apple.platform.iphoneos':<DVTFilePath:0x600000b757a0:'/Applications/Xcode.app/Contents/Developer/Platforms/iPhoneOS.platform'>>, sdk: (null), sdkVariant: (null), profileSpecifier: (null), certificateIdentifier: (null), bundleIdentifier: (null), entitlements: (null), entitlementsFile: (null), baseEntitlements: (null), entitlementsExpansion: (null), entitlementsDestination: (null), allowSigningWithoutTeamSelection: (null), signingRequiresTeam: (null), appIDFeatures: (null)>>>, configuration: Default, codesignParameterSnapshot: (null), errors: (
    "Error Domain=DVTPortalAppIDErrorDomain Code=4 \"Automatic signing cannot register bundle identifier \"com.isphillips.vidrip.ShareExtension\".\" UserInfo={NSLocalizedDescription=Automatic signing cannot register bundle identifier \"com.isphillips.vidrip.ShareExtension\"., NSLocalizedRecoverySuggestion=Automatic signing cannot register bundle identifiers with Apple. Register your bundle identifier on https://developer.apple.com/account and then try again.}",
    "Error Domain=IDEProfileLocatorErrorDomain Code=1 \"No profiles for 'com.isphillips.vidrip.ShareExtension' were found\" UserInfo={NSLocalizedDescription=No profiles for 'com.isphillips.vidrip.ShareExtension' were found, NSLocalizedRecoverySuggestion=Xcode couldn't find any iOS App Development provisioning profiles matching 'com.isphillips.vidrip.ShareExtension'.}"
)>
2026-06-26 02:00:08 +0000 [MT] Step failed: <IDEDistributionSigningAssetsStep: 0x600002664f60>: Error Domain=IDEDistributionSigningAssetStepErrorDomain Code=0 "Locating signing assets failed." UserInfo={NSLocalizedDescription=Locating signing assets failed., IDEDistributionUnderlyingErrors=(
    "Error Domain=DVTPortalAppIDErrorDomain Code=4 \"Automatic signing cannot register bundle identifier \"com.isphillips.vidrip.ShareExtension\".\" UserInfo={IDEDistributionIssueSeverity=3, NSLocalizedDescription=Automatic signing cannot register bundle identifier \"com.isphillips.vidrip.ShareExtension\"., NSLocalizedRecoverySuggestion=Automatic signing cannot register bundle identifiers with Apple. Register your bundle identifier on https://developer.apple.com/account and then try again.}",
    "Error Domain=IDEProfileLocatorErrorDomain Code=1 \"No profiles for 'com.isphillips.vidrip.ShareExtension' were found\" UserInfo={IDEDistributionIssueSeverity=3, NSLocalizedDescription=No profiles for 'com.isphillips.vidrip.ShareExtension' were found, NSLocalizedRecoverySuggestion=Xcode couldn't find any iOS App Development provisioning profiles matching 'com.isphillips.vidrip.ShareExtension'.}"
)}