2026-06-26 02:00:05 +0000 [MT] Starting export with options: {"generateAppStoreInformation":false,"embedOnDemandResourcesAssetPacksInBundle":true,"buildNumber":"65","uploadSymbols":true,"teamID":"6F98QXGZHU","destination":"export","thinning":"<none>","testFlightInternalTestingOnly":false,"manageAppVersionAndBuildNumber":false,"raiseProfileSupportOptionalToRequired":false,"stripSwiftSymbols":true,"reformatterBundleIdentifier":"org.reactjs.native.example.Vidrip","method":"development","iCloudContainerEnvironment":"Development"}
2026-06-26 02:00:05 +0000 [MT] Running step: IDEDistributionReformatterSelectionStep with <IDEDistributionContext: 0x7f77bf3044c0; archive(resolved)="<IDEArchive: 0x600000be8070>", distributionTask(resolved)="2", distributionDestination(resolved)="1", distributionMethod(resolved)="<IDEDistributionMethodDevelopmentSigned: 0x6000022f1500>", team(resolved)="(null)">
	Chain (3, self inclusive):
	<IDEDistributionContext: 0x7f77bf3044c0; archive = "<IDEArchive: 0x600000be8070>", distributionMethod="<IDEDistributionMethodDevelopmentSigned: 0x6000022f1500>", team="(null)">
	<IDEDistributionContext: 0x7f77bf406260; archive = "<IDEArchive: 0x600000be8070>", distributionMethod="<IDEDistributionMethodDevelopmentSigned: 0x6000022f1500>", team="(null)">
	<IDEDistributionContext: 0x7f77ce105450; archive = "<IDEArchive: 0x600000be8070>", distributionMethod="(null)", team="(null)">
</IDEDistributionContext: 0x7f77bf3044c0>
2026-06-26 02:00:05 +0000 [MT] Skipping reformatter selection. Selection is not required. There was no failure determining reformatter requirements.
2026-06-26 02:00:05 +0000 [MT] Running step: IDEDistributionReformatArchiveStep with <IDEDistributionContext: 0x7f77bf304cb0; archive(resolved)="<IDEArchive: 0x600000be8070>", distributionTask(resolved)="2", distributionDestination(resolved)="1", distributionMethod(resolved)="<IDEDistributionMethodDevelopmentSigned: 0x6000022f1500>", team(resolved)="(null)">
	Chain (4, self inclusive):
	<IDEDistributionContext: 0x7f77bf304cb0; archive = "<IDEArchive: 0x600000be8070>", distributionMethod="<IDEDistributionMethodDevelopmentSigned: 0x6000022f1500>", team="(null)">
	<IDEDistributionContext: 0x7f77bf3044c0; archive = "<IDEArchive: 0x600000be8070>", distributionMethod="<IDEDistributionMethodDevelopmentSigned: 0x6000022f1500>", team="(null)">
	<IDEDistributionContext: 0x7f77bf406260; archive = "<IDEArchive: 0x600000be8070>", distributionMethod="<IDEDistributionMethodDevelopmentSigned: 0x6000022f1500>", team="(null)">
	<IDEDistributionContext: 0x7f77ce105450; archive = "<IDEArchive: 0x600000be8070>", distributionMethod="(null)", team="(null)">
</IDEDistributionContext: 0x7f77bf304cb0>
2026-06-26 02:00:05 +0000 [MT] Running step: IDEDistributionAnalyzeArchiveStep with <IDEDistributionContext: 0x7f77bf305210; archive(resolved)="<IDEArchive: 0x600000be8070>", distributionTask(resolved)="2", distributionDestination(resolved)="1", distributionMethod(resolved)="<IDEDistributionMethodDevelopmentSigned: 0x6000022f1500>", team(resolved)="(null)">
	Chain (5, self inclusive):
	<IDEDistributionContext: 0x7f77bf305210; archive = "<IDEArchive: 0x600000be8070>", distributionMethod="<IDEDistributionMethodDevelopmentSigned: 0x6000022f1500>", team="(null)">
	<IDEDistributionContext: 0x7f77bf304cb0; archive = "<IDEArchive: 0x600000be8070>", distributionMethod="<IDEDistributionMethodDevelopmentSigned: 0x6000022f1500>", team="(null)">
	<IDEDistributionContext: 0x7f77bf3044c0; archive = "<IDEArchive: 0x600000be8070>", distributionMethod="<IDEDistributionMethodDevelopmentSigned: 0x6000022f1500>", team="(null)">
	<IDEDistributionContext: 0x7f77bf406260; archive = "<IDEArchive: 0x600000be8070>", distributionMethod="<IDEDistributionMethodDevelopmentSigned: 0x6000022f1500>", team="(null)">
	<IDEDistributionContext: 0x7f77ce105450; archive = "<IDEArchive: 0x600000be8070>", distributionMethod="(null)", team="(null)">
</IDEDistributionContext: 0x7f77bf305210>
2026-06-26 02:00:05 +0000 [MT] [OPTIONAL] Didn't find embedded provisioning profile for <DVTFilePath:0x600000bddd50:'/Volumes/workspace/tmp/9666b1e4-3bee-46a9-9b79-b363e1da5fe5.xcarchive/Products/Applications/Vidrip.app/PlugIns/ShareExtension.appex'>: Error Domain=NSCocoaErrorDomain Code=4 "No file at <DVTFilePath:0x600000bb0c40:'/Volumes/workspace/tmp/9666b1e4-3bee-46a9-9b79-b363e1da5fe5.xcarchive/Products/Applications/Vidrip.app/PlugIns/ShareExtension.appex/embedded.mobileprovision'>" UserInfo={NSLocalizedDescription=No file at <DVTFilePath:0x600000bb0c40:'/Volumes/workspace/tmp/9666b1e4-3bee-46a9-9b79-b363e1da5fe5.xcarchive/Products/Applications/Vidrip.app/PlugIns/ShareExtension.appex/embedded.mobileprovision'>}
2026-06-26 02:00:05 +0000 [MT] [OPTIONAL] Didn't find embedded provisioning profile for <DVTFilePath:0x6000004f8000:'/Volumes/workspace/tmp/9666b1e4-3bee-46a9-9b79-b363e1da5fe5.xcarchive/Products/Applications/Vidrip.app'>: Error Domain=NSCocoaErrorDomain Code=4 "No file at <DVTFilePath:0x600000bb0ee0:'/Volumes/workspace/tmp/9666b1e4-3bee-46a9-9b79-b363e1da5fe5.xcarchive/Products/Applications/Vidrip.app/embedded.mobileprovision'>" UserInfo={NSLocalizedDescription=No file at <DVTFilePath:0x600000bb0ee0:'/Volumes/workspace/tmp/9666b1e4-3bee-46a9-9b79-b363e1da5fe5.xcarchive/Products/Applications/Vidrip.app/embedded.mobileprovision'>}
2026-06-26 02:00:05 +0000 [MT] [OPTIONAL] Didn't find platform <DVTPlatform:0x600000e6a080:'com.apple.platform.iphoneos':<DVTFilePath:0x600000b757a0:'/Applications/Xcode.app/Contents/Developer/Platforms/iPhoneOS.platform'>> or cert (null) for <DVTFilePath:0x6000004f8000:'/Volumes/workspace/tmp/9666b1e4-3bee-46a9-9b79-b363e1da5fe5.xcarchive/Products/Applications/Vidrip.app'>: (null)
2026-06-26 02:00:05 +0000 [MT] [OPTIONAL] Didn't find platform <DVTPlatform:0x600000e6a080:'com.apple.platform.iphoneos':<DVTFilePath:0x600000b757a0:'/Applications/Xcode.app/Contents/Developer/Platforms/iPhoneOS.platform'>> or cert (null) for <DVTFilePath:0x600000bd9570:'/Volumes/workspace/tmp/9666b1e4-3bee-46a9-9b79-b363e1da5fe5.xcarchive/Products/Applications/Vidrip.app/Frameworks/hermes.framework'>: (null)
2026-06-26 02:00:05 +0000 [MT] [OPTIONAL] Didn't find platform <DVTPlatform:0x600000e6a080:'com.apple.platform.iphoneos':<DVTFilePath:0x600000b757a0:'/Applications/Xcode.app/Contents/Developer/Platforms/iPhoneOS.platform'>> or cert (null) for <DVTFilePath:0x600000bddd50:'/Volumes/workspace/tmp/9666b1e4-3bee-46a9-9b79-b363e1da5fe5.xcarchive/Products/Applications/Vidrip.app/PlugIns/ShareExtension.appex'>: (null)
2026-06-26 02:00:05 +0000 [MT] Running step: IDEDistributionTeamStep with <IDEDistributionContext: 0x7f77bf305420; archive(resolved)="<IDEArchive: 0x600000be8070>", distributionTask(resolved)="2", distributionDestination(resolved)="1", distributionMethod(resolved)="<IDEDistributionMethodDevelopmentSigned: 0x6000022f1500>", team(resolved)="<IDEProvisioningBasicTeam: 0x600002664b40; teamID='6F98QXGZHU', teamName='(null)'>">
	Chain (6, self inclusive):
	<IDEDistributionContext: 0x7f77bf305420; archive = "<IDEArchive: 0x600000be8070>", distributionMethod="<IDEDistributionMethodDevelopmentSigned: 0x6000022f1500>", team="<IDEProvisioningBasicTeam: 0x600002664b40; teamID='6F98QXGZHU', teamName='(null)'>">
	<IDEDistributionContext: 0x7f77bf305210; archive = "<IDEArchive: 0x600000be8070>", distributionMethod="<IDEDistributionMethodDevelopmentSigned: 0x6000022f1500>", team="(null)">
	<IDEDistributionContext: 0x7f77bf304cb0; archive = "<IDEArchive: 0x600000be8070>", distributionMethod="<IDEDistributionMethodDevelopmentSigned: 0x6000022f1500>", team="(null)">
	<IDEDistributionContext: 0x7f77bf3044c0; archive = "<IDEArchive: 0x600000be8070>", distributionMethod="<IDEDistributionMethodDevelopmentSigned: 0x6000022f1500>", team="(null)">
	<IDEDistributionContext: 0x7f77bf406260; archive = "<IDEArchive: 0x600000be8070>", distributionMethod="<IDEDistributionMethodDevelopmentSigned: 0x6000022f1500>", team="(null)">
	<IDEDistributionContext: 0x7f77ce105450; archive = "<IDEArchive: 0x600000be8070>", distributionMethod="(null)", team="(null)">
</IDEDistributionContext: 0x7f77bf305420>
2026-06-26 02:00:05 +0000 [MT] Running step: IDEDistributionOptionsStep with <IDEDistributionContext: 0x7f77bf305630; archive(resolved)="<IDEArchive: 0x600000be8070>", distributionTask(resolved)="2", distributionDestination(resolved)="1", distributionMethod(resolved)="<IDEDistributionMethodDevelopmentSigned: 0x6000022f1500>", team(resolved)="<IDEProvisioningBasicTeam: 0x600002664b40; teamID='6F98QXGZHU', teamName='(null)'>">
	Chain (7, self inclusive):
	<IDEDistributionContext: 0x7f77bf305630; archive = "<IDEArchive: 0x600000be8070>", distributionMethod="<IDEDistributionMethodDevelopmentSigned: 0x6000022f1500>", team="<IDEProvisioningBasicTeam: 0x600002664b40; teamID='6F98QXGZHU', teamName='(null)'>">
	<IDEDistributionContext: 0x7f77bf305420; archive = "<IDEArchive: 0x600000be8070>", distributionMethod="<IDEDistributionMethodDevelopmentSigned: 0x6000022f1500>", team="<IDEProvisioningBasicTeam: 0x600002664b40; teamID='6F98QXGZHU', teamName='(null)'>">
	<IDEDistributionContext: 0x7f77bf305210; archive = "<IDEArchive: 0x600000be8070>", distributionMethod="<IDEDistributionMethodDevelopmentSigned: 0x6000022f1500>", team="(null)">
	<IDEDistributionContext: 0x7f77bf304cb0; archive = "<IDEArchive: 0x600000be8070>", distributionMethod="<IDEDistributionMethodDevelopmentSigned: 0x6000022f1500>", team="(null)">
	<IDEDistributionContext: 0x7f77bf3044c0; archive = "<IDEArchive: 0x600000be8070>", distributionMethod="<IDEDistributionMethodDevelopmentSigned: 0x6000022f1500>", team="(null)">
	<IDEDistributionContext: 0x7f77bf406260; archive = "<IDEArchive: 0x600000be8070>", distributionMethod="<IDEDistributionMethodDevelopmentSigned: 0x6000022f1500>", team="(null)">
	<IDEDistributionContext: 0x7f77ce105450; archive = "<IDEArchive: 0x600000be8070>", distributionMethod="(null)", team="(null)">
</IDEDistributionContext: 0x7f77bf305630>
2026-06-26 02:00:05 +0000 [MT] Running step: IDEDistributionManifestStep with <IDEDistributionContext: 0x7f77bf305840; archive(resolved)="<IDEArchive: 0x600000be8070>", distributionTask(resolved)="2", distributionDestination(resolved)="1", distributionMethod(resolved)="<IDEDistributionMethodDevelopmentSigned: 0x6000022f1500>", team(resolved)="<IDEProvisioningBasicTeam: 0x600002664b40; teamID='6F98QXGZHU', teamName='(null)'>">
	Chain (8, self inclusive):
	<IDEDistributionContext: 0x7f77bf305840; archive = "<IDEArchive: 0x600000be8070>", distributionMethod="<IDEDistributionMethodDevelopmentSigned: 0x6000022f1500>", team="<IDEProvisioningBasicTeam: 0x600002664b40; teamID='6F98QXGZHU', teamName='(null)'>">
	<IDEDistributionContext: 0x7f77bf305630; archive = "<IDEArchive: 0x600000be8070>", distributionMethod="<IDEDistributionMethodDevelopmentSigned: 0x6000022f1500>", team="<IDEProvisioningBasicTeam: 0x600002664b40; teamID='6F98QXGZHU', teamName='(null)'>">
	<IDEDistributionContext: 0x7f77bf305420; archive = "<IDEArchive: 0x600000be8070>", distributionMethod="<IDEDistributionMethodDevelopmentSigned: 0x6000022f1500>", team="<IDEProvisioningBasicTeam: 0x600002664b40; teamID='6F98QXGZHU', teamName='(null)'>">
	<IDEDistributionContext: 0x7f77bf305210; archive = "<IDEArchive: 0x600000be8070>", distributionMethod="<IDEDistributionMethodDevelopmentSigned: 0x6000022f1500>", team="(null)">
	<IDEDistributionContext: 0x7f77bf304cb0; archive = "<IDEArchive: 0x600000be8070>", distributionMethod="<IDEDistributionMethodDevelopmentSigned: 0x6000022f1500>", team="(null)">
	<IDEDistributionContext: 0x7f77bf3044c0; archive = "<IDEArchive: 0x600000be8070>", distributionMethod="<IDEDistributionMethodDevelopmentSigned: 0x6000022f1500>", team="(null)">
	<IDEDistributionContext: 0x7f77bf406260; archive = "<IDEArchive: 0x600000be8070>", distributionMethod="<IDEDistributionMethodDevelopmentSigned: 0x6000022f1500>", team="(null)">
	<IDEDistributionContext: 0x7f77ce105450; archive = "<IDEArchive: 0x600000be8070>", distributionMethod="(null)", team="(null)">
</IDEDistributionContext: 0x7f77bf305840>
2026-06-26 02:00:05 +0000 [MT] Running step: IDEDistributionSigningMethodStep with <IDEDistributionContext: 0x7f77bf305c70; archive(resolved)="<IDEArchive: 0x600000be8070>", distributionTask(resolved)="2", distributionDestination(resolved)="1", distributionMethod(resolved)="<IDEDistributionMethodDevelopmentSigned: 0x6000022f1500>", team(resolved)="<IDEProvisioningBasicTeam: 0x600002664b40; teamID='6F98QXGZHU', teamName='(null)'>">
	Chain (9, self inclusive):
	<IDEDistributionContext: 0x7f77bf305c70; archive = "<IDEArchive: 0x600000be8070>", distributionMethod="<IDEDistributionMethodDevelopmentSigned: 0x6000022f1500>", team="<IDEProvisioningBasicTeam: 0x600002664b40; teamID='6F98QXGZHU', teamName='(null)'>">
	<IDEDistributionContext: 0x7f77bf305840; archive = "<IDEArchive: 0x600000be8070>", distributionMethod="<IDEDistributionMethodDevelopmentSigned: 0x6000022f1500>", team="<IDEProvisioningBasicTeam: 0x600002664b40; teamID='6F98QXGZHU', teamName='(null)'>">
	<IDEDistributionContext: 0x7f77bf305630; archive = "<IDEArchive: 0x600000be8070>", distributionMethod="<IDEDistributionMethodDevelopmentSigned: 0x6000022f1500>", team="<IDEProvisioningBasicTeam: 0x600002664b40; teamID='6F98QXGZHU', teamName='(null)'>">
	<IDEDistributionContext: 0x7f77bf305420; archive = "<IDEArchive: 0x600000be8070>", distributionMethod="<IDEDistributionMethodDevelopmentSigned: 0x6000022f1500>", team="<IDEProvisioningBasicTeam: 0x600002664b40; teamID='6F98QXGZHU', teamName='(null)'>">
	<IDEDistributionContext: 0x7f77bf305210; archive = "<IDEArchive: 0x600000be8070>", distributionMethod="<IDEDistributionMethodDevelopmentSigned: 0x6000022f1500>", team="(null)">
	<IDEDistributionContext: 0x7f77bf304cb0; archive = "<IDEArchive: 0x600000be8070>", distributionMethod="<IDEDistributionMethodDevelopmentSigned: 0x6000022f1500>", team="(null)">
	<IDEDistributionContext: 0x7f77bf3044c0; archive = "<IDEArchive: 0x600000be8070>", distributionMethod="<IDEDistributionMethodDevelopmentSigned: 0x6000022f1500>", team="(null)">
	<IDEDistributionContext: 0x7f77bf406260; archive = "<IDEArchive: 0x600000be8070>", distributionMethod="<IDEDistributionMethodDevelopmentSigned: 0x6000022f1500>", team="(null)">
	<IDEDistributionContext: 0x7f77ce105450; archive = "<IDEArchive: 0x600000be8070>", distributionMethod="(null)", team="(null)">
</IDEDistributionContext: 0x7f77bf305c70>
2026-06-26 02:00:05 +0000 [MT] Running step: IDEDistributionSigningAssetsStep with <IDEDistributionContext: 0x7f77bf305e80; archive(resolved)="<IDEArchive: 0x600000be8070>", distributionTask(resolved)="2", distributionDestination(resolved)="1", distributionMethod(resolved)="<IDEDistributionMethodDevelopmentSigned: 0x6000022f1500>", team(resolved)="<IDEProvisioningBasicTeam: 0x600002664b40; teamID='6F98QXGZHU', teamName='(null)'>">
	Chain (10, self inclusive):
	<IDEDistributionContext: 0x7f77bf305e80; archive = "<IDEArchive: 0x600000be8070>", distributionMethod="<IDEDistributionMethodDevelopmentSigned: 0x6000022f1500>", team="<IDEProvisioningBasicTeam: 0x600002664b40; teamID='6F98QXGZHU', teamName='(null)'>">
	<IDEDistributionContext: 0x7f77bf305c70; archive = "<IDEArchive: 0x600000be8070>", distributionMethod="<IDEDistributionMethodDevelopmentSigned: 0x6000022f1500>", team="<IDEProvisioningBasicTeam: 0x600002664b40; teamID='6F98QXGZHU', teamName='(null)'>">
	<IDEDistributionContext: 0x7f77bf305840; archive = "<IDEArchive: 0x600000be8070>", distributionMethod="<IDEDistributionMethodDevelopmentSigned: 0x6000022f1500>", team="<IDEProvisioningBasicTeam: 0x600002664b40; teamID='6F98QXGZHU', teamName='(null)'>">
	<IDEDistributionContext: 0x7f77bf305630; archive = "<IDEArchive: 0x600000be8070>", distributionMethod="<IDEDistributionMethodDevelopmentSigned: 0x6000022f1500>", team="<IDEProvisioningBasicTeam: 0x600002664b40; teamID='6F98QXGZHU', teamName='(null)'>">
	<IDEDistributionContext: 0x7f77bf305420; archive = "<IDEArchive: 0x600000be8070>", distributionMethod="<IDEDistributionMethodDevelopmentSigned: 0x6000022f1500>", team="<IDEProvisioningBasicTeam: 0x600002664b40; teamID='6F98QXGZHU', teamName='(null)'>">
	<IDEDistributionContext: 0x7f77bf305210; archive = "<IDEArchive: 0x600000be8070>", distributionMethod="<IDEDistributionMethodDevelopmentSigned: 0x6000022f1500>", team="(null)">
	<IDEDistributionContext: 0x7f77bf304cb0; archive = "<IDEArchive: 0x600000be8070>", distributionMethod="<IDEDistributionMethodDevelopmentSigned: 0x6000022f1500>", team="(null)">
	<IDEDistributionContext: 0x7f77bf3044c0; archive = "<IDEArchive: 0x600000be8070>", distributionMethod="<IDEDistributionMethodDevelopmentSigned: 0x6000022f1500>", team="(null)">
	<IDEDistributionContext: 0x7f77bf406260; archive = "<IDEArchive: 0x600000be8070>", distributionMethod="<IDEDistributionMethodDevelopmentSigned: 0x6000022f1500>", team="(null)">
	<IDEDistributionContext: 0x7f77ce105450; archive = "<IDEArchive: 0x600000be8070>", distributionMethod="(null)", team="(null)">
</IDEDistributionContext: 0x7f77bf305e80>