2026-06-26 01:59:58 +0000 [MT] Starting export with options: {"generateAppStoreInformation":false,"stripSwiftSymbols":true,"embedOnDemandResourcesAssetPacksInBundle":true,"destination":"export","uploadSymbols":true,"teamID":"6F98QXGZHU","thinning":"<none>","manageAppVersionAndBuildNumber":false,"method":"app-store","testFlightInternalTestingOnly":false,"iCloudContainerEnvironment":"Production","raiseProfileSupportOptionalToRequired":false,"buildNumber":"65"}
2026-06-26 01:59:58 +0000 [MT] Running step: IDEDistributionAnalyzeArchiveStep with <IDEDistributionContext: 0x7fdaa9f04200; archive(resolved)="<IDEArchive: 0x600000804770>", distributionTask(resolved)="2", distributionDestination(resolved)="1", distributionMethod(resolved)="<IDEDistributionMethodiOSAppStoreDistribution: 0x6000021ced40>", team(resolved)="(null)">
	Chain (3, self inclusive):
	<IDEDistributionContext: 0x7fdaa9f04200; archive = "<IDEArchive: 0x600000804770>", distributionMethod="<IDEDistributionMethodiOSAppStoreDistribution: 0x6000021ced40>", team="(null)">
	<IDEDistributionContext: 0x7fdab9f0ef10; archive = "<IDEArchive: 0x600000804770>", distributionMethod="<IDEDistributionMethodiOSAppStoreDistribution: 0x6000021ced40>", team="(null)">
	<IDEDistributionContext: 0x7fdabae04450; archive = "<IDEArchive: 0x600000804770>", distributionMethod="(null)", team="(null)">
</IDEDistributionContext: 0x7fdaa9f04200>
2026-06-26 01:59:58 +0000 [MT] [OPTIONAL] Didn't find embedded provisioning profile for <DVTFilePath:0x600000834540:'/Volumes/workspace/tmp/e9c25865-536e-4a7e-b310-86463e009946.xcarchive/Products/Applications/Vidrip.app/PlugIns/ShareExtension.appex'>: Error Domain=NSCocoaErrorDomain Code=4 "No file at <DVTFilePath:0x6000008291f0:'/Volumes/workspace/tmp/e9c25865-536e-4a7e-b310-86463e009946.xcarchive/Products/Applications/Vidrip.app/PlugIns/ShareExtension.appex/embedded.mobileprovision'>" UserInfo={NSLocalizedDescription=No file at <DVTFilePath:0x6000008291f0:'/Volumes/workspace/tmp/e9c25865-536e-4a7e-b310-86463e009946.xcarchive/Products/Applications/Vidrip.app/PlugIns/ShareExtension.appex/embedded.mobileprovision'>}
2026-06-26 01:59:58 +0000 [MT] [OPTIONAL] Didn't find embedded provisioning profile for <DVTFilePath:0x6000007c2fa0:'/Volumes/workspace/tmp/e9c25865-536e-4a7e-b310-86463e009946.xcarchive/Products/Applications/Vidrip.app'>: Error Domain=NSCocoaErrorDomain Code=4 "No file at <DVTFilePath:0x600000820460:'/Volumes/workspace/tmp/e9c25865-536e-4a7e-b310-86463e009946.xcarchive/Products/Applications/Vidrip.app/embedded.mobileprovision'>" UserInfo={NSLocalizedDescription=No file at <DVTFilePath:0x600000820460:'/Volumes/workspace/tmp/e9c25865-536e-4a7e-b310-86463e009946.xcarchive/Products/Applications/Vidrip.app/embedded.mobileprovision'>}
2026-06-26 01:59:58 +0000 [MT] [OPTIONAL] Didn't find platform <DVTPlatform:0x600000db6180:'com.apple.platform.iphoneos':<DVTFilePath:0x6000008b0b60:'/Applications/Xcode.app/Contents/Developer/Platforms/iPhoneOS.platform'>> or cert (null) for <DVTFilePath:0x6000007c2fa0:'/Volumes/workspace/tmp/e9c25865-536e-4a7e-b310-86463e009946.xcarchive/Products/Applications/Vidrip.app'>: (null)
2026-06-26 01:59:58 +0000 [MT] [OPTIONAL] Didn't find platform <DVTPlatform:0x600000db6180:'com.apple.platform.iphoneos':<DVTFilePath:0x6000008b0b60:'/Applications/Xcode.app/Contents/Developer/Platforms/iPhoneOS.platform'>> or cert (null) for <DVTFilePath:0x6000008395e0:'/Volumes/workspace/tmp/e9c25865-536e-4a7e-b310-86463e009946.xcarchive/Products/Applications/Vidrip.app/Frameworks/hermes.framework'>: (null)
2026-06-26 01:59:58 +0000 [MT] [OPTIONAL] Didn't find platform <DVTPlatform:0x600000db6180:'com.apple.platform.iphoneos':<DVTFilePath:0x6000008b0b60:'/Applications/Xcode.app/Contents/Developer/Platforms/iPhoneOS.platform'>> or cert (null) for <DVTFilePath:0x600000834540:'/Volumes/workspace/tmp/e9c25865-536e-4a7e-b310-86463e009946.xcarchive/Products/Applications/Vidrip.app/PlugIns/ShareExtension.appex'>: (null)
2026-06-26 01:59:58 +0000 [MT] Running step: IDEDistributionTeamStep with <IDEDistributionContext: 0x7fdaa9f11c40; archive(resolved)="<IDEArchive: 0x600000804770>", distributionTask(resolved)="2", distributionDestination(resolved)="1", distributionMethod(resolved)="<IDEDistributionMethodiOSAppStoreDistribution: 0x6000021ced40>", team(resolved)="<IDEProvisioningBasicTeam: 0x600002241e40; teamID='6F98QXGZHU', teamName='(null)'>">
	Chain (4, self inclusive):
	<IDEDistributionContext: 0x7fdaa9f11c40; archive = "<IDEArchive: 0x600000804770>", distributionMethod="<IDEDistributionMethodiOSAppStoreDistribution: 0x6000021ced40>", team="<IDEProvisioningBasicTeam: 0x600002241e40; teamID='6F98QXGZHU', teamName='(null)'>">
	<IDEDistributionContext: 0x7fdaa9f04200; archive = "<IDEArchive: 0x600000804770>", distributionMethod="<IDEDistributionMethodiOSAppStoreDistribution: 0x6000021ced40>", team="(null)">
	<IDEDistributionContext: 0x7fdab9f0ef10; archive = "<IDEArchive: 0x600000804770>", distributionMethod="<IDEDistributionMethodiOSAppStoreDistribution: 0x6000021ced40>", team="(null)">
	<IDEDistributionContext: 0x7fdabae04450; archive = "<IDEArchive: 0x600000804770>", distributionMethod="(null)", team="(null)">
</IDEDistributionContext: 0x7fdaa9f11c40>
2026-06-26 01:59:58 +0000 [MT] Running step: IDEDistributionUploadAccountStep with <IDEDistributionContext: 0x7fdabad4e5e0; archive(resolved)="<IDEArchive: 0x600000804770>", distributionTask(resolved)="2", distributionDestination(resolved)="1", distributionMethod(resolved)="<IDEDistributionMethodiOSAppStoreDistribution: 0x6000021ced40>", team(resolved)="<IDEProvisioningBasicTeam: 0x600002241e40; teamID='6F98QXGZHU', teamName='(null)'>">
	Chain (5, self inclusive):
	<IDEDistributionContext: 0x7fdabad4e5e0; archive = "<IDEArchive: 0x600000804770>", distributionMethod="<IDEDistributionMethodiOSAppStoreDistribution: 0x6000021ced40>", team="<IDEProvisioningBasicTeam: 0x600002241e40; teamID='6F98QXGZHU', teamName='(null)'>">
	<IDEDistributionContext: 0x7fdaa9f11c40; archive = "<IDEArchive: 0x600000804770>", distributionMethod="<IDEDistributionMethodiOSAppStoreDistribution: 0x6000021ced40>", team="<IDEProvisioningBasicTeam: 0x600002241e40; teamID='6F98QXGZHU', teamName='(null)'>">
	<IDEDistributionContext: 0x7fdaa9f04200; archive = "<IDEArchive: 0x600000804770>", distributionMethod="<IDEDistributionMethodiOSAppStoreDistribution: 0x6000021ced40>", team="(null)">
	<IDEDistributionContext: 0x7fdab9f0ef10; archive = "<IDEArchive: 0x600000804770>", distributionMethod="<IDEDistributionMethodiOSAppStoreDistribution: 0x6000021ced40>", team="(null)">
	<IDEDistributionContext: 0x7fdabae04450; archive = "<IDEArchive: 0x600000804770>", distributionMethod="(null)", team="(null)">
</IDEDistributionContext: 0x7fdabad4e5e0>
2026-06-26 01:59:58 +0000 [MT] Failed to find an account with App Store Connect access for team <IDEProvisioningBasicTeam: 0x600002241e40; teamID='6F98QXGZHU', teamName='(null)'>
2026-06-26 01:59:58 +0000 [MT] Running step: IDEDistributionFetchAppRecordStep with <IDEDistributionContext: 0x7fdabaf1d0c0; archive(resolved)="<IDEArchive: 0x600000804770>", distributionTask(resolved)="2", distributionDestination(resolved)="1", distributionMethod(resolved)="<IDEDistributionMethodiOSAppStoreDistribution: 0x6000021ced40>", team(resolved)="<IDEProvisioningBasicTeam: 0x600002241e40; teamID='6F98QXGZHU', teamName='(null)'>">
	Chain (6, self inclusive):
	<IDEDistributionContext: 0x7fdabaf1d0c0; archive = "<IDEArchive: 0x600000804770>", distributionMethod="<IDEDistributionMethodiOSAppStoreDistribution: 0x6000021ced40>", team="<IDEProvisioningBasicTeam: 0x600002241e40; teamID='6F98QXGZHU', teamName='(null)'>">
	<IDEDistributionContext: 0x7fdabad4e5e0; archive = "<IDEArchive: 0x600000804770>", distributionMethod="<IDEDistributionMethodiOSAppStoreDistribution: 0x6000021ced40>", team="<IDEProvisioningBasicTeam: 0x600002241e40; teamID='6F98QXGZHU', teamName='(null)'>">
	<IDEDistributionContext: 0x7fdaa9f11c40; archive = "<IDEArchive: 0x600000804770>", distributionMethod="<IDEDistributionMethodiOSAppStoreDistribution: 0x6000021ced40>", team="<IDEProvisioningBasicTeam: 0x600002241e40; teamID='6F98QXGZHU', teamName='(null)'>">
	<IDEDistributionContext: 0x7fdaa9f04200; archive = "<IDEArchive: 0x600000804770>", distributionMethod="<IDEDistributionMethodiOSAppStoreDistribution: 0x6000021ced40>", team="(null)">
	<IDEDistributionContext: 0x7fdab9f0ef10; archive = "<IDEArchive: 0x600000804770>", distributionMethod="<IDEDistributionMethodiOSAppStoreDistribution: 0x6000021ced40>", team="(null)">
	<IDEDistributionContext: 0x7fdabae04450; archive = "<IDEArchive: 0x600000804770>", distributionMethod="(null)", team="(null)">
</IDEDistributionContext: 0x7fdabaf1d0c0>
2026-06-26 01:59:58 +0000 [MT] Running step: IDEDistributionCreateAppRecordStep with <IDEDistributionContext: 0x7fdaba90ab60; archive(resolved)="<IDEArchive: 0x600000804770>", distributionTask(resolved)="2", distributionDestination(resolved)="1", distributionMethod(resolved)="<IDEDistributionMethodiOSAppStoreDistribution: 0x6000021ced40>", team(resolved)="<IDEProvisioningBasicTeam: 0x600002241e40; teamID='6F98QXGZHU', teamName='(null)'>">
	Chain (7, self inclusive):
	<IDEDistributionContext: 0x7fdaba90ab60; archive = "<IDEArchive: 0x600000804770>", distributionMethod="<IDEDistributionMethodiOSAppStoreDistribution: 0x6000021ced40>", team="<IDEProvisioningBasicTeam: 0x600002241e40; teamID='6F98QXGZHU', teamName='(null)'>">
	<IDEDistributionContext: 0x7fdabaf1d0c0; archive = "<IDEArchive: 0x600000804770>", distributionMethod="<IDEDistributionMethodiOSAppStoreDistribution: 0x6000021ced40>", team="<IDEProvisioningBasicTeam: 0x600002241e40; teamID='6F98QXGZHU', teamName='(null)'>">
	<IDEDistributionContext: 0x7fdabad4e5e0; archive = "<IDEArchive: 0x600000804770>", distributionMethod="<IDEDistributionMethodiOSAppStoreDistribution: 0x6000021ced40>", team="<IDEProvisioningBasicTeam: 0x600002241e40; teamID='6F98QXGZHU', teamName='(null)'>">
	<IDEDistributionContext: 0x7fdaa9f11c40; archive = "<IDEArchive: 0x600000804770>", distributionMethod="<IDEDistributionMethodiOSAppStoreDistribution: 0x6000021ced40>", team="<IDEProvisioningBasicTeam: 0x600002241e40; teamID='6F98QXGZHU', teamName='(null)'>">
	<IDEDistributionContext: 0x7fdaa9f04200; archive = "<IDEArchive: 0x600000804770>", distributionMethod="<IDEDistributionMethodiOSAppStoreDistribution: 0x6000021ced40>", team="(null)">
	<IDEDistributionContext: 0x7fdab9f0ef10; archive = "<IDEArchive: 0x600000804770>", distributionMethod="<IDEDistributionMethodiOSAppStoreDistribution: 0x6000021ced40>", team="(null)">
	<IDEDistributionContext: 0x7fdabae04450; archive = "<IDEArchive: 0x600000804770>", distributionMethod="(null)", team="(null)">
</IDEDistributionContext: 0x7fdaba90ab60>
2026-06-26 01:59:58 +0000 [MT] Running step: IDEDistributionAnalyzeVersionStep with <IDEDistributionContext: 0x7fdabad4e7f0; archive(resolved)="<IDEArchive: 0x600000804770>", distributionTask(resolved)="2", distributionDestination(resolved)="1", distributionMethod(resolved)="<IDEDistributionMethodiOSAppStoreDistribution: 0x6000021ced40>", team(resolved)="<IDEProvisioningBasicTeam: 0x600002241e40; teamID='6F98QXGZHU', teamName='(null)'>">
	Chain (8, self inclusive):
	<IDEDistributionContext: 0x7fdabad4e7f0; archive = "<IDEArchive: 0x600000804770>", distributionMethod="<IDEDistributionMethodiOSAppStoreDistribution: 0x6000021ced40>", team="<IDEProvisioningBasicTeam: 0x600002241e40; teamID='6F98QXGZHU', teamName='(null)'>">
	<IDEDistributionContext: 0x7fdaba90ab60; archive = "<IDEArchive: 0x600000804770>", distributionMethod="<IDEDistributionMethodiOSAppStoreDistribution: 0x6000021ced40>", team="<IDEProvisioningBasicTeam: 0x600002241e40; teamID='6F98QXGZHU', teamName='(null)'>">
	<IDEDistributionContext: 0x7fdabaf1d0c0; archive = "<IDEArchive: 0x600000804770>", distributionMethod="<IDEDistributionMethodiOSAppStoreDistribution: 0x6000021ced40>", team="<IDEProvisioningBasicTeam: 0x600002241e40; teamID='6F98QXGZHU', teamName='(null)'>">
	<IDEDistributionContext: 0x7fdabad4e5e0; archive = "<IDEArchive: 0x600000804770>", distributionMethod="<IDEDistributionMethodiOSAppStoreDistribution: 0x6000021ced40>", team="<IDEProvisioningBasicTeam: 0x600002241e40; teamID='6F98QXGZHU', teamName='(null)'>">
	<IDEDistributionContext: 0x7fdaa9f11c40; archive = "<IDEArchive: 0x600000804770>", distributionMethod="<IDEDistributionMethodiOSAppStoreDistribution: 0x6000021ced40>", team="<IDEProvisioningBasicTeam: 0x600002241e40; teamID='6F98QXGZHU', teamName='(null)'>">
	<IDEDistributionContext: 0x7fdaa9f04200; archive = "<IDEArchive: 0x600000804770>", distributionMethod="<IDEDistributionMethodiOSAppStoreDistribution: 0x6000021ced40>", team="(null)">
	<IDEDistributionContext: 0x7fdab9f0ef10; archive = "<IDEArchive: 0x600000804770>", distributionMethod="<IDEDistributionMethodiOSAppStoreDistribution: 0x6000021ced40>", team="(null)">
	<IDEDistributionContext: 0x7fdabae04450; archive = "<IDEArchive: 0x600000804770>", distributionMethod="(null)", team="(null)">
</IDEDistributionContext: 0x7fdabad4e7f0>
2026-06-26 01:59:58 +0000 [MT] Running step: IDEDistributionOptionsStep with <IDEDistributionContext: 0x7fdabac1d9b0; archive(resolved)="<IDEArchive: 0x600000804770>", distributionTask(resolved)="2", distributionDestination(resolved)="1", distributionMethod(resolved)="<IDEDistributionMethodiOSAppStoreDistribution: 0x6000021ced40>", team(resolved)="<IDEProvisioningBasicTeam: 0x600002241e40; teamID='6F98QXGZHU', teamName='(null)'>">
	Chain (9, self inclusive):
	<IDEDistributionContext: 0x7fdabac1d9b0; archive = "<IDEArchive: 0x600000804770>", distributionMethod="<IDEDistributionMethodiOSAppStoreDistribution: 0x6000021ced40>", team="<IDEProvisioningBasicTeam: 0x600002241e40; teamID='6F98QXGZHU', teamName='(null)'>">
	<IDEDistributionContext: 0x7fdabad4e7f0; archive = "<IDEArchive: 0x600000804770>", distributionMethod="<IDEDistributionMethodiOSAppStoreDistribution: 0x6000021ced40>", team="<IDEProvisioningBasicTeam: 0x600002241e40; teamID='6F98QXGZHU', teamName='(null)'>">
	<IDEDistributionContext: 0x7fdaba90ab60; archive = "<IDEArchive: 0x600000804770>", distributionMethod="<IDEDistributionMethodiOSAppStoreDistribution: 0x6000021ced40>", team="<IDEProvisioningBasicTeam: 0x600002241e40; teamID='6F98QXGZHU', teamName='(null)'>">
	<IDEDistributionContext: 0x7fdabaf1d0c0; archive = "<IDEArchive: 0x600000804770>", distributionMethod="<IDEDistributionMethodiOSAppStoreDistribution: 0x6000021ced40>", team="<IDEProvisioningBasicTeam: 0x600002241e40; teamID='6F98QXGZHU', teamName='(null)'>">
	<IDEDistributionContext: 0x7fdabad4e5e0; archive = "<IDEArchive: 0x600000804770>", distributionMethod="<IDEDistributionMethodiOSAppStoreDistribution: 0x6000021ced40>", team="<IDEProvisioningBasicTeam: 0x600002241e40; teamID='6F98QXGZHU', teamName='(null)'>">
	<IDEDistributionContext: 0x7fdaa9f11c40; archive = "<IDEArchive: 0x600000804770>", distributionMethod="<IDEDistributionMethodiOSAppStoreDistribution: 0x6000021ced40>", team="<IDEProvisioningBasicTeam: 0x600002241e40; teamID='6F98QXGZHU', teamName='(null)'>">
	<IDEDistributionContext: 0x7fdaa9f04200; archive = "<IDEArchive: 0x600000804770>", distributionMethod="<IDEDistributionMethodiOSAppStoreDistribution: 0x6000021ced40>", team="(null)">
	<IDEDistributionContext: 0x7fdab9f0ef10; archive = "<IDEArchive: 0x600000804770>", distributionMethod="<IDEDistributionMethodiOSAppStoreDistribution: 0x6000021ced40>", team="(null)">
	<IDEDistributionContext: 0x7fdabae04450; archive = "<IDEArchive: 0x600000804770>", distributionMethod="(null)", team="(null)">
</IDEDistributionContext: 0x7fdabac1d9b0>
2026-06-26 01:59:58 +0000 [MT] Running step: IDEDistributionSigningMethodStep with <IDEDistributionContext: 0x7fdabaf1c4e0; archive(resolved)="<IDEArchive: 0x600000804770>", distributionTask(resolved)="2", distributionDestination(resolved)="1", distributionMethod(resolved)="<IDEDistributionMethodiOSAppStoreDistribution: 0x6000021ced40>", team(resolved)="<IDEProvisioningBasicTeam: 0x600002241e40; teamID='6F98QXGZHU', teamName='(null)'>">
	Chain (10, self inclusive):
	<IDEDistributionContext: 0x7fdabaf1c4e0; archive = "<IDEArchive: 0x600000804770>", distributionMethod="<IDEDistributionMethodiOSAppStoreDistribution: 0x6000021ced40>", team="<IDEProvisioningBasicTeam: 0x600002241e40; teamID='6F98QXGZHU', teamName='(null)'>">
	<IDEDistributionContext: 0x7fdabac1d9b0; archive = "<IDEArchive: 0x600000804770>", distributionMethod="<IDEDistributionMethodiOSAppStoreDistribution: 0x6000021ced40>", team="<IDEProvisioningBasicTeam: 0x600002241e40; teamID='6F98QXGZHU', teamName='(null)'>">
	<IDEDistributionContext: 0x7fdabad4e7f0; archive = "<IDEArchive: 0x600000804770>", distributionMethod="<IDEDistributionMethodiOSAppStoreDistribution: 0x6000021ced40>", team="<IDEProvisioningBasicTeam: 0x600002241e40; teamID='6F98QXGZHU', teamName='(null)'>">
	<IDEDistributionContext: 0x7fdaba90ab60; archive = "<IDEArchive: 0x600000804770>", distributionMethod="<IDEDistributionMethodiOSAppStoreDistribution: 0x6000021ced40>", team="<IDEProvisioningBasicTeam: 0x600002241e40; teamID='6F98QXGZHU', teamName='(null)'>">
	<IDEDistributionContext: 0x7fdabaf1d0c0; archive = "<IDEArchive: 0x600000804770>", distributionMethod="<IDEDistributionMethodiOSAppStoreDistribution: 0x6000021ced40>", team="<IDEProvisioningBasicTeam: 0x600002241e40; teamID='6F98QXGZHU', teamName='(null)'>">
	<IDEDistributionContext: 0x7fdabad4e5e0; archive = "<IDEArchive: 0x600000804770>", distributionMethod="<IDEDistributionMethodiOSAppStoreDistribution: 0x6000021ced40>", team="<IDEProvisioningBasicTeam: 0x600002241e40; teamID='6F98QXGZHU', teamName='(null)'>">
	<IDEDistributionContext: 0x7fdaa9f11c40; archive = "<IDEArchive: 0x600000804770>", distributionMethod="<IDEDistributionMethodiOSAppStoreDistribution: 0x6000021ced40>", team="<IDEProvisioningBasicTeam: 0x600002241e40; teamID='6F98QXGZHU', teamName='(null)'>">
	<IDEDistributionContext: 0x7fdaa9f04200; archive = "<IDEArchive: 0x600000804770>", distributionMethod="<IDEDistributionMethodiOSAppStoreDistribution: 0x6000021ced40>", team="(null)">
	<IDEDistributionContext: 0x7fdab9f0ef10; archive = "<IDEArchive: 0x600000804770>", distributionMethod="<IDEDistributionMethodiOSAppStoreDistribution: 0x6000021ced40>", team="(null)">
	<IDEDistributionContext: 0x7fdabae04450; archive = "<IDEArchive: 0x600000804770>", distributionMethod="(null)", team="(null)">
</IDEDistributionContext: 0x7fdabaf1c4e0>
2026-06-26 01:59:58 +0000 [MT] Running step: IDEDistributionSigningAssetsStep with <IDEDistributionContext: 0x7fdabad4ed20; archive(resolved)="<IDEArchive: 0x600000804770>", distributionTask(resolved)="2", distributionDestination(resolved)="1", distributionMethod(resolved)="<IDEDistributionMethodiOSAppStoreDistribution: 0x6000021ced40>", team(resolved)="<IDEProvisioningBasicTeam: 0x600002241e40; teamID='6F98QXGZHU', teamName='(null)'>">
	Chain (11, self inclusive):
	<IDEDistributionContext: 0x7fdabad4ed20; archive = "<IDEArchive: 0x600000804770>", distributionMethod="<IDEDistributionMethodiOSAppStoreDistribution: 0x6000021ced40>", team="<IDEProvisioningBasicTeam: 0x600002241e40; teamID='6F98QXGZHU', teamName='(null)'>">
	<IDEDistributionContext: 0x7fdabaf1c4e0; archive = "<IDEArchive: 0x600000804770>", distributionMethod="<IDEDistributionMethodiOSAppStoreDistribution: 0x6000021ced40>", team="<IDEProvisioningBasicTeam: 0x600002241e40; teamID='6F98QXGZHU', teamName='(null)'>">
	<IDEDistributionContext: 0x7fdabac1d9b0; archive = "<IDEArchive: 0x600000804770>", distributionMethod="<IDEDistributionMethodiOSAppStoreDistribution: 0x6000021ced40>", team="<IDEProvisioningBasicTeam: 0x600002241e40; teamID='6F98QXGZHU', teamName='(null)'>">
	<IDEDistributionContext: 0x7fdabad4e7f0; archive = "<IDEArchive: 0x600000804770>", distributionMethod="<IDEDistributionMethodiOSAppStoreDistribution: 0x6000021ced40>", team="<IDEProvisioningBasicTeam: 0x600002241e40; teamID='6F98QXGZHU', teamName='(null)'>">
	<IDEDistributionContext: 0x7fdaba90ab60; archive = "<IDEArchive: 0x600000804770>", distributionMethod="<IDEDistributionMethodiOSAppStoreDistribution: 0x6000021ced40>", team="<IDEProvisioningBasicTeam: 0x600002241e40; teamID='6F98QXGZHU', teamName='(null)'>">
	<IDEDistributionContext: 0x7fdabaf1d0c0; archive = "<IDEArchive: 0x600000804770>", distributionMethod="<IDEDistributionMethodiOSAppStoreDistribution: 0x6000021ced40>", team="<IDEProvisioningBasicTeam: 0x600002241e40; teamID='6F98QXGZHU', teamName='(null)'>">
	<IDEDistributionContext: 0x7fdabad4e5e0; archive = "<IDEArchive: 0x600000804770>", distributionMethod="<IDEDistributionMethodiOSAppStoreDistribution: 0x6000021ced40>", team="<IDEProvisioningBasicTeam: 0x600002241e40; teamID='6F98QXGZHU', teamName='(null)'>">
	<IDEDistributionContext: 0x7fdaa9f11c40; archive = "<IDEArchive: 0x600000804770>", distributionMethod="<IDEDistributionMethodiOSAppStoreDistribution: 0x6000021ced40>", team="<IDEProvisioningBasicTeam: 0x600002241e40; teamID='6F98QXGZHU', teamName='(null)'>">
	<IDEDistributionContext: 0x7fdaa9f04200; archive = "<IDEArchive: 0x600000804770>", distributionMethod="<IDEDistributionMethodiOSAppStoreDistribution: 0x6000021ced40>", team="(null)">
	<IDEDistributionContext: 0x7fdab9f0ef10; archive = "<IDEArchive: 0x600000804770>", distributionMethod="<IDEDistributionMethodiOSAppStoreDistribution: 0x6000021ced40>", team="(null)">
	<IDEDistributionContext: 0x7fdabae04450; archive = "<IDEArchive: 0x600000804770>", distributionMethod="(null)", team="(null)">
</IDEDistributionContext: 0x7fdabad4ed20>