2026-06-26 01:59:58 +0000 [MT] Accepted distribution method <IDEDistributionMethodiOSAppStoreDistribution: 0x6000021ced40>
2026-06-26 01:59:58 +0000 [MT] Rejected distribution method <IDEDistributionMethodTVOSAppStoreDistribution: 0x6000021cece0> because it doesn't support distributing archive
2026-06-26 01:59:58 +0000 [MT] Rejected distribution method <IDEDistributionMethodAppStoreDistributionVisionOS: 0x6000021cec90> because it doesn't support distributing archive
2026-06-26 01:59:58 +0000 [MT] Rejected distribution method <IDEDistributionMethodMacAppStoreDistribution: 0x6000021bf3b0> because it doesn't support distributing archive
2026-06-26 01:59:58 +0000 [MT] Rejected distribution method <IDEDistributionMethodAdHocVisionOS: 0x6000021ced50> because it doesn't support distributing archive
2026-06-26 01:59:58 +0000 [MT] Rejected distribution method <IDEDistributionMethodWatchOSAdHoc: 0x6000021ceca0> because it doesn't support distributing archive
2026-06-26 01:59:58 +0000 [MT] Rejected distribution method <IDEDistributionMethodTVOSAdHoc: 0x6000021cec10> because it doesn't support distributing archive
2026-06-26 01:59:58 +0000 [MT] Accepted distribution method <IDEDistributionMethodiOSAdHoc: 0x6000021bf370>
2026-06-26 01:59:58 +0000 [MT] Rejected distribution method <IDEDistributionMethodMacAdHoc: 0x6000021bf3a0> because it doesn't support distributing archive
2026-06-26 01:59:58 +0000 [MT] Rejected distribution method <IDEDistributionMethodTVOSEnterprise: 0x6000021ced30> because it doesn't support distributing archive
2026-06-26 01:59:58 +0000 [MT] Rejected distribution method <IDEDistributionMethodWatchOSEnterprise: 0x6000021ced00> because it doesn't support distributing archive
2026-06-26 01:59:58 +0000 [MT] Rejected distribution method <IDEDistributionMethodEnterpriseVisionOS: 0x6000021cecf0> because it doesn't support distributing archive
2026-06-26 01:59:58 +0000 [MT] Accepted distribution method <IDEDistributionMethodiOSEnterprise: 0x6000021cec70>
2026-06-26 01:59:58 +0000 [MT] Accepted distribution method <IDEDistributionMethodDevelopmentSigned: 0x6000021ced90>
2026-06-26 01:59:58 +0000 [MT] Rejected distribution method <IDEDistributionMethodDevelopmentSignedVisionOS: 0x6000021ced20> because it doesn't support distributing archive
2026-06-26 01:59:58 +0000 [MT] Rejected distribution method <IDEDistributionMethodWatchOSDevelopmentSigned: 0x6000021cecd0> because it doesn't support distributing archive
2026-06-26 01:59:58 +0000 [MT] Rejected distribution method <IDEDistributionMethodTVOSDevelopmentSigned: 0x6000021cec80> because it doesn't support distributing archive
2026-06-26 01:59:58 +0000 [MT] Rejected distribution method <IDEDistributionMethodDeveloperIDNotarizedApp: 0x6000021ced60> because it doesn't support distributing archive
2026-06-26 01:59:58 +0000 [MT] Rejected distribution method <IDEDistributionMethodDeveloperID: 0x6000021cec60> because it doesn't support distributing archive
2026-06-26 01:59:58 +0000 [MT] Rejected distribution method <IDEDistributionMethodSaveBuiltProducts: 0x6000021cecc0> because it doesn't support distributing archive
2026-06-26 01:59:58 +0000 [MT] Rejected distribution method <IDEDistributionMethodDevelopmentSignedMac: 0x6000021cec40> because it doesn't support distributing archive
2026-06-26 01:59:58 +0000 [MT] Rejected distribution method <IDEDistributionMethodMacApplication: 0x6000021cec20> because it doesn't support distributing archive
2026-06-26 01:59:58 +0000 [MT] Rejected distribution method <IDEDistributionMethodAppStoreValidationVisionOS: 0x6000021ced10> because it doesn't support distributing archive
2026-06-26 01:59:58 +0000 [MT] Rejected distribution method <IDEDistributionMethodTVOSAppStoreValidation: 0x6000021cec50> because it doesn't support distributing archive
2026-06-26 01:59:58 +0000 [MT] Rejected distribution method <IDEDistributionMethodMacAppStoreValidation: 0x6000021cec30> because it doesn't support distributing archive
2026-06-26 01:59:58 +0000 [MT] Rejected distribution method <IDEDistributionMethodiOSAppStoreValidation: 0x6000021cec00> because it doesn't support distributing archive
2026-06-26 01:59:58 +0000 [MT] Rejected distribution method <IDEDistributionMethodExportArchive: 0x6000021cecb0> because it doesn't support distributing archive
2026-06-26 01:59:58 +0000 [MT] Rejected distribution method <IDEDistributionMethodiOSAppStoreDistribution: 0x6000021ced40> because it doesn't support distributing archive
2026-06-26 01:59:58 +0000 [MT] Rejected distribution method <IDEDistributionMethodTVOSAppStoreDistribution: 0x6000021cece0> because it doesn't support distributing archive
2026-06-26 01:59:58 +0000 [MT] Rejected distribution method <IDEDistributionMethodAppStoreDistributionVisionOS: 0x6000021cec90> because it doesn't support distributing archive
2026-06-26 01:59:58 +0000 [MT] Rejected distribution method <IDEDistributionMethodMacAppStoreDistribution: 0x6000021bf3b0> because it doesn't support distributing archive
2026-06-26 01:59:58 +0000 [MT] Rejected distribution method <IDEDistributionMethodAdHocVisionOS: 0x6000021ced50> because it doesn't support distributing archive
2026-06-26 01:59:58 +0000 [MT] Rejected distribution method <IDEDistributionMethodWatchOSAdHoc: 0x6000021ceca0> because it doesn't support distributing archive
2026-06-26 01:59:58 +0000 [MT] Rejected distribution method <IDEDistributionMethodTVOSAdHoc: 0x6000021cec10> because it doesn't support distributing archive
2026-06-26 01:59:58 +0000 [MT] Rejected distribution method <IDEDistributionMethodiOSAdHoc: 0x6000021bf370> because it doesn't support distributing archive
2026-06-26 01:59:58 +0000 [MT] Rejected distribution method <IDEDistributionMethodMacAdHoc: 0x6000021bf3a0> because it doesn't support distributing archive
2026-06-26 01:59:58 +0000 [MT] Rejected distribution method <IDEDistributionMethodTVOSEnterprise: 0x6000021ced30> because it doesn't support distributing archive
2026-06-26 01:59:58 +0000 [MT] Rejected distribution method <IDEDistributionMethodWatchOSEnterprise: 0x6000021ced00> because it doesn't support distributing archive
2026-06-26 01:59:58 +0000 [MT] Rejected distribution method <IDEDistributionMethodEnterpriseVisionOS: 0x6000021cecf0> because it doesn't support distributing archive
2026-06-26 01:59:58 +0000 [MT] Rejected distribution method <IDEDistributionMethodiOSEnterprise: 0x6000021cec70> because it doesn't support distributing archive
2026-06-26 01:59:58 +0000 [MT] Rejected distribution method <IDEDistributionMethodDevelopmentSigned: 0x6000021ced90> because it doesn't support distributing archive
2026-06-26 01:59:58 +0000 [MT] Rejected distribution method <IDEDistributionMethodDevelopmentSignedVisionOS: 0x6000021ced20> because it doesn't support distributing archive
2026-06-26 01:59:58 +0000 [MT] Rejected distribution method <IDEDistributionMethodWatchOSDevelopmentSigned: 0x6000021cecd0> because it doesn't support distributing archive
2026-06-26 01:59:58 +0000 [MT] Rejected distribution method <IDEDistributionMethodTVOSDevelopmentSigned: 0x6000021cec80> because it doesn't support distributing archive
2026-06-26 01:59:58 +0000 [MT] Rejected distribution method <IDEDistributionMethodDeveloperIDNotarizedApp: 0x6000021ced60> because it doesn't support distributing archive
2026-06-26 01:59:58 +0000 [MT] Rejected distribution method <IDEDistributionMethodDeveloperID: 0x6000021cec60> because it doesn't support distributing archive
2026-06-26 01:59:58 +0000 [MT] Rejected distribution method <IDEDistributionMethodSaveBuiltProducts: 0x6000021cecc0> because it doesn't support distributing archive
2026-06-26 01:59:58 +0000 [MT] Rejected distribution method <IDEDistributionMethodDevelopmentSignedMac: 0x6000021cec40> because it doesn't support distributing archive
2026-06-26 01:59:58 +0000 [MT] Rejected distribution method <IDEDistributionMethodMacApplication: 0x6000021cec20> because it doesn't support distributing archive
2026-06-26 01:59:58 +0000 [MT] Rejected distribution method <IDEDistributionMethodAppStoreValidationVisionOS: 0x6000021ced10> because it doesn't support distributing archive
2026-06-26 01:59:58 +0000 [MT] Rejected distribution method <IDEDistributionMethodTVOSAppStoreValidation: 0x6000021cec50> because it doesn't support distributing archive
2026-06-26 01:59:58 +0000 [MT] Rejected distribution method <IDEDistributionMethodMacAppStoreValidation: 0x6000021cec30> because it doesn't support distributing archive
2026-06-26 01:59:58 +0000 [MT] Accepted distribution method <IDEDistributionMethodiOSAppStoreValidation: 0x6000021cec00>
2026-06-26 01:59:58 +0000 [MT] Rejected distribution method <IDEDistributionMethodExportArchive: 0x6000021cecb0> because it doesn't support distributing archive
2026-06-26 01:59:58 +0000 [MT] Available distribution methods: {(
    <IDEDistributionMethodiOSAppStoreDistribution: 0x6000021ced40>,
    <IDEDistributionMethodiOSAdHoc: 0x6000021bf370>,
    <IDEDistributionMethodiOSEnterprise: 0x6000021cec70>,
    <IDEDistributionMethodDevelopmentSigned: 0x6000021ced90>,
    <IDEDistributionMethodiOSAppStoreValidation: 0x6000021cec00>
)}
2026-06-26 01:59:58 +0000 [MT] Accepted distribution method <IDEDistributionMethodiOSAppStoreDistribution: 0x6000021ced40>
2026-06-26 01:59:58 +0000 [MT] Rejected distribution method <IDEDistributionMethodTVOSAppStoreDistribution: 0x6000021cece0> because it doesn't support distributing archive
2026-06-26 01:59:58 +0000 [MT] Rejected distribution method <IDEDistributionMethodAppStoreDistributionVisionOS: 0x6000021cec90> because it doesn't support distributing archive
2026-06-26 01:59:58 +0000 [MT] Rejected distribution method <IDEDistributionMethodMacAppStoreDistribution: 0x6000021bf3b0> because it doesn't support distributing archive
2026-06-26 01:59:58 +0000 [MT] Rejected distribution method <IDEDistributionMethodAdHocVisionOS: 0x6000021ced50> because it doesn't support distributing archive
2026-06-26 01:59:58 +0000 [MT] Rejected distribution method <IDEDistributionMethodWatchOSAdHoc: 0x6000021ceca0> because it doesn't support distributing archive
2026-06-26 01:59:58 +0000 [MT] Rejected distribution method <IDEDistributionMethodTVOSAdHoc: 0x6000021cec10> because it doesn't support distributing archive
2026-06-26 01:59:58 +0000 [MT] Accepted distribution method <IDEDistributionMethodiOSAdHoc: 0x6000021bf370>
2026-06-26 01:59:58 +0000 [MT] Rejected distribution method <IDEDistributionMethodMacAdHoc: 0x6000021bf3a0> because it doesn't support distributing archive
2026-06-26 01:59:58 +0000 [MT] Rejected distribution method <IDEDistributionMethodTVOSEnterprise: 0x6000021ced30> because it doesn't support distributing archive
2026-06-26 01:59:58 +0000 [MT] Rejected distribution method <IDEDistributionMethodWatchOSEnterprise: 0x6000021ced00> because it doesn't support distributing archive
2026-06-26 01:59:58 +0000 [MT] Rejected distribution method <IDEDistributionMethodEnterpriseVisionOS: 0x6000021cecf0> because it doesn't support distributing archive
2026-06-26 01:59:58 +0000 [MT] Accepted distribution method <IDEDistributionMethodiOSEnterprise: 0x6000021cec70>
2026-06-26 01:59:58 +0000 [MT] Accepted distribution method <IDEDistributionMethodDevelopmentSigned: 0x6000021ced90>
2026-06-26 01:59:58 +0000 [MT] Rejected distribution method <IDEDistributionMethodDevelopmentSignedVisionOS: 0x6000021ced20> because it doesn't support distributing archive
2026-06-26 01:59:58 +0000 [MT] Rejected distribution method <IDEDistributionMethodWatchOSDevelopmentSigned: 0x6000021cecd0> because it doesn't support distributing archive
2026-06-26 01:59:58 +0000 [MT] Rejected distribution method <IDEDistributionMethodTVOSDevelopmentSigned: 0x6000021cec80> because it doesn't support distributing archive
2026-06-26 01:59:58 +0000 [MT] Rejected distribution method <IDEDistributionMethodDeveloperIDNotarizedApp: 0x6000021ced60> because it doesn't support distributing archive
2026-06-26 01:59:58 +0000 [MT] Rejected distribution method <IDEDistributionMethodDeveloperID: 0x6000021cec60> because it doesn't support distributing archive
2026-06-26 01:59:58 +0000 [MT] Rejected distribution method <IDEDistributionMethodSaveBuiltProducts: 0x6000021cecc0> because it doesn't support distributing archive
2026-06-26 01:59:58 +0000 [MT] Rejected distribution method <IDEDistributionMethodDevelopmentSignedMac: 0x6000021cec40> because it doesn't support distributing archive
2026-06-26 01:59:58 +0000 [MT] Rejected distribution method <IDEDistributionMethodMacApplication: 0x6000021cec20> because it doesn't support distributing archive
2026-06-26 01:59:58 +0000 [MT] Rejected distribution method <IDEDistributionMethodAppStoreValidationVisionOS: 0x6000021ced10> because it doesn't support distributing archive
2026-06-26 01:59:58 +0000 [MT] Rejected distribution method <IDEDistributionMethodTVOSAppStoreValidation: 0x6000021cec50> because it doesn't support distributing archive
2026-06-26 01:59:58 +0000 [MT] Rejected distribution method <IDEDistributionMethodMacAppStoreValidation: 0x6000021cec30> because it doesn't support distributing archive
2026-06-26 01:59:58 +0000 [MT] Rejected distribution method <IDEDistributionMethodiOSAppStoreValidation: 0x6000021cec00> because it doesn't support distributing archive
2026-06-26 01:59:58 +0000 [MT] Rejected distribution method <IDEDistributionMethodExportArchive: 0x6000021cecb0> because it doesn't support distributing archive
2026-06-26 01:59:58 +0000 [MT] Rejected distribution method <IDEDistributionMethodiOSAppStoreDistribution: 0x6000021ced40> because it doesn't support distributing archive
2026-06-26 01:59:58 +0000 [MT] Rejected distribution method <IDEDistributionMethodTVOSAppStoreDistribution: 0x6000021cece0> because it doesn't support distributing archive
2026-06-26 01:59:58 +0000 [MT] Rejected distribution method <IDEDistributionMethodAppStoreDistributionVisionOS: 0x6000021cec90> because it doesn't support distributing archive
2026-06-26 01:59:58 +0000 [MT] Rejected distribution method <IDEDistributionMethodMacAppStoreDistribution: 0x6000021bf3b0> because it doesn't support distributing archive
2026-06-26 01:59:58 +0000 [MT] Rejected distribution method <IDEDistributionMethodAdHocVisionOS: 0x6000021ced50> because it doesn't support distributing archive
2026-06-26 01:59:58 +0000 [MT] Rejected distribution method <IDEDistributionMethodWatchOSAdHoc: 0x6000021ceca0> because it doesn't support distributing archive
2026-06-26 01:59:58 +0000 [MT] Rejected distribution method <IDEDistributionMethodTVOSAdHoc: 0x6000021cec10> because it doesn't support distributing archive
2026-06-26 01:59:58 +0000 [MT] Rejected distribution method <IDEDistributionMethodiOSAdHoc: 0x6000021bf370> because it doesn't support distributing archive
2026-06-26 01:59:58 +0000 [MT] Rejected distribution method <IDEDistributionMethodMacAdHoc: 0x6000021bf3a0> because it doesn't support distributing archive
2026-06-26 01:59:58 +0000 [MT] Rejected distribution method <IDEDistributionMethodTVOSEnterprise: 0x6000021ced30> because it doesn't support distributing archive
2026-06-26 01:59:58 +0000 [MT] Rejected distribution method <IDEDistributionMethodWatchOSEnterprise: 0x6000021ced00> because it doesn't support distributing archive
2026-06-26 01:59:58 +0000 [MT] Rejected distribution method <IDEDistributionMethodEnterpriseVisionOS: 0x6000021cecf0> because it doesn't support distributing archive
2026-06-26 01:59:58 +0000 [MT] Rejected distribution method <IDEDistributionMethodiOSEnterprise: 0x6000021cec70> because it doesn't support distributing archive
2026-06-26 01:59:58 +0000 [MT] Rejected distribution method <IDEDistributionMethodDevelopmentSigned: 0x6000021ced90> because it doesn't support distributing archive
2026-06-26 01:59:58 +0000 [MT] Rejected distribution method <IDEDistributionMethodDevelopmentSignedVisionOS: 0x6000021ced20> because it doesn't support distributing archive
2026-06-26 01:59:58 +0000 [MT] Rejected distribution method <IDEDistributionMethodWatchOSDevelopmentSigned: 0x6000021cecd0> because it doesn't support distributing archive
2026-06-26 01:59:58 +0000 [MT] Rejected distribution method <IDEDistributionMethodTVOSDevelopmentSigned: 0x6000021cec80> because it doesn't support distributing archive
2026-06-26 01:59:58 +0000 [MT] Rejected distribution method <IDEDistributionMethodDeveloperIDNotarizedApp: 0x6000021ced60> because it doesn't support distributing archive
2026-06-26 01:59:58 +0000 [MT] Rejected distribution method <IDEDistributionMethodDeveloperID: 0x6000021cec60> because it doesn't support distributing archive
2026-06-26 01:59:58 +0000 [MT] Rejected distribution method <IDEDistributionMethodSaveBuiltProducts: 0x6000021cecc0> because it doesn't support distributing archive
2026-06-26 01:59:58 +0000 [MT] Rejected distribution method <IDEDistributionMethodDevelopmentSignedMac: 0x6000021cec40> because it doesn't support distributing archive
2026-06-26 01:59:58 +0000 [MT] Rejected distribution method <IDEDistributionMethodMacApplication: 0x6000021cec20> because it doesn't support distributing archive
2026-06-26 01:59:58 +0000 [MT] Rejected distribution method <IDEDistributionMethodAppStoreValidationVisionOS: 0x6000021ced10> because it doesn't support distributing archive
2026-06-26 01:59:58 +0000 [MT] Rejected distribution method <IDEDistributionMethodTVOSAppStoreValidation: 0x6000021cec50> because it doesn't support distributing archive
2026-06-26 01:59:58 +0000 [MT] Rejected distribution method <IDEDistributionMethodMacAppStoreValidation: 0x6000021cec30> because it doesn't support distributing archive
2026-06-26 01:59:58 +0000 [MT] Accepted distribution method <IDEDistributionMethodiOSAppStoreValidation: 0x6000021cec00>
2026-06-26 01:59:58 +0000 [MT] Rejected distribution method <IDEDistributionMethodExportArchive: 0x6000021cecb0> because it doesn't support distributing archive
2026-06-26 01:59:58 +0000 [MT] Available distribution methods: {(
    <IDEDistributionMethodiOSAppStoreDistribution: 0x6000021ced40>,
    <IDEDistributionMethodiOSAdHoc: 0x6000021bf370>,
    <IDEDistributionMethodiOSEnterprise: 0x6000021cec70>,
    <IDEDistributionMethodDevelopmentSigned: 0x6000021ced90>,
    <IDEDistributionMethodiOSAppStoreValidation: 0x6000021cec00>
)}
2026-06-26 01:59:58 +0000 [MT] IDEDistributionItem init <DVTFilePath:0x600000834540:'/Volumes/workspace/tmp/e9c25865-536e-4a7e-b310-86463e009946.xcarchive/Products/Applications/Vidrip.app/PlugIns/ShareExtension.appex'>
2026-06-26 01:59:58 +0000 [MT] IDEDistributionItem init <DVTFilePath:0x6000008395e0:'/Volumes/workspace/tmp/e9c25865-536e-4a7e-b310-86463e009946.xcarchive/Products/Applications/Vidrip.app/Frameworks/hermes.framework'>
2026-06-26 01:59:58 +0000 [MT] IDEDistributionItem init <DVTFilePath:0x6000007c2fa0:'/Volumes/workspace/tmp/e9c25865-536e-4a7e-b310-86463e009946.xcarchive/Products/Applications/Vidrip.app'>
2026-06-26 01:59:58 +0000 [MT] Set distributionItems on context: (
    "<IDEDistributionItem: 0x600000729b00; bundleID='com.isphillips.vidrip', path='<DVTFilePath:0x6000007c2fa0:'/Volumes/workspace/tmp/e9c25865-536e-4a7e-b310-86463e009946.xcarchive/Products/Applications/Vidrip.app'>', codeSigningInfo='<_DVTCodeSigningInformation_Path: 0x6000007581e0; isSigned='1', isAdHocSigned='1', signingCertificate='(null)', entitlements='{\n    \"aps-environment\" = development;\n}', teamID='(null)', identifier='com.isphillips.vidrip', executablePath='<DVTFilePath:0x6000007052c0:'/Volumes/workspace/tmp/e9c25865-536e-4a7e-b310-86463e009946.xcarchive/Products/Applications/Vidrip.app/Vidrip'>', hardenedRuntime='0'>'>"
)
2026-06-26 01:59:58 +0000 [MT] Archs to thin for item /Volumes/workspace/tmp/e9c25865-536e-4a7e-b310-86463e009946.xcarchive/Products/Applications/Vidrip.app are []
2026-06-26 01:59:58 +0000 [MT] Archs to thin for item /Volumes/workspace/tmp/e9c25865-536e-4a7e-b310-86463e009946.xcarchive/Products/Applications/Vidrip.app/Frameworks/hermes.framework are []
2026-06-26 01:59:58 +0000 [MT] Archs to thin for item /Volumes/workspace/tmp/e9c25865-536e-4a7e-b310-86463e009946.xcarchive/Products/Applications/Vidrip.app/PlugIns/ShareExtension.appex are []
2026-06-26 01:59:58 +0000 [MT] Distributable's provisioning style is Automatic
2026-06-26 01:59:58 +0000 [MT] Starting evaluation for distribution items:
(
    "<IDEDistributionItem: 0x600000729b00; bundleID='com.isphillips.vidrip', path='<DVTFilePath:0x6000007c2fa0:'/Volumes/workspace/tmp/e9c25865-536e-4a7e-b310-86463e009946.xcarchive/Products/Applications/Vidrip.app'>', codeSigningInfo='<_DVTCodeSigningInformation_Path: 0x6000007581e0; isSigned='1', isAdHocSigned='1', signingCertificate='(null)', entitlements='{\n    \"aps-environment\" = development;\n}', teamID='(null)', identifier='com.isphillips.vidrip', executablePath='<DVTFilePath:0x6000007052c0:'/Volumes/workspace/tmp/e9c25865-536e-4a7e-b310-86463e009946.xcarchive/Products/Applications/Vidrip.app/Vidrip'>', hardenedRuntime='0'>'>"
)
2026-06-26 01:59:58 +0000 [MT] Evaluating <IDEDistributionItemProvisionable: 0x600000fa8200; distributionItem='<IDEDistributionItem: 0x600000720720; bundleID='com.isphillips.vidrip.ShareExtension', path='<DVTFilePath:0x600000834540:'/Volumes/workspace/tmp/e9c25865-536e-4a7e-b310-86463e009946.xcarchive/Products/Applications/Vidrip.app/PlugIns/ShareExtension.appex'>', codeSigningInfo='<_DVTCodeSigningInformation_Path: 0x6000007364c0; isSigned='1', isAdHocSigned='1', signingCertificate='(null)', entitlements='(null)', teamID='(null)', identifier='com.isphillips.vidrip.ShareExtension', executablePath='<DVTFilePath:0x60000070f720:'/Volumes/workspace/tmp/e9c25865-536e-4a7e-b310-86463e009946.xcarchive/Products/Applications/Vidrip.app/PlugIns/ShareExtension.appex/ShareExtension'>', hardenedRuntime='0'>'>', team='<IDEProvisioningBasicTeam: 0x600002241e40; teamID='6F98QXGZHU', teamName='(null)'>', method='<IDEDistributionMethodiOSAppStoreDistribution: 0x6000021ced40>', provisioningStyle='0', entitlementsProcessors='(
    "<IDEiCloudEntitlementsProcessor: 0x600002f58240>",
    "<IDEAppAttestEnvironmentEntitlementsProcessor: 0x600002f58270>",
    "<IDEClassKitEntitlementsProcessor: 0x600002f5b810>",
    "<IDEAppIdentifierPrefixedEntitlementsProcessor: 0x600002f5bb40>"
)'> with overrides <IDEProvisionableOverrides 0x600001495970: configuration: Default, profileSupport: <IDEProvisioningProfileSupport: 0x6000021ba150>, provisioningStyle: (null), certificateSigningStyle: (null), provisioningPurpose: app-store, team: (null), platform: <DVTPlatform:0x600000db6180:'com.apple.platform.iphoneos':<DVTFilePath:0x6000008b0b60:'/Applications/Xcode.app/Contents/Developer/Platforms/iPhoneOS.platform'>>, sdk: (null), sdkVariant: (null), profileSpecifier: (null), certificateIdentifier: (null), bundleIdentifier: (null), entitlements: (null), entitlementsFile: (null), baseEntitlements: (null), entitlementsExpansion: (null), entitlementsDestination: (null), allowSigningWithoutTeamSelection: (null), signingRequiresTeam: (null), appIDFeatures: (null)>
2026-06-26 01:59:58 +0000 [MT] Applying entitlements delta for <IDEDistributionItem: 0x600000720720; bundleID='com.isphillips.vidrip.ShareExtension', path='<DVTFilePath:0x600000834540:'/Volumes/workspace/tmp/e9c25865-536e-4a7e-b310-86463e009946.xcarchive/Products/Applications/Vidrip.app/PlugIns/ShareExtension.appex'>', codeSigningInfo='<_DVTCodeSigningInformation_Path: 0x6000007364c0; isSigned='1', isAdHocSigned='1', signingCertificate='(null)', entitlements='(null)', teamID='(null)', identifier='com.isphillips.vidrip.ShareExtension', executablePath='<DVTFilePath:0x60000070f720:'/Volumes/workspace/tmp/e9c25865-536e-4a7e-b310-86463e009946.xcarchive/Products/Applications/Vidrip.app/PlugIns/ShareExtension.appex/ShareExtension'>', hardenedRuntime='0'>'> from <IDEiCloudEntitlementsProcessor: 0x600002f58240>: {
}
2026-06-26 01:59:58 +0000 [MT] Applying entitlements delta for <IDEDistributionItem: 0x600000720720; bundleID='com.isphillips.vidrip.ShareExtension', path='<DVTFilePath:0x600000834540:'/Volumes/workspace/tmp/e9c25865-536e-4a7e-b310-86463e009946.xcarchive/Products/Applications/Vidrip.app/PlugIns/ShareExtension.appex'>', codeSigningInfo='<_DVTCodeSigningInformation_Path: 0x6000007364c0; isSigned='1', isAdHocSigned='1', signingCertificate='(null)', entitlements='(null)', teamID='(null)', identifier='com.isphillips.vidrip.ShareExtension', executablePath='<DVTFilePath:0x60000070f720:'/Volumes/workspace/tmp/e9c25865-536e-4a7e-b310-86463e009946.xcarchive/Products/Applications/Vidrip.app/PlugIns/ShareExtension.appex/ShareExtension'>', hardenedRuntime='0'>'> from <IDEAppAttestEnvironmentEntitlementsProcessor: 0x600002f58270>: {
}
2026-06-26 01:59:58 +0000 [MT] Applying entitlements delta for <IDEDistributionItem: 0x600000720720; bundleID='com.isphillips.vidrip.ShareExtension', path='<DVTFilePath:0x600000834540:'/Volumes/workspace/tmp/e9c25865-536e-4a7e-b310-86463e009946.xcarchive/Products/Applications/Vidrip.app/PlugIns/ShareExtension.appex'>', codeSigningInfo='<_DVTCodeSigningInformation_Path: 0x6000007364c0; isSigned='1', isAdHocSigned='1', signingCertificate='(null)', entitlements='(null)', teamID='(null)', identifier='com.isphillips.vidrip.ShareExtension', executablePath='<DVTFilePath:0x60000070f720:'/Volumes/workspace/tmp/e9c25865-536e-4a7e-b310-86463e009946.xcarchive/Products/Applications/Vidrip.app/PlugIns/ShareExtension.appex/ShareExtension'>', hardenedRuntime='0'>'> from <IDEClassKitEntitlementsProcessor: 0x600002f5b810>: {
}
2026-06-26 01:59:58 +0000 [MT] Applying entitlements delta for <IDEDistributionItem: 0x600000720720; bundleID='com.isphillips.vidrip.ShareExtension', path='<DVTFilePath:0x600000834540:'/Volumes/workspace/tmp/e9c25865-536e-4a7e-b310-86463e009946.xcarchive/Products/Applications/Vidrip.app/PlugIns/ShareExtension.appex'>', codeSigningInfo='<_DVTCodeSigningInformation_Path: 0x6000007364c0; isSigned='1', isAdHocSigned='1', signingCertificate='(null)', entitlements='(null)', teamID='(null)', identifier='com.isphillips.vidrip.ShareExtension', executablePath='<DVTFilePath:0x60000070f720:'/Volumes/workspace/tmp/e9c25865-536e-4a7e-b310-86463e009946.xcarchive/Products/Applications/Vidrip.app/PlugIns/ShareExtension.appex/ShareExtension'>', hardenedRuntime='0'>'> from <IDEAppIdentifierPrefixedEntitlementsProcessor: 0x600002f5bb40>: {
}
2026-06-26 01:59:58 +0000 [MT] Evaluating <IDEDistributionItemProvisionable: 0x600000fa8180; distributionItem='<IDEDistributionItem: 0x600000729b00; bundleID='com.isphillips.vidrip', path='<DVTFilePath:0x6000007c2fa0:'/Volumes/workspace/tmp/e9c25865-536e-4a7e-b310-86463e009946.xcarchive/Products/Applications/Vidrip.app'>', codeSigningInfo='<_DVTCodeSigningInformation_Path: 0x6000007581e0; isSigned='1', isAdHocSigned='1', signingCertificate='(null)', entitlements='{
    "aps-environment" = development;
}', teamID='(null)', identifier='com.isphillips.vidrip', executablePath='<DVTFilePath:0x6000007052c0:'/Volumes/workspace/tmp/e9c25865-536e-4a7e-b310-86463e009946.xcarchive/Products/Applications/Vidrip.app/Vidrip'>', hardenedRuntime='0'>'>', team='<IDEProvisioningBasicTeam: 0x600002241e40; teamID='6F98QXGZHU', teamName='(null)'>', method='<IDEDistributionMethodiOSAppStoreDistribution: 0x6000021ced40>', provisioningStyle='0', entitlementsProcessors='(
    "<IDEiCloudEntitlementsProcessor: 0x600002f5b720>",
    "<IDEAppAttestEnvironmentEntitlementsProcessor: 0x600002f582d0>",
    "<IDEClassKitEntitlementsProcessor: 0x600002f580f0>",
    "<IDEAppIdentifierPrefixedEntitlementsProcessor: 0x600002f5b8a0>"
)'> with overrides <IDEProvisionableOverrides 0x600001495b80: configuration: Default, profileSupport: <IDEProvisioningProfileSupport: 0x6000021bac50>, provisioningStyle: (null), certificateSigningStyle: (null), provisioningPurpose: app-store, team: (null), platform: <DVTPlatform:0x600000db6180:'com.apple.platform.iphoneos':<DVTFilePath:0x6000008b0b60:'/Applications/Xcode.app/Contents/Developer/Platforms/iPhoneOS.platform'>>, sdk: (null), sdkVariant: (null), profileSpecifier: (null), certificateIdentifier: (null), bundleIdentifier: (null), entitlements: (null), entitlementsFile: (null), baseEntitlements: (null), entitlementsExpansion: (null), entitlementsDestination: (null), allowSigningWithoutTeamSelection: (null), signingRequiresTeam: (null), appIDFeatures: (null)>
2026-06-26 01:59:58 +0000 [MT] Applying entitlements delta for <IDEDistributionItem: 0x600000729b00; bundleID='com.isphillips.vidrip', path='<DVTFilePath:0x6000007c2fa0:'/Volumes/workspace/tmp/e9c25865-536e-4a7e-b310-86463e009946.xcarchive/Products/Applications/Vidrip.app'>', codeSigningInfo='<_DVTCodeSigningInformation_Path: 0x6000007581e0; isSigned='1', isAdHocSigned='1', signingCertificate='(null)', entitlements='{
    "aps-environment" = development;
}', teamID='(null)', identifier='com.isphillips.vidrip', executablePath='<DVTFilePath:0x6000007052c0:'/Volumes/workspace/tmp/e9c25865-536e-4a7e-b310-86463e009946.xcarchive/Products/Applications/Vidrip.app/Vidrip'>', hardenedRuntime='0'>'> from <IDEiCloudEntitlementsProcessor: 0x600002f5b720>: {
}
2026-06-26 01:59:58 +0000 [MT] Applying entitlements delta for <IDEDistributionItem: 0x600000729b00; bundleID='com.isphillips.vidrip', path='<DVTFilePath:0x6000007c2fa0:'/Volumes/workspace/tmp/e9c25865-536e-4a7e-b310-86463e009946.xcarchive/Products/Applications/Vidrip.app'>', codeSigningInfo='<_DVTCodeSigningInformation_Path: 0x6000007581e0; isSigned='1', isAdHocSigned='1', signingCertificate='(null)', entitlements='{
    "aps-environment" = development;
}', teamID='(null)', identifier='com.isphillips.vidrip', executablePath='<DVTFilePath:0x6000007052c0:'/Volumes/workspace/tmp/e9c25865-536e-4a7e-b310-86463e009946.xcarchive/Products/Applications/Vidrip.app/Vidrip'>', hardenedRuntime='0'>'> from <IDEAppAttestEnvironmentEntitlementsProcessor: 0x600002f582d0>: {
}
2026-06-26 01:59:58 +0000 [MT] Applying entitlements delta for <IDEDistributionItem: 0x600000729b00; bundleID='com.isphillips.vidrip', path='<DVTFilePath:0x6000007c2fa0:'/Volumes/workspace/tmp/e9c25865-536e-4a7e-b310-86463e009946.xcarchive/Products/Applications/Vidrip.app'>', codeSigningInfo='<_DVTCodeSigningInformation_Path: 0x6000007581e0; isSigned='1', isAdHocSigned='1', signingCertificate='(null)', entitlements='{
    "aps-environment" = development;
}', teamID='(null)', identifier='com.isphillips.vidrip', executablePath='<DVTFilePath:0x6000007052c0:'/Volumes/workspace/tmp/e9c25865-536e-4a7e-b310-86463e009946.xcarchive/Products/Applications/Vidrip.app/Vidrip'>', hardenedRuntime='0'>'> from <IDEClassKitEntitlementsProcessor: 0x600002f580f0>: {
}
2026-06-26 01:59:58 +0000 [MT] Applying entitlements delta for <IDEDistributionItem: 0x600000729b00; bundleID='com.isphillips.vidrip', path='<DVTFilePath:0x6000007c2fa0:'/Volumes/workspace/tmp/e9c25865-536e-4a7e-b310-86463e009946.xcarchive/Products/Applications/Vidrip.app'>', codeSigningInfo='<_DVTCodeSigningInformation_Path: 0x6000007581e0; isSigned='1', isAdHocSigned='1', signingCertificate='(null)', entitlements='{
    "aps-environment" = development;
}', teamID='(null)', identifier='com.isphillips.vidrip', executablePath='<DVTFilePath:0x6000007052c0:'/Volumes/workspace/tmp/e9c25865-536e-4a7e-b310-86463e009946.xcarchive/Products/Applications/Vidrip.app/Vidrip'>', hardenedRuntime='0'>'> from <IDEAppIdentifierPrefixedEntitlementsProcessor: 0x600002f5b8a0>: {
}
2026-06-26 01:59:58 +0000 [MT] Evaluating <IDEDistributionItemProvisionable: 0x600000fa8100; distributionItem='<IDEDistributionItem: 0x600000758180; bundleID='dev.hermesengine.iphoneos', path='<DVTFilePath:0x6000008395e0:'/Volumes/workspace/tmp/e9c25865-536e-4a7e-b310-86463e009946.xcarchive/Products/Applications/Vidrip.app/Frameworks/hermes.framework'>', codeSigningInfo='<_DVTCodeSigningInformation_Path: 0x60000078bf60; isSigned='1', isAdHocSigned='1', signingCertificate='(null)', entitlements='(null)', teamID='(null)', identifier='dev.hermesengine.iphoneos', executablePath='<DVTFilePath:0x600000712be0:'/Volumes/workspace/tmp/e9c25865-536e-4a7e-b310-86463e009946.xcarchive/Products/Applications/Vidrip.app/Frameworks/hermes.framework/hermes'>', hardenedRuntime='0'>'>', team='<IDEProvisioningBasicTeam: 0x600002241e40; teamID='6F98QXGZHU', teamName='(null)'>', method='<IDEDistributionMethodiOSAppStoreDistribution: 0x6000021ced40>', provisioningStyle='0', entitlementsProcessors='(
    "<IDEiCloudEntitlementsProcessor: 0x600002f5bd20>",
    "<IDEAppAttestEnvironmentEntitlementsProcessor: 0x600002f5bde0>",
    "<IDEClassKitEntitlementsProcessor: 0x600002f58a80>",
    "<IDEAppIdentifierPrefixedEntitlementsProcessor: 0x600002f5b240>"
)'> with overrides <IDEProvisionableOverrides 0x6000014f8000: configuration: Default, profileSupport: <IDEProvisioningProfileSupport: 0x6000021bac30>, provisioningStyle: (null), certificateSigningStyle: (null), provisioningPurpose: app-store, team: (null), platform: <DVTPlatform:0x600000db6180:'com.apple.platform.iphoneos':<DVTFilePath:0x6000008b0b60:'/Applications/Xcode.app/Contents/Developer/Platforms/iPhoneOS.platform'>>, sdk: (null), sdkVariant: (null), profileSpecifier: (null), certificateIdentifier: (null), bundleIdentifier: (null), entitlements: (null), entitlementsFile: (null), baseEntitlements: (null), entitlementsExpansion: (null), entitlementsDestination: (null), allowSigningWithoutTeamSelection: (null), signingRequiresTeam: (null), appIDFeatures: (null)>
2026-06-26 01:59:58 +0000 [MT] Applying entitlements delta for <IDEDistributionItem: 0x600000758180; bundleID='dev.hermesengine.iphoneos', path='<DVTFilePath:0x6000008395e0:'/Volumes/workspace/tmp/e9c25865-536e-4a7e-b310-86463e009946.xcarchive/Products/Applications/Vidrip.app/Frameworks/hermes.framework'>', codeSigningInfo='<_DVTCodeSigningInformation_Path: 0x60000078bf60; isSigned='1', isAdHocSigned='1', signingCertificate='(null)', entitlements='(null)', teamID='(null)', identifier='dev.hermesengine.iphoneos', executablePath='<DVTFilePath:0x600000712be0:'/Volumes/workspace/tmp/e9c25865-536e-4a7e-b310-86463e009946.xcarchive/Products/Applications/Vidrip.app/Frameworks/hermes.framework/hermes'>', hardenedRuntime='0'>'> from <IDEiCloudEntitlementsProcessor: 0x600002f5bd20>: {
}
2026-06-26 01:59:58 +0000 [MT] Applying entitlements delta for <IDEDistributionItem: 0x600000758180; bundleID='dev.hermesengine.iphoneos', path='<DVTFilePath:0x6000008395e0:'/Volumes/workspace/tmp/e9c25865-536e-4a7e-b310-86463e009946.xcarchive/Products/Applications/Vidrip.app/Frameworks/hermes.framework'>', codeSigningInfo='<_DVTCodeSigningInformation_Path: 0x60000078bf60; isSigned='1', isAdHocSigned='1', signingCertificate='(null)', entitlements='(null)', teamID='(null)', identifier='dev.hermesengine.iphoneos', executablePath='<DVTFilePath:0x600000712be0:'/Volumes/workspace/tmp/e9c25865-536e-4a7e-b310-86463e009946.xcarchive/Products/Applications/Vidrip.app/Frameworks/hermes.framework/hermes'>', hardenedRuntime='0'>'> from <IDEAppAttestEnvironmentEntitlementsProcessor: 0x600002f5bde0>: {
}
2026-06-26 01:59:58 +0000 [MT] Applying entitlements delta for <IDEDistributionItem: 0x600000758180; bundleID='dev.hermesengine.iphoneos', path='<DVTFilePath:0x6000008395e0:'/Volumes/workspace/tmp/e9c25865-536e-4a7e-b310-86463e009946.xcarchive/Products/Applications/Vidrip.app/Frameworks/hermes.framework'>', codeSigningInfo='<_DVTCodeSigningInformation_Path: 0x60000078bf60; isSigned='1', isAdHocSigned='1', signingCertificate='(null)', entitlements='(null)', teamID='(null)', identifier='dev.hermesengine.iphoneos', executablePath='<DVTFilePath:0x600000712be0:'/Volumes/workspace/tmp/e9c25865-536e-4a7e-b310-86463e009946.xcarchive/Products/Applications/Vidrip.app/Frameworks/hermes.framework/hermes'>', hardenedRuntime='0'>'> from <IDEClassKitEntitlementsProcessor: 0x600002f58a80>: {
}
2026-06-26 01:59:58 +0000 [MT] Applying entitlements delta for <IDEDistributionItem: 0x600000758180; bundleID='dev.hermesengine.iphoneos', path='<DVTFilePath:0x6000008395e0:'/Volumes/workspace/tmp/e9c25865-536e-4a7e-b310-86463e009946.xcarchive/Products/Applications/Vidrip.app/Frameworks/hermes.framework'>', codeSigningInfo='<_DVTCodeSigningInformation_Path: 0x60000078bf60; isSigned='1', isAdHocSigned='1', signingCertificate='(null)', entitlements='(null)', teamID='(null)', identifier='dev.hermesengine.iphoneos', executablePath='<DVTFilePath:0x600000712be0:'/Volumes/workspace/tmp/e9c25865-536e-4a7e-b310-86463e009946.xcarchive/Products/Applications/Vidrip.app/Frameworks/hermes.framework/hermes'>', hardenedRuntime='0'>'> from <IDEAppIdentifierPrefixedEntitlementsProcessor: 0x600002f5b240>: {
}
2026-06-26 01:59:59 +0000 [MT] Evaluation for hermes.framework is <IDEProvisionableStatusEvaluation 0x600000860a80: inputs: <IDEProvisionableStatusEvalutorInputs 0x6000003060d0: provisionableSnapshot: <IDEProvisionableSnapshot 0x600002e963a0: name: hermes.framework, configurations: {
    Default = "<_IDEProvisionableConfigurationSnapshot 0x6000012a0000: name: Default, provisioningStyle: 0, certificateSigningStyle: 2, team: <IDEProvisioningBasicTeam: 0x600002241e40; teamID='6F98QXGZHU', teamName='(null)'>, profileSupport: <IDEProvisioningProfileSupport: 0x6000021e3d80>, platform: <DVTPlatform:0x600000db6180:'com.apple.platform.iphoneos':<DVTFilePath:0x6000008b0b60:'/Applications/Xcode.app/Contents/Developer/Platforms/iPhoneOS.platform'>>, sdk: (null), sdkVariant: (null), bundleIdentifier: dev.hermesengine.iphoneos, profileSpecifier: (null), certificateIdentifier: iPhone Distribution, entitlementsFilePath: (null), baseEntitlements: <IDEProvisionableEntitlements: 0x6000025c8040; signedEntitlements='{\n}', simulatedEntitlements='(null)'>, entitlementsExpansion: <IDEDistributionProvisioningEntitlementsExpansion: 0x6000021e28b0>, entitlementsDestination: 1, allowSigningWithoutTeamSelection: 0, signingRequiresTeam: 0, appIDFeatures: <DVTPortalAppIDFeatures 0x6000025c4740: Features: {\n}, Containers: {\n}>, provisioningPurpose: app-store, supportsIOSMac: 0, areFeaturesUpToDate: 0>";
}, overrides: <IDEProvisionableOverrides 0x6000014f8000: configuration: Default, profileSupport: <IDEProvisioningProfileSupport: 0x6000021bac30>, provisioningStyle: (null), certificateSigningStyle: (null), provisioningPurpose: app-store, team: (null), platform: <DVTPlatform:0x600000db6180:'com.apple.platform.iphoneos':<DVTFilePath:0x6000008b0b60:'/Applications/Xcode.app/Contents/Developer/Platforms/iPhoneOS.platform'>>, sdk: (null), sdkVariant: (null), profileSpecifier: (null), certificateIdentifier: (null), bundleIdentifier: (null), entitlements: (null), entitlementsFile: (null), baseEntitlements: (null), entitlementsExpansion: (null), entitlementsDestination: (null), allowSigningWithoutTeamSelection: (null), signingRequiresTeam: (null), appIDFeatures: (null)>>>, configuration: Default, codesignParameterSnapshot: <IDECodesignParameterSnapshot: 0x600002ef43c0>:
Identity: 2AF399AFC790BFE5C62265AF0E4711EF8B191A55
Certificate <DVTSigningCertificate: 0x6000016d0480; name='Apple Distribution: Immanuel Phillips (6F98QXGZHU)', hash='2AF399AFC790BFE5C62265AF0E4711EF8B191A55', serialNumber='64FDF8FC59346215F0766F1E5453D139', certificateKinds='(
    "1.2.840.113635.100.6.1.7",
    "1.2.840.113635.100.6.1.4"
), issueDate='2026-06-05 23:45:23 +0000''>>, errors: (null)>
2026-06-26 02:00:01 +0000 [MT] Evaluation for ShareExtension.appex is <IDEProvisionableStatusEvaluation 0x600000864700: inputs: <IDEProvisionableStatusEvalutorInputs 0x60000033a850: provisionableSnapshot: <IDEProvisionableSnapshot 0x600002f78e10: name: ShareExtension.appex, configurations: {
    Default = "<_IDEProvisionableConfigurationSnapshot 0x600001289860: name: Default, provisioningStyle: 0, certificateSigningStyle: 2, team: <IDEProvisioningBasicTeam: 0x600002241e40; teamID='6F98QXGZHU', teamName='(null)'>, profileSupport: <IDEProvisioningProfileSupport: 0x6000021bac10>, platform: <DVTPlatform:0x600000db6180:'com.apple.platform.iphoneos':<DVTFilePath:0x6000008b0b60:'/Applications/Xcode.app/Contents/Developer/Platforms/iPhoneOS.platform'>>, sdk: (null), sdkVariant: (null), bundleIdentifier: com.isphillips.vidrip.ShareExtension, profileSpecifier: (null), certificateIdentifier: iPhone Distribution, entitlementsFilePath: (null), baseEntitlements: <IDEProvisionableEntitlements: 0x600002276e00; signedEntitlements='{\n}', simulatedEntitlements='(null)'>, entitlementsExpansion: <IDEDistributionProvisioningEntitlementsExpansion: 0x6000021bac00>, entitlementsDestination: 1, allowSigningWithoutTeamSelection: 0, signingRequiresTeam: 0, appIDFeatures: <DVTPortalAppIDFeatures 0x600002264da0: Features: {\n}, Containers: {\n}>, provisioningPurpose: app-store, supportsIOSMac: 0, areFeaturesUpToDate: 0>";
}, overrides: <IDEProvisionableOverrides 0x600001495970: configuration: Default, profileSupport: <IDEProvisioningProfileSupport: 0x6000021ba150>, provisioningStyle: (null), certificateSigningStyle: (null), provisioningPurpose: app-store, team: (null), platform: <DVTPlatform:0x600000db6180:'com.apple.platform.iphoneos':<DVTFilePath:0x6000008b0b60:'/Applications/Xcode.app/Contents/Developer/Platforms/iPhoneOS.platform'>>, sdk: (null), sdkVariant: (null), profileSpecifier: (null), certificateIdentifier: (null), bundleIdentifier: (null), entitlements: (null), entitlementsFile: (null), baseEntitlements: (null), entitlementsExpansion: (null), entitlementsDestination: (null), allowSigningWithoutTeamSelection: (null), signingRequiresTeam: (null), appIDFeatures: (null)>>>, configuration: Default, codesignParameterSnapshot: (null), errors: (
    "Error Domain=DVTPortalAppIDErrorDomain Code=4 \"Automatic signing cannot register bundle identifier \"com.isphillips.vidrip.ShareExtension\".\" UserInfo={NSLocalizedDescription=Automatic signing cannot register bundle identifier \"com.isphillips.vidrip.ShareExtension\"., NSLocalizedRecoverySuggestion=Automatic signing cannot register bundle identifiers with Apple. Register your bundle identifier on https://developer.apple.com/account and then try again.}",
    "Error Domain=IDEProfileLocatorErrorDomain Code=1 \"No profiles for 'com.isphillips.vidrip.ShareExtension' were found\" UserInfo={NSLocalizedDescription=No profiles for 'com.isphillips.vidrip.ShareExtension' were found, NSLocalizedRecoverySuggestion=Xcode couldn't find any iOS App Store provisioning profiles matching 'com.isphillips.vidrip.ShareExtension'.}"
)>
2026-06-26 02:00:02 +0000 [MT] Evaluation for Vidrip.app is <IDEProvisionableStatusEvaluation 0x6000008067d0: inputs: <IDEProvisionableStatusEvalutorInputs 0x6000003d9f40: provisionableSnapshot: <IDEProvisionableSnapshot 0x600002c63cf0: name: Vidrip.app, configurations: {
    Default = "<_IDEProvisionableConfigurationSnapshot 0x60000128ab20: name: Default, provisioningStyle: 0, certificateSigningStyle: 2, team: <IDEProvisioningBasicTeam: 0x600002241e40; teamID='6F98QXGZHU', teamName='(null)'>, profileSupport: <IDEProvisioningProfileSupport: 0x6000021bb6f0>, platform: <DVTPlatform:0x600000db6180:'com.apple.platform.iphoneos':<DVTFilePath:0x6000008b0b60:'/Applications/Xcode.app/Contents/Developer/Platforms/iPhoneOS.platform'>>, sdk: (null), sdkVariant: (null), bundleIdentifier: com.isphillips.vidrip, profileSpecifier: (null), certificateIdentifier: iPhone Distribution, entitlementsFilePath: (null), baseEntitlements: <IDEProvisionableEntitlements: 0x6000022650a0; signedEntitlements='{\n    \"aps-environment\" = development;\n}', simulatedEntitlements='(null)'>, entitlementsExpansion: <IDEDistributionProvisioningEntitlementsExpansion: 0x6000021bb590>, entitlementsDestination: 1, allowSigningWithoutTeamSelection: 0, signingRequiresTeam: 0, appIDFeatures: <DVTPortalAppIDFeatures 0x6000025c8000: Features: {\n    \"<DVTPortalProfileFeature: 0x60000084f790; id='PUSH_NOTIFICATIONS', userDescription='Push Notifications', platforms='.xros, .iphoneos, .watchos, .appletvos, .macosx'>\" = 1;\n}, Containers: {\n}>, provisioningPurpose: app-store, supportsIOSMac: 0, areFeaturesUpToDate: 0>";
}, overrides: <IDEProvisionableOverrides 0x600001495b80: configuration: Default, profileSupport: <IDEProvisioningProfileSupport: 0x6000021bac50>, provisioningStyle: (null), certificateSigningStyle: (null), provisioningPurpose: app-store, team: (null), platform: <DVTPlatform:0x600000db6180:'com.apple.platform.iphoneos':<DVTFilePath:0x6000008b0b60:'/Applications/Xcode.app/Contents/Developer/Platforms/iPhoneOS.platform'>>, sdk: (null), sdkVariant: (null), profileSpecifier: (null), certificateIdentifier: (null), bundleIdentifier: (null), entitlements: (null), entitlementsFile: (null), baseEntitlements: (null), entitlementsExpansion: (null), entitlementsDestination: (null), allowSigningWithoutTeamSelection: (null), signingRequiresTeam: (null), appIDFeatures: (null)>>>, configuration: Default, codesignParameterSnapshot: <IDECodesignParameterSnapshot: 0x600002e890e0>:
Profile:  <DVTEmbeddedProvisioningProfile 0x6000016d0900: name: iOS Team Store Provisioning Profile: com.isphillips.vidrip, UUID: 7bea8a76-84f5-4178-9f3a-cafde251a17a, teamName: Immanuel Phillips, teamIdentifierPrefixes: (
    6F98QXGZHU
), entitlements: {
    "application-identifier" = "6F98QXGZHU.com.isphillips.vidrip";
    "aps-environment" = production;
    "beta-reports-active" = 1;
    "com.apple.developer.team-identifier" = 6F98QXGZHU;
    "get-task-allow" = 0;
    "keychain-access-groups" =     (
        "6F98QXGZHU.*",
        "com.apple.token"
    );
}, appIdentifierName: Vidrip, applicationIdentifierPrefixes: (
    6F98QXGZHU
), dateCreated: 2026-06-26 02:00:02 +0000, dateExpired: 2027-06-05 23:45:22 +0000, certificateKinds: {(
    "1.2.840.113635.100.6.1.7",
    "1.2.840.113635.100.6.1.4"
)}, certificateSHA1Hashes: {(
    F832246CD5E854687F6CC982E1D6E04147A3213D,
    2AF399AFC790BFE5C62265AF0E4711EF8B191A55
)}, supportedUDIDs: {(
)}, isUniversal: 0, isXcodeManaged: 1, platforms: {(
    <DVTPlatform:0x600000db6280:'com.apple.platform.xros':<DVTFilePath:0x6000007ae640:'/Applications/Xcode.app/Contents/Developer/Platforms/XROS.platform'>>,
    <DVTPlatform:0x600000db6200:'com.apple.platform.watchos':<DVTFilePath:0x6000008b0c40:'/Applications/Xcode.app/Contents/Developer/Platforms/WatchOS.platform'>>,
    <DVTPlatform:0x600000db6180:'com.apple.platform.iphoneos':<DVTFilePath:0x6000008b0b60:'/Applications/Xcode.app/Contents/Developer/Platforms/iPhoneOS.platform'>>
)}, filePath: <DVTFilePath:0x60000119dc20:'/Users/local/Library/Developer/Xcode/UserData/Provisioning Profiles/7bea8a76-84f5-4178-9f3a-cafde251a17a.mobileprovision'>>
Identity: 2AF399AFC790BFE5C62265AF0E4711EF8B191A55
Certificate <DVTSigningCertificate: 0x6000016bf180; name='Apple Distribution: Immanuel Phillips (6F98QXGZHU)', hash='2AF399AFC790BFE5C62265AF0E4711EF8B191A55', serialNumber='64FDF8FC59346215F0766F1E5453D139', certificateKinds='(
    "1.2.840.113635.100.6.1.7",
    "1.2.840.113635.100.6.1.4"
), issueDate='2026-06-05 23:45:23 +0000''>>, errors: (null)>
2026-06-26 02:00:02 +0000 [MT] Step failed: <IDEDistributionSigningAssetsStep: 0x6000022567c0>: Error Domain=IDEDistributionSigningAssetStepErrorDomain Code=0 "Locating signing assets failed." UserInfo={NSLocalizedDescription=Locating signing assets failed., IDEDistributionUnderlyingErrors=(
    "Error Domain=DVTPortalAppIDErrorDomain Code=4 \"Automatic signing cannot register bundle identifier \"com.isphillips.vidrip.ShareExtension\".\" UserInfo={IDEDistributionIssueSeverity=3, NSLocalizedDescription=Automatic signing cannot register bundle identifier \"com.isphillips.vidrip.ShareExtension\"., NSLocalizedRecoverySuggestion=Automatic signing cannot register bundle identifiers with Apple. Register your bundle identifier on https://developer.apple.com/account and then try again.}",
    "Error Domain=IDEProfileLocatorErrorDomain Code=1 \"No profiles for 'com.isphillips.vidrip.ShareExtension' were found\" UserInfo={IDEDistributionIssueSeverity=3, NSLocalizedDescription=No profiles for 'com.isphillips.vidrip.ShareExtension' were found, NSLocalizedRecoverySuggestion=Xcode couldn't find any iOS App Store provisioning profiles matching 'com.isphillips.vidrip.ShareExtension'.}"
)}