2026-06-26 02:00:05 +0000 [MT] Rejected distribution method <IDEDistributionMethodAppStoreDistributionVisionOS: 0x60000035c910> because it doesn't support distributing archive
2026-06-26 02:00:05 +0000 [MT] Rejected distribution method <IDEDistributionMethodMacAppStoreDistribution: 0x6000003b0120> because it doesn't support distributing archive
2026-06-26 02:00:05 +0000 [MT] Accepted distribution method <IDEDistributionMethodiOSAppStoreDistribution: 0x6000003b0320>
2026-06-26 02:00:05 +0000 [MT] Rejected distribution method <IDEDistributionMethodTVOSAppStoreDistribution: 0x6000003fe910> because it doesn't support distributing archive
2026-06-26 02:00:05 +0000 [MT] Rejected distribution method <IDEDistributionMethodWatchOSAdHoc: 0x60000035c8e0> because it doesn't support distributing archive
2026-06-26 02:00:05 +0000 [MT] Rejected distribution method <IDEDistributionMethodMacAdHoc: 0x60000035c930> because it doesn't support distributing archive
2026-06-26 02:00:05 +0000 [MT] Rejected distribution method <IDEDistributionMethodTVOSAdHoc: 0x60000035c950> because it doesn't support distributing archive
2026-06-26 02:00:05 +0000 [MT] Accepted distribution method <IDEDistributionMethodiOSAdHoc: 0x6000003bff00>
2026-06-26 02:00:05 +0000 [MT] Rejected distribution method <IDEDistributionMethodAdHocVisionOS: 0x6000003b0370> because it doesn't support distributing archive
2026-06-26 02:00:05 +0000 [MT] Rejected distribution method <IDEDistributionMethodTVOSEnterprise: 0x6000003b0110> because it doesn't support distributing archive
2026-06-26 02:00:05 +0000 [MT] Rejected distribution method <IDEDistributionMethodWatchOSEnterprise: 0x6000003fe930> because it doesn't support distributing archive
2026-06-26 02:00:05 +0000 [MT] Rejected distribution method <IDEDistributionMethodEnterpriseVisionOS: 0x6000003fe810> because it doesn't support distributing archive
2026-06-26 02:00:05 +0000 [MT] Accepted distribution method <IDEDistributionMethodiOSEnterprise: 0x6000003fe8a0>
2026-06-26 02:00:05 +0000 [MT] Rejected distribution method <IDEDistributionMethodWatchOSDevelopmentSigned: 0x60000035c8d0> because it doesn't support distributing archive
2026-06-26 02:00:05 +0000 [MT] Rejected distribution method <IDEDistributionMethodTVOSDevelopmentSigned: 0x60000035c920> because it doesn't support distributing archive
2026-06-26 02:00:05 +0000 [MT] Accepted distribution method <IDEDistributionMethodDevelopmentSigned: 0x60000035c990>
2026-06-26 02:00:05 +0000 [MT] Rejected distribution method <IDEDistributionMethodDevelopmentSignedVisionOS: 0x6000003b0140> because it doesn't support distributing archive
2026-06-26 02:00:05 +0000 [MT] Rejected distribution method <IDEDistributionMethodDeveloperID: 0x60000035c940> because it doesn't support distributing archive
2026-06-26 02:00:05 +0000 [MT] Rejected distribution method <IDEDistributionMethodDeveloperIDNotarizedApp: 0x6000003b0130> because it doesn't support distributing archive
2026-06-26 02:00:05 +0000 [MT] Rejected distribution method <IDEDistributionMethodSaveBuiltProducts: 0x60000035c8f0> because it doesn't support distributing archive
2026-06-26 02:00:05 +0000 [MT] Rejected distribution method <IDEDistributionMethodDevelopmentSignedMac: 0x60000035c960> because it doesn't support distributing archive
2026-06-26 02:00:05 +0000 [MT] Rejected distribution method <IDEDistributionMethodMacApplication: 0x60000035c980> because it doesn't support distributing archive
2026-06-26 02:00:05 +0000 [MT] Rejected distribution method <IDEDistributionMethodMacAppStoreValidation: 0x60000035c970> because it doesn't support distributing archive
2026-06-26 02:00:05 +0000 [MT] Rejected distribution method <IDEDistributionMethodiOSAppStoreValidation: 0x60000035c9a0> because it doesn't support distributing archive
2026-06-26 02:00:05 +0000 [MT] Rejected distribution method <IDEDistributionMethodAppStoreValidationVisionOS: 0x6000003b0080> because it doesn't support distributing archive
2026-06-26 02:00:05 +0000 [MT] Rejected distribution method <IDEDistributionMethodTVOSAppStoreValidation: 0x6000003fe8b0> because it doesn't support distributing archive
2026-06-26 02:00:05 +0000 [MT] Rejected distribution method <IDEDistributionMethodExportArchive: 0x60000035c900> because it doesn't support distributing archive
2026-06-26 02:00:05 +0000 [MT] Rejected distribution method <IDEDistributionMethodAppStoreDistributionVisionOS: 0x60000035c910> because it doesn't support distributing archive
2026-06-26 02:00:05 +0000 [MT] Rejected distribution method <IDEDistributionMethodMacAppStoreDistribution: 0x6000003b0120> because it doesn't support distributing archive
2026-06-26 02:00:05 +0000 [MT] Rejected distribution method <IDEDistributionMethodiOSAppStoreDistribution: 0x6000003b0320> because it doesn't support distributing archive
2026-06-26 02:00:05 +0000 [MT] Rejected distribution method <IDEDistributionMethodTVOSAppStoreDistribution: 0x6000003fe910> because it doesn't support distributing archive
2026-06-26 02:00:05 +0000 [MT] Rejected distribution method <IDEDistributionMethodWatchOSAdHoc: 0x60000035c8e0> because it doesn't support distributing archive
2026-06-26 02:00:05 +0000 [MT] Rejected distribution method <IDEDistributionMethodMacAdHoc: 0x60000035c930> because it doesn't support distributing archive
2026-06-26 02:00:05 +0000 [MT] Rejected distribution method <IDEDistributionMethodTVOSAdHoc: 0x60000035c950> because it doesn't support distributing archive
2026-06-26 02:00:05 +0000 [MT] Rejected distribution method <IDEDistributionMethodiOSAdHoc: 0x6000003bff00> because it doesn't support distributing archive
2026-06-26 02:00:05 +0000 [MT] Rejected distribution method <IDEDistributionMethodAdHocVisionOS: 0x6000003b0370> because it doesn't support distributing archive
2026-06-26 02:00:05 +0000 [MT] Rejected distribution method <IDEDistributionMethodTVOSEnterprise: 0x6000003b0110> because it doesn't support distributing archive
2026-06-26 02:00:05 +0000 [MT] Rejected distribution method <IDEDistributionMethodWatchOSEnterprise: 0x6000003fe930> because it doesn't support distributing archive
2026-06-26 02:00:05 +0000 [MT] Rejected distribution method <IDEDistributionMethodEnterpriseVisionOS: 0x6000003fe810> because it doesn't support distributing archive
2026-06-26 02:00:05 +0000 [MT] Rejected distribution method <IDEDistributionMethodiOSEnterprise: 0x6000003fe8a0> because it doesn't support distributing archive
2026-06-26 02:00:05 +0000 [MT] Rejected distribution method <IDEDistributionMethodWatchOSDevelopmentSigned: 0x60000035c8d0> because it doesn't support distributing archive
2026-06-26 02:00:05 +0000 [MT] Rejected distribution method <IDEDistributionMethodTVOSDevelopmentSigned: 0x60000035c920> because it doesn't support distributing archive
2026-06-26 02:00:05 +0000 [MT] Rejected distribution method <IDEDistributionMethodDevelopmentSigned: 0x60000035c990> because it doesn't support distributing archive
2026-06-26 02:00:05 +0000 [MT] Rejected distribution method <IDEDistributionMethodDevelopmentSignedVisionOS: 0x6000003b0140> because it doesn't support distributing archive
2026-06-26 02:00:05 +0000 [MT] Rejected distribution method <IDEDistributionMethodDeveloperID: 0x60000035c940> because it doesn't support distributing archive
2026-06-26 02:00:05 +0000 [MT] Rejected distribution method <IDEDistributionMethodDeveloperIDNotarizedApp: 0x6000003b0130> because it doesn't support distributing archive
2026-06-26 02:00:05 +0000 [MT] Rejected distribution method <IDEDistributionMethodSaveBuiltProducts: 0x60000035c8f0> because it doesn't support distributing archive
2026-06-26 02:00:05 +0000 [MT] Rejected distribution method <IDEDistributionMethodDevelopmentSignedMac: 0x60000035c960> because it doesn't support distributing archive
2026-06-26 02:00:05 +0000 [MT] Rejected distribution method <IDEDistributionMethodMacApplication: 0x60000035c980> because it doesn't support distributing archive
2026-06-26 02:00:05 +0000 [MT] Rejected distribution method <IDEDistributionMethodMacAppStoreValidation: 0x60000035c970> because it doesn't support distributing archive
2026-06-26 02:00:05 +0000 [MT] Accepted distribution method <IDEDistributionMethodiOSAppStoreValidation: 0x60000035c9a0>
2026-06-26 02:00:05 +0000 [MT] Rejected distribution method <IDEDistributionMethodAppStoreValidationVisionOS: 0x6000003b0080> because it doesn't support distributing archive
2026-06-26 02:00:05 +0000 [MT] Rejected distribution method <IDEDistributionMethodTVOSAppStoreValidation: 0x6000003fe8b0> because it doesn't support distributing archive
2026-06-26 02:00:05 +0000 [MT] Rejected distribution method <IDEDistributionMethodExportArchive: 0x60000035c900> because it doesn't support distributing archive
2026-06-26 02:00:05 +0000 [MT] Available distribution methods: {(
    <IDEDistributionMethodiOSAppStoreDistribution: 0x6000003b0320>,
    <IDEDistributionMethodiOSAdHoc: 0x6000003bff00>,
    <IDEDistributionMethodiOSEnterprise: 0x6000003fe8a0>,
    <IDEDistributionMethodDevelopmentSigned: 0x60000035c990>,
    <IDEDistributionMethodiOSAppStoreValidation: 0x60000035c9a0>
)}
2026-06-26 02:00:05 +0000 [MT] Rejected distribution method <IDEDistributionMethodAppStoreDistributionVisionOS: 0x60000035c910> because it doesn't support distributing archive
2026-06-26 02:00:05 +0000 [MT] Rejected distribution method <IDEDistributionMethodMacAppStoreDistribution: 0x6000003b0120> because it doesn't support distributing archive
2026-06-26 02:00:05 +0000 [MT] Accepted distribution method <IDEDistributionMethodiOSAppStoreDistribution: 0x6000003b0320>
2026-06-26 02:00:05 +0000 [MT] Rejected distribution method <IDEDistributionMethodTVOSAppStoreDistribution: 0x6000003fe910> because it doesn't support distributing archive
2026-06-26 02:00:05 +0000 [MT] Rejected distribution method <IDEDistributionMethodWatchOSAdHoc: 0x60000035c8e0> because it doesn't support distributing archive
2026-06-26 02:00:05 +0000 [MT] Rejected distribution method <IDEDistributionMethodMacAdHoc: 0x60000035c930> because it doesn't support distributing archive
2026-06-26 02:00:05 +0000 [MT] Rejected distribution method <IDEDistributionMethodTVOSAdHoc: 0x60000035c950> because it doesn't support distributing archive
2026-06-26 02:00:05 +0000 [MT] Accepted distribution method <IDEDistributionMethodiOSAdHoc: 0x6000003bff00>
2026-06-26 02:00:05 +0000 [MT] Rejected distribution method <IDEDistributionMethodAdHocVisionOS: 0x6000003b0370> because it doesn't support distributing archive
2026-06-26 02:00:05 +0000 [MT] Rejected distribution method <IDEDistributionMethodTVOSEnterprise: 0x6000003b0110> because it doesn't support distributing archive
2026-06-26 02:00:05 +0000 [MT] Rejected distribution method <IDEDistributionMethodWatchOSEnterprise: 0x6000003fe930> because it doesn't support distributing archive
2026-06-26 02:00:05 +0000 [MT] Rejected distribution method <IDEDistributionMethodEnterpriseVisionOS: 0x6000003fe810> because it doesn't support distributing archive
2026-06-26 02:00:05 +0000 [MT] Accepted distribution method <IDEDistributionMethodiOSEnterprise: 0x6000003fe8a0>
2026-06-26 02:00:05 +0000 [MT] Rejected distribution method <IDEDistributionMethodWatchOSDevelopmentSigned: 0x60000035c8d0> because it doesn't support distributing archive
2026-06-26 02:00:05 +0000 [MT] Rejected distribution method <IDEDistributionMethodTVOSDevelopmentSigned: 0x60000035c920> because it doesn't support distributing archive
2026-06-26 02:00:05 +0000 [MT] Accepted distribution method <IDEDistributionMethodDevelopmentSigned: 0x60000035c990>
2026-06-26 02:00:05 +0000 [MT] Rejected distribution method <IDEDistributionMethodDevelopmentSignedVisionOS: 0x6000003b0140> because it doesn't support distributing archive
2026-06-26 02:00:05 +0000 [MT] Rejected distribution method <IDEDistributionMethodDeveloperID: 0x60000035c940> because it doesn't support distributing archive
2026-06-26 02:00:05 +0000 [MT] Rejected distribution method <IDEDistributionMethodDeveloperIDNotarizedApp: 0x6000003b0130> because it doesn't support distributing archive
2026-06-26 02:00:05 +0000 [MT] Rejected distribution method <IDEDistributionMethodSaveBuiltProducts: 0x60000035c8f0> because it doesn't support distributing archive
2026-06-26 02:00:05 +0000 [MT] Rejected distribution method <IDEDistributionMethodDevelopmentSignedMac: 0x60000035c960> because it doesn't support distributing archive
2026-06-26 02:00:05 +0000 [MT] Rejected distribution method <IDEDistributionMethodMacApplication: 0x60000035c980> because it doesn't support distributing archive
2026-06-26 02:00:05 +0000 [MT] Rejected distribution method <IDEDistributionMethodMacAppStoreValidation: 0x60000035c970> because it doesn't support distributing archive
2026-06-26 02:00:05 +0000 [MT] Rejected distribution method <IDEDistributionMethodiOSAppStoreValidation: 0x60000035c9a0> because it doesn't support distributing archive
2026-06-26 02:00:05 +0000 [MT] Rejected distribution method <IDEDistributionMethodAppStoreValidationVisionOS: 0x6000003b0080> because it doesn't support distributing archive
2026-06-26 02:00:05 +0000 [MT] Rejected distribution method <IDEDistributionMethodTVOSAppStoreValidation: 0x6000003fe8b0> because it doesn't support distributing archive
2026-06-26 02:00:05 +0000 [MT] Rejected distribution method <IDEDistributionMethodExportArchive: 0x60000035c900> because it doesn't support distributing archive
2026-06-26 02:00:05 +0000 [MT] Rejected distribution method <IDEDistributionMethodAppStoreDistributionVisionOS: 0x60000035c910> because it doesn't support distributing archive
2026-06-26 02:00:05 +0000 [MT] Rejected distribution method <IDEDistributionMethodMacAppStoreDistribution: 0x6000003b0120> because it doesn't support distributing archive
2026-06-26 02:00:05 +0000 [MT] Rejected distribution method <IDEDistributionMethodiOSAppStoreDistribution: 0x6000003b0320> because it doesn't support distributing archive
2026-06-26 02:00:05 +0000 [MT] Rejected distribution method <IDEDistributionMethodTVOSAppStoreDistribution: 0x6000003fe910> because it doesn't support distributing archive
2026-06-26 02:00:06 +0000 [MT] Rejected distribution method <IDEDistributionMethodWatchOSAdHoc: 0x60000035c8e0> because it doesn't support distributing archive
2026-06-26 02:00:06 +0000 [MT] Rejected distribution method <IDEDistributionMethodMacAdHoc: 0x60000035c930> because it doesn't support distributing archive
2026-06-26 02:00:06 +0000 [MT] Rejected distribution method <IDEDistributionMethodTVOSAdHoc: 0x60000035c950> because it doesn't support distributing archive
2026-06-26 02:00:06 +0000 [MT] Rejected distribution method <IDEDistributionMethodiOSAdHoc: 0x6000003bff00> because it doesn't support distributing archive
2026-06-26 02:00:06 +0000 [MT] Rejected distribution method <IDEDistributionMethodAdHocVisionOS: 0x6000003b0370> because it doesn't support distributing archive
2026-06-26 02:00:06 +0000 [MT] Rejected distribution method <IDEDistributionMethodTVOSEnterprise: 0x6000003b0110> because it doesn't support distributing archive
2026-06-26 02:00:06 +0000 [MT] Rejected distribution method <IDEDistributionMethodWatchOSEnterprise: 0x6000003fe930> because it doesn't support distributing archive
2026-06-26 02:00:06 +0000 [MT] Rejected distribution method <IDEDistributionMethodEnterpriseVisionOS: 0x6000003fe810> because it doesn't support distributing archive
2026-06-26 02:00:06 +0000 [MT] Rejected distribution method <IDEDistributionMethodiOSEnterprise: 0x6000003fe8a0> because it doesn't support distributing archive
2026-06-26 02:00:06 +0000 [MT] Rejected distribution method <IDEDistributionMethodWatchOSDevelopmentSigned: 0x60000035c8d0> because it doesn't support distributing archive
2026-06-26 02:00:06 +0000 [MT] Rejected distribution method <IDEDistributionMethodTVOSDevelopmentSigned: 0x60000035c920> because it doesn't support distributing archive
2026-06-26 02:00:06 +0000 [MT] Rejected distribution method <IDEDistributionMethodDevelopmentSigned: 0x60000035c990> because it doesn't support distributing archive
2026-06-26 02:00:06 +0000 [MT] Rejected distribution method <IDEDistributionMethodDevelopmentSignedVisionOS: 0x6000003b0140> because it doesn't support distributing archive
2026-06-26 02:00:06 +0000 [MT] Rejected distribution method <IDEDistributionMethodDeveloperID: 0x60000035c940> because it doesn't support distributing archive
2026-06-26 02:00:06 +0000 [MT] Rejected distribution method <IDEDistributionMethodDeveloperIDNotarizedApp: 0x6000003b0130> because it doesn't support distributing archive
2026-06-26 02:00:06 +0000 [MT] Rejected distribution method <IDEDistributionMethodSaveBuiltProducts: 0x60000035c8f0> because it doesn't support distributing archive
2026-06-26 02:00:06 +0000 [MT] Rejected distribution method <IDEDistributionMethodDevelopmentSignedMac: 0x60000035c960> because it doesn't support distributing archive
2026-06-26 02:00:06 +0000 [MT] Rejected distribution method <IDEDistributionMethodMacApplication: 0x60000035c980> because it doesn't support distributing archive
2026-06-26 02:00:06 +0000 [MT] Rejected distribution method <IDEDistributionMethodMacAppStoreValidation: 0x60000035c970> because it doesn't support distributing archive
2026-06-26 02:00:06 +0000 [MT] Accepted distribution method <IDEDistributionMethodiOSAppStoreValidation: 0x60000035c9a0>
2026-06-26 02:00:06 +0000 [MT] Rejected distribution method <IDEDistributionMethodAppStoreValidationVisionOS: 0x6000003b0080> because it doesn't support distributing archive
2026-06-26 02:00:06 +0000 [MT] Rejected distribution method <IDEDistributionMethodTVOSAppStoreValidation: 0x6000003fe8b0> because it doesn't support distributing archive
2026-06-26 02:00:06 +0000 [MT] Rejected distribution method <IDEDistributionMethodExportArchive: 0x60000035c900> because it doesn't support distributing archive
2026-06-26 02:00:06 +0000 [MT] Available distribution methods: {(
    <IDEDistributionMethodiOSAppStoreDistribution: 0x6000003b0320>,
    <IDEDistributionMethodiOSAdHoc: 0x6000003bff00>,
    <IDEDistributionMethodiOSEnterprise: 0x6000003fe8a0>,
    <IDEDistributionMethodDevelopmentSigned: 0x60000035c990>,
    <IDEDistributionMethodiOSAppStoreValidation: 0x60000035c9a0>
)}
2026-06-26 02:00:06 +0000 [MT] IDEDistributionItem init <DVTFilePath:0x600002a65880:'/Volumes/workspace/tmp/e9c25865-536e-4a7e-b310-86463e009946.xcarchive/Products/Applications/Vidrip.app/Frameworks/hermes.framework'>
2026-06-26 02:00:06 +0000 [MT] IDEDistributionItem init <DVTFilePath:0x600002a775d0:'/Volumes/workspace/tmp/e9c25865-536e-4a7e-b310-86463e009946.xcarchive/Products/Applications/Vidrip.app/PlugIns/ShareExtension.appex'>
2026-06-26 02:00:06 +0000 [MT] IDEDistributionItem init <DVTFilePath:0x6000025f4300:'/Volumes/workspace/tmp/e9c25865-536e-4a7e-b310-86463e009946.xcarchive/Products/Applications/Vidrip.app'>
2026-06-26 02:00:06 +0000 [MT] Set distributionItems on context: (
    "<IDEDistributionItem: 0x60000251abe0; bundleID='com.isphillips.vidrip', path='<DVTFilePath:0x6000025f4300:'/Volumes/workspace/tmp/e9c25865-536e-4a7e-b310-86463e009946.xcarchive/Products/Applications/Vidrip.app'>', codeSigningInfo='<_DVTCodeSigningInformation_Path: 0x60000251ab80; isSigned='1', isAdHocSigned='1', signingCertificate='(null)', entitlements='{\n    \"aps-environment\" = development;\n}', teamID='(null)', identifier='com.isphillips.vidrip', executablePath='<DVTFilePath:0x60000257a040:'/Volumes/workspace/tmp/e9c25865-536e-4a7e-b310-86463e009946.xcarchive/Products/Applications/Vidrip.app/Vidrip'>', hardenedRuntime='0'>'>"
)
2026-06-26 02:00:06 +0000 [MT] Archs to thin for item /Volumes/workspace/tmp/e9c25865-536e-4a7e-b310-86463e009946.xcarchive/Products/Applications/Vidrip.app are []
2026-06-26 02:00:06 +0000 [MT] Archs to thin for item /Volumes/workspace/tmp/e9c25865-536e-4a7e-b310-86463e009946.xcarchive/Products/Applications/Vidrip.app/Frameworks/hermes.framework are []
2026-06-26 02:00:06 +0000 [MT] Archs to thin for item /Volumes/workspace/tmp/e9c25865-536e-4a7e-b310-86463e009946.xcarchive/Products/Applications/Vidrip.app/PlugIns/ShareExtension.appex are []
2026-06-26 02:00:06 +0000 [MT] Distributable's provisioning style is Automatic
2026-06-26 02:00:06 +0000 [MT] Starting evaluation for distribution items:
(
    "<IDEDistributionItem: 0x60000251abe0; bundleID='com.isphillips.vidrip', path='<DVTFilePath:0x6000025f4300:'/Volumes/workspace/tmp/e9c25865-536e-4a7e-b310-86463e009946.xcarchive/Products/Applications/Vidrip.app'>', codeSigningInfo='<_DVTCodeSigningInformation_Path: 0x60000251ab80; isSigned='1', isAdHocSigned='1', signingCertificate='(null)', entitlements='{\n    \"aps-environment\" = development;\n}', teamID='(null)', identifier='com.isphillips.vidrip', executablePath='<DVTFilePath:0x60000257a040:'/Volumes/workspace/tmp/e9c25865-536e-4a7e-b310-86463e009946.xcarchive/Products/Applications/Vidrip.app/Vidrip'>', hardenedRuntime='0'>'>"
)
2026-06-26 02:00:06 +0000 [MT] Evaluating <IDEDistributionItemProvisionable: 0x600002f43380; distributionItem='<IDEDistributionItem: 0x60000251a8e0; bundleID='com.isphillips.vidrip.ShareExtension', path='<DVTFilePath:0x600002a775d0:'/Volumes/workspace/tmp/e9c25865-536e-4a7e-b310-86463e009946.xcarchive/Products/Applications/Vidrip.app/PlugIns/ShareExtension.appex'>', codeSigningInfo='<_DVTCodeSigningInformation_Path: 0x60000251a880; isSigned='1', isAdHocSigned='1', signingCertificate='(null)', entitlements='(null)', teamID='(null)', identifier='com.isphillips.vidrip.ShareExtension', executablePath='<DVTFilePath:0x600002547ba0:'/Volumes/workspace/tmp/e9c25865-536e-4a7e-b310-86463e009946.xcarchive/Products/Applications/Vidrip.app/PlugIns/ShareExtension.appex/ShareExtension'>', hardenedRuntime='0'>'>', team='<IDEProvisioningBasicTeam: 0x6000007c1f40; teamID='6F98QXGZHU', teamName='(null)'>', method='<IDEDistributionMethodiOSAppStoreDistribution: 0x6000003b0320>', provisioningStyle='0', entitlementsProcessors='(
    "<IDEiCloudEntitlementsProcessor: 0x600000e14db0>",
    "<IDEAppAttestEnvironmentEntitlementsProcessor: 0x600000e14a20>",
    "<IDEClassKitEntitlementsProcessor: 0x600000e15080>",
    "<IDEAppIdentifierPrefixedEntitlementsProcessor: 0x600000e15140>"
)'> with overrides <IDEProvisionableOverrides 0x6000036e82c0: configuration: Default, profileSupport: <IDEProvisioningProfileSupport: 0x6000003803d0>, provisioningStyle: (null), certificateSigningStyle: (null), provisioningPurpose: app-store, team: (null), platform: <DVTPlatform:0x600002fcc780:'com.apple.platform.iphoneos':<DVTFilePath:0x600002adc620:'/Applications/Xcode.app/Contents/Developer/Platforms/iPhoneOS.platform'>>, sdk: (null), sdkVariant: (null), profileSpecifier: (null), certificateIdentifier: (null), bundleIdentifier: (null), entitlements: (null), entitlementsFile: (null), baseEntitlements: (null), entitlementsExpansion: (null), entitlementsDestination: (null), allowSigningWithoutTeamSelection: (null), signingRequiresTeam: (null), appIDFeatures: (null)>
2026-06-26 02:00:06 +0000 [MT] Applying entitlements delta for <IDEDistributionItem: 0x60000251a8e0; bundleID='com.isphillips.vidrip.ShareExtension', path='<DVTFilePath:0x600002a775d0:'/Volumes/workspace/tmp/e9c25865-536e-4a7e-b310-86463e009946.xcarchive/Products/Applications/Vidrip.app/PlugIns/ShareExtension.appex'>', codeSigningInfo='<_DVTCodeSigningInformation_Path: 0x60000251a880; isSigned='1', isAdHocSigned='1', signingCertificate='(null)', entitlements='(null)', teamID='(null)', identifier='com.isphillips.vidrip.ShareExtension', executablePath='<DVTFilePath:0x600002547ba0:'/Volumes/workspace/tmp/e9c25865-536e-4a7e-b310-86463e009946.xcarchive/Products/Applications/Vidrip.app/PlugIns/ShareExtension.appex/ShareExtension'>', hardenedRuntime='0'>'> from <IDEiCloudEntitlementsProcessor: 0x600000e14db0>: {
}
2026-06-26 02:00:06 +0000 [MT] Applying entitlements delta for <IDEDistributionItem: 0x60000251a8e0; bundleID='com.isphillips.vidrip.ShareExtension', path='<DVTFilePath:0x600002a775d0:'/Volumes/workspace/tmp/e9c25865-536e-4a7e-b310-86463e009946.xcarchive/Products/Applications/Vidrip.app/PlugIns/ShareExtension.appex'>', codeSigningInfo='<_DVTCodeSigningInformation_Path: 0x60000251a880; isSigned='1', isAdHocSigned='1', signingCertificate='(null)', entitlements='(null)', teamID='(null)', identifier='com.isphillips.vidrip.ShareExtension', executablePath='<DVTFilePath:0x600002547ba0:'/Volumes/workspace/tmp/e9c25865-536e-4a7e-b310-86463e009946.xcarchive/Products/Applications/Vidrip.app/PlugIns/ShareExtension.appex/ShareExtension'>', hardenedRuntime='0'>'> from <IDEAppAttestEnvironmentEntitlementsProcessor: 0x600000e14a20>: {
}
2026-06-26 02:00:06 +0000 [MT] Applying entitlements delta for <IDEDistributionItem: 0x60000251a8e0; bundleID='com.isphillips.vidrip.ShareExtension', path='<DVTFilePath:0x600002a775d0:'/Volumes/workspace/tmp/e9c25865-536e-4a7e-b310-86463e009946.xcarchive/Products/Applications/Vidrip.app/PlugIns/ShareExtension.appex'>', codeSigningInfo='<_DVTCodeSigningInformation_Path: 0x60000251a880; isSigned='1', isAdHocSigned='1', signingCertificate='(null)', entitlements='(null)', teamID='(null)', identifier='com.isphillips.vidrip.ShareExtension', executablePath='<DVTFilePath:0x600002547ba0:'/Volumes/workspace/tmp/e9c25865-536e-4a7e-b310-86463e009946.xcarchive/Products/Applications/Vidrip.app/PlugIns/ShareExtension.appex/ShareExtension'>', hardenedRuntime='0'>'> from <IDEClassKitEntitlementsProcessor: 0x600000e15080>: {
}
2026-06-26 02:00:06 +0000 [MT] Applying entitlements delta for <IDEDistributionItem: 0x60000251a8e0; bundleID='com.isphillips.vidrip.ShareExtension', path='<DVTFilePath:0x600002a775d0:'/Volumes/workspace/tmp/e9c25865-536e-4a7e-b310-86463e009946.xcarchive/Products/Applications/Vidrip.app/PlugIns/ShareExtension.appex'>', codeSigningInfo='<_DVTCodeSigningInformation_Path: 0x60000251a880; isSigned='1', isAdHocSigned='1', signingCertificate='(null)', entitlements='(null)', teamID='(null)', identifier='com.isphillips.vidrip.ShareExtension', executablePath='<DVTFilePath:0x600002547ba0:'/Volumes/workspace/tmp/e9c25865-536e-4a7e-b310-86463e009946.xcarchive/Products/Applications/Vidrip.app/PlugIns/ShareExtension.appex/ShareExtension'>', hardenedRuntime='0'>'> from <IDEAppIdentifierPrefixedEntitlementsProcessor: 0x600000e15140>: {
}
2026-06-26 02:00:06 +0000 [MT] Evaluating <IDEDistributionItemProvisionable: 0x600002f43400; distributionItem='<IDEDistributionItem: 0x60000251abe0; bundleID='com.isphillips.vidrip', path='<DVTFilePath:0x6000025f4300:'/Volumes/workspace/tmp/e9c25865-536e-4a7e-b310-86463e009946.xcarchive/Products/Applications/Vidrip.app'>', codeSigningInfo='<_DVTCodeSigningInformation_Path: 0x60000251ab80; isSigned='1', isAdHocSigned='1', signingCertificate='(null)', entitlements='{
    "aps-environment" = development;
}', teamID='(null)', identifier='com.isphillips.vidrip', executablePath='<DVTFilePath:0x60000257a040:'/Volumes/workspace/tmp/e9c25865-536e-4a7e-b310-86463e009946.xcarchive/Products/Applications/Vidrip.app/Vidrip'>', hardenedRuntime='0'>'>', team='<IDEProvisioningBasicTeam: 0x6000007c1f40; teamID='6F98QXGZHU', teamName='(null)'>', method='<IDEDistributionMethodiOSAppStoreDistribution: 0x6000003b0320>', provisioningStyle='0', entitlementsProcessors='(
    "<IDEiCloudEntitlementsProcessor: 0x600000e14fc0>",
    "<IDEAppAttestEnvironmentEntitlementsProcessor: 0x600000e149f0>",
    "<IDEClassKitEntitlementsProcessor: 0x600000e14d80>",
    "<IDEAppIdentifierPrefixedEntitlementsProcessor: 0x600000e150b0>"
)'> with overrides <IDEProvisionableOverrides 0x600003682470: configuration: Default, profileSupport: <IDEProvisioningProfileSupport: 0x6000003817a0>, provisioningStyle: (null), certificateSigningStyle: (null), provisioningPurpose: app-store, team: (null), platform: <DVTPlatform:0x600002fcc780:'com.apple.platform.iphoneos':<DVTFilePath:0x600002adc620:'/Applications/Xcode.app/Contents/Developer/Platforms/iPhoneOS.platform'>>, sdk: (null), sdkVariant: (null), profileSpecifier: (null), certificateIdentifier: (null), bundleIdentifier: (null), entitlements: (null), entitlementsFile: (null), baseEntitlements: (null), entitlementsExpansion: (null), entitlementsDestination: (null), allowSigningWithoutTeamSelection: (null), signingRequiresTeam: (null), appIDFeatures: (null)>
2026-06-26 02:00:06 +0000 [MT] Applying entitlements delta for <IDEDistributionItem: 0x60000251abe0; bundleID='com.isphillips.vidrip', path='<DVTFilePath:0x6000025f4300:'/Volumes/workspace/tmp/e9c25865-536e-4a7e-b310-86463e009946.xcarchive/Products/Applications/Vidrip.app'>', codeSigningInfo='<_DVTCodeSigningInformation_Path: 0x60000251ab80; isSigned='1', isAdHocSigned='1', signingCertificate='(null)', entitlements='{
    "aps-environment" = development;
}', teamID='(null)', identifier='com.isphillips.vidrip', executablePath='<DVTFilePath:0x60000257a040:'/Volumes/workspace/tmp/e9c25865-536e-4a7e-b310-86463e009946.xcarchive/Products/Applications/Vidrip.app/Vidrip'>', hardenedRuntime='0'>'> from <IDEiCloudEntitlementsProcessor: 0x600000e14fc0>: {
}
2026-06-26 02:00:06 +0000 [MT] Applying entitlements delta for <IDEDistributionItem: 0x60000251abe0; bundleID='com.isphillips.vidrip', path='<DVTFilePath:0x6000025f4300:'/Volumes/workspace/tmp/e9c25865-536e-4a7e-b310-86463e009946.xcarchive/Products/Applications/Vidrip.app'>', codeSigningInfo='<_DVTCodeSigningInformation_Path: 0x60000251ab80; isSigned='1', isAdHocSigned='1', signingCertificate='(null)', entitlements='{
    "aps-environment" = development;
}', teamID='(null)', identifier='com.isphillips.vidrip', executablePath='<DVTFilePath:0x60000257a040:'/Volumes/workspace/tmp/e9c25865-536e-4a7e-b310-86463e009946.xcarchive/Products/Applications/Vidrip.app/Vidrip'>', hardenedRuntime='0'>'> from <IDEAppAttestEnvironmentEntitlementsProcessor: 0x600000e149f0>: {
}
2026-06-26 02:00:06 +0000 [MT] Applying entitlements delta for <IDEDistributionItem: 0x60000251abe0; bundleID='com.isphillips.vidrip', path='<DVTFilePath:0x6000025f4300:'/Volumes/workspace/tmp/e9c25865-536e-4a7e-b310-86463e009946.xcarchive/Products/Applications/Vidrip.app'>', codeSigningInfo='<_DVTCodeSigningInformation_Path: 0x60000251ab80; isSigned='1', isAdHocSigned='1', signingCertificate='(null)', entitlements='{
    "aps-environment" = development;
}', teamID='(null)', identifier='com.isphillips.vidrip', executablePath='<DVTFilePath:0x60000257a040:'/Volumes/workspace/tmp/e9c25865-536e-4a7e-b310-86463e009946.xcarchive/Products/Applications/Vidrip.app/Vidrip'>', hardenedRuntime='0'>'> from <IDEClassKitEntitlementsProcessor: 0x600000e14d80>: {
}
2026-06-26 02:00:06 +0000 [MT] Applying entitlements delta for <IDEDistributionItem: 0x60000251abe0; bundleID='com.isphillips.vidrip', path='<DVTFilePath:0x6000025f4300:'/Volumes/workspace/tmp/e9c25865-536e-4a7e-b310-86463e009946.xcarchive/Products/Applications/Vidrip.app'>', codeSigningInfo='<_DVTCodeSigningInformation_Path: 0x60000251ab80; isSigned='1', isAdHocSigned='1', signingCertificate='(null)', entitlements='{
    "aps-environment" = development;
}', teamID='(null)', identifier='com.isphillips.vidrip', executablePath='<DVTFilePath:0x60000257a040:'/Volumes/workspace/tmp/e9c25865-536e-4a7e-b310-86463e009946.xcarchive/Products/Applications/Vidrip.app/Vidrip'>', hardenedRuntime='0'>'> from <IDEAppIdentifierPrefixedEntitlementsProcessor: 0x600000e150b0>: {
}
2026-06-26 02:00:06 +0000 [MT] Evaluating <IDEDistributionItemProvisionable: 0x600002f43200; distributionItem='<IDEDistributionItem: 0x60000251a640; bundleID='dev.hermesengine.iphoneos', path='<DVTFilePath:0x600002a65880:'/Volumes/workspace/tmp/e9c25865-536e-4a7e-b310-86463e009946.xcarchive/Products/Applications/Vidrip.app/Frameworks/hermes.framework'>', codeSigningInfo='<_DVTCodeSigningInformation_Path: 0x60000251a5e0; isSigned='1', isAdHocSigned='1', signingCertificate='(null)', entitlements='(null)', teamID='(null)', identifier='dev.hermesengine.iphoneos', executablePath='<DVTFilePath:0x600002560000:'/Volumes/workspace/tmp/e9c25865-536e-4a7e-b310-86463e009946.xcarchive/Products/Applications/Vidrip.app/Frameworks/hermes.framework/hermes'>', hardenedRuntime='0'>'>', team='<IDEProvisioningBasicTeam: 0x6000007c1f40; teamID='6F98QXGZHU', teamName='(null)'>', method='<IDEDistributionMethodiOSAppStoreDistribution: 0x6000003b0320>', provisioningStyle='0', entitlementsProcessors='(
    "<IDEiCloudEntitlementsProcessor: 0x600000e14ff0>",
    "<IDEAppAttestEnvironmentEntitlementsProcessor: 0x600000e14f90>",
    "<IDEClassKitEntitlementsProcessor: 0x600000e144b0>",
    "<IDEAppIdentifierPrefixedEntitlementsProcessor: 0x600000e14450>"
)'> with overrides <IDEProvisionableOverrides 0x6000036b4000: configuration: Default, profileSupport: <IDEProvisioningProfileSupport: 0x6000003822d0>, provisioningStyle: (null), certificateSigningStyle: (null), provisioningPurpose: app-store, team: (null), platform: <DVTPlatform:0x600002fcc780:'com.apple.platform.iphoneos':<DVTFilePath:0x600002adc620:'/Applications/Xcode.app/Contents/Developer/Platforms/iPhoneOS.platform'>>, sdk: (null), sdkVariant: (null), profileSpecifier: (null), certificateIdentifier: (null), bundleIdentifier: (null), entitlements: (null), entitlementsFile: (null), baseEntitlements: (null), entitlementsExpansion: (null), entitlementsDestination: (null), allowSigningWithoutTeamSelection: (null), signingRequiresTeam: (null), appIDFeatures: (null)>
2026-06-26 02:00:06 +0000 [MT] Applying entitlements delta for <IDEDistributionItem: 0x60000251a640; bundleID='dev.hermesengine.iphoneos', path='<DVTFilePath:0x600002a65880:'/Volumes/workspace/tmp/e9c25865-536e-4a7e-b310-86463e009946.xcarchive/Products/Applications/Vidrip.app/Frameworks/hermes.framework'>', codeSigningInfo='<_DVTCodeSigningInformation_Path: 0x60000251a5e0; isSigned='1', isAdHocSigned='1', signingCertificate='(null)', entitlements='(null)', teamID='(null)', identifier='dev.hermesengine.iphoneos', executablePath='<DVTFilePath:0x600002560000:'/Volumes/workspace/tmp/e9c25865-536e-4a7e-b310-86463e009946.xcarchive/Products/Applications/Vidrip.app/Frameworks/hermes.framework/hermes'>', hardenedRuntime='0'>'> from <IDEiCloudEntitlementsProcessor: 0x600000e14ff0>: {
}
2026-06-26 02:00:06 +0000 [MT] Applying entitlements delta for <IDEDistributionItem: 0x60000251a640; bundleID='dev.hermesengine.iphoneos', path='<DVTFilePath:0x600002a65880:'/Volumes/workspace/tmp/e9c25865-536e-4a7e-b310-86463e009946.xcarchive/Products/Applications/Vidrip.app/Frameworks/hermes.framework'>', codeSigningInfo='<_DVTCodeSigningInformation_Path: 0x60000251a5e0; isSigned='1', isAdHocSigned='1', signingCertificate='(null)', entitlements='(null)', teamID='(null)', identifier='dev.hermesengine.iphoneos', executablePath='<DVTFilePath:0x600002560000:'/Volumes/workspace/tmp/e9c25865-536e-4a7e-b310-86463e009946.xcarchive/Products/Applications/Vidrip.app/Frameworks/hermes.framework/hermes'>', hardenedRuntime='0'>'> from <IDEAppAttestEnvironmentEntitlementsProcessor: 0x600000e14f90>: {
}
2026-06-26 02:00:06 +0000 [MT] Applying entitlements delta for <IDEDistributionItem: 0x60000251a640; bundleID='dev.hermesengine.iphoneos', path='<DVTFilePath:0x600002a65880:'/Volumes/workspace/tmp/e9c25865-536e-4a7e-b310-86463e009946.xcarchive/Products/Applications/Vidrip.app/Frameworks/hermes.framework'>', codeSigningInfo='<_DVTCodeSigningInformation_Path: 0x60000251a5e0; isSigned='1', isAdHocSigned='1', signingCertificate='(null)', entitlements='(null)', teamID='(null)', identifier='dev.hermesengine.iphoneos', executablePath='<DVTFilePath:0x600002560000:'/Volumes/workspace/tmp/e9c25865-536e-4a7e-b310-86463e009946.xcarchive/Products/Applications/Vidrip.app/Frameworks/hermes.framework/hermes'>', hardenedRuntime='0'>'> from <IDEClassKitEntitlementsProcessor: 0x600000e144b0>: {
}
2026-06-26 02:00:06 +0000 [MT] Applying entitlements delta for <IDEDistributionItem: 0x60000251a640; bundleID='dev.hermesengine.iphoneos', path='<DVTFilePath:0x600002a65880:'/Volumes/workspace/tmp/e9c25865-536e-4a7e-b310-86463e009946.xcarchive/Products/Applications/Vidrip.app/Frameworks/hermes.framework'>', codeSigningInfo='<_DVTCodeSigningInformation_Path: 0x60000251a5e0; isSigned='1', isAdHocSigned='1', signingCertificate='(null)', entitlements='(null)', teamID='(null)', identifier='dev.hermesengine.iphoneos', executablePath='<DVTFilePath:0x600002560000:'/Volumes/workspace/tmp/e9c25865-536e-4a7e-b310-86463e009946.xcarchive/Products/Applications/Vidrip.app/Frameworks/hermes.framework/hermes'>', hardenedRuntime='0'>'> from <IDEAppIdentifierPrefixedEntitlementsProcessor: 0x600000e14450>: {
}
2026-06-26 02:00:07 +0000 [MT] Evaluation for hermes.framework is <IDEProvisionableStatusEvaluation 0x600002a15730: inputs: <IDEProvisionableStatusEvalutorInputs 0x600002180be0: provisionableSnapshot: <IDEProvisionableSnapshot 0x600000d35a70: name: hermes.framework, configurations: {
    Default = "<_IDEProvisionableConfigurationSnapshot 0x600003090000: name: Default, provisioningStyle: 0, certificateSigningStyle: 2, team: <IDEProvisioningBasicTeam: 0x6000007c1f40; teamID='6F98QXGZHU', teamName='(null)'>, profileSupport: <IDEProvisioningProfileSupport: 0x600000382220>, platform: <DVTPlatform:0x600002fcc780:'com.apple.platform.iphoneos':<DVTFilePath:0x600002adc620:'/Applications/Xcode.app/Contents/Developer/Platforms/iPhoneOS.platform'>>, sdk: (null), sdkVariant: (null), bundleIdentifier: dev.hermesengine.iphoneos, profileSpecifier: (null), certificateIdentifier: iPhone Distribution, entitlementsFilePath: (null), baseEntitlements: <IDEProvisionableEntitlements: 0x60000079c280; signedEntitlements='{\n}', simulatedEntitlements='(null)'>, entitlementsExpansion: <IDEDistributionProvisioningEntitlementsExpansion: 0x6000003821a0>, entitlementsDestination: 1, allowSigningWithoutTeamSelection: 0, signingRequiresTeam: 0, appIDFeatures: <DVTPortalAppIDFeatures 0x6000007844c0: Features: {\n}, Containers: {\n}>, provisioningPurpose: app-store, supportsIOSMac: 0, areFeaturesUpToDate: 0>";
}, overrides: <IDEProvisionableOverrides 0x6000036b4000: configuration: Default, profileSupport: <IDEProvisioningProfileSupport: 0x6000003822d0>, provisioningStyle: (null), certificateSigningStyle: (null), provisioningPurpose: app-store, team: (null), platform: <DVTPlatform:0x600002fcc780:'com.apple.platform.iphoneos':<DVTFilePath:0x600002adc620:'/Applications/Xcode.app/Contents/Developer/Platforms/iPhoneOS.platform'>>, sdk: (null), sdkVariant: (null), profileSpecifier: (null), certificateIdentifier: (null), bundleIdentifier: (null), entitlements: (null), entitlementsFile: (null), baseEntitlements: (null), entitlementsExpansion: (null), entitlementsDestination: (null), allowSigningWithoutTeamSelection: (null), signingRequiresTeam: (null), appIDFeatures: (null)>>>, configuration: Default, codesignParameterSnapshot: <IDECodesignParameterSnapshot: 0x600000cf5a70>:
Identity: 2AF399AFC790BFE5C62265AF0E4711EF8B191A55
Certificate <DVTSigningCertificate: 0x6000034eccc0; name='Apple Distribution: Immanuel Phillips (6F98QXGZHU)', hash='2AF399AFC790BFE5C62265AF0E4711EF8B191A55', serialNumber='64FDF8FC59346215F0766F1E5453D139', certificateKinds='(
    "1.2.840.113635.100.6.1.7",
    "1.2.840.113635.100.6.1.4"
), issueDate='2026-06-05 23:45:23 +0000''>>, errors: (null)>
2026-06-26 02:00:09 +0000 [MT] Evaluation for Vidrip.app is <IDEProvisionableStatusEvaluation 0x600002ad4690: inputs: <IDEProvisionableStatusEvalutorInputs 0x6000021cea30: provisionableSnapshot: <IDEProvisionableSnapshot 0x600000d0d710: name: Vidrip.app, configurations: {
    Default = "<_IDEProvisionableConfigurationSnapshot 0x6000030f3e80: name: Default, provisioningStyle: 0, certificateSigningStyle: 2, team: <IDEProvisioningBasicTeam: 0x6000007c1f40; teamID='6F98QXGZHU', teamName='(null)'>, profileSupport: <IDEProvisioningProfileSupport: 0x6000003823e0>, platform: <DVTPlatform:0x600002fcc780:'com.apple.platform.iphoneos':<DVTFilePath:0x600002adc620:'/Applications/Xcode.app/Contents/Developer/Platforms/iPhoneOS.platform'>>, sdk: (null), sdkVariant: (null), bundleIdentifier: com.isphillips.vidrip, profileSpecifier: (null), certificateIdentifier: iPhone Distribution, entitlementsFilePath: (null), baseEntitlements: <IDEProvisionableEntitlements: 0x6000007e1f20; signedEntitlements='{\n    \"aps-environment\" = development;\n}', simulatedEntitlements='(null)'>, entitlementsExpansion: <IDEDistributionProvisioningEntitlementsExpansion: 0x6000003823b0>, entitlementsDestination: 1, allowSigningWithoutTeamSelection: 0, signingRequiresTeam: 0, appIDFeatures: <DVTPortalAppIDFeatures 0x60000079c000: Features: {\n    \"<DVTPortalProfileFeature: 0x600002a3efb0; id='PUSH_NOTIFICATIONS', userDescription='Push Notifications', platforms='.iphoneos, .watchos, .appletvos, .xros, .macosx'>\" = 1;\n}, Containers: {\n}>, provisioningPurpose: app-store, supportsIOSMac: 0, areFeaturesUpToDate: 0>";
}, overrides: <IDEProvisionableOverrides 0x600003682470: configuration: Default, profileSupport: <IDEProvisioningProfileSupport: 0x6000003817a0>, provisioningStyle: (null), certificateSigningStyle: (null), provisioningPurpose: app-store, team: (null), platform: <DVTPlatform:0x600002fcc780:'com.apple.platform.iphoneos':<DVTFilePath:0x600002adc620:'/Applications/Xcode.app/Contents/Developer/Platforms/iPhoneOS.platform'>>, sdk: (null), sdkVariant: (null), profileSpecifier: (null), certificateIdentifier: (null), bundleIdentifier: (null), entitlements: (null), entitlementsFile: (null), baseEntitlements: (null), entitlementsExpansion: (null), entitlementsDestination: (null), allowSigningWithoutTeamSelection: (null), signingRequiresTeam: (null), appIDFeatures: (null)>>>, configuration: Default, codesignParameterSnapshot: <IDECodesignParameterSnapshot: 0x600000fe3840>:
Profile:  <DVTEmbeddedProvisioningProfile 0x6000034f03c0: name: iOS Team Store Provisioning Profile: com.isphillips.vidrip, UUID: 7bea8a76-84f5-4178-9f3a-cafde251a17a, teamName: Immanuel Phillips, teamIdentifierPrefixes: (
    6F98QXGZHU
), entitlements: {
    "application-identifier" = "6F98QXGZHU.com.isphillips.vidrip";
    "aps-environment" = production;
    "beta-reports-active" = 1;
    "com.apple.developer.team-identifier" = 6F98QXGZHU;
    "get-task-allow" = 0;
    "keychain-access-groups" =     (
        "6F98QXGZHU.*",
        "com.apple.token"
    );
}, appIdentifierName: Vidrip, applicationIdentifierPrefixes: (
    6F98QXGZHU
), dateCreated: 2026-06-26 02:00:02 +0000, dateExpired: 2027-06-05 23:45:22 +0000, certificateKinds: {(
    "1.2.840.113635.100.6.1.7",
    "1.2.840.113635.100.6.1.4"
)}, certificateSHA1Hashes: {(
    F832246CD5E854687F6CC982E1D6E04147A3213D,
    2AF399AFC790BFE5C62265AF0E4711EF8B191A55
)}, supportedUDIDs: {(
)}, isUniversal: 0, isXcodeManaged: 1, platforms: {(
    <DVTPlatform:0x600002fcc880:'com.apple.platform.xros':<DVTFilePath:0x6000025ca220:'/Applications/Xcode.app/Contents/Developer/Platforms/XROS.platform'>>,
    <DVTPlatform:0x600002fcc800:'com.apple.platform.watchos':<DVTFilePath:0x600002adc700:'/Applications/Xcode.app/Contents/Developer/Platforms/WatchOS.platform'>>,
    <DVTPlatform:0x600002fcc780:'com.apple.platform.iphoneos':<DVTFilePath:0x600002adc620:'/Applications/Xcode.app/Contents/Developer/Platforms/iPhoneOS.platform'>>
)}, filePath: <DVTFilePath:0x6000033dc2d0:'/Users/local/Library/Developer/Xcode/UserData/Provisioning Profiles/7bea8a76-84f5-4178-9f3a-cafde251a17a.mobileprovision'>>
Identity: 2AF399AFC790BFE5C62265AF0E4711EF8B191A55
Certificate <DVTSigningCertificate: 0x6000034c15c0; name='Apple Distribution: Immanuel Phillips (6F98QXGZHU)', hash='2AF399AFC790BFE5C62265AF0E4711EF8B191A55', serialNumber='64FDF8FC59346215F0766F1E5453D139', certificateKinds='(
    "1.2.840.113635.100.6.1.7",
    "1.2.840.113635.100.6.1.4"
), issueDate='2026-06-05 23:45:23 +0000''>>, errors: (null)>
2026-06-26 02:00:09 +0000 [MT] Evaluation for ShareExtension.appex is <IDEProvisionableStatusEvaluation 0x600002ad5570: inputs: <IDEProvisionableStatusEvalutorInputs 0x6000021c7b10: provisionableSnapshot: <IDEProvisionableSnapshot 0x600000e16a60: name: ShareExtension.appex, configurations: {
    Default = "<_IDEProvisionableConfigurationSnapshot 0x6000030f0be0: name: Default, provisioningStyle: 0, certificateSigningStyle: 2, team: <IDEProvisioningBasicTeam: 0x6000007c1f40; teamID='6F98QXGZHU', teamName='(null)'>, profileSupport: <IDEProvisioningProfileSupport: 0x600000380400>, platform: <DVTPlatform:0x600002fcc780:'com.apple.platform.iphoneos':<DVTFilePath:0x600002adc620:'/Applications/Xcode.app/Contents/Developer/Platforms/iPhoneOS.platform'>>, sdk: (null), sdkVariant: (null), bundleIdentifier: com.isphillips.vidrip.ShareExtension, profileSpecifier: (null), certificateIdentifier: iPhone Distribution, entitlementsFilePath: (null), baseEntitlements: <IDEProvisionableEntitlements: 0x600000066740; signedEntitlements='{\n}', simulatedEntitlements='(null)'>, entitlementsExpansion: <IDEDistributionProvisioningEntitlementsExpansion: 0x600000380530>, entitlementsDestination: 1, allowSigningWithoutTeamSelection: 0, signingRequiresTeam: 0, appIDFeatures: <DVTPortalAppIDFeatures 0x6000007e1e20: Features: {\n}, Containers: {\n}>, provisioningPurpose: app-store, supportsIOSMac: 0, areFeaturesUpToDate: 0>";
}, overrides: <IDEProvisionableOverrides 0x6000036e82c0: configuration: Default, profileSupport: <IDEProvisioningProfileSupport: 0x6000003803d0>, provisioningStyle: (null), certificateSigningStyle: (null), provisioningPurpose: app-store, team: (null), platform: <DVTPlatform:0x600002fcc780:'com.apple.platform.iphoneos':<DVTFilePath:0x600002adc620:'/Applications/Xcode.app/Contents/Developer/Platforms/iPhoneOS.platform'>>, sdk: (null), sdkVariant: (null), profileSpecifier: (null), certificateIdentifier: (null), bundleIdentifier: (null), entitlements: (null), entitlementsFile: (null), baseEntitlements: (null), entitlementsExpansion: (null), entitlementsDestination: (null), allowSigningWithoutTeamSelection: (null), signingRequiresTeam: (null), appIDFeatures: (null)>>>, configuration: Default, codesignParameterSnapshot: (null), errors: (
    "Error Domain=DVTPortalAppIDErrorDomain Code=4 \"Automatic signing cannot register bundle identifier \"com.isphillips.vidrip.ShareExtension\".\" UserInfo={NSLocalizedDescription=Automatic signing cannot register bundle identifier \"com.isphillips.vidrip.ShareExtension\"., NSLocalizedRecoverySuggestion=Automatic signing cannot register bundle identifiers with Apple. Register your bundle identifier on https://developer.apple.com/account and then try again.}",
    "Error Domain=IDEProfileLocatorErrorDomain Code=1 \"No profiles for 'com.isphillips.vidrip.ShareExtension' were found\" UserInfo={NSLocalizedDescription=No profiles for 'com.isphillips.vidrip.ShareExtension' were found, NSLocalizedRecoverySuggestion=Xcode couldn't find any iOS App Store provisioning profiles matching 'com.isphillips.vidrip.ShareExtension'.}"
)>
2026-06-26 02:00:09 +0000 [MT] Step failed: <IDEDistributionSigningAssetsStep: 0x6000000f94c0>: Error Domain=IDEDistributionSigningAssetStepErrorDomain Code=0 "Locating signing assets failed." UserInfo={NSLocalizedDescription=Locating signing assets failed., IDEDistributionUnderlyingErrors=(
    "Error Domain=DVTPortalAppIDErrorDomain Code=4 \"Automatic signing cannot register bundle identifier \"com.isphillips.vidrip.ShareExtension\".\" UserInfo={IDEDistributionIssueSeverity=3, NSLocalizedDescription=Automatic signing cannot register bundle identifier \"com.isphillips.vidrip.ShareExtension\"., NSLocalizedRecoverySuggestion=Automatic signing cannot register bundle identifiers with Apple. Register your bundle identifier on https://developer.apple.com/account and then try again.}",
    "Error Domain=IDEProfileLocatorErrorDomain Code=1 \"No profiles for 'com.isphillips.vidrip.ShareExtension' were found\" UserInfo={IDEDistributionIssueSeverity=3, NSLocalizedDescription=No profiles for 'com.isphillips.vidrip.ShareExtension' were found, NSLocalizedRecoverySuggestion=Xcode couldn't find any iOS App Store provisioning profiles matching 'com.isphillips.vidrip.ShareExtension'.}"
)}