2026-06-26 02:00:05 +0000 [MT] Starting export with options: {"manageAppVersionAndBuildNumber":false,"iCloudContainerEnvironment":"Production","raiseProfileSupportOptionalToRequired":false,"teamID":"6F98QXGZHU","thinning":"<none>","uploadSymbols":true,"testFlightInternalTestingOnly":false,"embedOnDemandResourcesAssetPacksInBundle":true,"destination":"export","generateAppStoreInformation":false,"stripSwiftSymbols":true,"buildNumber":"65","method":"app-store"}
2026-06-26 02:00:06 +0000 [MT] Running step: IDEDistributionAnalyzeArchiveStep with <IDEDistributionContext: 0x7fe0d7f69980; archive(resolved)="<IDEArchive: 0x600002a75650>", distributionTask(resolved)="2", distributionDestination(resolved)="1", distributionMethod(resolved)="<IDEDistributionMethodiOSAppStoreDistribution: 0x6000003b0320>", team(resolved)="(null)">
	Chain (3, self inclusive):
	<IDEDistributionContext: 0x7fe0d7f69980; archive = "<IDEArchive: 0x600002a75650>", distributionMethod="<IDEDistributionMethodiOSAppStoreDistribution: 0x6000003b0320>", team="(null)">
	<IDEDistributionContext: 0x7fe0e093e870; archive = "<IDEArchive: 0x600002a75650>", distributionMethod="<IDEDistributionMethodiOSAppStoreDistribution: 0x6000003b0320>", team="(null)">
	<IDEDistributionContext: 0x7fe0e0937370; archive = "<IDEArchive: 0x600002a75650>", distributionMethod="(null)", team="(null)">
</IDEDistributionContext: 0x7fe0d7f69980>
2026-06-26 02:00:06 +0000 [MT] [OPTIONAL] Didn't find embedded provisioning profile for <DVTFilePath:0x600002a775d0:'/Volumes/workspace/tmp/e9c25865-536e-4a7e-b310-86463e009946.xcarchive/Products/Applications/Vidrip.app/PlugIns/ShareExtension.appex'>: Error Domain=NSCocoaErrorDomain Code=4 "No file at <DVTFilePath:0x600002a105b0:'/Volumes/workspace/tmp/e9c25865-536e-4a7e-b310-86463e009946.xcarchive/Products/Applications/Vidrip.app/PlugIns/ShareExtension.appex/embedded.mobileprovision'>" UserInfo={NSLocalizedDescription=No file at <DVTFilePath:0x600002a105b0:'/Volumes/workspace/tmp/e9c25865-536e-4a7e-b310-86463e009946.xcarchive/Products/Applications/Vidrip.app/PlugIns/ShareExtension.appex/embedded.mobileprovision'>}
2026-06-26 02:00:06 +0000 [MT] [OPTIONAL] Didn't find embedded provisioning profile for <DVTFilePath:0x6000025f4300:'/Volumes/workspace/tmp/e9c25865-536e-4a7e-b310-86463e009946.xcarchive/Products/Applications/Vidrip.app'>: Error Domain=NSCocoaErrorDomain Code=4 "No file at <DVTFilePath:0x600002a10850:'/Volumes/workspace/tmp/e9c25865-536e-4a7e-b310-86463e009946.xcarchive/Products/Applications/Vidrip.app/embedded.mobileprovision'>" UserInfo={NSLocalizedDescription=No file at <DVTFilePath:0x600002a10850:'/Volumes/workspace/tmp/e9c25865-536e-4a7e-b310-86463e009946.xcarchive/Products/Applications/Vidrip.app/embedded.mobileprovision'>}
2026-06-26 02:00:06 +0000 [MT] [OPTIONAL] Didn't find platform <DVTPlatform:0x600002fcc780:'com.apple.platform.iphoneos':<DVTFilePath:0x600002adc620:'/Applications/Xcode.app/Contents/Developer/Platforms/iPhoneOS.platform'>> or cert (null) for <DVTFilePath:0x6000025f4300:'/Volumes/workspace/tmp/e9c25865-536e-4a7e-b310-86463e009946.xcarchive/Products/Applications/Vidrip.app'>: (null)
2026-06-26 02:00:06 +0000 [MT] [OPTIONAL] Didn't find platform <DVTPlatform:0x600002fcc780:'com.apple.platform.iphoneos':<DVTFilePath:0x600002adc620:'/Applications/Xcode.app/Contents/Developer/Platforms/iPhoneOS.platform'>> or cert (null) for <DVTFilePath:0x600002a65880:'/Volumes/workspace/tmp/e9c25865-536e-4a7e-b310-86463e009946.xcarchive/Products/Applications/Vidrip.app/Frameworks/hermes.framework'>: (null)
2026-06-26 02:00:06 +0000 [MT] [OPTIONAL] Didn't find platform <DVTPlatform:0x600002fcc780:'com.apple.platform.iphoneos':<DVTFilePath:0x600002adc620:'/Applications/Xcode.app/Contents/Developer/Platforms/iPhoneOS.platform'>> or cert (null) for <DVTFilePath:0x600002a775d0:'/Volumes/workspace/tmp/e9c25865-536e-4a7e-b310-86463e009946.xcarchive/Products/Applications/Vidrip.app/PlugIns/ShareExtension.appex'>: (null)
2026-06-26 02:00:06 +0000 [MT] Running step: IDEDistributionTeamStep with <IDEDistributionContext: 0x7fe0d7f1d160; archive(resolved)="<IDEArchive: 0x600002a75650>", distributionTask(resolved)="2", distributionDestination(resolved)="1", distributionMethod(resolved)="<IDEDistributionMethodiOSAppStoreDistribution: 0x6000003b0320>", team(resolved)="<IDEProvisioningBasicTeam: 0x6000007c1f40; teamID='6F98QXGZHU', teamName='(null)'>">
	Chain (4, self inclusive):
	<IDEDistributionContext: 0x7fe0d7f1d160; archive = "<IDEArchive: 0x600002a75650>", distributionMethod="<IDEDistributionMethodiOSAppStoreDistribution: 0x6000003b0320>", team="<IDEProvisioningBasicTeam: 0x6000007c1f40; teamID='6F98QXGZHU', teamName='(null)'>">
	<IDEDistributionContext: 0x7fe0d7f69980; archive = "<IDEArchive: 0x600002a75650>", distributionMethod="<IDEDistributionMethodiOSAppStoreDistribution: 0x6000003b0320>", team="(null)">
	<IDEDistributionContext: 0x7fe0e093e870; archive = "<IDEArchive: 0x600002a75650>", distributionMethod="<IDEDistributionMethodiOSAppStoreDistribution: 0x6000003b0320>", team="(null)">
	<IDEDistributionContext: 0x7fe0e0937370; archive = "<IDEArchive: 0x600002a75650>", distributionMethod="(null)", team="(null)">
</IDEDistributionContext: 0x7fe0d7f1d160>
2026-06-26 02:00:06 +0000 [MT] Running step: IDEDistributionUploadAccountStep with <IDEDistributionContext: 0x7fe0b7f05c20; archive(resolved)="<IDEArchive: 0x600002a75650>", distributionTask(resolved)="2", distributionDestination(resolved)="1", distributionMethod(resolved)="<IDEDistributionMethodiOSAppStoreDistribution: 0x6000003b0320>", team(resolved)="<IDEProvisioningBasicTeam: 0x6000007c1f40; teamID='6F98QXGZHU', teamName='(null)'>">
	Chain (5, self inclusive):
	<IDEDistributionContext: 0x7fe0b7f05c20; archive = "<IDEArchive: 0x600002a75650>", distributionMethod="<IDEDistributionMethodiOSAppStoreDistribution: 0x6000003b0320>", team="<IDEProvisioningBasicTeam: 0x6000007c1f40; teamID='6F98QXGZHU', teamName='(null)'>">
	<IDEDistributionContext: 0x7fe0d7f1d160; archive = "<IDEArchive: 0x600002a75650>", distributionMethod="<IDEDistributionMethodiOSAppStoreDistribution: 0x6000003b0320>", team="<IDEProvisioningBasicTeam: 0x6000007c1f40; teamID='6F98QXGZHU', teamName='(null)'>">
	<IDEDistributionContext: 0x7fe0d7f69980; archive = "<IDEArchive: 0x600002a75650>", distributionMethod="<IDEDistributionMethodiOSAppStoreDistribution: 0x6000003b0320>", team="(null)">
	<IDEDistributionContext: 0x7fe0e093e870; archive = "<IDEArchive: 0x600002a75650>", distributionMethod="<IDEDistributionMethodiOSAppStoreDistribution: 0x6000003b0320>", team="(null)">
	<IDEDistributionContext: 0x7fe0e0937370; archive = "<IDEArchive: 0x600002a75650>", distributionMethod="(null)", team="(null)">
</IDEDistributionContext: 0x7fe0b7f05c20>
2026-06-26 02:00:06 +0000 [MT] Failed to find an account with App Store Connect access for team <IDEProvisioningBasicTeam: 0x6000007c1f40; teamID='6F98QXGZHU', teamName='(null)'>
2026-06-26 02:00:06 +0000 [MT] Running step: IDEDistributionFetchAppRecordStep with <IDEDistributionContext: 0x7fe0b7f04ce0; archive(resolved)="<IDEArchive: 0x600002a75650>", distributionTask(resolved)="2", distributionDestination(resolved)="1", distributionMethod(resolved)="<IDEDistributionMethodiOSAppStoreDistribution: 0x6000003b0320>", team(resolved)="<IDEProvisioningBasicTeam: 0x6000007c1f40; teamID='6F98QXGZHU', teamName='(null)'>">
	Chain (6, self inclusive):
	<IDEDistributionContext: 0x7fe0b7f04ce0; archive = "<IDEArchive: 0x600002a75650>", distributionMethod="<IDEDistributionMethodiOSAppStoreDistribution: 0x6000003b0320>", team="<IDEProvisioningBasicTeam: 0x6000007c1f40; teamID='6F98QXGZHU', teamName='(null)'>">
	<IDEDistributionContext: 0x7fe0b7f05c20; archive = "<IDEArchive: 0x600002a75650>", distributionMethod="<IDEDistributionMethodiOSAppStoreDistribution: 0x6000003b0320>", team="<IDEProvisioningBasicTeam: 0x6000007c1f40; teamID='6F98QXGZHU', teamName='(null)'>">
	<IDEDistributionContext: 0x7fe0d7f1d160; archive = "<IDEArchive: 0x600002a75650>", distributionMethod="<IDEDistributionMethodiOSAppStoreDistribution: 0x6000003b0320>", team="<IDEProvisioningBasicTeam: 0x6000007c1f40; teamID='6F98QXGZHU', teamName='(null)'>">
	<IDEDistributionContext: 0x7fe0d7f69980; archive = "<IDEArchive: 0x600002a75650>", distributionMethod="<IDEDistributionMethodiOSAppStoreDistribution: 0x6000003b0320>", team="(null)">
	<IDEDistributionContext: 0x7fe0e093e870; archive = "<IDEArchive: 0x600002a75650>", distributionMethod="<IDEDistributionMethodiOSAppStoreDistribution: 0x6000003b0320>", team="(null)">
	<IDEDistributionContext: 0x7fe0e0937370; archive = "<IDEArchive: 0x600002a75650>", distributionMethod="(null)", team="(null)">
</IDEDistributionContext: 0x7fe0b7f04ce0>
2026-06-26 02:00:06 +0000 [MT] Running step: IDEDistributionCreateAppRecordStep with <IDEDistributionContext: 0x7fe0b7f05510; archive(resolved)="<IDEArchive: 0x600002a75650>", distributionTask(resolved)="2", distributionDestination(resolved)="1", distributionMethod(resolved)="<IDEDistributionMethodiOSAppStoreDistribution: 0x6000003b0320>", team(resolved)="<IDEProvisioningBasicTeam: 0x6000007c1f40; teamID='6F98QXGZHU', teamName='(null)'>">
	Chain (7, self inclusive):
	<IDEDistributionContext: 0x7fe0b7f05510; archive = "<IDEArchive: 0x600002a75650>", distributionMethod="<IDEDistributionMethodiOSAppStoreDistribution: 0x6000003b0320>", team="<IDEProvisioningBasicTeam: 0x6000007c1f40; teamID='6F98QXGZHU', teamName='(null)'>">
	<IDEDistributionContext: 0x7fe0b7f04ce0; archive = "<IDEArchive: 0x600002a75650>", distributionMethod="<IDEDistributionMethodiOSAppStoreDistribution: 0x6000003b0320>", team="<IDEProvisioningBasicTeam: 0x6000007c1f40; teamID='6F98QXGZHU', teamName='(null)'>">
	<IDEDistributionContext: 0x7fe0b7f05c20; archive = "<IDEArchive: 0x600002a75650>", distributionMethod="<IDEDistributionMethodiOSAppStoreDistribution: 0x6000003b0320>", team="<IDEProvisioningBasicTeam: 0x6000007c1f40; teamID='6F98QXGZHU', teamName='(null)'>">
	<IDEDistributionContext: 0x7fe0d7f1d160; archive = "<IDEArchive: 0x600002a75650>", distributionMethod="<IDEDistributionMethodiOSAppStoreDistribution: 0x6000003b0320>", team="<IDEProvisioningBasicTeam: 0x6000007c1f40; teamID='6F98QXGZHU', teamName='(null)'>">
	<IDEDistributionContext: 0x7fe0d7f69980; archive = "<IDEArchive: 0x600002a75650>", distributionMethod="<IDEDistributionMethodiOSAppStoreDistribution: 0x6000003b0320>", team="(null)">
	<IDEDistributionContext: 0x7fe0e093e870; archive = "<IDEArchive: 0x600002a75650>", distributionMethod="<IDEDistributionMethodiOSAppStoreDistribution: 0x6000003b0320>", team="(null)">
	<IDEDistributionContext: 0x7fe0e0937370; archive = "<IDEArchive: 0x600002a75650>", distributionMethod="(null)", team="(null)">
</IDEDistributionContext: 0x7fe0b7f05510>
2026-06-26 02:00:06 +0000 [MT] Running step: IDEDistributionAnalyzeVersionStep with <IDEDistributionContext: 0x7fe0b7f05720; archive(resolved)="<IDEArchive: 0x600002a75650>", distributionTask(resolved)="2", distributionDestination(resolved)="1", distributionMethod(resolved)="<IDEDistributionMethodiOSAppStoreDistribution: 0x6000003b0320>", team(resolved)="<IDEProvisioningBasicTeam: 0x6000007c1f40; teamID='6F98QXGZHU', teamName='(null)'>">
	Chain (8, self inclusive):
	<IDEDistributionContext: 0x7fe0b7f05720; archive = "<IDEArchive: 0x600002a75650>", distributionMethod="<IDEDistributionMethodiOSAppStoreDistribution: 0x6000003b0320>", team="<IDEProvisioningBasicTeam: 0x6000007c1f40; teamID='6F98QXGZHU', teamName='(null)'>">
	<IDEDistributionContext: 0x7fe0b7f05510; archive = "<IDEArchive: 0x600002a75650>", distributionMethod="<IDEDistributionMethodiOSAppStoreDistribution: 0x6000003b0320>", team="<IDEProvisioningBasicTeam: 0x6000007c1f40; teamID='6F98QXGZHU', teamName='(null)'>">
	<IDEDistributionContext: 0x7fe0b7f04ce0; archive = "<IDEArchive: 0x600002a75650>", distributionMethod="<IDEDistributionMethodiOSAppStoreDistribution: 0x6000003b0320>", team="<IDEProvisioningBasicTeam: 0x6000007c1f40; teamID='6F98QXGZHU', teamName='(null)'>">
	<IDEDistributionContext: 0x7fe0b7f05c20; archive = "<IDEArchive: 0x600002a75650>", distributionMethod="<IDEDistributionMethodiOSAppStoreDistribution: 0x6000003b0320>", team="<IDEProvisioningBasicTeam: 0x6000007c1f40; teamID='6F98QXGZHU', teamName='(null)'>">
	<IDEDistributionContext: 0x7fe0d7f1d160; archive = "<IDEArchive: 0x600002a75650>", distributionMethod="<IDEDistributionMethodiOSAppStoreDistribution: 0x6000003b0320>", team="<IDEProvisioningBasicTeam: 0x6000007c1f40; teamID='6F98QXGZHU', teamName='(null)'>">
	<IDEDistributionContext: 0x7fe0d7f69980; archive = "<IDEArchive: 0x600002a75650>", distributionMethod="<IDEDistributionMethodiOSAppStoreDistribution: 0x6000003b0320>", team="(null)">
	<IDEDistributionContext: 0x7fe0e093e870; archive = "<IDEArchive: 0x600002a75650>", distributionMethod="<IDEDistributionMethodiOSAppStoreDistribution: 0x6000003b0320>", team="(null)">
	<IDEDistributionContext: 0x7fe0e0937370; archive = "<IDEArchive: 0x600002a75650>", distributionMethod="(null)", team="(null)">
</IDEDistributionContext: 0x7fe0b7f05720>
2026-06-26 02:00:06 +0000 [MT] Running step: IDEDistributionOptionsStep with <IDEDistributionContext: 0x7fe0b7f060f0; archive(resolved)="<IDEArchive: 0x600002a75650>", distributionTask(resolved)="2", distributionDestination(resolved)="1", distributionMethod(resolved)="<IDEDistributionMethodiOSAppStoreDistribution: 0x6000003b0320>", team(resolved)="<IDEProvisioningBasicTeam: 0x6000007c1f40; teamID='6F98QXGZHU', teamName='(null)'>">
	Chain (9, self inclusive):
	<IDEDistributionContext: 0x7fe0b7f060f0; archive = "<IDEArchive: 0x600002a75650>", distributionMethod="<IDEDistributionMethodiOSAppStoreDistribution: 0x6000003b0320>", team="<IDEProvisioningBasicTeam: 0x6000007c1f40; teamID='6F98QXGZHU', teamName='(null)'>">
	<IDEDistributionContext: 0x7fe0b7f05720; archive = "<IDEArchive: 0x600002a75650>", distributionMethod="<IDEDistributionMethodiOSAppStoreDistribution: 0x6000003b0320>", team="<IDEProvisioningBasicTeam: 0x6000007c1f40; teamID='6F98QXGZHU', teamName='(null)'>">
	<IDEDistributionContext: 0x7fe0b7f05510; archive = "<IDEArchive: 0x600002a75650>", distributionMethod="<IDEDistributionMethodiOSAppStoreDistribution: 0x6000003b0320>", team="<IDEProvisioningBasicTeam: 0x6000007c1f40; teamID='6F98QXGZHU', teamName='(null)'>">
	<IDEDistributionContext: 0x7fe0b7f04ce0; archive = "<IDEArchive: 0x600002a75650>", distributionMethod="<IDEDistributionMethodiOSAppStoreDistribution: 0x6000003b0320>", team="<IDEProvisioningBasicTeam: 0x6000007c1f40; teamID='6F98QXGZHU', teamName='(null)'>">
	<IDEDistributionContext: 0x7fe0b7f05c20; archive = "<IDEArchive: 0x600002a75650>", distributionMethod="<IDEDistributionMethodiOSAppStoreDistribution: 0x6000003b0320>", team="<IDEProvisioningBasicTeam: 0x6000007c1f40; teamID='6F98QXGZHU', teamName='(null)'>">
	<IDEDistributionContext: 0x7fe0d7f1d160; archive = "<IDEArchive: 0x600002a75650>", distributionMethod="<IDEDistributionMethodiOSAppStoreDistribution: 0x6000003b0320>", team="<IDEProvisioningBasicTeam: 0x6000007c1f40; teamID='6F98QXGZHU', teamName='(null)'>">
	<IDEDistributionContext: 0x7fe0d7f69980; archive = "<IDEArchive: 0x600002a75650>", distributionMethod="<IDEDistributionMethodiOSAppStoreDistribution: 0x6000003b0320>", team="(null)">
	<IDEDistributionContext: 0x7fe0e093e870; archive = "<IDEArchive: 0x600002a75650>", distributionMethod="<IDEDistributionMethodiOSAppStoreDistribution: 0x6000003b0320>", team="(null)">
	<IDEDistributionContext: 0x7fe0e0937370; archive = "<IDEArchive: 0x600002a75650>", distributionMethod="(null)", team="(null)">
</IDEDistributionContext: 0x7fe0b7f060f0>
2026-06-26 02:00:06 +0000 [MT] Running step: IDEDistributionSigningMethodStep with <IDEDistributionContext: 0x7fe0b7f06300; archive(resolved)="<IDEArchive: 0x600002a75650>", distributionTask(resolved)="2", distributionDestination(resolved)="1", distributionMethod(resolved)="<IDEDistributionMethodiOSAppStoreDistribution: 0x6000003b0320>", team(resolved)="<IDEProvisioningBasicTeam: 0x6000007c1f40; teamID='6F98QXGZHU', teamName='(null)'>">
	Chain (10, self inclusive):
	<IDEDistributionContext: 0x7fe0b7f06300; archive = "<IDEArchive: 0x600002a75650>", distributionMethod="<IDEDistributionMethodiOSAppStoreDistribution: 0x6000003b0320>", team="<IDEProvisioningBasicTeam: 0x6000007c1f40; teamID='6F98QXGZHU', teamName='(null)'>">
	<IDEDistributionContext: 0x7fe0b7f060f0; archive = "<IDEArchive: 0x600002a75650>", distributionMethod="<IDEDistributionMethodiOSAppStoreDistribution: 0x6000003b0320>", team="<IDEProvisioningBasicTeam: 0x6000007c1f40; teamID='6F98QXGZHU', teamName='(null)'>">
	<IDEDistributionContext: 0x7fe0b7f05720; archive = "<IDEArchive: 0x600002a75650>", distributionMethod="<IDEDistributionMethodiOSAppStoreDistribution: 0x6000003b0320>", team="<IDEProvisioningBasicTeam: 0x6000007c1f40; teamID='6F98QXGZHU', teamName='(null)'>">
	<IDEDistributionContext: 0x7fe0b7f05510; archive = "<IDEArchive: 0x600002a75650>", distributionMethod="<IDEDistributionMethodiOSAppStoreDistribution: 0x6000003b0320>", team="<IDEProvisioningBasicTeam: 0x6000007c1f40; teamID='6F98QXGZHU', teamName='(null)'>">
	<IDEDistributionContext: 0x7fe0b7f04ce0; archive = "<IDEArchive: 0x600002a75650>", distributionMethod="<IDEDistributionMethodiOSAppStoreDistribution: 0x6000003b0320>", team="<IDEProvisioningBasicTeam: 0x6000007c1f40; teamID='6F98QXGZHU', teamName='(null)'>">
	<IDEDistributionContext: 0x7fe0b7f05c20; archive = "<IDEArchive: 0x600002a75650>", distributionMethod="<IDEDistributionMethodiOSAppStoreDistribution: 0x6000003b0320>", team="<IDEProvisioningBasicTeam: 0x6000007c1f40; teamID='6F98QXGZHU', teamName='(null)'>">
	<IDEDistributionContext: 0x7fe0d7f1d160; archive = "<IDEArchive: 0x600002a75650>", distributionMethod="<IDEDistributionMethodiOSAppStoreDistribution: 0x6000003b0320>", team="<IDEProvisioningBasicTeam: 0x6000007c1f40; teamID='6F98QXGZHU', teamName='(null)'>">
	<IDEDistributionContext: 0x7fe0d7f69980; archive = "<IDEArchive: 0x600002a75650>", distributionMethod="<IDEDistributionMethodiOSAppStoreDistribution: 0x6000003b0320>", team="(null)">
	<IDEDistributionContext: 0x7fe0e093e870; archive = "<IDEArchive: 0x600002a75650>", distributionMethod="<IDEDistributionMethodiOSAppStoreDistribution: 0x6000003b0320>", team="(null)">
	<IDEDistributionContext: 0x7fe0e0937370; archive = "<IDEArchive: 0x600002a75650>", distributionMethod="(null)", team="(null)">
</IDEDistributionContext: 0x7fe0b7f06300>
2026-06-26 02:00:06 +0000 [MT] Running step: IDEDistributionSigningAssetsStep with <IDEDistributionContext: 0x7fe0b7f068d0; archive(resolved)="<IDEArchive: 0x600002a75650>", distributionTask(resolved)="2", distributionDestination(resolved)="1", distributionMethod(resolved)="<IDEDistributionMethodiOSAppStoreDistribution: 0x6000003b0320>", team(resolved)="<IDEProvisioningBasicTeam: 0x6000007c1f40; teamID='6F98QXGZHU', teamName='(null)'>">
	Chain (11, self inclusive):
	<IDEDistributionContext: 0x7fe0b7f068d0; archive = "<IDEArchive: 0x600002a75650>", distributionMethod="<IDEDistributionMethodiOSAppStoreDistribution: 0x6000003b0320>", team="<IDEProvisioningBasicTeam: 0x6000007c1f40; teamID='6F98QXGZHU', teamName='(null)'>">
	<IDEDistributionContext: 0x7fe0b7f06300; archive = "<IDEArchive: 0x600002a75650>", distributionMethod="<IDEDistributionMethodiOSAppStoreDistribution: 0x6000003b0320>", team="<IDEProvisioningBasicTeam: 0x6000007c1f40; teamID='6F98QXGZHU', teamName='(null)'>">
	<IDEDistributionContext: 0x7fe0b7f060f0; archive = "<IDEArchive: 0x600002a75650>", distributionMethod="<IDEDistributionMethodiOSAppStoreDistribution: 0x6000003b0320>", team="<IDEProvisioningBasicTeam: 0x6000007c1f40; teamID='6F98QXGZHU', teamName='(null)'>">
	<IDEDistributionContext: 0x7fe0b7f05720; archive = "<IDEArchive: 0x600002a75650>", distributionMethod="<IDEDistributionMethodiOSAppStoreDistribution: 0x6000003b0320>", team="<IDEProvisioningBasicTeam: 0x6000007c1f40; teamID='6F98QXGZHU', teamName='(null)'>">
	<IDEDistributionContext: 0x7fe0b7f05510; archive = "<IDEArchive: 0x600002a75650>", distributionMethod="<IDEDistributionMethodiOSAppStoreDistribution: 0x6000003b0320>", team="<IDEProvisioningBasicTeam: 0x6000007c1f40; teamID='6F98QXGZHU', teamName='(null)'>">
	<IDEDistributionContext: 0x7fe0b7f04ce0; archive = "<IDEArchive: 0x600002a75650>", distributionMethod="<IDEDistributionMethodiOSAppStoreDistribution: 0x6000003b0320>", team="<IDEProvisioningBasicTeam: 0x6000007c1f40; teamID='6F98QXGZHU', teamName='(null)'>">
	<IDEDistributionContext: 0x7fe0b7f05c20; archive = "<IDEArchive: 0x600002a75650>", distributionMethod="<IDEDistributionMethodiOSAppStoreDistribution: 0x6000003b0320>", team="<IDEProvisioningBasicTeam: 0x6000007c1f40; teamID='6F98QXGZHU', teamName='(null)'>">
	<IDEDistributionContext: 0x7fe0d7f1d160; archive = "<IDEArchive: 0x600002a75650>", distributionMethod="<IDEDistributionMethodiOSAppStoreDistribution: 0x6000003b0320>", team="<IDEProvisioningBasicTeam: 0x6000007c1f40; teamID='6F98QXGZHU', teamName='(null)'>">
	<IDEDistributionContext: 0x7fe0d7f69980; archive = "<IDEArchive: 0x600002a75650>", distributionMethod="<IDEDistributionMethodiOSAppStoreDistribution: 0x6000003b0320>", team="(null)">
	<IDEDistributionContext: 0x7fe0e093e870; archive = "<IDEArchive: 0x600002a75650>", distributionMethod="<IDEDistributionMethodiOSAppStoreDistribution: 0x6000003b0320>", team="(null)">
	<IDEDistributionContext: 0x7fe0e0937370; archive = "<IDEArchive: 0x600002a75650>", distributionMethod="(null)", team="(null)">
</IDEDistributionContext: 0x7fe0b7f068d0>