2026-06-26 02:00:05 +0000 [MT] Starting export with options: {"iCloudContainerEnvironment":"Development","generateAppStoreInformation":false,"uploadSymbols":true,"teamID":"6F98QXGZHU","buildNumber":"65","destination":"export","thinning":"<none>","method":"ad-hoc","testFlightInternalTestingOnly":false,"embedOnDemandResourcesAssetPacksInBundle":true,"stripSwiftSymbols":true,"raiseProfileSupportOptionalToRequired":false,"reformatterBundleIdentifier":"org.reactjs.native.example.Vidrip","manageAppVersionAndBuildNumber":false}
2026-06-26 02:00:05 +0000 [MT] Running step: IDEDistributionReformatterSelectionStep with <IDEDistributionContext: 0x7fa5e210fb40; archive(resolved)="<IDEArchive: 0x600003090930>", distributionTask(resolved)="2", distributionDestination(resolved)="1", distributionMethod(resolved)="<IDEDistributionMethodiOSAdHoc: 0x600001900520>", team(resolved)="(null)">
	Chain (3, self inclusive):
	<IDEDistributionContext: 0x7fa5e210fb40; archive = "<IDEArchive: 0x600003090930>", distributionMethod="<IDEDistributionMethodiOSAdHoc: 0x600001900520>", team="(null)">
	<IDEDistributionContext: 0x7fa5b3104fc0; archive = "<IDEArchive: 0x600003090930>", distributionMethod="<IDEDistributionMethodiOSAdHoc: 0x600001900520>", team="(null)">
	<IDEDistributionContext: 0x7fa5e2228010; archive = "<IDEArchive: 0x600003090930>", distributionMethod="(null)", team="(null)">
</IDEDistributionContext: 0x7fa5e210fb40>
2026-06-26 02:00:05 +0000 [MT] Skipping reformatter selection. Selection is not required. There was no failure determining reformatter requirements.
2026-06-26 02:00:05 +0000 [MT] Running step: IDEDistributionReformatArchiveStep with <IDEDistributionContext: 0x7fa5e21053d0; archive(resolved)="<IDEArchive: 0x600003090930>", distributionTask(resolved)="2", distributionDestination(resolved)="1", distributionMethod(resolved)="<IDEDistributionMethodiOSAdHoc: 0x600001900520>", team(resolved)="(null)">
	Chain (4, self inclusive):
	<IDEDistributionContext: 0x7fa5e21053d0; archive = "<IDEArchive: 0x600003090930>", distributionMethod="<IDEDistributionMethodiOSAdHoc: 0x600001900520>", team="(null)">
	<IDEDistributionContext: 0x7fa5e210fb40; archive = "<IDEArchive: 0x600003090930>", distributionMethod="<IDEDistributionMethodiOSAdHoc: 0x600001900520>", team="(null)">
	<IDEDistributionContext: 0x7fa5b3104fc0; archive = "<IDEArchive: 0x600003090930>", distributionMethod="<IDEDistributionMethodiOSAdHoc: 0x600001900520>", team="(null)">
	<IDEDistributionContext: 0x7fa5e2228010; archive = "<IDEArchive: 0x600003090930>", distributionMethod="(null)", team="(null)">
</IDEDistributionContext: 0x7fa5e21053d0>
2026-06-26 02:00:05 +0000 [MT] Running step: IDEDistributionAnalyzeArchiveStep with <IDEDistributionContext: 0x7fa5b310fea0; archive(resolved)="<IDEArchive: 0x600003090930>", distributionTask(resolved)="2", distributionDestination(resolved)="1", distributionMethod(resolved)="<IDEDistributionMethodiOSAdHoc: 0x600001900520>", team(resolved)="(null)">
	Chain (5, self inclusive):
	<IDEDistributionContext: 0x7fa5b310fea0; archive = "<IDEArchive: 0x600003090930>", distributionMethod="<IDEDistributionMethodiOSAdHoc: 0x600001900520>", team="(null)">
	<IDEDistributionContext: 0x7fa5e21053d0; archive = "<IDEArchive: 0x600003090930>", distributionMethod="<IDEDistributionMethodiOSAdHoc: 0x600001900520>", team="(null)">
	<IDEDistributionContext: 0x7fa5e210fb40; archive = "<IDEArchive: 0x600003090930>", distributionMethod="<IDEDistributionMethodiOSAdHoc: 0x600001900520>", team="(null)">
	<IDEDistributionContext: 0x7fa5b3104fc0; archive = "<IDEArchive: 0x600003090930>", distributionMethod="<IDEDistributionMethodiOSAdHoc: 0x600001900520>", team="(null)">
	<IDEDistributionContext: 0x7fa5e2228010; archive = "<IDEArchive: 0x600003090930>", distributionMethod="(null)", team="(null)">
</IDEDistributionContext: 0x7fa5b310fea0>
2026-06-26 02:00:05 +0000 [MT] [OPTIONAL] Didn't find embedded provisioning profile for <DVTFilePath:0x600003033800:'/Volumes/workspace/tmp/a1b71353-abcc-40a4-97d9-7a877f751ce0.xcarchive/Products/Applications/Vidrip.app/PlugIns/ShareExtension.appex'>: Error Domain=NSCocoaErrorDomain Code=4 "No file at <DVTFilePath:0x6000030b0e00:'/Volumes/workspace/tmp/a1b71353-abcc-40a4-97d9-7a877f751ce0.xcarchive/Products/Applications/Vidrip.app/PlugIns/ShareExtension.appex/embedded.mobileprovision'>" UserInfo={NSLocalizedDescription=No file at <DVTFilePath:0x6000030b0e00:'/Volumes/workspace/tmp/a1b71353-abcc-40a4-97d9-7a877f751ce0.xcarchive/Products/Applications/Vidrip.app/PlugIns/ShareExtension.appex/embedded.mobileprovision'>}
2026-06-26 02:00:05 +0000 [MT] [OPTIONAL] Didn't find embedded provisioning profile for <DVTFilePath:0x600003f82340:'/Volumes/workspace/tmp/a1b71353-abcc-40a4-97d9-7a877f751ce0.xcarchive/Products/Applications/Vidrip.app'>: Error Domain=NSCocoaErrorDomain Code=4 "No file at <DVTFilePath:0x6000030b1260:'/Volumes/workspace/tmp/a1b71353-abcc-40a4-97d9-7a877f751ce0.xcarchive/Products/Applications/Vidrip.app/embedded.mobileprovision'>" UserInfo={NSLocalizedDescription=No file at <DVTFilePath:0x6000030b1260:'/Volumes/workspace/tmp/a1b71353-abcc-40a4-97d9-7a877f751ce0.xcarchive/Products/Applications/Vidrip.app/embedded.mobileprovision'>}
2026-06-26 02:00:06 +0000 [MT] [OPTIONAL] Didn't find platform <DVTPlatform:0x600003514780:'com.apple.platform.iphoneos':<DVTFilePath:0x600003004620:'/Applications/Xcode.app/Contents/Developer/Platforms/iPhoneOS.platform'>> or cert (null) for <DVTFilePath:0x600003f82340:'/Volumes/workspace/tmp/a1b71353-abcc-40a4-97d9-7a877f751ce0.xcarchive/Products/Applications/Vidrip.app'>: (null)
2026-06-26 02:00:06 +0000 [MT] [OPTIONAL] Didn't find platform <DVTPlatform:0x600003514780:'com.apple.platform.iphoneos':<DVTFilePath:0x600003004620:'/Applications/Xcode.app/Contents/Developer/Platforms/iPhoneOS.platform'>> or cert (null) for <DVTFilePath:0x6000030bce70:'/Volumes/workspace/tmp/a1b71353-abcc-40a4-97d9-7a877f751ce0.xcarchive/Products/Applications/Vidrip.app/Frameworks/hermes.framework'>: (null)
2026-06-26 02:00:06 +0000 [MT] [OPTIONAL] Didn't find platform <DVTPlatform:0x600003514780:'com.apple.platform.iphoneos':<DVTFilePath:0x600003004620:'/Applications/Xcode.app/Contents/Developer/Platforms/iPhoneOS.platform'>> or cert (null) for <DVTFilePath:0x600003033800:'/Volumes/workspace/tmp/a1b71353-abcc-40a4-97d9-7a877f751ce0.xcarchive/Products/Applications/Vidrip.app/PlugIns/ShareExtension.appex'>: (null)
2026-06-26 02:00:06 +0000 [MT] Running step: IDEDistributionTeamStep with <IDEDistributionContext: 0x7fa5b3110b40; archive(resolved)="<IDEArchive: 0x600003090930>", distributionTask(resolved)="2", distributionDestination(resolved)="1", distributionMethod(resolved)="<IDEDistributionMethodiOSAdHoc: 0x600001900520>", team(resolved)="<IDEProvisioningBasicTeam: 0x600001d1c340; teamID='6F98QXGZHU', teamName='(null)'>">
	Chain (6, self inclusive):
	<IDEDistributionContext: 0x7fa5b3110b40; archive = "<IDEArchive: 0x600003090930>", distributionMethod="<IDEDistributionMethodiOSAdHoc: 0x600001900520>", team="<IDEProvisioningBasicTeam: 0x600001d1c340; teamID='6F98QXGZHU', teamName='(null)'>">
	<IDEDistributionContext: 0x7fa5b310fea0; archive = "<IDEArchive: 0x600003090930>", distributionMethod="<IDEDistributionMethodiOSAdHoc: 0x600001900520>", team="(null)">
	<IDEDistributionContext: 0x7fa5e21053d0; archive = "<IDEArchive: 0x600003090930>", distributionMethod="<IDEDistributionMethodiOSAdHoc: 0x600001900520>", team="(null)">
	<IDEDistributionContext: 0x7fa5e210fb40; archive = "<IDEArchive: 0x600003090930>", distributionMethod="<IDEDistributionMethodiOSAdHoc: 0x600001900520>", team="(null)">
	<IDEDistributionContext: 0x7fa5b3104fc0; archive = "<IDEArchive: 0x600003090930>", distributionMethod="<IDEDistributionMethodiOSAdHoc: 0x600001900520>", team="(null)">
	<IDEDistributionContext: 0x7fa5e2228010; archive = "<IDEArchive: 0x600003090930>", distributionMethod="(null)", team="(null)">
</IDEDistributionContext: 0x7fa5b3110b40>
2026-06-26 02:00:06 +0000 [MT] Running step: IDEDistributionOptionsStep with <IDEDistributionContext: 0x7fa5b31051d0; archive(resolved)="<IDEArchive: 0x600003090930>", distributionTask(resolved)="2", distributionDestination(resolved)="1", distributionMethod(resolved)="<IDEDistributionMethodiOSAdHoc: 0x600001900520>", team(resolved)="<IDEProvisioningBasicTeam: 0x600001d1c340; teamID='6F98QXGZHU', teamName='(null)'>">
	Chain (7, self inclusive):
	<IDEDistributionContext: 0x7fa5b31051d0; archive = "<IDEArchive: 0x600003090930>", distributionMethod="<IDEDistributionMethodiOSAdHoc: 0x600001900520>", team="<IDEProvisioningBasicTeam: 0x600001d1c340; teamID='6F98QXGZHU', teamName='(null)'>">
	<IDEDistributionContext: 0x7fa5b3110b40; archive = "<IDEArchive: 0x600003090930>", distributionMethod="<IDEDistributionMethodiOSAdHoc: 0x600001900520>", team="<IDEProvisioningBasicTeam: 0x600001d1c340; teamID='6F98QXGZHU', teamName='(null)'>">
	<IDEDistributionContext: 0x7fa5b310fea0; archive = "<IDEArchive: 0x600003090930>", distributionMethod="<IDEDistributionMethodiOSAdHoc: 0x600001900520>", team="(null)">
	<IDEDistributionContext: 0x7fa5e21053d0; archive = "<IDEArchive: 0x600003090930>", distributionMethod="<IDEDistributionMethodiOSAdHoc: 0x600001900520>", team="(null)">
	<IDEDistributionContext: 0x7fa5e210fb40; archive = "<IDEArchive: 0x600003090930>", distributionMethod="<IDEDistributionMethodiOSAdHoc: 0x600001900520>", team="(null)">
	<IDEDistributionContext: 0x7fa5b3104fc0; archive = "<IDEArchive: 0x600003090930>", distributionMethod="<IDEDistributionMethodiOSAdHoc: 0x600001900520>", team="(null)">
	<IDEDistributionContext: 0x7fa5e2228010; archive = "<IDEArchive: 0x600003090930>", distributionMethod="(null)", team="(null)">
</IDEDistributionContext: 0x7fa5b31051d0>
2026-06-26 02:00:06 +0000 [MT] Running step: IDEDistributionManifestStep with <IDEDistributionContext: 0x7fa5b3110f80; archive(resolved)="<IDEArchive: 0x600003090930>", distributionTask(resolved)="2", distributionDestination(resolved)="1", distributionMethod(resolved)="<IDEDistributionMethodiOSAdHoc: 0x600001900520>", team(resolved)="<IDEProvisioningBasicTeam: 0x600001d1c340; teamID='6F98QXGZHU', teamName='(null)'>">
	Chain (8, self inclusive):
	<IDEDistributionContext: 0x7fa5b3110f80; archive = "<IDEArchive: 0x600003090930>", distributionMethod="<IDEDistributionMethodiOSAdHoc: 0x600001900520>", team="<IDEProvisioningBasicTeam: 0x600001d1c340; teamID='6F98QXGZHU', teamName='(null)'>">
	<IDEDistributionContext: 0x7fa5b31051d0; archive = "<IDEArchive: 0x600003090930>", distributionMethod="<IDEDistributionMethodiOSAdHoc: 0x600001900520>", team="<IDEProvisioningBasicTeam: 0x600001d1c340; teamID='6F98QXGZHU', teamName='(null)'>">
	<IDEDistributionContext: 0x7fa5b3110b40; archive = "<IDEArchive: 0x600003090930>", distributionMethod="<IDEDistributionMethodiOSAdHoc: 0x600001900520>", team="<IDEProvisioningBasicTeam: 0x600001d1c340; teamID='6F98QXGZHU', teamName='(null)'>">
	<IDEDistributionContext: 0x7fa5b310fea0; archive = "<IDEArchive: 0x600003090930>", distributionMethod="<IDEDistributionMethodiOSAdHoc: 0x600001900520>", team="(null)">
	<IDEDistributionContext: 0x7fa5e21053d0; archive = "<IDEArchive: 0x600003090930>", distributionMethod="<IDEDistributionMethodiOSAdHoc: 0x600001900520>", team="(null)">
	<IDEDistributionContext: 0x7fa5e210fb40; archive = "<IDEArchive: 0x600003090930>", distributionMethod="<IDEDistributionMethodiOSAdHoc: 0x600001900520>", team="(null)">
	<IDEDistributionContext: 0x7fa5b3104fc0; archive = "<IDEArchive: 0x600003090930>", distributionMethod="<IDEDistributionMethodiOSAdHoc: 0x600001900520>", team="(null)">
	<IDEDistributionContext: 0x7fa5e2228010; archive = "<IDEArchive: 0x600003090930>", distributionMethod="(null)", team="(null)">
</IDEDistributionContext: 0x7fa5b3110f80>
2026-06-26 02:00:06 +0000 [MT] Running step: IDEDistributionSigningMethodStep with <IDEDistributionContext: 0x7fa5b3115b90; archive(resolved)="<IDEArchive: 0x600003090930>", distributionTask(resolved)="2", distributionDestination(resolved)="1", distributionMethod(resolved)="<IDEDistributionMethodiOSAdHoc: 0x600001900520>", team(resolved)="<IDEProvisioningBasicTeam: 0x600001d1c340; teamID='6F98QXGZHU', teamName='(null)'>">
	Chain (9, self inclusive):
	<IDEDistributionContext: 0x7fa5b3115b90; archive = "<IDEArchive: 0x600003090930>", distributionMethod="<IDEDistributionMethodiOSAdHoc: 0x600001900520>", team="<IDEProvisioningBasicTeam: 0x600001d1c340; teamID='6F98QXGZHU', teamName='(null)'>">
	<IDEDistributionContext: 0x7fa5b3110f80; archive = "<IDEArchive: 0x600003090930>", distributionMethod="<IDEDistributionMethodiOSAdHoc: 0x600001900520>", team="<IDEProvisioningBasicTeam: 0x600001d1c340; teamID='6F98QXGZHU', teamName='(null)'>">
	<IDEDistributionContext: 0x7fa5b31051d0; archive = "<IDEArchive: 0x600003090930>", distributionMethod="<IDEDistributionMethodiOSAdHoc: 0x600001900520>", team="<IDEProvisioningBasicTeam: 0x600001d1c340; teamID='6F98QXGZHU', teamName='(null)'>">
	<IDEDistributionContext: 0x7fa5b3110b40; archive = "<IDEArchive: 0x600003090930>", distributionMethod="<IDEDistributionMethodiOSAdHoc: 0x600001900520>", team="<IDEProvisioningBasicTeam: 0x600001d1c340; teamID='6F98QXGZHU', teamName='(null)'>">
	<IDEDistributionContext: 0x7fa5b310fea0; archive = "<IDEArchive: 0x600003090930>", distributionMethod="<IDEDistributionMethodiOSAdHoc: 0x600001900520>", team="(null)">
	<IDEDistributionContext: 0x7fa5e21053d0; archive = "<IDEArchive: 0x600003090930>", distributionMethod="<IDEDistributionMethodiOSAdHoc: 0x600001900520>", team="(null)">
	<IDEDistributionContext: 0x7fa5e210fb40; archive = "<IDEArchive: 0x600003090930>", distributionMethod="<IDEDistributionMethodiOSAdHoc: 0x600001900520>", team="(null)">
	<IDEDistributionContext: 0x7fa5b3104fc0; archive = "<IDEArchive: 0x600003090930>", distributionMethod="<IDEDistributionMethodiOSAdHoc: 0x600001900520>", team="(null)">
	<IDEDistributionContext: 0x7fa5e2228010; archive = "<IDEArchive: 0x600003090930>", distributionMethod="(null)", team="(null)">
</IDEDistributionContext: 0x7fa5b3115b90>
2026-06-26 02:00:06 +0000 [MT] Running step: IDEDistributionSigningAssetsStep with <IDEDistributionContext: 0x7fa5b31047b0; archive(resolved)="<IDEArchive: 0x600003090930>", distributionTask(resolved)="2", distributionDestination(resolved)="1", distributionMethod(resolved)="<IDEDistributionMethodiOSAdHoc: 0x600001900520>", team(resolved)="<IDEProvisioningBasicTeam: 0x600001d1c340; teamID='6F98QXGZHU', teamName='(null)'>">
	Chain (10, self inclusive):
	<IDEDistributionContext: 0x7fa5b31047b0; archive = "<IDEArchive: 0x600003090930>", distributionMethod="<IDEDistributionMethodiOSAdHoc: 0x600001900520>", team="<IDEProvisioningBasicTeam: 0x600001d1c340; teamID='6F98QXGZHU', teamName='(null)'>">
	<IDEDistributionContext: 0x7fa5b3115b90; archive = "<IDEArchive: 0x600003090930>", distributionMethod="<IDEDistributionMethodiOSAdHoc: 0x600001900520>", team="<IDEProvisioningBasicTeam: 0x600001d1c340; teamID='6F98QXGZHU', teamName='(null)'>">
	<IDEDistributionContext: 0x7fa5b3110f80; archive = "<IDEArchive: 0x600003090930>", distributionMethod="<IDEDistributionMethodiOSAdHoc: 0x600001900520>", team="<IDEProvisioningBasicTeam: 0x600001d1c340; teamID='6F98QXGZHU', teamName='(null)'>">
	<IDEDistributionContext: 0x7fa5b31051d0; archive = "<IDEArchive: 0x600003090930>", distributionMethod="<IDEDistributionMethodiOSAdHoc: 0x600001900520>", team="<IDEProvisioningBasicTeam: 0x600001d1c340; teamID='6F98QXGZHU', teamName='(null)'>">
	<IDEDistributionContext: 0x7fa5b3110b40; archive = "<IDEArchive: 0x600003090930>", distributionMethod="<IDEDistributionMethodiOSAdHoc: 0x600001900520>", team="<IDEProvisioningBasicTeam: 0x600001d1c340; teamID='6F98QXGZHU', teamName='(null)'>">
	<IDEDistributionContext: 0x7fa5b310fea0; archive = "<IDEArchive: 0x600003090930>", distributionMethod="<IDEDistributionMethodiOSAdHoc: 0x600001900520>", team="(null)">
	<IDEDistributionContext: 0x7fa5e21053d0; archive = "<IDEArchive: 0x600003090930>", distributionMethod="<IDEDistributionMethodiOSAdHoc: 0x600001900520>", team="(null)">
	<IDEDistributionContext: 0x7fa5e210fb40; archive = "<IDEArchive: 0x600003090930>", distributionMethod="<IDEDistributionMethodiOSAdHoc: 0x600001900520>", team="(null)">
	<IDEDistributionContext: 0x7fa5b3104fc0; archive = "<IDEArchive: 0x600003090930>", distributionMethod="<IDEDistributionMethodiOSAdHoc: 0x600001900520>", team="(null)">
	<IDEDistributionContext: 0x7fa5e2228010; archive = "<IDEArchive: 0x600003090930>", distributionMethod="(null)", team="(null)">
</IDEDistributionContext: 0x7fa5b31047b0>