2026-06-26 02:00:05 +0000 [MT] Accepted distribution method <IDEDistributionMethodiOSAppStoreDistribution: 0x6000019658f0>
2026-06-26 02:00:05 +0000 [MT] Rejected distribution method <IDEDistributionMethodTVOSAppStoreDistribution: 0x6000019659a0> because it doesn't support distributing archive
2026-06-26 02:00:05 +0000 [MT] Rejected distribution method <IDEDistributionMethodAppStoreDistributionVisionOS: 0x600001973fa0> because it doesn't support distributing archive
2026-06-26 02:00:05 +0000 [MT] Rejected distribution method <IDEDistributionMethodMacAppStoreDistribution: 0x600001900500> because it doesn't support distributing archive
2026-06-26 02:00:05 +0000 [MT] Rejected distribution method <IDEDistributionMethodAdHocVisionOS: 0x60000197c1b0> because it doesn't support distributing archive
2026-06-26 02:00:05 +0000 [MT] Rejected distribution method <IDEDistributionMethodWatchOSAdHoc: 0x600001984c10> because it doesn't support distributing archive
2026-06-26 02:00:05 +0000 [MT] Rejected distribution method <IDEDistributionMethodTVOSAdHoc: 0x6000019003c0> because it doesn't support distributing archive
2026-06-26 02:00:05 +0000 [MT] Accepted distribution method <IDEDistributionMethodiOSAdHoc: 0x600001900520>
2026-06-26 02:00:05 +0000 [MT] Rejected distribution method <IDEDistributionMethodMacAdHoc: 0x600001900510> because it doesn't support distributing archive
2026-06-26 02:00:05 +0000 [MT] Rejected distribution method <IDEDistributionMethodTVOSEnterprise: 0x60000197c030> because it doesn't support distributing archive
2026-06-26 02:00:05 +0000 [MT] Rejected distribution method <IDEDistributionMethodWatchOSEnterprise: 0x6000019119e0> because it doesn't support distributing archive
2026-06-26 02:00:05 +0000 [MT] Rejected distribution method <IDEDistributionMethodEnterpriseVisionOS: 0x600001910c10> because it doesn't support distributing archive
2026-06-26 02:00:05 +0000 [MT] Accepted distribution method <IDEDistributionMethodiOSEnterprise: 0x600001973fc0>
2026-06-26 02:00:05 +0000 [MT] Accepted distribution method <IDEDistributionMethodDevelopmentSigned: 0x600001984be0>
2026-06-26 02:00:05 +0000 [MT] Rejected distribution method <IDEDistributionMethodDevelopmentSignedVisionOS: 0x600001965990> because it doesn't support distributing archive
2026-06-26 02:00:05 +0000 [MT] Rejected distribution method <IDEDistributionMethodWatchOSDevelopmentSigned: 0x60000197c1c0> because it doesn't support distributing archive
2026-06-26 02:00:05 +0000 [MT] Rejected distribution method <IDEDistributionMethodTVOSDevelopmentSigned: 0x600001973f90> because it doesn't support distributing archive
2026-06-26 02:00:05 +0000 [MT] Rejected distribution method <IDEDistributionMethodDeveloperIDNotarizedApp: 0x60000197c120> because it doesn't support distributing archive
2026-06-26 02:00:05 +0000 [MT] Rejected distribution method <IDEDistributionMethodDeveloperID: 0x600001973f20> because it doesn't support distributing archive
2026-06-26 02:00:05 +0000 [MT] Rejected distribution method <IDEDistributionMethodSaveBuiltProducts: 0x600001984bf0> because it doesn't support distributing archive
2026-06-26 02:00:05 +0000 [MT] Rejected distribution method <IDEDistributionMethodDevelopmentSignedMac: 0x600001978370> because it doesn't support distributing archive
2026-06-26 02:00:05 +0000 [MT] Rejected distribution method <IDEDistributionMethodMacApplication: 0x600001988030> because it doesn't support distributing archive
2026-06-26 02:00:05 +0000 [MT] Rejected distribution method <IDEDistributionMethodAppStoreValidationVisionOS: 0x600001911860> because it doesn't support distributing archive
2026-06-26 02:00:05 +0000 [MT] Rejected distribution method <IDEDistributionMethodTVOSAppStoreValidation: 0x600001973f50> because it doesn't support distributing archive
2026-06-26 02:00:05 +0000 [MT] Rejected distribution method <IDEDistributionMethodMacAppStoreValidation: 0x600001988040> because it doesn't support distributing archive
2026-06-26 02:00:05 +0000 [MT] Rejected distribution method <IDEDistributionMethodiOSAppStoreValidation: 0x600001900530> because it doesn't support distributing archive
2026-06-26 02:00:05 +0000 [MT] Rejected distribution method <IDEDistributionMethodExportArchive: 0x600001984c00> because it doesn't support distributing archive
2026-06-26 02:00:05 +0000 [MT] Rejected distribution method <IDEDistributionMethodiOSAppStoreDistribution: 0x6000019658f0> because it doesn't support distributing archive
2026-06-26 02:00:05 +0000 [MT] Rejected distribution method <IDEDistributionMethodTVOSAppStoreDistribution: 0x6000019659a0> because it doesn't support distributing archive
2026-06-26 02:00:05 +0000 [MT] Rejected distribution method <IDEDistributionMethodAppStoreDistributionVisionOS: 0x600001973fa0> because it doesn't support distributing archive
2026-06-26 02:00:05 +0000 [MT] Rejected distribution method <IDEDistributionMethodMacAppStoreDistribution: 0x600001900500> because it doesn't support distributing archive
2026-06-26 02:00:05 +0000 [MT] Rejected distribution method <IDEDistributionMethodAdHocVisionOS: 0x60000197c1b0> because it doesn't support distributing archive
2026-06-26 02:00:05 +0000 [MT] Rejected distribution method <IDEDistributionMethodWatchOSAdHoc: 0x600001984c10> because it doesn't support distributing archive
2026-06-26 02:00:05 +0000 [MT] Rejected distribution method <IDEDistributionMethodTVOSAdHoc: 0x6000019003c0> because it doesn't support distributing archive
2026-06-26 02:00:05 +0000 [MT] Rejected distribution method <IDEDistributionMethodiOSAdHoc: 0x600001900520> because it doesn't support distributing archive
2026-06-26 02:00:05 +0000 [MT] Rejected distribution method <IDEDistributionMethodMacAdHoc: 0x600001900510> because it doesn't support distributing archive
2026-06-26 02:00:05 +0000 [MT] Rejected distribution method <IDEDistributionMethodTVOSEnterprise: 0x60000197c030> because it doesn't support distributing archive
2026-06-26 02:00:05 +0000 [MT] Rejected distribution method <IDEDistributionMethodWatchOSEnterprise: 0x6000019119e0> because it doesn't support distributing archive
2026-06-26 02:00:05 +0000 [MT] Rejected distribution method <IDEDistributionMethodEnterpriseVisionOS: 0x600001910c10> because it doesn't support distributing archive
2026-06-26 02:00:05 +0000 [MT] Rejected distribution method <IDEDistributionMethodiOSEnterprise: 0x600001973fc0> because it doesn't support distributing archive
2026-06-26 02:00:05 +0000 [MT] Rejected distribution method <IDEDistributionMethodDevelopmentSigned: 0x600001984be0> because it doesn't support distributing archive
2026-06-26 02:00:05 +0000 [MT] Rejected distribution method <IDEDistributionMethodDevelopmentSignedVisionOS: 0x600001965990> because it doesn't support distributing archive
2026-06-26 02:00:05 +0000 [MT] Rejected distribution method <IDEDistributionMethodWatchOSDevelopmentSigned: 0x60000197c1c0> because it doesn't support distributing archive
2026-06-26 02:00:05 +0000 [MT] Rejected distribution method <IDEDistributionMethodTVOSDevelopmentSigned: 0x600001973f90> because it doesn't support distributing archive
2026-06-26 02:00:05 +0000 [MT] Rejected distribution method <IDEDistributionMethodDeveloperIDNotarizedApp: 0x60000197c120> because it doesn't support distributing archive
2026-06-26 02:00:05 +0000 [MT] Rejected distribution method <IDEDistributionMethodDeveloperID: 0x600001973f20> because it doesn't support distributing archive
2026-06-26 02:00:05 +0000 [MT] Rejected distribution method <IDEDistributionMethodSaveBuiltProducts: 0x600001984bf0> because it doesn't support distributing archive
2026-06-26 02:00:05 +0000 [MT] Rejected distribution method <IDEDistributionMethodDevelopmentSignedMac: 0x600001978370> because it doesn't support distributing archive
2026-06-26 02:00:05 +0000 [MT] Rejected distribution method <IDEDistributionMethodMacApplication: 0x600001988030> because it doesn't support distributing archive
2026-06-26 02:00:05 +0000 [MT] Rejected distribution method <IDEDistributionMethodAppStoreValidationVisionOS: 0x600001911860> because it doesn't support distributing archive
2026-06-26 02:00:05 +0000 [MT] Rejected distribution method <IDEDistributionMethodTVOSAppStoreValidation: 0x600001973f50> because it doesn't support distributing archive
2026-06-26 02:00:05 +0000 [MT] Rejected distribution method <IDEDistributionMethodMacAppStoreValidation: 0x600001988040> because it doesn't support distributing archive
2026-06-26 02:00:05 +0000 [MT] Accepted distribution method <IDEDistributionMethodiOSAppStoreValidation: 0x600001900530>
2026-06-26 02:00:05 +0000 [MT] Rejected distribution method <IDEDistributionMethodExportArchive: 0x600001984c00> because it doesn't support distributing archive
2026-06-26 02:00:05 +0000 [MT] Available distribution methods: {(
    <IDEDistributionMethodiOSAppStoreDistribution: 0x6000019658f0>,
    <IDEDistributionMethodiOSAdHoc: 0x600001900520>,
    <IDEDistributionMethodiOSEnterprise: 0x600001973fc0>,
    <IDEDistributionMethodDevelopmentSigned: 0x600001984be0>,
    <IDEDistributionMethodiOSAppStoreValidation: 0x600001900530>
)}
2026-06-26 02:00:05 +0000 [MT] Accepted distribution method <IDEDistributionMethodiOSAppStoreDistribution: 0x6000019658f0>
2026-06-26 02:00:05 +0000 [MT] Rejected distribution method <IDEDistributionMethodTVOSAppStoreDistribution: 0x6000019659a0> because it doesn't support distributing archive
2026-06-26 02:00:05 +0000 [MT] Rejected distribution method <IDEDistributionMethodAppStoreDistributionVisionOS: 0x600001973fa0> because it doesn't support distributing archive
2026-06-26 02:00:05 +0000 [MT] Rejected distribution method <IDEDistributionMethodMacAppStoreDistribution: 0x600001900500> because it doesn't support distributing archive
2026-06-26 02:00:05 +0000 [MT] Rejected distribution method <IDEDistributionMethodAdHocVisionOS: 0x60000197c1b0> because it doesn't support distributing archive
2026-06-26 02:00:05 +0000 [MT] Rejected distribution method <IDEDistributionMethodWatchOSAdHoc: 0x600001984c10> because it doesn't support distributing archive
2026-06-26 02:00:05 +0000 [MT] Rejected distribution method <IDEDistributionMethodTVOSAdHoc: 0x6000019003c0> because it doesn't support distributing archive
2026-06-26 02:00:05 +0000 [MT] Accepted distribution method <IDEDistributionMethodiOSAdHoc: 0x600001900520>
2026-06-26 02:00:05 +0000 [MT] Rejected distribution method <IDEDistributionMethodMacAdHoc: 0x600001900510> because it doesn't support distributing archive
2026-06-26 02:00:05 +0000 [MT] Rejected distribution method <IDEDistributionMethodTVOSEnterprise: 0x60000197c030> because it doesn't support distributing archive
2026-06-26 02:00:05 +0000 [MT] Rejected distribution method <IDEDistributionMethodWatchOSEnterprise: 0x6000019119e0> because it doesn't support distributing archive
2026-06-26 02:00:05 +0000 [MT] Rejected distribution method <IDEDistributionMethodEnterpriseVisionOS: 0x600001910c10> because it doesn't support distributing archive
2026-06-26 02:00:05 +0000 [MT] Accepted distribution method <IDEDistributionMethodiOSEnterprise: 0x600001973fc0>
2026-06-26 02:00:05 +0000 [MT] Accepted distribution method <IDEDistributionMethodDevelopmentSigned: 0x600001984be0>
2026-06-26 02:00:05 +0000 [MT] Rejected distribution method <IDEDistributionMethodDevelopmentSignedVisionOS: 0x600001965990> because it doesn't support distributing archive
2026-06-26 02:00:05 +0000 [MT] Rejected distribution method <IDEDistributionMethodWatchOSDevelopmentSigned: 0x60000197c1c0> because it doesn't support distributing archive
2026-06-26 02:00:05 +0000 [MT] Rejected distribution method <IDEDistributionMethodTVOSDevelopmentSigned: 0x600001973f90> because it doesn't support distributing archive
2026-06-26 02:00:05 +0000 [MT] Rejected distribution method <IDEDistributionMethodDeveloperIDNotarizedApp: 0x60000197c120> because it doesn't support distributing archive
2026-06-26 02:00:05 +0000 [MT] Rejected distribution method <IDEDistributionMethodDeveloperID: 0x600001973f20> because it doesn't support distributing archive
2026-06-26 02:00:05 +0000 [MT] Rejected distribution method <IDEDistributionMethodSaveBuiltProducts: 0x600001984bf0> because it doesn't support distributing archive
2026-06-26 02:00:05 +0000 [MT] Rejected distribution method <IDEDistributionMethodDevelopmentSignedMac: 0x600001978370> because it doesn't support distributing archive
2026-06-26 02:00:05 +0000 [MT] Rejected distribution method <IDEDistributionMethodMacApplication: 0x600001988030> because it doesn't support distributing archive
2026-06-26 02:00:05 +0000 [MT] Rejected distribution method <IDEDistributionMethodAppStoreValidationVisionOS: 0x600001911860> because it doesn't support distributing archive
2026-06-26 02:00:05 +0000 [MT] Rejected distribution method <IDEDistributionMethodTVOSAppStoreValidation: 0x600001973f50> because it doesn't support distributing archive
2026-06-26 02:00:05 +0000 [MT] Rejected distribution method <IDEDistributionMethodMacAppStoreValidation: 0x600001988040> because it doesn't support distributing archive
2026-06-26 02:00:05 +0000 [MT] Rejected distribution method <IDEDistributionMethodiOSAppStoreValidation: 0x600001900530> because it doesn't support distributing archive
2026-06-26 02:00:05 +0000 [MT] Rejected distribution method <IDEDistributionMethodExportArchive: 0x600001984c00> because it doesn't support distributing archive
2026-06-26 02:00:05 +0000 [MT] Rejected distribution method <IDEDistributionMethodiOSAppStoreDistribution: 0x6000019658f0> because it doesn't support distributing archive
2026-06-26 02:00:05 +0000 [MT] Rejected distribution method <IDEDistributionMethodTVOSAppStoreDistribution: 0x6000019659a0> because it doesn't support distributing archive
2026-06-26 02:00:05 +0000 [MT] Rejected distribution method <IDEDistributionMethodAppStoreDistributionVisionOS: 0x600001973fa0> because it doesn't support distributing archive
2026-06-26 02:00:05 +0000 [MT] Rejected distribution method <IDEDistributionMethodMacAppStoreDistribution: 0x600001900500> because it doesn't support distributing archive
2026-06-26 02:00:05 +0000 [MT] Rejected distribution method <IDEDistributionMethodAdHocVisionOS: 0x60000197c1b0> because it doesn't support distributing archive
2026-06-26 02:00:05 +0000 [MT] Rejected distribution method <IDEDistributionMethodWatchOSAdHoc: 0x600001984c10> because it doesn't support distributing archive
2026-06-26 02:00:05 +0000 [MT] Rejected distribution method <IDEDistributionMethodTVOSAdHoc: 0x6000019003c0> because it doesn't support distributing archive
2026-06-26 02:00:05 +0000 [MT] Rejected distribution method <IDEDistributionMethodiOSAdHoc: 0x600001900520> because it doesn't support distributing archive
2026-06-26 02:00:05 +0000 [MT] Rejected distribution method <IDEDistributionMethodMacAdHoc: 0x600001900510> because it doesn't support distributing archive
2026-06-26 02:00:05 +0000 [MT] Rejected distribution method <IDEDistributionMethodTVOSEnterprise: 0x60000197c030> because it doesn't support distributing archive
2026-06-26 02:00:05 +0000 [MT] Rejected distribution method <IDEDistributionMethodWatchOSEnterprise: 0x6000019119e0> because it doesn't support distributing archive
2026-06-26 02:00:05 +0000 [MT] Rejected distribution method <IDEDistributionMethodEnterpriseVisionOS: 0x600001910c10> because it doesn't support distributing archive
2026-06-26 02:00:05 +0000 [MT] Rejected distribution method <IDEDistributionMethodiOSEnterprise: 0x600001973fc0> because it doesn't support distributing archive
2026-06-26 02:00:05 +0000 [MT] Rejected distribution method <IDEDistributionMethodDevelopmentSigned: 0x600001984be0> because it doesn't support distributing archive
2026-06-26 02:00:05 +0000 [MT] Rejected distribution method <IDEDistributionMethodDevelopmentSignedVisionOS: 0x600001965990> because it doesn't support distributing archive
2026-06-26 02:00:05 +0000 [MT] Rejected distribution method <IDEDistributionMethodWatchOSDevelopmentSigned: 0x60000197c1c0> because it doesn't support distributing archive
2026-06-26 02:00:05 +0000 [MT] Rejected distribution method <IDEDistributionMethodTVOSDevelopmentSigned: 0x600001973f90> because it doesn't support distributing archive
2026-06-26 02:00:05 +0000 [MT] Rejected distribution method <IDEDistributionMethodDeveloperIDNotarizedApp: 0x60000197c120> because it doesn't support distributing archive
2026-06-26 02:00:05 +0000 [MT] Rejected distribution method <IDEDistributionMethodDeveloperID: 0x600001973f20> because it doesn't support distributing archive
2026-06-26 02:00:05 +0000 [MT] Rejected distribution method <IDEDistributionMethodSaveBuiltProducts: 0x600001984bf0> because it doesn't support distributing archive
2026-06-26 02:00:05 +0000 [MT] Rejected distribution method <IDEDistributionMethodDevelopmentSignedMac: 0x600001978370> because it doesn't support distributing archive
2026-06-26 02:00:05 +0000 [MT] Rejected distribution method <IDEDistributionMethodMacApplication: 0x600001988030> because it doesn't support distributing archive
2026-06-26 02:00:05 +0000 [MT] Rejected distribution method <IDEDistributionMethodAppStoreValidationVisionOS: 0x600001911860> because it doesn't support distributing archive
2026-06-26 02:00:05 +0000 [MT] Rejected distribution method <IDEDistributionMethodTVOSAppStoreValidation: 0x600001973f50> because it doesn't support distributing archive
2026-06-26 02:00:05 +0000 [MT] Rejected distribution method <IDEDistributionMethodMacAppStoreValidation: 0x600001988040> because it doesn't support distributing archive
2026-06-26 02:00:05 +0000 [MT] Accepted distribution method <IDEDistributionMethodiOSAppStoreValidation: 0x600001900530>
2026-06-26 02:00:05 +0000 [MT] Rejected distribution method <IDEDistributionMethodExportArchive: 0x600001984c00> because it doesn't support distributing archive
2026-06-26 02:00:05 +0000 [MT] Available distribution methods: {(
    <IDEDistributionMethodiOSAppStoreDistribution: 0x6000019658f0>,
    <IDEDistributionMethodiOSAdHoc: 0x600001900520>,
    <IDEDistributionMethodiOSEnterprise: 0x600001973fc0>,
    <IDEDistributionMethodDevelopmentSigned: 0x600001984be0>,
    <IDEDistributionMethodiOSAppStoreValidation: 0x600001900530>
)}
2026-06-26 02:00:05 +0000 [MT] Skipping reformat archive step. No reformatter selected for archive <DVTFilePath:0x600003715f80:'/Volumes/workspace/tmp/a1b71353-abcc-40a4-97d9-7a877f751ce0.xcarchive'>
2026-06-26 02:00:05 +0000 [MT] IDEDistributionItem init <DVTFilePath:0x600003033800:'/Volumes/workspace/tmp/a1b71353-abcc-40a4-97d9-7a877f751ce0.xcarchive/Products/Applications/Vidrip.app/PlugIns/ShareExtension.appex'>
2026-06-26 02:00:05 +0000 [MT] IDEDistributionItem init <DVTFilePath:0x6000030bce70:'/Volumes/workspace/tmp/a1b71353-abcc-40a4-97d9-7a877f751ce0.xcarchive/Products/Applications/Vidrip.app/Frameworks/hermes.framework'>
2026-06-26 02:00:05 +0000 [MT] IDEDistributionItem init <DVTFilePath:0x600003f82340:'/Volumes/workspace/tmp/a1b71353-abcc-40a4-97d9-7a877f751ce0.xcarchive/Products/Applications/Vidrip.app'>
2026-06-26 02:00:05 +0000 [MT] Set distributionItems on context: (
    "<IDEDistributionItem: 0x600003fc65e0; bundleID='com.isphillips.vidrip', path='<DVTFilePath:0x600003f82340:'/Volumes/workspace/tmp/a1b71353-abcc-40a4-97d9-7a877f751ce0.xcarchive/Products/Applications/Vidrip.app'>', codeSigningInfo='<_DVTCodeSigningInformation_Path: 0x600003fc6580; isSigned='1', isAdHocSigned='1', signingCertificate='(null)', entitlements='{\n    \"aps-environment\" = development;\n}', teamID='(null)', identifier='com.isphillips.vidrip', executablePath='<DVTFilePath:0x600003fa1e00:'/Volumes/workspace/tmp/a1b71353-abcc-40a4-97d9-7a877f751ce0.xcarchive/Products/Applications/Vidrip.app/Vidrip'>', hardenedRuntime='0'>'>"
)
2026-06-26 02:00:05 +0000 [MT] Archs to thin for item /Volumes/workspace/tmp/a1b71353-abcc-40a4-97d9-7a877f751ce0.xcarchive/Products/Applications/Vidrip.app are []
2026-06-26 02:00:05 +0000 [MT] Archs to thin for item /Volumes/workspace/tmp/a1b71353-abcc-40a4-97d9-7a877f751ce0.xcarchive/Products/Applications/Vidrip.app/Frameworks/hermes.framework are []
2026-06-26 02:00:05 +0000 [MT] Archs to thin for item /Volumes/workspace/tmp/a1b71353-abcc-40a4-97d9-7a877f751ce0.xcarchive/Products/Applications/Vidrip.app/PlugIns/ShareExtension.appex are []
2026-06-26 02:00:06 +0000 [MT] Distributable's provisioning style is Automatic
2026-06-26 02:00:06 +0000 [MT] Starting evaluation for distribution items:
(
    "<IDEDistributionItem: 0x600003fc65e0; bundleID='com.isphillips.vidrip', path='<DVTFilePath:0x600003f82340:'/Volumes/workspace/tmp/a1b71353-abcc-40a4-97d9-7a877f751ce0.xcarchive/Products/Applications/Vidrip.app'>', codeSigningInfo='<_DVTCodeSigningInformation_Path: 0x600003fc6580; isSigned='1', isAdHocSigned='1', signingCertificate='(null)', entitlements='{\n    \"aps-environment\" = development;\n}', teamID='(null)', identifier='com.isphillips.vidrip', executablePath='<DVTFilePath:0x600003fa1e00:'/Volumes/workspace/tmp/a1b71353-abcc-40a4-97d9-7a877f751ce0.xcarchive/Products/Applications/Vidrip.app/Vidrip'>', hardenedRuntime='0'>'>"
)
2026-06-26 02:00:06 +0000 [MT] Evaluating <IDEDistributionItemProvisionable: 0x600003720f00; distributionItem='<IDEDistributionItem: 0x600003fc6040; bundleID='com.isphillips.vidrip.ShareExtension', path='<DVTFilePath:0x600003033800:'/Volumes/workspace/tmp/a1b71353-abcc-40a4-97d9-7a877f751ce0.xcarchive/Products/Applications/Vidrip.app/PlugIns/ShareExtension.appex'>', codeSigningInfo='<_DVTCodeSigningInformation_Path: 0x600003fc5fe0; isSigned='1', isAdHocSigned='1', signingCertificate='(null)', entitlements='(null)', teamID='(null)', identifier='com.isphillips.vidrip.ShareExtension', executablePath='<DVTFilePath:0x600003f438a0:'/Volumes/workspace/tmp/a1b71353-abcc-40a4-97d9-7a877f751ce0.xcarchive/Products/Applications/Vidrip.app/PlugIns/ShareExtension.appex/ShareExtension'>', hardenedRuntime='0'>'>', team='<IDEProvisioningBasicTeam: 0x600001d1c340; teamID='6F98QXGZHU', teamName='(null)'>', method='<IDEDistributionMethodiOSAdHoc: 0x600001900520>', provisioningStyle='0', entitlementsProcessors='(
    "<IDEiCloudEntitlementsProcessor: 0x6000017e8480>",
    "<IDEAppAttestEnvironmentEntitlementsProcessor: 0x6000017e8630>",
    "<IDEClassKitEntitlementsProcessor: 0x6000017e93e0>",
    "<IDEAppIdentifierPrefixedEntitlementsProcessor: 0x6000017e8060>"
)'> with overrides <IDEProvisionableOverrides 0x600002c48000: configuration: Default, profileSupport: <IDEProvisioningProfileSupport: 0x600001978470>, provisioningStyle: (null), certificateSigningStyle: (null), provisioningPurpose: ad-hoc, team: (null), platform: <DVTPlatform:0x600003514780:'com.apple.platform.iphoneos':<DVTFilePath:0x600003004620:'/Applications/Xcode.app/Contents/Developer/Platforms/iPhoneOS.platform'>>, sdk: (null), sdkVariant: (null), profileSpecifier: (null), certificateIdentifier: (null), bundleIdentifier: (null), entitlements: (null), entitlementsFile: (null), baseEntitlements: (null), entitlementsExpansion: (null), entitlementsDestination: (null), allowSigningWithoutTeamSelection: (null), signingRequiresTeam: (null), appIDFeatures: (null)>
2026-06-26 02:00:06 +0000 [MT] Applying entitlements delta for <IDEDistributionItem: 0x600003fc6040; bundleID='com.isphillips.vidrip.ShareExtension', path='<DVTFilePath:0x600003033800:'/Volumes/workspace/tmp/a1b71353-abcc-40a4-97d9-7a877f751ce0.xcarchive/Products/Applications/Vidrip.app/PlugIns/ShareExtension.appex'>', codeSigningInfo='<_DVTCodeSigningInformation_Path: 0x600003fc5fe0; isSigned='1', isAdHocSigned='1', signingCertificate='(null)', entitlements='(null)', teamID='(null)', identifier='com.isphillips.vidrip.ShareExtension', executablePath='<DVTFilePath:0x600003f438a0:'/Volumes/workspace/tmp/a1b71353-abcc-40a4-97d9-7a877f751ce0.xcarchive/Products/Applications/Vidrip.app/PlugIns/ShareExtension.appex/ShareExtension'>', hardenedRuntime='0'>'> from <IDEiCloudEntitlementsProcessor: 0x6000017e8480>: {
}
2026-06-26 02:00:06 +0000 [MT] Applying entitlements delta for <IDEDistributionItem: 0x600003fc6040; bundleID='com.isphillips.vidrip.ShareExtension', path='<DVTFilePath:0x600003033800:'/Volumes/workspace/tmp/a1b71353-abcc-40a4-97d9-7a877f751ce0.xcarchive/Products/Applications/Vidrip.app/PlugIns/ShareExtension.appex'>', codeSigningInfo='<_DVTCodeSigningInformation_Path: 0x600003fc5fe0; isSigned='1', isAdHocSigned='1', signingCertificate='(null)', entitlements='(null)', teamID='(null)', identifier='com.isphillips.vidrip.ShareExtension', executablePath='<DVTFilePath:0x600003f438a0:'/Volumes/workspace/tmp/a1b71353-abcc-40a4-97d9-7a877f751ce0.xcarchive/Products/Applications/Vidrip.app/PlugIns/ShareExtension.appex/ShareExtension'>', hardenedRuntime='0'>'> from <IDEAppAttestEnvironmentEntitlementsProcessor: 0x6000017e8630>: {
}
2026-06-26 02:00:06 +0000 [MT] Applying entitlements delta for <IDEDistributionItem: 0x600003fc6040; bundleID='com.isphillips.vidrip.ShareExtension', path='<DVTFilePath:0x600003033800:'/Volumes/workspace/tmp/a1b71353-abcc-40a4-97d9-7a877f751ce0.xcarchive/Products/Applications/Vidrip.app/PlugIns/ShareExtension.appex'>', codeSigningInfo='<_DVTCodeSigningInformation_Path: 0x600003fc5fe0; isSigned='1', isAdHocSigned='1', signingCertificate='(null)', entitlements='(null)', teamID='(null)', identifier='com.isphillips.vidrip.ShareExtension', executablePath='<DVTFilePath:0x600003f438a0:'/Volumes/workspace/tmp/a1b71353-abcc-40a4-97d9-7a877f751ce0.xcarchive/Products/Applications/Vidrip.app/PlugIns/ShareExtension.appex/ShareExtension'>', hardenedRuntime='0'>'> from <IDEClassKitEntitlementsProcessor: 0x6000017e93e0>: {
}
2026-06-26 02:00:06 +0000 [MT] Applying entitlements delta for <IDEDistributionItem: 0x600003fc6040; bundleID='com.isphillips.vidrip.ShareExtension', path='<DVTFilePath:0x600003033800:'/Volumes/workspace/tmp/a1b71353-abcc-40a4-97d9-7a877f751ce0.xcarchive/Products/Applications/Vidrip.app/PlugIns/ShareExtension.appex'>', codeSigningInfo='<_DVTCodeSigningInformation_Path: 0x600003fc5fe0; isSigned='1', isAdHocSigned='1', signingCertificate='(null)', entitlements='(null)', teamID='(null)', identifier='com.isphillips.vidrip.ShareExtension', executablePath='<DVTFilePath:0x600003f438a0:'/Volumes/workspace/tmp/a1b71353-abcc-40a4-97d9-7a877f751ce0.xcarchive/Products/Applications/Vidrip.app/PlugIns/ShareExtension.appex/ShareExtension'>', hardenedRuntime='0'>'> from <IDEAppIdentifierPrefixedEntitlementsProcessor: 0x6000017e8060>: {
}
2026-06-26 02:00:06 +0000 [MT] Evaluating <IDEDistributionItemProvisionable: 0x600003720f80; distributionItem='<IDEDistributionItem: 0x600003fc65e0; bundleID='com.isphillips.vidrip', path='<DVTFilePath:0x600003f82340:'/Volumes/workspace/tmp/a1b71353-abcc-40a4-97d9-7a877f751ce0.xcarchive/Products/Applications/Vidrip.app'>', codeSigningInfo='<_DVTCodeSigningInformation_Path: 0x600003fc6580; isSigned='1', isAdHocSigned='1', signingCertificate='(null)', entitlements='{
    "aps-environment" = development;
}', teamID='(null)', identifier='com.isphillips.vidrip', executablePath='<DVTFilePath:0x600003fa1e00:'/Volumes/workspace/tmp/a1b71353-abcc-40a4-97d9-7a877f751ce0.xcarchive/Products/Applications/Vidrip.app/Vidrip'>', hardenedRuntime='0'>'>', team='<IDEProvisioningBasicTeam: 0x600001d1c340; teamID='6F98QXGZHU', teamName='(null)'>', method='<IDEDistributionMethodiOSAdHoc: 0x600001900520>', provisioningStyle='0', entitlementsProcessors='(
    "<IDEiCloudEntitlementsProcessor: 0x6000017e85d0>",
    "<IDEAppAttestEnvironmentEntitlementsProcessor: 0x6000017e85a0>",
    "<IDEClassKitEntitlementsProcessor: 0x6000017e8330>",
    "<IDEAppIdentifierPrefixedEntitlementsProcessor: 0x6000017e94a0>"
)'> with overrides <IDEProvisionableOverrides 0x600002c58bb0: configuration: Default, profileSupport: <IDEProvisioningProfileSupport: 0x600001979890>, provisioningStyle: (null), certificateSigningStyle: (null), provisioningPurpose: ad-hoc, team: (null), platform: <DVTPlatform:0x600003514780:'com.apple.platform.iphoneos':<DVTFilePath:0x600003004620:'/Applications/Xcode.app/Contents/Developer/Platforms/iPhoneOS.platform'>>, sdk: (null), sdkVariant: (null), profileSpecifier: (null), certificateIdentifier: (null), bundleIdentifier: (null), entitlements: (null), entitlementsFile: (null), baseEntitlements: (null), entitlementsExpansion: (null), entitlementsDestination: (null), allowSigningWithoutTeamSelection: (null), signingRequiresTeam: (null), appIDFeatures: (null)>
2026-06-26 02:00:06 +0000 [MT] Applying entitlements delta for <IDEDistributionItem: 0x600003fc65e0; bundleID='com.isphillips.vidrip', path='<DVTFilePath:0x600003f82340:'/Volumes/workspace/tmp/a1b71353-abcc-40a4-97d9-7a877f751ce0.xcarchive/Products/Applications/Vidrip.app'>', codeSigningInfo='<_DVTCodeSigningInformation_Path: 0x600003fc6580; isSigned='1', isAdHocSigned='1', signingCertificate='(null)', entitlements='{
    "aps-environment" = development;
}', teamID='(null)', identifier='com.isphillips.vidrip', executablePath='<DVTFilePath:0x600003fa1e00:'/Volumes/workspace/tmp/a1b71353-abcc-40a4-97d9-7a877f751ce0.xcarchive/Products/Applications/Vidrip.app/Vidrip'>', hardenedRuntime='0'>'> from <IDEiCloudEntitlementsProcessor: 0x6000017e85d0>: {
}
2026-06-26 02:00:06 +0000 [MT] Applying entitlements delta for <IDEDistributionItem: 0x600003fc65e0; bundleID='com.isphillips.vidrip', path='<DVTFilePath:0x600003f82340:'/Volumes/workspace/tmp/a1b71353-abcc-40a4-97d9-7a877f751ce0.xcarchive/Products/Applications/Vidrip.app'>', codeSigningInfo='<_DVTCodeSigningInformation_Path: 0x600003fc6580; isSigned='1', isAdHocSigned='1', signingCertificate='(null)', entitlements='{
    "aps-environment" = development;
}', teamID='(null)', identifier='com.isphillips.vidrip', executablePath='<DVTFilePath:0x600003fa1e00:'/Volumes/workspace/tmp/a1b71353-abcc-40a4-97d9-7a877f751ce0.xcarchive/Products/Applications/Vidrip.app/Vidrip'>', hardenedRuntime='0'>'> from <IDEAppAttestEnvironmentEntitlementsProcessor: 0x6000017e85a0>: {
}
2026-06-26 02:00:06 +0000 [MT] Applying entitlements delta for <IDEDistributionItem: 0x600003fc65e0; bundleID='com.isphillips.vidrip', path='<DVTFilePath:0x600003f82340:'/Volumes/workspace/tmp/a1b71353-abcc-40a4-97d9-7a877f751ce0.xcarchive/Products/Applications/Vidrip.app'>', codeSigningInfo='<_DVTCodeSigningInformation_Path: 0x600003fc6580; isSigned='1', isAdHocSigned='1', signingCertificate='(null)', entitlements='{
    "aps-environment" = development;
}', teamID='(null)', identifier='com.isphillips.vidrip', executablePath='<DVTFilePath:0x600003fa1e00:'/Volumes/workspace/tmp/a1b71353-abcc-40a4-97d9-7a877f751ce0.xcarchive/Products/Applications/Vidrip.app/Vidrip'>', hardenedRuntime='0'>'> from <IDEClassKitEntitlementsProcessor: 0x6000017e8330>: {
}
2026-06-26 02:00:06 +0000 [MT] Applying entitlements delta for <IDEDistributionItem: 0x600003fc65e0; bundleID='com.isphillips.vidrip', path='<DVTFilePath:0x600003f82340:'/Volumes/workspace/tmp/a1b71353-abcc-40a4-97d9-7a877f751ce0.xcarchive/Products/Applications/Vidrip.app'>', codeSigningInfo='<_DVTCodeSigningInformation_Path: 0x600003fc6580; isSigned='1', isAdHocSigned='1', signingCertificate='(null)', entitlements='{
    "aps-environment" = development;
}', teamID='(null)', identifier='com.isphillips.vidrip', executablePath='<DVTFilePath:0x600003fa1e00:'/Volumes/workspace/tmp/a1b71353-abcc-40a4-97d9-7a877f751ce0.xcarchive/Products/Applications/Vidrip.app/Vidrip'>', hardenedRuntime='0'>'> from <IDEAppIdentifierPrefixedEntitlementsProcessor: 0x6000017e94a0>: {
}
2026-06-26 02:00:06 +0000 [MT] Evaluating <IDEDistributionItemProvisionable: 0x600003721000; distributionItem='<IDEDistributionItem: 0x600003fc62e0; bundleID='dev.hermesengine.iphoneos', path='<DVTFilePath:0x6000030bce70:'/Volumes/workspace/tmp/a1b71353-abcc-40a4-97d9-7a877f751ce0.xcarchive/Products/Applications/Vidrip.app/Frameworks/hermes.framework'>', codeSigningInfo='<_DVTCodeSigningInformation_Path: 0x600003fc6280; isSigned='1', isAdHocSigned='1', signingCertificate='(null)', entitlements='(null)', teamID='(null)', identifier='dev.hermesengine.iphoneos', executablePath='<DVTFilePath:0x600003fa3de0:'/Volumes/workspace/tmp/a1b71353-abcc-40a4-97d9-7a877f751ce0.xcarchive/Products/Applications/Vidrip.app/Frameworks/hermes.framework/hermes'>', hardenedRuntime='0'>'>', team='<IDEProvisioningBasicTeam: 0x600001d1c340; teamID='6F98QXGZHU', teamName='(null)'>', method='<IDEDistributionMethodiOSAdHoc: 0x600001900520>', provisioningStyle='0', entitlementsProcessors='(
    "<IDEiCloudEntitlementsProcessor: 0x6000017e8360>",
    "<IDEAppAttestEnvironmentEntitlementsProcessor: 0x6000017e8030>",
    "<IDEClassKitEntitlementsProcessor: 0x6000017e9470>",
    "<IDEAppIdentifierPrefixedEntitlementsProcessor: 0x6000017e8390>"
)'> with overrides <IDEProvisionableOverrides 0x600002c50c60: configuration: Default, profileSupport: <IDEProvisioningProfileSupport: 0x60000197a260>, provisioningStyle: (null), certificateSigningStyle: (null), provisioningPurpose: ad-hoc, team: (null), platform: <DVTPlatform:0x600003514780:'com.apple.platform.iphoneos':<DVTFilePath:0x600003004620:'/Applications/Xcode.app/Contents/Developer/Platforms/iPhoneOS.platform'>>, sdk: (null), sdkVariant: (null), profileSpecifier: (null), certificateIdentifier: (null), bundleIdentifier: (null), entitlements: (null), entitlementsFile: (null), baseEntitlements: (null), entitlementsExpansion: (null), entitlementsDestination: (null), allowSigningWithoutTeamSelection: (null), signingRequiresTeam: (null), appIDFeatures: (null)>
2026-06-26 02:00:06 +0000 [MT] Applying entitlements delta for <IDEDistributionItem: 0x600003fc62e0; bundleID='dev.hermesengine.iphoneos', path='<DVTFilePath:0x6000030bce70:'/Volumes/workspace/tmp/a1b71353-abcc-40a4-97d9-7a877f751ce0.xcarchive/Products/Applications/Vidrip.app/Frameworks/hermes.framework'>', codeSigningInfo='<_DVTCodeSigningInformation_Path: 0x600003fc6280; isSigned='1', isAdHocSigned='1', signingCertificate='(null)', entitlements='(null)', teamID='(null)', identifier='dev.hermesengine.iphoneos', executablePath='<DVTFilePath:0x600003fa3de0:'/Volumes/workspace/tmp/a1b71353-abcc-40a4-97d9-7a877f751ce0.xcarchive/Products/Applications/Vidrip.app/Frameworks/hermes.framework/hermes'>', hardenedRuntime='0'>'> from <IDEiCloudEntitlementsProcessor: 0x6000017e8360>: {
}
2026-06-26 02:00:06 +0000 [MT] Applying entitlements delta for <IDEDistributionItem: 0x600003fc62e0; bundleID='dev.hermesengine.iphoneos', path='<DVTFilePath:0x6000030bce70:'/Volumes/workspace/tmp/a1b71353-abcc-40a4-97d9-7a877f751ce0.xcarchive/Products/Applications/Vidrip.app/Frameworks/hermes.framework'>', codeSigningInfo='<_DVTCodeSigningInformation_Path: 0x600003fc6280; isSigned='1', isAdHocSigned='1', signingCertificate='(null)', entitlements='(null)', teamID='(null)', identifier='dev.hermesengine.iphoneos', executablePath='<DVTFilePath:0x600003fa3de0:'/Volumes/workspace/tmp/a1b71353-abcc-40a4-97d9-7a877f751ce0.xcarchive/Products/Applications/Vidrip.app/Frameworks/hermes.framework/hermes'>', hardenedRuntime='0'>'> from <IDEAppAttestEnvironmentEntitlementsProcessor: 0x6000017e8030>: {
}
2026-06-26 02:00:06 +0000 [MT] Applying entitlements delta for <IDEDistributionItem: 0x600003fc62e0; bundleID='dev.hermesengine.iphoneos', path='<DVTFilePath:0x6000030bce70:'/Volumes/workspace/tmp/a1b71353-abcc-40a4-97d9-7a877f751ce0.xcarchive/Products/Applications/Vidrip.app/Frameworks/hermes.framework'>', codeSigningInfo='<_DVTCodeSigningInformation_Path: 0x600003fc6280; isSigned='1', isAdHocSigned='1', signingCertificate='(null)', entitlements='(null)', teamID='(null)', identifier='dev.hermesengine.iphoneos', executablePath='<DVTFilePath:0x600003fa3de0:'/Volumes/workspace/tmp/a1b71353-abcc-40a4-97d9-7a877f751ce0.xcarchive/Products/Applications/Vidrip.app/Frameworks/hermes.framework/hermes'>', hardenedRuntime='0'>'> from <IDEClassKitEntitlementsProcessor: 0x6000017e9470>: {
}
2026-06-26 02:00:06 +0000 [MT] Applying entitlements delta for <IDEDistributionItem: 0x600003fc62e0; bundleID='dev.hermesengine.iphoneos', path='<DVTFilePath:0x6000030bce70:'/Volumes/workspace/tmp/a1b71353-abcc-40a4-97d9-7a877f751ce0.xcarchive/Products/Applications/Vidrip.app/Frameworks/hermes.framework'>', codeSigningInfo='<_DVTCodeSigningInformation_Path: 0x600003fc6280; isSigned='1', isAdHocSigned='1', signingCertificate='(null)', entitlements='(null)', teamID='(null)', identifier='dev.hermesengine.iphoneos', executablePath='<DVTFilePath:0x600003fa3de0:'/Volumes/workspace/tmp/a1b71353-abcc-40a4-97d9-7a877f751ce0.xcarchive/Products/Applications/Vidrip.app/Frameworks/hermes.framework/hermes'>', hardenedRuntime='0'>'> from <IDEAppIdentifierPrefixedEntitlementsProcessor: 0x6000017e8390>: {
}
2026-06-26 02:00:06 +0000 [MT] Evaluation for hermes.framework is <IDEProvisionableStatusEvaluation 0x60000300c3f0: inputs: <IDEProvisionableStatusEvalutorInputs 0x60000384db80: provisionableSnapshot: <IDEProvisionableSnapshot 0x600001601c80: name: hermes.framework, configurations: {
    Default = "<_IDEProvisionableConfigurationSnapshot 0x600002a4c820: name: Default, provisioningStyle: 0, certificateSigningStyle: 2, team: <IDEProvisioningBasicTeam: 0x600001d1c340; teamID='6F98QXGZHU', teamName='(null)'>, profileSupport: <IDEProvisioningProfileSupport: 0x60000197a2b0>, platform: <DVTPlatform:0x600003514780:'com.apple.platform.iphoneos':<DVTFilePath:0x600003004620:'/Applications/Xcode.app/Contents/Developer/Platforms/iPhoneOS.platform'>>, sdk: (null), sdkVariant: (null), bundleIdentifier: dev.hermesengine.iphoneos, profileSpecifier: (null), certificateIdentifier: iPhone Distribution, entitlementsFilePath: (null), baseEntitlements: <IDEProvisionableEntitlements: 0x600001d4c280; signedEntitlements='{\n}', simulatedEntitlements='(null)'>, entitlementsExpansion: <IDEDistributionProvisioningEntitlementsExpansion: 0x60000197a500>, entitlementsDestination: 1, allowSigningWithoutTeamSelection: 0, signingRequiresTeam: 0, appIDFeatures: <DVTPortalAppIDFeatures 0x600001d44b80: Features: {\n}, Containers: {\n}>, provisioningPurpose: ad-hoc, supportsIOSMac: 0, areFeaturesUpToDate: 0>";
}, overrides: <IDEProvisionableOverrides 0x600002c50c60: configuration: Default, profileSupport: <IDEProvisioningProfileSupport: 0x60000197a260>, provisioningStyle: (null), certificateSigningStyle: (null), provisioningPurpose: ad-hoc, team: (null), platform: <DVTPlatform:0x600003514780:'com.apple.platform.iphoneos':<DVTFilePath:0x600003004620:'/Applications/Xcode.app/Contents/Developer/Platforms/iPhoneOS.platform'>>, sdk: (null), sdkVariant: (null), profileSpecifier: (null), certificateIdentifier: (null), bundleIdentifier: (null), entitlements: (null), entitlementsFile: (null), baseEntitlements: (null), entitlementsExpansion: (null), entitlementsDestination: (null), allowSigningWithoutTeamSelection: (null), signingRequiresTeam: (null), appIDFeatures: (null)>>>, configuration: Default, codesignParameterSnapshot: <IDECodesignParameterSnapshot: 0x600001539a70>:
Identity: 2AF399AFC790BFE5C62265AF0E4711EF8B191A55
Certificate <DVTSigningCertificate: 0x600002e28600; name='Apple Distribution: Immanuel Phillips (6F98QXGZHU)', hash='2AF399AFC790BFE5C62265AF0E4711EF8B191A55', serialNumber='64FDF8FC59346215F0766F1E5453D139', certificateKinds='(
    "1.2.840.113635.100.6.1.7",
    "1.2.840.113635.100.6.1.4"
), issueDate='2026-06-05 23:45:23 +0000''>>, errors: (null)>
2026-06-26 02:00:08 +0000 [MT] Evaluation for Vidrip.app is <IDEProvisionableStatusEvaluation 0x60000300ea70: inputs: <IDEProvisionableStatusEvalutorInputs 0x600003b55a90: provisionableSnapshot: <IDEProvisionableSnapshot 0x600001449bc0: name: Vidrip.app, configurations: {
    Default = "<_IDEProvisionableConfigurationSnapshot 0x600002a4c5a0: name: Default, provisioningStyle: 0, certificateSigningStyle: 2, team: <IDEProvisioningBasicTeam: 0x600001d1c340; teamID='6F98QXGZHU', teamName='(null)'>, profileSupport: <IDEProvisioningProfileSupport: 0x600001979ff0>, platform: <DVTPlatform:0x600003514780:'com.apple.platform.iphoneos':<DVTFilePath:0x600003004620:'/Applications/Xcode.app/Contents/Developer/Platforms/iPhoneOS.platform'>>, sdk: (null), sdkVariant: (null), bundleIdentifier: com.isphillips.vidrip, profileSpecifier: (null), certificateIdentifier: iPhone Distribution, entitlementsFilePath: (null), baseEntitlements: <IDEProvisionableEntitlements: 0x600001d22e00; signedEntitlements='{\n    \"aps-environment\" = development;\n}', simulatedEntitlements='(null)'>, entitlementsExpansion: <IDEDistributionProvisioningEntitlementsExpansion: 0x60000197a4a0>, entitlementsDestination: 1, allowSigningWithoutTeamSelection: 0, signingRequiresTeam: 0, appIDFeatures: <DVTPortalAppIDFeatures 0x600001d4c000: Features: {\n    \"<DVTPortalProfileFeature: 0x6000030d20d0; id='PUSH_NOTIFICATIONS', userDescription='Push Notifications', platforms='.macosx, .watchos, .appletvos, .iphoneos, .xros'>\" = 1;\n}, Containers: {\n}>, provisioningPurpose: ad-hoc, supportsIOSMac: 0, areFeaturesUpToDate: 0>";
}, overrides: <IDEProvisionableOverrides 0x600002c58bb0: configuration: Default, profileSupport: <IDEProvisioningProfileSupport: 0x600001979890>, provisioningStyle: (null), certificateSigningStyle: (null), provisioningPurpose: ad-hoc, team: (null), platform: <DVTPlatform:0x600003514780:'com.apple.platform.iphoneos':<DVTFilePath:0x600003004620:'/Applications/Xcode.app/Contents/Developer/Platforms/iPhoneOS.platform'>>, sdk: (null), sdkVariant: (null), profileSpecifier: (null), certificateIdentifier: (null), bundleIdentifier: (null), entitlements: (null), entitlementsFile: (null), baseEntitlements: (null), entitlementsExpansion: (null), entitlementsDestination: (null), allowSigningWithoutTeamSelection: (null), signingRequiresTeam: (null), appIDFeatures: (null)>>>, configuration: Default, codesignParameterSnapshot: <IDECodesignParameterSnapshot: 0x6000017c28b0>:
Profile:  <DVTEmbeddedProvisioningProfile 0x600002e2d5c0: name: iOS Team Ad Hoc Provisioning Profile: com.isphillips.vidrip, UUID: 45f30a73-c7ab-4402-b2c1-734d5c4c14f1, teamName: Immanuel Phillips, teamIdentifierPrefixes: (
    6F98QXGZHU
), entitlements: {
    "application-identifier" = "6F98QXGZHU.com.isphillips.vidrip";
    "aps-environment" = production;
    "com.apple.developer.team-identifier" = 6F98QXGZHU;
    "get-task-allow" = 0;
    "keychain-access-groups" =     (
        "6F98QXGZHU.*",
        "com.apple.token"
    );
}, appIdentifierName: Vidrip, applicationIdentifierPrefixes: (
    6F98QXGZHU
), dateCreated: 2026-06-26 02:00:01 +0000, dateExpired: 2027-06-05 23:45:22 +0000, certificateKinds: {(
    "1.2.840.113635.100.6.1.7",
    "1.2.840.113635.100.6.1.4"
)}, certificateSHA1Hashes: {(
    F832246CD5E854687F6CC982E1D6E04147A3213D,
    2AF399AFC790BFE5C62265AF0E4711EF8B191A55
)}, supportedUDIDs: {(
    dfe495081f3d4831692c656a47fde0926d07d734,
    "00008110-00112cd80cf0401e"
)}, isUniversal: 0, isXcodeManaged: 1, platforms: {(
    <DVTPlatform:0x600003514880:'com.apple.platform.xros':<DVTFilePath:0x600003f12220:'/Applications/Xcode.app/Contents/Developer/Platforms/XROS.platform'>>,
    <DVTPlatform:0x600003514800:'com.apple.platform.watchos':<DVTFilePath:0x600003004700:'/Applications/Xcode.app/Contents/Developer/Platforms/WatchOS.platform'>>,
    <DVTPlatform:0x600003514780:'com.apple.platform.iphoneos':<DVTFilePath:0x600003004620:'/Applications/Xcode.app/Contents/Developer/Platforms/iPhoneOS.platform'>>
)}, filePath: <DVTFilePath:0x60000293c120:'/Users/local/Library/Developer/Xcode/UserData/Provisioning Profiles/45f30a73-c7ab-4402-b2c1-734d5c4c14f1.mobileprovision'>>
Identity: 2AF399AFC790BFE5C62265AF0E4711EF8B191A55
Certificate <DVTSigningCertificate: 0x600002e09a40; name='Apple Distribution: Immanuel Phillips (6F98QXGZHU)', hash='2AF399AFC790BFE5C62265AF0E4711EF8B191A55', serialNumber='64FDF8FC59346215F0766F1E5453D139', certificateKinds='(
    "1.2.840.113635.100.6.1.7",
    "1.2.840.113635.100.6.1.4"
), issueDate='2026-06-05 23:45:23 +0000''>>, errors: (null)>
2026-06-26 02:00:08 +0000 [MT] Evaluation for ShareExtension.appex is <IDEProvisionableStatusEvaluation 0x6000030a0850: inputs: <IDEProvisionableStatusEvalutorInputs 0x600003b4ce60: provisionableSnapshot: <IDEProvisionableSnapshot 0x6000017c1aa0: name: ShareExtension.appex, configurations: {
    Default = "<_IDEProvisionableConfigurationSnapshot 0x600002a21540: name: Default, provisioningStyle: 0, certificateSigningStyle: 2, team: <IDEProvisioningBasicTeam: 0x600001d1c340; teamID='6F98QXGZHU', teamName='(null)'>, profileSupport: <IDEProvisioningProfileSupport: 0x600001978420>, platform: <DVTPlatform:0x600003514780:'com.apple.platform.iphoneos':<DVTFilePath:0x600003004620:'/Applications/Xcode.app/Contents/Developer/Platforms/iPhoneOS.platform'>>, sdk: (null), sdkVariant: (null), bundleIdentifier: com.isphillips.vidrip.ShareExtension, profileSpecifier: (null), certificateIdentifier: iPhone Distribution, entitlementsFilePath: (null), baseEntitlements: <IDEProvisionableEntitlements: 0x600001d0dea0; signedEntitlements='{\n}', simulatedEntitlements='(null)'>, entitlementsExpansion: <IDEDistributionProvisioningEntitlementsExpansion: 0x6000019785d0>, entitlementsDestination: 1, allowSigningWithoutTeamSelection: 0, signingRequiresTeam: 0, appIDFeatures: <DVTPortalAppIDFeatures 0x600001d22a80: Features: {\n}, Containers: {\n}>, provisioningPurpose: ad-hoc, supportsIOSMac: 0, areFeaturesUpToDate: 0>";
}, overrides: <IDEProvisionableOverrides 0x600002c48000: configuration: Default, profileSupport: <IDEProvisioningProfileSupport: 0x600001978470>, provisioningStyle: (null), certificateSigningStyle: (null), provisioningPurpose: ad-hoc, team: (null), platform: <DVTPlatform:0x600003514780:'com.apple.platform.iphoneos':<DVTFilePath:0x600003004620:'/Applications/Xcode.app/Contents/Developer/Platforms/iPhoneOS.platform'>>, sdk: (null), sdkVariant: (null), profileSpecifier: (null), certificateIdentifier: (null), bundleIdentifier: (null), entitlements: (null), entitlementsFile: (null), baseEntitlements: (null), entitlementsExpansion: (null), entitlementsDestination: (null), allowSigningWithoutTeamSelection: (null), signingRequiresTeam: (null), appIDFeatures: (null)>>>, configuration: Default, codesignParameterSnapshot: (null), errors: (
    "Error Domain=DVTPortalAppIDErrorDomain Code=4 \"Automatic signing cannot register bundle identifier \"com.isphillips.vidrip.ShareExtension\".\" UserInfo={NSLocalizedDescription=Automatic signing cannot register bundle identifier \"com.isphillips.vidrip.ShareExtension\"., NSLocalizedRecoverySuggestion=Automatic signing cannot register bundle identifiers with Apple. Register your bundle identifier on https://developer.apple.com/account and then try again.}",
    "Error Domain=IDEProfileLocatorErrorDomain Code=1 \"No profiles for 'com.isphillips.vidrip.ShareExtension' were found\" UserInfo={NSLocalizedDescription=No profiles for 'com.isphillips.vidrip.ShareExtension' were found, NSLocalizedRecoverySuggestion=Xcode couldn't find any iOS Ad Hoc provisioning profiles matching 'com.isphillips.vidrip.ShareExtension'.}"
)>
2026-06-26 02:00:08 +0000 [MT] Step failed: <IDEDistributionSigningAssetsStep: 0x600001d1cbe0>: Error Domain=IDEDistributionSigningAssetStepErrorDomain Code=0 "Locating signing assets failed." UserInfo={NSLocalizedDescription=Locating signing assets failed., IDEDistributionUnderlyingErrors=(
    "Error Domain=DVTPortalAppIDErrorDomain Code=4 \"Automatic signing cannot register bundle identifier \"com.isphillips.vidrip.ShareExtension\".\" UserInfo={IDEDistributionIssueSeverity=3, NSLocalizedDescription=Automatic signing cannot register bundle identifier \"com.isphillips.vidrip.ShareExtension\"., NSLocalizedRecoverySuggestion=Automatic signing cannot register bundle identifiers with Apple. Register your bundle identifier on https://developer.apple.com/account and then try again.}",
    "Error Domain=IDEProfileLocatorErrorDomain Code=1 \"No profiles for 'com.isphillips.vidrip.ShareExtension' were found\" UserInfo={IDEDistributionIssueSeverity=3, NSLocalizedDescription=No profiles for 'com.isphillips.vidrip.ShareExtension' were found, NSLocalizedRecoverySuggestion=Xcode couldn't find any iOS Ad Hoc provisioning profiles matching 'com.isphillips.vidrip.ShareExtension'.}"
)}